[0.030s] Invoking command in '/home/vincent/Embedded-System/ros_motor_system/MyCode/build/path2pos': CMAKE_PREFIX_PATH=${CMAKE_PREFIX_PATH}:/opt/ros/foxy /usr/bin/cmake --build /home/vincent/Embedded-System/ros_motor_system/MyCode/build/path2pos -- -j4 -l4
[0.082s] -- Found ament_cmake: 0.9.12 (/opt/ros/foxy/share/ament_cmake/cmake)
[0.112s] -- Using PYTHON_EXECUTABLE: /usr/bin/python3
[0.435s] -- Found rclcpp: 2.4.3 (/opt/ros/foxy/share/rclcpp/cmake)
[0.484s] -- Using all available rosidl_typesupport_c: rosidl_typesupport_fastrtps_c;rosidl_typesupport_introspection_c
[0.489s] -- Found rosidl_adapter: 1.3.1 (/opt/ros/foxy/share/rosidl_adapter/cmake)
[0.669s] -- Using all available rosidl_typesupport_cpp: rosidl_typesupport_fastrtps_cpp;rosidl_typesupport_introspection_cpp
[0.748s] -- Found rmw_implementation_cmake: 1.0.4 (/opt/ros/foxy/share/rmw_implementation_cmake/cmake)
[0.751s] -- Using RMW implementation 'rmw_fastrtps_cpp' as default
[0.991s] -- Found dynamixel_sdk_custom_interfaces: 3.7.40 (/home/vincent/Embedded-System/ros_motor_system/DynamixelSDK/install/dynamixel_sdk_custom_interfaces/share/dynamixel_sdk_custom_interfaces/cmake)
[1.023s] -- Found ament_lint_auto: 0.9.8 (/opt/ros/foxy/share/ament_lint_auto/cmake)
[1.129s] -- Added test 'copyright' to check source files copyright and LICENSE
[1.150s] -- Added test 'cppcheck' to perform static code analysis on C / C++ code
[1.151s] -- Configured cppcheck include dirs: $<BUILD_INTERFACE:/home/vincent/Embedded-System/ros_motor_system/MyCode/path2pos/include>
[1.151s] -- Configured cppcheck exclude dirs and/or files: 
[1.168s] -- Added test 'cpplint' to check C / C++ code against the Google style
[1.168s] -- Configured cpplint exclude dirs and/or files: 
[1.171s] -- Added test 'flake8' to check Python code syntax and style conventions
[1.176s] -- Added test 'lint_cmake' to check CMake code style
[1.179s] -- Added test 'pep257' to check Python code against some of the style conventions in PEP 257
[1.197s] -- Added test 'uncrustify' to check C / C++ code style
[1.197s] -- Configured uncrustify additional arguments: 
[1.200s] -- Added test 'xmllint' to check XML markup files
[1.203s] -- Configuring done
[1.217s] -- Generating done
[1.220s] -- Build files have been written to: /home/vincent/Embedded-System/ros_motor_system/MyCode/build/path2pos
[1.262s] [35m[1mScanning dependencies of target pos_writer[0m
[1.302s] [ 50%] [32mBuilding CXX object CMakeFiles/pos_writer.dir/src/pos_writer.cpp.o[0m
[3.414s] [01m[K/home/vincent/Embedded-System/ros_motor_system/MyCode/path2pos/src/pos_writer.cpp:[m[K In constructor ‘[01m[KMinimalPublisher::MinimalPublisher()[m[K’:
[3.415s] [01m[K/home/vincent/Embedded-System/ros_motor_system/MyCode/path2pos/src/pos_writer.cpp:23:75:[m[K [01;31m[Kerror: [m[Kno match for ‘[01m[Koperator=[m[K’ (operand types are ‘[01m[Krclcpp::Publisher<std_msgs::msg::String_<std::allocator<void> > >::SharedPtr[m[K’ {aka ‘[01m[Kstd::shared_ptr<rclcpp::Publisher<std_msgs::msg::String_<std::allocator<void> > > >[m[K’} and ‘[01m[Kstd::shared_ptr<rclcpp::Publisher<dynamixel_sdk_custom_interfaces::msg::SetPosition_<std::allocator<void> >, std::allocator<void> > >[m[K’)
[3.415s]    23 |       publisher_ = this->create_publisher<SetPosition>("/set_position", 10[01;31m[K)[m[K;
[3.415s]       |                                                                           [01;31m[K^[m[K
[3.415s] In file included from [01m[K/usr/include/c++/9/memory:81[m[K,
[3.415s]                  from [01m[K/home/vincent/Embedded-System/ros_motor_system/MyCode/path2pos/src/pos_writer.cpp:3[m[K:
[3.415s] [01m[K/usr/include/c++/9/bits/shared_ptr.h:309:19:[m[K [01;36m[Knote: [m[Kcandidate: ‘[01m[Kstd::shared_ptr<_Tp>& std::shared_ptr<_Tp>::operator=(const std::shared_ptr<_Tp>&) [with _Tp = rclcpp::Publisher<std_msgs::msg::String_<std::allocator<void> > >][m[K’
[3.415s]   309 |       shared_ptr& [01;36m[Koperator[m[K=(const shared_ptr&) noexcept = default;
[3.416s]       |                   [01;36m[K^~~~~~~~[m[K
[3.416s] [01m[K/usr/include/c++/9/bits/shared_ptr.h:309:29:[m[K [01;36m[Knote: [m[K  no known conversion for argument 1 from ‘[01m[Kstd::shared_ptr<rclcpp::Publisher<dynamixel_sdk_custom_interfaces::msg::SetPosition_<std::allocator<void> >, std::allocator<void> > >[m[K’ to ‘[01m[Kconst std::shared_ptr<rclcpp::Publisher<std_msgs::msg::String_<std::allocator<void> > > >&[m[K’
[3.416s]   309 |       shared_ptr& operator=([01;36m[Kconst shared_ptr&[m[K) noexcept = default;
[3.416s]       |                             [01;36m[K^~~~~~~~~~~~~~~~~[m[K
[3.416s] [01m[K/usr/include/c++/9/bits/shared_ptr.h:313:2:[m[K [01;36m[Knote: [m[Kcandidate: ‘[01m[Ktemplate<class _Yp> std::shared_ptr<_Tp>::_Assignable<const std::shared_ptr<_Yp>&> std::shared_ptr<_Tp>::operator=(const std::shared_ptr<_Yp>&) [with _Yp = _Yp; _Tp = rclcpp::Publisher<std_msgs::msg::String_<std::allocator<void> > >][m[K’
[3.417s]   313 |  [01;36m[Koperator[m[K=(const shared_ptr<_Yp>& __r) noexcept
[3.417s]       |  [01;36m[K^~~~~~~~[m[K
[3.417s] [01m[K/usr/include/c++/9/bits/shared_ptr.h:313:2:[m[K [01;36m[Knote: [m[K  template argument deduction/substitution failed:
[3.417s] /usr/include/c++/9/bits/shared_ptr.h: In substitution of ‘[01m[Ktemplate<class _Tp> template<class _Arg> using _Assignable = typename std::enable_if<std::is_assignable<std::__shared_ptr<_Tp>&, _Arg>::value, std::shared_ptr<_Tp>&>::type [with _Arg = const std::shared_ptr<rclcpp::Publisher<dynamixel_sdk_custom_interfaces::msg::SetPosition_<std::allocator<void> >, std::allocator<void> > >&; _Tp = rclcpp::Publisher<std_msgs::msg::String_<std::allocator<void> > >][m[K’:
[3.417s] [01m[K/usr/include/c++/9/bits/shared_ptr.h:313:2:[m[K   required by substitution of ‘[01m[Ktemplate<class _Yp> std::shared_ptr<rclcpp::Publisher<std_msgs::msg::String_<std::allocator<void> > > >::_Assignable<const std::shared_ptr<_Tp>&> std::shared_ptr<rclcpp::Publisher<std_msgs::msg::String_<std::allocator<void> > > >::operator=<_Yp>(const std::shared_ptr<_Tp>&) [with _Yp = rclcpp::Publisher<dynamixel_sdk_custom_interfaces::msg::SetPosition_<std::allocator<void> >, std::allocator<void> >][m[K’
[3.417s] [01m[K/home/vincent/Embedded-System/ros_motor_system/MyCode/path2pos/src/pos_writer.cpp:23:75:[m[K   required from here
[3.418s] [01m[K/usr/include/c++/9/bits/shared_ptr.h:111:8:[m[K [01;31m[Kerror: [m[Kno type named ‘[01m[Ktype[m[K’ in ‘[01m[Kstruct std::enable_if<false, std::shared_ptr<rclcpp::Publisher<std_msgs::msg::String_<std::allocator<void> > > >&>[m[K’
[3.418s]   111 |  using [01;31m[K_Assignable[m[K = typename enable_if<
[3.418s]       |        [01;31m[K^~~~~~~~~~~[m[K
[3.418s] [01m[K/usr/include/c++/9/bits/shared_ptr.h:324:2:[m[K [01;36m[Knote: [m[Kcandidate: ‘[01m[Ktemplate<class _Yp> std::shared_ptr<_Tp>::_Assignable<std::auto_ptr<_Up> > std::shared_ptr<_Tp>::operator=(std::auto_ptr<_Up>&&) [with _Yp = _Yp; _Tp = rclcpp::Publisher<std_msgs::msg::String_<std::allocator<void> > >][m[K’
[3.418s]   324 |  [01;36m[Koperator[m[K=(auto_ptr<_Yp>&& __r)
[3.418s]       |  [01;36m[K^~~~~~~~[m[K
[3.419s] [01m[K/usr/include/c++/9/bits/shared_ptr.h:324:2:[m[K [01;36m[Knote: [m[K  template argument deduction/substitution failed:
[3.419s] [01m[K/home/vincent/Embedded-System/ros_motor_system/MyCode/path2pos/src/pos_writer.cpp:23:75:[m[K [01;36m[Knote: [m[K  ‘[01m[Kstd::shared_ptr<rclcpp::Publisher<dynamixel_sdk_custom_interfaces::msg::SetPosition_<std::allocator<void> >, std::allocator<void> > >[m[K’ is not derived from ‘[01m[Kstd::auto_ptr<_Up>[m[K’
[3.419s]    23 |       publisher_ = this->create_publisher<SetPosition>("/set_position", 10[01;36m[K)[m[K;
[3.420s]       |                                                                           [01;36m[K^[m[K
[3.420s] In file included from [01m[K/usr/include/c++/9/memory:81[m[K,
[3.420s]                  from [01m[K/home/vincent/Embedded-System/ros_motor_system/MyCode/path2pos/src/pos_writer.cpp:3[m[K:
[3.420s] [01m[K/usr/include/c++/9/bits/shared_ptr.h:333:7:[m[K [01;36m[Knote: [m[Kcandidate: ‘[01m[Kstd::shared_ptr<_Tp>& std::shared_ptr<_Tp>::operator=(std::shared_ptr<_Tp>&&) [with _Tp = rclcpp::Publisher<std_msgs::msg::String_<std::allocator<void> > >][m[K’
[3.420s]   333 |       [01;36m[Koperator[m[K=(shared_ptr&& __r) noexcept
[3.420s]       |       [01;36m[K^~~~~~~~[m[K
[3.420s] [01m[K/usr/include/c++/9/bits/shared_ptr.h:333:30:[m[K [01;36m[Knote: [m[K  no known conversion for argument 1 from ‘[01m[Kstd::shared_ptr<rclcpp::Publisher<dynamixel_sdk_custom_interfaces::msg::SetPosition_<std::allocator<void> >, std::allocator<void> > >[m[K’ to ‘[01m[Kstd::shared_ptr<rclcpp::Publisher<std_msgs::msg::String_<std::allocator<void> > > >&&[m[K’
[3.420s]   333 |       operator=([01;36m[Kshared_ptr&& __r[m[K) noexcept
[3.421s]       |                 [01;36m[K~~~~~~~~~~~~~^~~[m[K
[3.421s] [01m[K/usr/include/c++/9/bits/shared_ptr.h:341:2:[m[K [01;36m[Knote: [m[Kcandidate: ‘[01m[Ktemplate<class _Yp> std::shared_ptr<_Tp>::_Assignable<std::shared_ptr<_Yp> > std::shared_ptr<_Tp>::operator=(std::shared_ptr<_Yp>&&) [with _Yp = _Yp; _Tp = rclcpp::Publisher<std_msgs::msg::String_<std::allocator<void> > >][m[K’
[3.421s]   341 |  [01;36m[Koperator[m[K=(shared_ptr<_Yp>&& __r) noexcept
[3.421s]       |  [01;36m[K^~~~~~~~[m[K
[3.421s] [01m[K/usr/include/c++/9/bits/shared_ptr.h:341:2:[m[K [01;36m[Knote: [m[K  template argument deduction/substitution failed:
[3.421s] /usr/include/c++/9/bits/shared_ptr.h: In substitution of ‘[01m[Ktemplate<class _Tp> template<class _Arg> using _Assignable = typename std::enable_if<std::is_assignable<std::__shared_ptr<_Tp>&, _Arg>::value, std::shared_ptr<_Tp>&>::type [with _Arg = std::shared_ptr<rclcpp::Publisher<dynamixel_sdk_custom_interfaces::msg::SetPosition_<std::allocator<void> >, std::allocator<void> > >; _Tp = rclcpp::Publisher<std_msgs::msg::String_<std::allocator<void> > >][m[K’:
[3.422s] [01m[K/usr/include/c++/9/bits/shared_ptr.h:341:2:[m[K   required by substitution of ‘[01m[Ktemplate<class _Yp> std::shared_ptr<rclcpp::Publisher<std_msgs::msg::String_<std::allocator<void> > > >::_Assignable<std::shared_ptr<_Tp> > std::shared_ptr<rclcpp::Publisher<std_msgs::msg::String_<std::allocator<void> > > >::operator=<_Yp>(std::shared_ptr<_Tp>&&) [with _Yp = rclcpp::Publisher<dynamixel_sdk_custom_interfaces::msg::SetPosition_<std::allocator<void> >, std::allocator<void> >][m[K’
[3.422s] [01m[K/home/vincent/Embedded-System/ros_motor_system/MyCode/path2pos/src/pos_writer.cpp:23:75:[m[K   required from here
[3.422s] [01m[K/usr/include/c++/9/bits/shared_ptr.h:111:8:[m[K [01;31m[Kerror: [m[Kno type named ‘[01m[Ktype[m[K’ in ‘[01m[Kstruct std::enable_if<false, std::shared_ptr<rclcpp::Publisher<std_msgs::msg::String_<std::allocator<void> > > >&>[m[K’
[3.422s]   111 |  using [01;31m[K_Assignable[m[K = typename enable_if<
[3.422s]       |        [01;31m[K^~~~~~~~~~~[m[K
[3.422s] [01m[K/usr/include/c++/9/bits/shared_ptr.h:349:2:[m[K [01;36m[Knote: [m[Kcandidate: ‘[01m[Ktemplate<class _Yp, class _Del> std::shared_ptr<_Tp>::_Assignable<std::unique_ptr<_Up, _Ep> > std::shared_ptr<_Tp>::operator=(std::unique_ptr<_Up, _Ep>&&) [with _Yp = _Yp; _Del = _Del; _Tp = rclcpp::Publisher<std_msgs::msg::String_<std::allocator<void> > >][m[K’
[3.422s]   349 |  [01;36m[Koperator[m[K=(unique_ptr<_Yp, _Del>&& __r)
[3.422s]       |  [01;36m[K^~~~~~~~[m[K
[3.422s] [01m[K/usr/include/c++/9/bits/shared_ptr.h:349:2:[m[K [01;36m[Knote: [m[K  template argument deduction/substitution failed:
[3.423s] [01m[K/home/vincent/Embedded-System/ros_motor_system/MyCode/path2pos/src/pos_writer.cpp:23:75:[m[K [01;36m[Knote: [m[K  ‘[01m[Kstd::shared_ptr<rclcpp::Publisher<dynamixel_sdk_custom_interfaces::msg::SetPosition_<std::allocator<void> >, std::allocator<void> > >[m[K’ is not derived from ‘[01m[Kstd::unique_ptr<_Tp, _Dp>[m[K’
[3.423s]    23 |       publisher_ = this->create_publisher<SetPosition>("/set_position", 10[01;36m[K)[m[K;
[3.423s]       |                                                                           [01;36m[K^[m[K
[3.438s] [01m[K/home/vincent/Embedded-System/ros_motor_system/MyCode/path2pos/src/pos_writer.cpp:[m[K In member function ‘[01m[Kvoid MinimalPublisher::timer_callback()[m[K’:
[3.438s] [01m[K/home/vincent/Embedded-System/ros_motor_system/MyCode/path2pos/src/pos_writer.cpp:35:15:[m[K [01;31m[Kerror: [m[K‘[01m[Kstruct dynamixel_sdk_custom_interfaces::msg::SetPosition_<std::allocator<void> >[m[K’ has no member named ‘[01m[Kdata[m[K’
[3.438s]    35 |       message.[01;31m[Kdata[m[K = "Start Position " + std::to_string(count_++);
[3.438s]       |               [01;31m[K^~~~[m[K
[3.439s] In file included from [01m[K/opt/ros/foxy/include/rclcpp/client.hpp:40[m[K,
[3.439s]                  from [01m[K/opt/ros/foxy/include/rclcpp/callback_group.hpp:23[m[K,
[3.440s]                  from [01m[K/opt/ros/foxy/include/rclcpp/any_executable.hpp:20[m[K,
[3.440s]                  from [01m[K/opt/ros/foxy/include/rclcpp/memory_strategy.hpp:24[m[K,
[3.440s]                  from [01m[K/opt/ros/foxy/include/rclcpp/memory_strategies.hpp:18[m[K,
[3.440s]                  from [01m[K/opt/ros/foxy/include/rclcpp/executor_options.hpp:20[m[K,
[3.440s]                  from [01m[K/opt/ros/foxy/include/rclcpp/executor.hpp:33[m[K,
[3.440s]                  from [01m[K/opt/ros/foxy/include/rclcpp/executors/multi_threaded_executor.hpp:26[m[K,
[3.440s]                  from [01m[K/opt/ros/foxy/include/rclcpp/executors.hpp:21[m[K,
[3.440s]                  from [01m[K/opt/ros/foxy/include/rclcpp/rclcpp.hpp:146[m[K,
[3.441s]                  from [01m[K/home/vincent/Embedded-System/ros_motor_system/MyCode/path2pos/src/pos_writer.cpp:6[m[K:
[3.441s] [01m[K/home/vincent/Embedded-System/ros_motor_system/MyCode/path2pos/src/pos_writer.cpp:36:67:[m[K [01;31m[Kerror: [m[K‘[01m[Kstruct dynamixel_sdk_custom_interfaces::msg::SetPosition_<std::allocator<void> >[m[K’ has no member named ‘[01m[Kdata[m[K’
[3.441s]    36 |       RCLCPP_INFO(this->get_logger(), "Publishing: '%s'", message.[01;31m[Kdata[m[K.c_str());
[3.441s]       |                                                                   [01;31m[K^~~~[m[K
[3.453s] [01m[K/home/vincent/Embedded-System/ros_motor_system/MyCode/path2pos/src/pos_writer.cpp:37:34:[m[K [01;31m[Kerror: [m[Kno matching function for call to ‘[01m[Krclcpp::Publisher<std_msgs::msg::String_<std::allocator<void> > >::publish(dynamixel_sdk_custom_interfaces::msg::SetPosition_<std::allocator<void> >&)[m[K’
[3.453s]    37 |       publisher_->publish(message[01;31m[K)[m[K;
[3.454s]       |                                  [01;31m[K^[m[K
[3.454s] In file included from [01m[K/opt/ros/foxy/include/rclcpp/topic_statistics/subscription_topic_statistics.hpp:31[m[K,
[3.454s]                  from [01m[K/opt/ros/foxy/include/rclcpp/subscription.hpp:50[m[K,
[3.454s]                  from [01m[K/opt/ros/foxy/include/rclcpp/any_executable.hpp:25[m[K,
[3.454s]                  from [01m[K/opt/ros/foxy/include/rclcpp/memory_strategy.hpp:24[m[K,
[3.454s]                  from [01m[K/opt/ros/foxy/include/rclcpp/memory_strategies.hpp:18[m[K,
[3.455s]                  from [01m[K/opt/ros/foxy/include/rclcpp/executor_options.hpp:20[m[K,
[3.455s]                  from [01m[K/opt/ros/foxy/include/rclcpp/executor.hpp:33[m[K,
[3.455s]                  from [01m[K/opt/ros/foxy/include/rclcpp/executors/multi_threaded_executor.hpp:26[m[K,
[3.455s]                  from [01m[K/opt/ros/foxy/include/rclcpp/executors.hpp:21[m[K,
[3.455s]                  from [01m[K/opt/ros/foxy/include/rclcpp/rclcpp.hpp:146[m[K,
[3.455s]                  from [01m[K/home/vincent/Embedded-System/ros_motor_system/MyCode/path2pos/src/pos_writer.cpp:6[m[K:
[3.456s] [01m[K/opt/ros/foxy/include/rclcpp/publisher.hpp:185:3:[m[K [01;36m[Knote: [m[Kcandidate: ‘[01m[Kvoid rclcpp::Publisher<MessageT, AllocatorT>::publish(std::unique_ptr<MessageT, typename std::conditional<std::is_same<typename std::allocator_traits<typename std::allocator_traits<_Alloc>::rebind_traits<MessageT>::allocator_type>::rebind_alloc<MessageT>, typename std::allocator<void>::rebind<_Tp1>::other>::value, std::default_delete<_Tp>, rclcpp::allocator::AllocatorDeleter<typename std::allocator_traits<_Alloc>::rebind_traits<MessageT>::allocator_type> >::type>) [with MessageT = std_msgs::msg::String_<std::allocator<void> >; AllocatorT = std::allocator<void>; typename std::conditional<std::is_same<typename std::allocator_traits<typename std::allocator_traits<_Alloc>::rebind_traits<MessageT>::allocator_type>::rebind_alloc<MessageT>, typename std::allocator<void>::rebind<_Tp1>::other>::value, std::default_delete<_Tp>, rclcpp::allocator::AllocatorDeleter<typename std::allocator_traits<_Alloc>::rebind_traits<MessageT>::allocator_type> >::type = std::default_delete<std_msgs::msg::String_<std::allocator<void> > >][m[K’
[3.456s]   185 |   [01;36m[Kpublish[m[K(std::unique_ptr<MessageT, MessageDeleter> msg)
[3.456s]       |   [01;36m[K^~~~~~~[m[K
[3.456s] [01m[K/opt/ros/foxy/include/rclcpp/publisher.hpp:185:53:[m[K [01;36m[Knote: [m[K  no known conversion for argument 1 from ‘[01m[Kdynamixel_sdk_custom_interfaces::msg::SetPosition_<std::allocator<void> >[m[K’ to ‘[01m[Kstd::unique_ptr<std_msgs::msg::String_<std::allocator<void> >, std::default_delete<std_msgs::msg::String_<std::allocator<void> > > >[m[K’
[3.456s]   185 |   publish([01;36m[Kstd::unique_ptr<MessageT, MessageDeleter> msg[m[K)
[3.457s]       |           [01;36m[K~~~~~~~~~~~~~~~~~~~~~~~~~~~~~~~~~~~~~~~~~~^~~[m[K
[3.457s] [01m[K/opt/ros/foxy/include/rclcpp/publisher.hpp:209:3:[m[K [01;36m[Knote: [m[Kcandidate: ‘[01m[Kvoid rclcpp::Publisher<MessageT, AllocatorT>::publish(const MessageT&) [with MessageT = std_msgs::msg::String_<std::allocator<void> >; AllocatorT = std::allocator<void>][m[K’
[3.457s]   209 |   [01;36m[Kpublish[m[K(const MessageT & msg)
[3.457s]       |   [01;36m[K^~~~~~~[m[K
[3.457s] [01m[K/opt/ros/foxy/include/rclcpp/publisher.hpp:209:28:[m[K [01;36m[Knote: [m[K  no known conversion for argument 1 from ‘[01m[Kdynamixel_sdk_custom_interfaces::msg::SetPosition_<std::allocator<void> >[m[K’ to ‘[01m[Kconst std_msgs::msg::String_<std::allocator<void> >&[m[K’
[3.457s]   209 |   publish([01;36m[Kconst MessageT & msg[m[K)
[3.457s]       |           [01;36m[K~~~~~~~~~~~~~~~~~^~~[m[K
[3.458s] [01m[K/opt/ros/foxy/include/rclcpp/publisher.hpp:226:3:[m[K [01;36m[Knote: [m[Kcandidate: ‘[01m[Kvoid rclcpp::Publisher<MessageT, AllocatorT>::publish(const rcl_serialized_message_t&) [with MessageT = std_msgs::msg::String_<std::allocator<void> >; AllocatorT = std::allocator<void>; rcl_serialized_message_t = rcutils_uint8_array_t][m[K’
[3.458s]   226 |   [01;36m[Kpublish[m[K(const rcl_serialized_message_t & serialized_msg)
[3.458s]       |   [01;36m[K^~~~~~~[m[K
[3.458s] [01m[K/opt/ros/foxy/include/rclcpp/publisher.hpp:226:44:[m[K [01;36m[Knote: [m[K  no known conversion for argument 1 from ‘[01m[Kdynamixel_sdk_custom_interfaces::msg::SetPosition_<std::allocator<void> >[m[K’ to ‘[01m[Kconst rcl_serialized_message_t&[m[K’ {aka ‘[01m[Kconst rcutils_uint8_array_t&[m[K’}
[3.458s]   226 |   publish([01;36m[Kconst rcl_serialized_message_t & serialized_msg[m[K)
[3.459s]       |           [01;36m[K~~~~~~~~~~~~~~~~~~~~~~~~~~~~~~~~~^~~~~~~~~~~~~~[m[K
[3.459s] [01m[K/opt/ros/foxy/include/rclcpp/publisher.hpp:232:3:[m[K [01;36m[Knote: [m[Kcandidate: ‘[01m[Kvoid rclcpp::Publisher<MessageT, AllocatorT>::publish(const rclcpp::SerializedMessage&) [with MessageT = std_msgs::msg::String_<std::allocator<void> >; AllocatorT = std::allocator<void>][m[K’
[3.459s]   232 |   [01;36m[Kpublish[m[K(const SerializedMessage & serialized_msg)
[3.459s]       |   [01;36m[K^~~~~~~[m[K
[3.459s] [01m[K/opt/ros/foxy/include/rclcpp/publisher.hpp:232:37:[m[K [01;36m[Knote: [m[K  no known conversion for argument 1 from ‘[01m[Kdynamixel_sdk_custom_interfaces::msg::SetPosition_<std::allocator<void> >[m[K’ to ‘[01m[Kconst rclcpp::SerializedMessage&[m[K’
[3.460s]   232 |   publish([01;36m[Kconst SerializedMessage & serialized_msg[m[K)
[3.460s]       |           [01;36m[K~~~~~~~~~~~~~~~~~~~~~~~~~~^~~~~~~~~~~~~~[m[K
[3.460s] [01m[K/opt/ros/foxy/include/rclcpp/publisher.hpp:246:3:[m[K [01;36m[Knote: [m[Kcandidate: ‘[01m[Kvoid rclcpp::Publisher<MessageT, AllocatorT>::publish(rclcpp::LoanedMessage<MessageT, AllocatorT>&&) [with MessageT = std_msgs::msg::String_<std::allocator<void> >; AllocatorT = std::allocator<void>][m[K’
[3.460s]   246 |   [01;36m[Kpublish[m[K(rclcpp::LoanedMessage<MessageT, AllocatorT> && loaned_msg)
[3.460s]       |   [01;36m[K^~~~~~~[m[K
[3.460s] [01m[K/opt/ros/foxy/include/rclcpp/publisher.hpp:246:58:[m[K [01;36m[Knote: [m[K  no known conversion for argument 1 from ‘[01m[Kdynamixel_sdk_custom_interfaces::msg::SetPosition_<std::allocator<void> >[m[K’ to ‘[01m[Krclcpp::LoanedMessage<std_msgs::msg::String_<std::allocator<void> >, std::allocator<void> >&&[m[K’
[3.460s]   246 |   publish([01;36m[Krclcpp::LoanedMessage<MessageT, AllocatorT> && loaned_msg[m[K)
[3.461s]       |           [01;36m[K~~~~~~~~~~~~~~~~~~~~~~~~~~~~~~~~~~~~~~~~~~~~~~~^~~~~~~~~~[m[K
[3.461s] [01m[K/home/vincent/Embedded-System/ros_motor_system/MyCode/path2pos/src/pos_writer.cpp:38:12:[m[K [01;31m[Kerror: [m[Ktoo few arguments to function ‘[01m[Kvoid exit(int)[m[K’
[3.461s]    38 |       exit([01;31m[K)[m[K
[3.461s]       |            [01;31m[K^[m[K
[3.461s] In file included from [01m[K/usr/include/c++/9/cstdlib:75[m[K,
[3.462s]                  from [01m[K/usr/include/c++/9/ext/string_conversions.h:41[m[K,
[3.462s]                  from [01m[K/usr/include/c++/9/bits/basic_string.h:6496[m[K,
[3.462s]                  from [01m[K/usr/include/c++/9/string:55[m[K,
[3.462s]                  from [01m[K/usr/include/c++/9/stdexcept:39[m[K,
[3.462s]                  from [01m[K/usr/include/c++/9/array:39[m[K,
[3.462s]                  from [01m[K/usr/include/c++/9/tuple:39[m[K,
[3.462s]                  from [01m[K/usr/include/c++/9/functional:54[m[K,
[3.463s]                  from [01m[K/home/vincent/Embedded-System/ros_motor_system/MyCode/path2pos/src/pos_writer.cpp:2[m[K:
[3.463s] [01m[K/usr/include/stdlib.h:617:13:[m[K [01;36m[Knote: [m[Kdeclared here
[3.463s]   617 | extern void [01;36m[Kexit[m[K (int __status) __THROW __attribute__ ((__noreturn__));
[3.463s]       |             [01;36m[K^~~~[m[K
[4.829s] make[2]: *** [CMakeFiles/pos_writer.dir/build.make:63: CMakeFiles/pos_writer.dir/src/pos_writer.cpp.o] Error 1
[4.829s] make[1]: *** [CMakeFiles/Makefile2:78: CMakeFiles/pos_writer.dir/all] Error 2
[4.830s] make: *** [Makefile:141: all] Error 2
[4.833s] Invoked command in '/home/vincent/Embedded-System/ros_motor_system/MyCode/build/path2pos' returned '2': CMAKE_PREFIX_PATH=${CMAKE_PREFIX_PATH}:/opt/ros/foxy /usr/bin/cmake --build /home/vincent/Embedded-System/ros_motor_system/MyCode/build/path2pos -- -j4 -l4
