[0.027s] Invoking command in '/home/vincent/Embedded-System/ros_motor_system/MyCode/path2pos/build/path2pos': CMAKE_PREFIX_PATH=${CMAKE_PREFIX_PATH}:/opt/ros/foxy /usr/bin/cmake --build /home/vincent/Embedded-System/ros_motor_system/MyCode/path2pos/build/path2pos -- -j4 -l4
[0.107s] [35m[1mScanning dependencies of target pos_writer[0m
[0.207s] [ 50%] [32mBuilding CXX object CMakeFiles/pos_writer.dir/src/pos_writer.cpp.o[0m
[2.301s] [01m[K/home/vincent/Embedded-System/ros_motor_system/MyCode/path2pos/src/pos_writer.cpp:83:51:[m[K [01;31m[Kerror: [m[K‘[01m[Kint16[m[K’ in namespace ‘[01m[Kstd_msgs::msg[m[K’ does not name a type
[2.301s]    83 |     void set_number_callback(const std_msgs::msg::[01;31m[Kint16[m[K::SharedPtr msg) const
[2.301s]       |                                                   [01;31m[K^~~~~[m[K
[2.301s] [01m[K/home/vincent/Embedded-System/ros_motor_system/MyCode/path2pos/src/pos_writer.cpp:83:68:[m[K [01;31m[Kerror: [m[Kexpected unqualified-id before ‘[01m[Kmsg[m[K’
[2.301s]    83 |     void set_number_callback(const std_msgs::msg::int16::SharedPtr [01;31m[Kmsg[m[K) const
[2.301s]       |                                                                    [01;31m[K^~~[m[K
[2.301s] [01m[K/home/vincent/Embedded-System/ros_motor_system/MyCode/path2pos/src/pos_writer.cpp:83:67:[m[K [01;31m[Kerror: [m[Kexpected ‘[01m[K)[m[K’ before ‘[01m[Kmsg[m[K’
[2.301s]    83 |     void set_number_callback[34m[K([m[Kconst std_msgs::msg::int16::SharedPtr[01;31m[K [m[K[32m[Kmsg[m[K) const
[2.301s]       |                             [34m[K~[m[K                                     [01;31m[K^[m[K[32m[K~~~[m[K
[2.302s]       |                                                                   [32m[K)[m[K
[2.302s] [01m[K/home/vincent/Embedded-System/ros_motor_system/MyCode/path2pos/src/pos_writer.cpp:83:58:[m[K [01;31m[Kerror: [m[Kexpected ‘[01m[K;[m[K’ at end of member declaration
[2.302s]    83 |     void set_number_callback(const std_msgs::msg::int16::[01;31m[KSharedPtr[m[K msg) const
[2.302s]       |                                                          [01;31m[K^~~~~~~~~[m[K
[2.302s]       |                                                                   [32m[K;[m[K
[2.302s] [01m[K/home/vincent/Embedded-System/ros_motor_system/MyCode/path2pos/src/pos_writer.cpp:83:68:[m[K [01;31m[Kerror: [m[K‘[01m[Kmsg[m[K’ does not name a type
[2.302s]    83 |     void set_number_callback(const std_msgs::msg::int16::SharedPtr [01;31m[Kmsg[m[K) const
[2.303s]       |                                                                    [01;31m[K^~~[m[K
[2.343s] [01m[K/home/vincent/Embedded-System/ros_motor_system/MyCode/path2pos/src/pos_writer.cpp:[m[K In constructor ‘[01m[KMinimalPublisher::MinimalPublisher()[m[K’:
[2.344s] [01m[K/home/vincent/Embedded-System/ros_motor_system/MyCode/path2pos/src/pos_writer.cpp:32:64:[m[K [01;31m[Kerror: [m[K‘[01m[Kint32[m[K’ is not a member of ‘[01m[Kstd_msgs::msg[m[K’; did you mean ‘[01m[KInt32[m[K’?
[2.344s]    32 |       subscription_ = this->create_subscription<std_msgs::msg::[01;31m[Kint32[m[K>(
[2.344s]       |                                                                [01;31m[K^~~~~[m[K
[2.344s]       |                                                                [32m[KInt32[m[K
[2.344s] [01m[K/home/vincent/Embedded-System/ros_motor_system/MyCode/path2pos/src/pos_writer.cpp:32:64:[m[K [01;31m[Kerror: [m[K‘[01m[Kint32[m[K’ is not a member of ‘[01m[Kstd_msgs::msg[m[K’; did you mean ‘[01m[KInt32[m[K’?
[2.344s]    32 |       subscription_ = this->create_subscription<std_msgs::msg::[01;31m[Kint32[m[K>(
[2.344s]       |                                                                [01;31m[K^~~~~[m[K
[2.344s]       |                                                                [32m[KInt32[m[K
[2.345s] [01m[K/home/vincent/Embedded-System/ros_motor_system/MyCode/path2pos/src/pos_writer.cpp:33:42:[m[K [01;31m[Kerror: [m[K‘[01m[KMinimalSubscriber[m[K’ has not been declared
[2.345s]    33 |       "/set_draw_number", 10, std::bind(&[01;31m[KMinimalSubscriber[m[K::set_number_callback, this, _1));
[2.345s]       |                                          [01;31m[K^~~~~~~~~~~~~~~~~[m[K
[3.940s] make[2]: *** [CMakeFiles/pos_writer.dir/build.make:63: CMakeFiles/pos_writer.dir/src/pos_writer.cpp.o] Error 1
[3.940s] make[1]: *** [CMakeFiles/Makefile2:78: CMakeFiles/pos_writer.dir/all] Error 2
[3.941s] make: *** [Makefile:141: all] Error 2
[3.947s] Invoked command in '/home/vincent/Embedded-System/ros_motor_system/MyCode/path2pos/build/path2pos' returned '2': CMAKE_PREFIX_PATH=${CMAKE_PREFIX_PATH}:/opt/ros/foxy /usr/bin/cmake --build /home/vincent/Embedded-System/ros_motor_system/MyCode/path2pos/build/path2pos -- -j4 -l4
