[0.020s] Invoking command in '/home/vincent/Embedded-System/ros_motor_system/MyCode/build/path2pos': CMAKE_PREFIX_PATH=${CMAKE_PREFIX_PATH}:/opt/ros/foxy /usr/bin/cmake --build /home/vincent/Embedded-System/ros_motor_system/MyCode/build/path2pos -- -j4 -l4
[0.089s] [35m[1mScanning dependencies of target pos_writer[0m
[0.221s] [ 50%] [32mBuilding CXX object CMakeFiles/pos_writer.dir/src/pos_writer.cpp.o[0m
[5.759s] [100%] [32m[1mLinking CXX executable pos_writer[0m
[7.699s] [100%] Built target pos_writer
[7.852s] Invoked command in '/home/vincent/Embedded-System/ros_motor_system/MyCode/build/path2pos' returned '0': CMAKE_PREFIX_PATH=${CMAKE_PREFIX_PATH}:/opt/ros/foxy /usr/bin/cmake --build /home/vincent/Embedded-System/ros_motor_system/MyCode/build/path2pos -- -j4 -l4
[7.923s] Invoking command in '/home/vincent/Embedded-System/ros_motor_system/MyCode/build/path2pos': CMAKE_PREFIX_PATH=${CMAKE_PREFIX_PATH}:/opt/ros/foxy /usr/bin/cmake --install /home/vincent/Embedded-System/ros_motor_system/MyCode/build/path2pos
[7.945s] -- Install configuration: ""
[7.945s] -- Installing: /home/vincent/Embedded-System/ros_motor_system/MyCode/install/path2pos/lib/path2pos/pos_writer
[7.947s] -- Set runtime path of "/home/vincent/Embedded-System/ros_motor_system/MyCode/install/path2pos/lib/path2pos/pos_writer" to ""
[7.947s] -- Up-to-date: /home/vincent/Embedded-System/ros_motor_system/MyCode/install/path2pos/share/ament_index/resource_index/package_run_dependencies/path2pos
[7.947s] -- Up-to-date: /home/vincent/Embedded-System/ros_motor_system/MyCode/install/path2pos/share/ament_index/resource_index/parent_prefix_path/path2pos
[7.948s] -- Up-to-date: /home/vincent/Embedded-System/ros_motor_system/MyCode/install/path2pos/share/path2pos/environment/ament_prefix_path.sh
[7.948s] -- Up-to-date: /home/vincent/Embedded-System/ros_motor_system/MyCode/install/path2pos/share/path2pos/environment/ament_prefix_path.dsv
[7.948s] -- Up-to-date: /home/vincent/Embedded-System/ros_motor_system/MyCode/install/path2pos/share/path2pos/environment/path.sh
[7.948s] -- Up-to-date: /home/vincent/Embedded-System/ros_motor_system/MyCode/install/path2pos/share/path2pos/environment/path.dsv
[7.948s] -- Up-to-date: /home/vincent/Embedded-System/ros_motor_system/MyCode/install/path2pos/share/path2pos/local_setup.bash
[7.949s] -- Up-to-date: /home/vincent/Embedded-System/ros_motor_system/MyCode/install/path2pos/share/path2pos/local_setup.sh
[7.949s] -- Up-to-date: /home/vincent/Embedded-System/ros_motor_system/MyCode/install/path2pos/share/path2pos/local_setup.zsh
[7.949s] -- Up-to-date: /home/vincent/Embedded-System/ros_motor_system/MyCode/install/path2pos/share/path2pos/local_setup.dsv
[7.949s] -- Installing: /home/vincent/Embedded-System/ros_motor_system/MyCode/install/path2pos/share/path2pos/package.dsv
[7.949s] -- Up-to-date: /home/vincent/Embedded-System/ros_motor_system/MyCode/install/path2pos/share/ament_index/resource_index/packages/path2pos
[7.950s] -- Up-to-date: /home/vincent/Embedded-System/ros_motor_system/MyCode/install/path2pos/share/path2pos/cmake/path2posConfig.cmake
[7.950s] -- Up-to-date: /home/vincent/Embedded-System/ros_motor_system/MyCode/install/path2pos/share/path2pos/cmake/path2posConfig-version.cmake
[7.950s] -- Up-to-date: /home/vincent/Embedded-System/ros_motor_system/MyCode/install/path2pos/share/path2pos/package.xml
[7.953s] Invoked command in '/home/vincent/Embedded-System/ros_motor_system/MyCode/build/path2pos' returned '0': CMAKE_PREFIX_PATH=${CMAKE_PREFIX_PATH}:/opt/ros/foxy /usr/bin/cmake --install /home/vincent/Embedded-System/ros_motor_system/MyCode/build/path2pos
