[0.025s] Invoking command in '/home/vincent/Embedded-System/ros_motor_system/MyCode/path2pos/build/path2pos': CMAKE_PREFIX_PATH=${CMAKE_PREFIX_PATH}:/opt/ros/foxy /usr/bin/cmake --build /home/vincent/Embedded-System/ros_motor_system/MyCode/path2pos/build/path2pos -- -j4 -l4
[0.113s] [35m[1mScanning dependencies of target pos_writer[0m
[0.172s] [ 50%] [32mBuilding CXX object CMakeFiles/pos_writer.dir/src/pos_writer.cpp.o[0m
[2.459s] [01m[K/home/vincent/Embedded-System/ros_motor_system/MyCode/path2pos/src/pos_writer.cpp:[m[K In member function ‘[01m[Kvoid MinimalPublisher::set_number_callback(std_msgs::msg::Int32_<std::allocator<void> >::SharedPtr)[m[K’:
[2.460s] [01m[K/home/vincent/Embedded-System/ros_motor_system/MyCode/path2pos/src/pos_writer.cpp:139:15:[m[K [01;35m[Kwarning: [m[Kunused variable ‘[01m[Kpos1[m[K’ [[01;35m[K-Wunused-variable[m[K]
[2.460s]   139 |           int [01;35m[Kpos1[m[K=(angle1+60)*1023/300;
[2.460s]       |               [01;35m[K^~~~[m[K
[8.311s] [100%] [32m[1mLinking CXX executable pos_writer[0m
[8.801s] [100%] Built target pos_writer
[8.824s] Invoked command in '/home/vincent/Embedded-System/ros_motor_system/MyCode/path2pos/build/path2pos' returned '0': CMAKE_PREFIX_PATH=${CMAKE_PREFIX_PATH}:/opt/ros/foxy /usr/bin/cmake --build /home/vincent/Embedded-System/ros_motor_system/MyCode/path2pos/build/path2pos -- -j4 -l4
[8.892s] Invoking command in '/home/vincent/Embedded-System/ros_motor_system/MyCode/path2pos/build/path2pos': CMAKE_PREFIX_PATH=${CMAKE_PREFIX_PATH}:/opt/ros/foxy /usr/bin/cmake --install /home/vincent/Embedded-System/ros_motor_system/MyCode/path2pos/build/path2pos
[8.906s] -- Install configuration: ""
[8.906s] -- Installing: /home/vincent/Embedded-System/ros_motor_system/MyCode/path2pos/install/path2pos/lib/path2pos/pos_writer
[8.912s] -- Set runtime path of "/home/vincent/Embedded-System/ros_motor_system/MyCode/path2pos/install/path2pos/lib/path2pos/pos_writer" to ""
[8.913s] -- Up-to-date: /home/vincent/Embedded-System/ros_motor_system/MyCode/path2pos/install/path2pos/share/ament_index/resource_index/package_run_dependencies/path2pos
[8.914s] -- Up-to-date: /home/vincent/Embedded-System/ros_motor_system/MyCode/path2pos/install/path2pos/share/ament_index/resource_index/parent_prefix_path/path2pos
[8.915s] -- Up-to-date: /home/vincent/Embedded-System/ros_motor_system/MyCode/path2pos/install/path2pos/share/path2pos/environment/ament_prefix_path.sh
[8.915s] -- Up-to-date: /home/vincent/Embedded-System/ros_motor_system/MyCode/path2pos/install/path2pos/share/path2pos/environment/ament_prefix_path.dsv
[8.917s] -- Up-to-date: /home/vincent/Embedded-System/ros_motor_system/MyCode/path2pos/install/path2pos/share/path2pos/environment/path.sh
[8.918s] -- Up-to-date: /home/vincent/Embedded-System/ros_motor_system/MyCode/path2pos/install/path2pos/share/path2pos/environment/path.dsv
[8.918s] -- Up-to-date: /home/vincent/Embedded-System/ros_motor_system/MyCode/path2pos/install/path2pos/share/path2pos/local_setup.bash
[8.920s] -- Up-to-date: /home/vincent/Embedded-System/ros_motor_system/MyCode/path2pos/install/path2pos/share/path2pos/local_setup.sh
[8.920s] -- Up-to-date: /home/vincent/Embedded-System/ros_motor_system/MyCode/path2pos/install/path2pos/share/path2pos/local_setup.zsh
[8.920s] -- Up-to-date: /home/vincent/Embedded-System/ros_motor_system/MyCode/path2pos/install/path2pos/share/path2pos/local_setup.dsv
[8.921s] -- Installing: /home/vincent/Embedded-System/ros_motor_system/MyCode/path2pos/install/path2pos/share/path2pos/package.dsv
[8.921s] -- Up-to-date: /home/vincent/Embedded-System/ros_motor_system/MyCode/path2pos/install/path2pos/share/ament_index/resource_index/packages/path2pos
[8.921s] -- Up-to-date: /home/vincent/Embedded-System/ros_motor_system/MyCode/path2pos/install/path2pos/share/path2pos/cmake/path2posConfig.cmake
[8.922s] -- Up-to-date: /home/vincent/Embedded-System/ros_motor_system/MyCode/path2pos/install/path2pos/share/path2pos/cmake/path2posConfig-version.cmake
[8.922s] -- Up-to-date: /home/vincent/Embedded-System/ros_motor_system/MyCode/path2pos/install/path2pos/share/path2pos/package.xml
[8.923s] Invoked command in '/home/vincent/Embedded-System/ros_motor_system/MyCode/path2pos/build/path2pos' returned '0': CMAKE_PREFIX_PATH=${CMAKE_PREFIX_PATH}:/opt/ros/foxy /usr/bin/cmake --install /home/vincent/Embedded-System/ros_motor_system/MyCode/path2pos/build/path2pos
