[2.237s] DEBUG:colcon:Command line arguments: ['/usr/bin/colcon', 'build']
[2.237s] DEBUG:colcon:Parsed command line arguments: Namespace(allow_overriding=[], ament_cmake_args=None, base_paths=['.'], build_base='build', catkin_cmake_args=None, catkin_skip_building_tests=False, cmake_args=None, cmake_clean_cache=False, cmake_clean_first=False, cmake_force_configure=False, cmake_target=None, cmake_target_skip_unavailable=False, continue_on_error=False, event_handlers=None, executor='parallel', ignore_user_meta=False, install_base='install', log_base=None, log_level=None, main=<bound method BuildVerb.main of <colcon_core.verb.build.BuildVerb object at 0xffffbbe8a550>>, merge_install=False, metas=['./colcon.meta'], packages_above=None, packages_above_and_dependencies=None, packages_above_depth=None, packages_end=None, packages_ignore=None, packages_ignore_regex=None, packages_select=None, packages_select_build_failed=False, packages_select_by_dep=None, packages_select_regex=None, packages_select_test_failures=False, packages_skip=None, packages_skip_build_finished=False, packages_skip_by_dep=None, packages_skip_regex=None, packages_skip_test_passed=False, packages_skip_up_to=None, packages_start=None, packages_up_to=None, packages_up_to_regex=None, parallel_workers=4, paths=None, symlink_install=False, test_result_base=None, verb_extension=<colcon_core.verb.build.BuildVerb object at 0xffffbbe8a550>, verb_name='build', verb_parser=<colcon_defaults.argument_parser.defaults.DefaultArgumentsDecorator object at 0xffffbbd2ceb0>)
[3.524s] Level 1:colcon.colcon_core.package_discovery:discover_packages(colcon_meta) check parameters
[3.526s] Level 1:colcon.colcon_core.package_discovery:discover_packages(recursive) check parameters
[3.526s] Level 1:colcon.colcon_core.package_discovery:discover_packages(ignore) check parameters
[3.526s] Level 1:colcon.colcon_core.package_discovery:discover_packages(path) check parameters
[3.526s] Level 1:colcon.colcon_core.package_discovery:discover_packages(colcon_meta) discover
[3.527s] Level 1:colcon.colcon_core.package_discovery:discover_packages(recursive) discover
[3.527s] INFO:colcon.colcon_core.package_discovery:Crawling recursively for packages in '/home/mp4d/ros_motors'
[3.528s] Level 1:colcon.colcon_core.package_identification:_identify(.) by extensions ['ignore', 'ignore_ament_install']
[3.528s] Level 1:colcon.colcon_core.package_identification:_identify(.) by extension 'ignore'
[3.529s] Level 1:colcon.colcon_core.package_identification:_identify(.) by extension 'ignore_ament_install'
[3.529s] Level 1:colcon.colcon_core.package_identification:_identify(.) by extensions ['colcon_pkg']
[3.529s] Level 1:colcon.colcon_core.package_identification:_identify(.) by extension 'colcon_pkg'
[3.530s] Level 1:colcon.colcon_core.package_identification:_identify(.) by extensions ['colcon_meta']
[3.530s] Level 1:colcon.colcon_core.package_identification:_identify(.) by extension 'colcon_meta'
[3.530s] Level 1:colcon.colcon_core.package_identification:_identify(.) by extensions ['ros']
[3.530s] Level 1:colcon.colcon_core.package_identification:_identify(.) by extension 'ros'
[3.660s] Level 1:colcon.colcon_core.package_identification:_identify(.) by extensions ['cmake', 'python']
[3.661s] Level 1:colcon.colcon_core.package_identification:_identify(.) by extension 'cmake'
[3.661s] Level 1:colcon.colcon_core.package_identification:_identify(.) by extension 'python'
[3.661s] Level 1:colcon.colcon_core.package_identification:_identify(.) by extensions ['python_setup_py']
[3.662s] Level 1:colcon.colcon_core.package_identification:_identify(.) by extension 'python_setup_py'
[3.663s] Level 1:colcon.colcon_core.package_identification:_identify(DynamixelSDK) by extensions ['ignore', 'ignore_ament_install']
[3.663s] Level 1:colcon.colcon_core.package_identification:_identify(DynamixelSDK) by extension 'ignore'
[3.664s] Level 1:colcon.colcon_core.package_identification:_identify(DynamixelSDK) by extension 'ignore_ament_install'
[3.664s] Level 1:colcon.colcon_core.package_identification:_identify(DynamixelSDK) by extensions ['colcon_pkg']
[3.664s] Level 1:colcon.colcon_core.package_identification:_identify(DynamixelSDK) by extension 'colcon_pkg'
[3.665s] Level 1:colcon.colcon_core.package_identification:_identify(DynamixelSDK) by extensions ['colcon_meta']
[3.665s] Level 1:colcon.colcon_core.package_identification:_identify(DynamixelSDK) by extension 'colcon_meta'
[3.665s] Level 1:colcon.colcon_core.package_identification:_identify(DynamixelSDK) by extensions ['ros']
[3.665s] Level 1:colcon.colcon_core.package_identification:_identify(DynamixelSDK) by extension 'ros'
[3.666s] Level 1:colcon.colcon_core.package_identification:_identify(DynamixelSDK) by extensions ['cmake', 'python']
[3.666s] Level 1:colcon.colcon_core.package_identification:_identify(DynamixelSDK) by extension 'cmake'
[3.666s] Level 1:colcon.colcon_core.package_identification:_identify(DynamixelSDK) by extension 'python'
[3.667s] Level 1:colcon.colcon_core.package_identification:_identify(DynamixelSDK) by extensions ['python_setup_py']
[3.667s] Level 1:colcon.colcon_core.package_identification:_identify(DynamixelSDK) by extension 'python_setup_py'
[3.668s] Level 1:colcon.colcon_core.package_identification:_identify(DynamixelSDK/build) by extensions ['ignore', 'ignore_ament_install']
[3.668s] Level 1:colcon.colcon_core.package_identification:_identify(DynamixelSDK/build) by extension 'ignore'
[3.669s] Level 1:colcon.colcon_core.package_identification:_identify(DynamixelSDK/build) ignored
[3.669s] Level 1:colcon.colcon_core.package_identification:_identify(DynamixelSDK/dynamixel_sdk) by extensions ['ignore', 'ignore_ament_install']
[3.670s] Level 1:colcon.colcon_core.package_identification:_identify(DynamixelSDK/dynamixel_sdk) by extension 'ignore'
[3.670s] Level 1:colcon.colcon_core.package_identification:_identify(DynamixelSDK/dynamixel_sdk) by extension 'ignore_ament_install'
[3.671s] Level 1:colcon.colcon_core.package_identification:_identify(DynamixelSDK/dynamixel_sdk) by extensions ['colcon_pkg']
[3.671s] Level 1:colcon.colcon_core.package_identification:_identify(DynamixelSDK/dynamixel_sdk) by extension 'colcon_pkg'
[3.671s] Level 1:colcon.colcon_core.package_identification:_identify(DynamixelSDK/dynamixel_sdk) by extensions ['colcon_meta']
[3.671s] Level 1:colcon.colcon_core.package_identification:_identify(DynamixelSDK/dynamixel_sdk) by extension 'colcon_meta'
[3.672s] Level 1:colcon.colcon_core.package_identification:_identify(DynamixelSDK/dynamixel_sdk) by extensions ['ros']
[3.672s] Level 1:colcon.colcon_core.package_identification:_identify(DynamixelSDK/dynamixel_sdk) by extension 'ros'
[3.706s] DEBUG:colcon.colcon_core.package_identification:Package 'DynamixelSDK/dynamixel_sdk' with type 'ros.ament_cmake' and name 'dynamixel_sdk'
[3.707s] Level 1:colcon.colcon_core.package_identification:_identify(DynamixelSDK/dynamixel_sdk_custom_interfaces) by extensions ['ignore', 'ignore_ament_install']
[3.708s] Level 1:colcon.colcon_core.package_identification:_identify(DynamixelSDK/dynamixel_sdk_custom_interfaces) by extension 'ignore'
[3.709s] Level 1:colcon.colcon_core.package_identification:_identify(DynamixelSDK/dynamixel_sdk_custom_interfaces) by extension 'ignore_ament_install'
[3.709s] Level 1:colcon.colcon_core.package_identification:_identify(DynamixelSDK/dynamixel_sdk_custom_interfaces) by extensions ['colcon_pkg']
[3.709s] Level 1:colcon.colcon_core.package_identification:_identify(DynamixelSDK/dynamixel_sdk_custom_interfaces) by extension 'colcon_pkg'
[3.710s] Level 1:colcon.colcon_core.package_identification:_identify(DynamixelSDK/dynamixel_sdk_custom_interfaces) by extensions ['colcon_meta']
[3.710s] Level 1:colcon.colcon_core.package_identification:_identify(DynamixelSDK/dynamixel_sdk_custom_interfaces) by extension 'colcon_meta'
[3.710s] Level 1:colcon.colcon_core.package_identification:_identify(DynamixelSDK/dynamixel_sdk_custom_interfaces) by extensions ['ros']
[3.710s] Level 1:colcon.colcon_core.package_identification:_identify(DynamixelSDK/dynamixel_sdk_custom_interfaces) by extension 'ros'
[3.719s] DEBUG:colcon.colcon_core.package_identification:Package 'DynamixelSDK/dynamixel_sdk_custom_interfaces' with type 'ros.ament_cmake' and name 'dynamixel_sdk_custom_interfaces'
[3.721s] Level 1:colcon.colcon_core.package_identification:_identify(DynamixelSDK/dynamixel_sdk_examples) by extensions ['ignore', 'ignore_ament_install']
[3.722s] Level 1:colcon.colcon_core.package_identification:_identify(DynamixelSDK/dynamixel_sdk_examples) by extension 'ignore'
[3.722s] Level 1:colcon.colcon_core.package_identification:_identify(DynamixelSDK/dynamixel_sdk_examples) by extension 'ignore_ament_install'
[3.723s] Level 1:colcon.colcon_core.package_identification:_identify(DynamixelSDK/dynamixel_sdk_examples) by extensions ['colcon_pkg']
[3.723s] Level 1:colcon.colcon_core.package_identification:_identify(DynamixelSDK/dynamixel_sdk_examples) by extension 'colcon_pkg'
[3.723s] Level 1:colcon.colcon_core.package_identification:_identify(DynamixelSDK/dynamixel_sdk_examples) by extensions ['colcon_meta']
[3.724s] Level 1:colcon.colcon_core.package_identification:_identify(DynamixelSDK/dynamixel_sdk_examples) by extension 'colcon_meta'
[3.724s] Level 1:colcon.colcon_core.package_identification:_identify(DynamixelSDK/dynamixel_sdk_examples) by extensions ['ros']
[3.724s] Level 1:colcon.colcon_core.package_identification:_identify(DynamixelSDK/dynamixel_sdk_examples) by extension 'ros'
[3.733s] DEBUG:colcon.colcon_core.package_identification:Package 'DynamixelSDK/dynamixel_sdk_examples' with type 'ros.ament_cmake' and name 'dynamixel_sdk_examples'
[3.735s] Level 1:colcon.colcon_core.package_identification:_identify(DynamixelSDK/install) by extensions ['ignore', 'ignore_ament_install']
[3.737s] Level 1:colcon.colcon_core.package_identification:_identify(DynamixelSDK/install) by extension 'ignore'
[3.737s] Level 1:colcon.colcon_core.package_identification:_identify(DynamixelSDK/install) ignored
[3.738s] Level 1:colcon.colcon_core.package_identification:_identify(DynamixelSDK/log) by extensions ['ignore', 'ignore_ament_install']
[3.739s] Level 1:colcon.colcon_core.package_identification:_identify(DynamixelSDK/log) by extension 'ignore'
[3.740s] Level 1:colcon.colcon_core.package_identification:_identify(DynamixelSDK/log) ignored
[3.741s] Level 1:colcon.colcon_core.package_identification:_identify(MyCode) by extensions ['ignore', 'ignore_ament_install']
[3.741s] Level 1:colcon.colcon_core.package_identification:_identify(MyCode) by extension 'ignore'
[3.742s] Level 1:colcon.colcon_core.package_identification:_identify(MyCode) by extension 'ignore_ament_install'
[3.742s] Level 1:colcon.colcon_core.package_identification:_identify(MyCode) by extensions ['colcon_pkg']
[3.743s] Level 1:colcon.colcon_core.package_identification:_identify(MyCode) by extension 'colcon_pkg'
[3.743s] Level 1:colcon.colcon_core.package_identification:_identify(MyCode) by extensions ['colcon_meta']
[3.743s] Level 1:colcon.colcon_core.package_identification:_identify(MyCode) by extension 'colcon_meta'
[3.744s] Level 1:colcon.colcon_core.package_identification:_identify(MyCode) by extensions ['ros']
[3.744s] Level 1:colcon.colcon_core.package_identification:_identify(MyCode) by extension 'ros'
[3.745s] Level 1:colcon.colcon_core.package_identification:_identify(MyCode) by extensions ['cmake', 'python']
[3.745s] Level 1:colcon.colcon_core.package_identification:_identify(MyCode) by extension 'cmake'
[3.746s] Level 1:colcon.colcon_core.package_identification:_identify(MyCode) by extension 'python'
[3.746s] Level 1:colcon.colcon_core.package_identification:_identify(MyCode) by extensions ['python_setup_py']
[3.746s] Level 1:colcon.colcon_core.package_identification:_identify(MyCode) by extension 'python_setup_py'
[3.747s] Level 1:colcon.colcon_core.package_identification:_identify(MyCode/build) by extensions ['ignore', 'ignore_ament_install']
[3.748s] Level 1:colcon.colcon_core.package_identification:_identify(MyCode/build) by extension 'ignore'
[3.749s] Level 1:colcon.colcon_core.package_identification:_identify(MyCode/build) ignored
[3.750s] Level 1:colcon.colcon_core.package_identification:_identify(MyCode/install) by extensions ['ignore', 'ignore_ament_install']
[3.750s] Level 1:colcon.colcon_core.package_identification:_identify(MyCode/install) by extension 'ignore'
[3.751s] Level 1:colcon.colcon_core.package_identification:_identify(MyCode/install) ignored
[3.752s] Level 1:colcon.colcon_core.package_identification:_identify(MyCode/log) by extensions ['ignore', 'ignore_ament_install']
[3.753s] Level 1:colcon.colcon_core.package_identification:_identify(MyCode/log) by extension 'ignore'
[3.753s] Level 1:colcon.colcon_core.package_identification:_identify(MyCode/log) ignored
[3.754s] Level 1:colcon.colcon_core.package_identification:_identify(MyCode/path2pos) by extensions ['ignore', 'ignore_ament_install']
[3.755s] Level 1:colcon.colcon_core.package_identification:_identify(MyCode/path2pos) by extension 'ignore'
[3.755s] Level 1:colcon.colcon_core.package_identification:_identify(MyCode/path2pos) by extension 'ignore_ament_install'
[3.756s] Level 1:colcon.colcon_core.package_identification:_identify(MyCode/path2pos) by extensions ['colcon_pkg']
[3.756s] Level 1:colcon.colcon_core.package_identification:_identify(MyCode/path2pos) by extension 'colcon_pkg'
[3.756s] Level 1:colcon.colcon_core.package_identification:_identify(MyCode/path2pos) by extensions ['colcon_meta']
[3.757s] Level 1:colcon.colcon_core.package_identification:_identify(MyCode/path2pos) by extension 'colcon_meta'
[3.757s] Level 1:colcon.colcon_core.package_identification:_identify(MyCode/path2pos) by extensions ['ros']
[3.757s] Level 1:colcon.colcon_core.package_identification:_identify(MyCode/path2pos) by extension 'ros'
[3.766s] DEBUG:colcon.colcon_core.package_identification:Package 'MyCode/path2pos' with type 'ros.ament_cmake' and name 'path2pos'
[3.767s] Level 1:colcon.colcon_core.package_identification:_identify(build) by extensions ['ignore', 'ignore_ament_install']
[3.768s] Level 1:colcon.colcon_core.package_identification:_identify(build) by extension 'ignore'
[3.769s] Level 1:colcon.colcon_core.package_identification:_identify(build) ignored
[3.770s] Level 1:colcon.colcon_core.package_identification:_identify(install) by extensions ['ignore', 'ignore_ament_install']
[3.771s] Level 1:colcon.colcon_core.package_identification:_identify(install) by extension 'ignore'
[3.771s] Level 1:colcon.colcon_core.package_identification:_identify(install) ignored
[3.772s] Level 1:colcon.colcon_core.package_identification:_identify(log) by extensions ['ignore', 'ignore_ament_install']
[3.772s] Level 1:colcon.colcon_core.package_identification:_identify(log) by extension 'ignore'
[3.772s] Level 1:colcon.colcon_core.package_identification:_identify(log) ignored
[3.773s] Level 1:colcon.colcon_core.package_discovery:discover_packages(recursive) using defaults
[3.773s] Level 1:colcon.colcon_core.package_discovery:discover_packages(ignore) discover
[3.773s] Level 1:colcon.colcon_core.package_discovery:discover_packages(ignore) using defaults
[3.774s] Level 1:colcon.colcon_core.package_discovery:discover_packages(path) discover
[3.774s] Level 1:colcon.colcon_core.package_discovery:discover_packages(path) using defaults
[3.976s] Level 1:colcon.colcon_core.package_discovery:discover_packages(prefix_path) check parameters
[3.976s] Level 1:colcon.colcon_core.package_discovery:discover_packages(prefix_path) discover
[4.007s] DEBUG:colcon.colcon_installed_package_information.package_discovery:Found 3 installed packages in /home/mp4d/ros_motors/DynamixelSDK/install
[4.020s] DEBUG:colcon.colcon_installed_package_information.package_discovery:Found 2 installed packages in /home/mp4d/ros_camera/install
[4.031s] DEBUG:colcon.colcon_installed_package_information.package_discovery:Found 258 installed packages in /opt/ros/foxy
[4.046s] Level 1:colcon.colcon_core.package_discovery:discover_packages(prefix_path) using defaults
[4.940s] Level 5:colcon.colcon_core.verb:set package 'dynamixel_sdk' build argument 'cmake_args' from command line to 'None'
[4.941s] Level 5:colcon.colcon_core.verb:set package 'dynamixel_sdk' build argument 'cmake_target' from command line to 'None'
[4.941s] Level 5:colcon.colcon_core.verb:set package 'dynamixel_sdk' build argument 'cmake_target_skip_unavailable' from command line to 'False'
[4.941s] Level 5:colcon.colcon_core.verb:set package 'dynamixel_sdk' build argument 'cmake_clean_cache' from command line to 'False'
[4.941s] Level 5:colcon.colcon_core.verb:set package 'dynamixel_sdk' build argument 'cmake_clean_first' from command line to 'False'
[4.942s] Level 5:colcon.colcon_core.verb:set package 'dynamixel_sdk' build argument 'cmake_force_configure' from command line to 'False'
[4.942s] Level 5:colcon.colcon_core.verb:set package 'dynamixel_sdk' build argument 'ament_cmake_args' from command line to 'None'
[4.942s] Level 5:colcon.colcon_core.verb:set package 'dynamixel_sdk' build argument 'catkin_cmake_args' from command line to 'None'
[4.942s] Level 5:colcon.colcon_core.verb:set package 'dynamixel_sdk' build argument 'catkin_skip_building_tests' from command line to 'False'
[4.942s] DEBUG:colcon.colcon_core.verb:Building package 'dynamixel_sdk' with the following arguments: {'ament_cmake_args': None, 'build_base': '/home/mp4d/ros_motors/build/dynamixel_sdk', 'catkin_cmake_args': None, 'catkin_skip_building_tests': False, 'cmake_args': None, 'cmake_clean_cache': False, 'cmake_clean_first': False, 'cmake_force_configure': False, 'cmake_target': None, 'cmake_target_skip_unavailable': False, 'install_base': '/home/mp4d/ros_motors/install/dynamixel_sdk', 'merge_install': False, 'path': '/home/mp4d/ros_motors/DynamixelSDK/dynamixel_sdk', 'symlink_install': False, 'test_result_base': None}
[4.946s] Level 5:colcon.colcon_core.verb:set package 'dynamixel_sdk_custom_interfaces' build argument 'cmake_args' from command line to 'None'
[4.946s] Level 5:colcon.colcon_core.verb:set package 'dynamixel_sdk_custom_interfaces' build argument 'cmake_target' from command line to 'None'
[4.946s] Level 5:colcon.colcon_core.verb:set package 'dynamixel_sdk_custom_interfaces' build argument 'cmake_target_skip_unavailable' from command line to 'False'
[4.947s] Level 5:colcon.colcon_core.verb:set package 'dynamixel_sdk_custom_interfaces' build argument 'cmake_clean_cache' from command line to 'False'
[4.947s] Level 5:colcon.colcon_core.verb:set package 'dynamixel_sdk_custom_interfaces' build argument 'cmake_clean_first' from command line to 'False'
[4.947s] Level 5:colcon.colcon_core.verb:set package 'dynamixel_sdk_custom_interfaces' build argument 'cmake_force_configure' from command line to 'False'
[4.947s] Level 5:colcon.colcon_core.verb:set package 'dynamixel_sdk_custom_interfaces' build argument 'ament_cmake_args' from command line to 'None'
[4.947s] Level 5:colcon.colcon_core.verb:set package 'dynamixel_sdk_custom_interfaces' build argument 'catkin_cmake_args' from command line to 'None'
[4.948s] Level 5:colcon.colcon_core.verb:set package 'dynamixel_sdk_custom_interfaces' build argument 'catkin_skip_building_tests' from command line to 'False'
[4.948s] DEBUG:colcon.colcon_core.verb:Building package 'dynamixel_sdk_custom_interfaces' with the following arguments: {'ament_cmake_args': None, 'build_base': '/home/mp4d/ros_motors/build/dynamixel_sdk_custom_interfaces', 'catkin_cmake_args': None, 'catkin_skip_building_tests': False, 'cmake_args': None, 'cmake_clean_cache': False, 'cmake_clean_first': False, 'cmake_force_configure': False, 'cmake_target': None, 'cmake_target_skip_unavailable': False, 'install_base': '/home/mp4d/ros_motors/install/dynamixel_sdk_custom_interfaces', 'merge_install': False, 'path': '/home/mp4d/ros_motors/DynamixelSDK/dynamixel_sdk_custom_interfaces', 'symlink_install': False, 'test_result_base': None}
[4.951s] Level 5:colcon.colcon_core.verb:set package 'dynamixel_sdk_examples' build argument 'cmake_args' from command line to 'None'
[4.951s] Level 5:colcon.colcon_core.verb:set package 'dynamixel_sdk_examples' build argument 'cmake_target' from command line to 'None'
[4.952s] Level 5:colcon.colcon_core.verb:set package 'dynamixel_sdk_examples' build argument 'cmake_target_skip_unavailable' from command line to 'False'
[4.952s] Level 5:colcon.colcon_core.verb:set package 'dynamixel_sdk_examples' build argument 'cmake_clean_cache' from command line to 'False'
[4.952s] Level 5:colcon.colcon_core.verb:set package 'dynamixel_sdk_examples' build argument 'cmake_clean_first' from command line to 'False'
[4.952s] Level 5:colcon.colcon_core.verb:set package 'dynamixel_sdk_examples' build argument 'cmake_force_configure' from command line to 'False'
[4.952s] Level 5:colcon.colcon_core.verb:set package 'dynamixel_sdk_examples' build argument 'ament_cmake_args' from command line to 'None'
[4.953s] Level 5:colcon.colcon_core.verb:set package 'dynamixel_sdk_examples' build argument 'catkin_cmake_args' from command line to 'None'
[4.953s] Level 5:colcon.colcon_core.verb:set package 'dynamixel_sdk_examples' build argument 'catkin_skip_building_tests' from command line to 'False'
[4.953s] DEBUG:colcon.colcon_core.verb:Building package 'dynamixel_sdk_examples' with the following arguments: {'ament_cmake_args': None, 'build_base': '/home/mp4d/ros_motors/build/dynamixel_sdk_examples', 'catkin_cmake_args': None, 'catkin_skip_building_tests': False, 'cmake_args': None, 'cmake_clean_cache': False, 'cmake_clean_first': False, 'cmake_force_configure': False, 'cmake_target': None, 'cmake_target_skip_unavailable': False, 'install_base': '/home/mp4d/ros_motors/install/dynamixel_sdk_examples', 'merge_install': False, 'path': '/home/mp4d/ros_motors/DynamixelSDK/dynamixel_sdk_examples', 'symlink_install': False, 'test_result_base': None}
[4.957s] Level 5:colcon.colcon_core.verb:set package 'path2pos' build argument 'cmake_args' from command line to 'None'
[4.957s] Level 5:colcon.colcon_core.verb:set package 'path2pos' build argument 'cmake_target' from command line to 'None'
[4.957s] Level 5:colcon.colcon_core.verb:set package 'path2pos' build argument 'cmake_target_skip_unavailable' from command line to 'False'
[4.957s] Level 5:colcon.colcon_core.verb:set package 'path2pos' build argument 'cmake_clean_cache' from command line to 'False'
[4.957s] Level 5:colcon.colcon_core.verb:set package 'path2pos' build argument 'cmake_clean_first' from command line to 'False'
[4.958s] Level 5:colcon.colcon_core.verb:set package 'path2pos' build argument 'cmake_force_configure' from command line to 'False'
[4.958s] Level 5:colcon.colcon_core.verb:set package 'path2pos' build argument 'ament_cmake_args' from command line to 'None'
[4.958s] Level 5:colcon.colcon_core.verb:set package 'path2pos' build argument 'catkin_cmake_args' from command line to 'None'
[4.958s] Level 5:colcon.colcon_core.verb:set package 'path2pos' build argument 'catkin_skip_building_tests' from command line to 'False'
[4.958s] DEBUG:colcon.colcon_core.verb:Building package 'path2pos' with the following arguments: {'ament_cmake_args': None, 'build_base': '/home/mp4d/ros_motors/build/path2pos', 'catkin_cmake_args': None, 'catkin_skip_building_tests': False, 'cmake_args': None, 'cmake_clean_cache': False, 'cmake_clean_first': False, 'cmake_force_configure': False, 'cmake_target': None, 'cmake_target_skip_unavailable': False, 'install_base': '/home/mp4d/ros_motors/install/path2pos', 'merge_install': False, 'path': '/home/mp4d/ros_motors/MyCode/path2pos', 'symlink_install': False, 'test_result_base': None}
[4.959s] INFO:colcon.colcon_core.executor:Executing jobs using 'parallel' executor
[4.967s] DEBUG:colcon.colcon_parallel_executor.executor.parallel:run_until_complete
[4.969s] INFO:colcon.colcon_ros.task.ament_cmake.build:Building ROS package in '/home/mp4d/ros_motors/DynamixelSDK/dynamixel_sdk_custom_interfaces' with build type 'ament_cmake'
[4.970s] INFO:colcon.colcon_cmake.task.cmake.build:Building CMake package in '/home/mp4d/ros_motors/DynamixelSDK/dynamixel_sdk_custom_interfaces'
[4.998s] INFO:colcon.colcon_core.plugin_system:Skipping extension 'colcon_core.shell.bat': Not used on non-Windows systems
[5.000s] INFO:colcon.colcon_core.shell:Skip shell extension 'powershell' for command environment: Not usable outside of PowerShell
[5.000s] DEBUG:colcon.colcon_core.shell:Skip shell extension 'dsv' for command environment
[5.045s] INFO:colcon.colcon_ros.task.ament_cmake.build:Building ROS package in '/home/mp4d/ros_motors/DynamixelSDK/dynamixel_sdk' with build type 'ament_cmake'
[5.047s] INFO:colcon.colcon_cmake.task.cmake.build:Building CMake package in '/home/mp4d/ros_motors/DynamixelSDK/dynamixel_sdk'
[5.051s] INFO:colcon.colcon_core.shell:Skip shell extension 'powershell' for command environment: Not usable outside of PowerShell
[5.053s] DEBUG:colcon.colcon_core.shell:Skip shell extension 'dsv' for command environment
[5.128s] DEBUG:colcon.colcon_core.event_handler.log_command:Invoking command in '/home/mp4d/ros_motors/build/dynamixel_sdk_custom_interfaces': CMAKE_PREFIX_PATH=/home/mp4d/ros_motors/DynamixelSDK/install/dynamixel_sdk_examples:/home/mp4d/ros_motors/DynamixelSDK/install/dynamixel_sdk_custom_interfaces:/home/mp4d/ros_motors/DynamixelSDK/install/dynamixel_sdk:/opt/ros/foxy:/home/mp4d/ros_camera/install/usb_cam:/home/mp4d/ros_camera/install/cam_sub /usr/bin/cmake --build /home/mp4d/ros_motors/build/dynamixel_sdk_custom_interfaces -- -j4 -l4
[5.194s] DEBUG:colcon.colcon_core.event_handler.log_command:Invoking command in '/home/mp4d/ros_motors/build/dynamixel_sdk': CMAKE_PREFIX_PATH=/home/mp4d/ros_motors/DynamixelSDK/install/dynamixel_sdk_examples:/home/mp4d/ros_motors/DynamixelSDK/install/dynamixel_sdk_custom_interfaces:/home/mp4d/ros_motors/DynamixelSDK/install/dynamixel_sdk:/opt/ros/foxy:/home/mp4d/ros_camera/install/usb_cam:/home/mp4d/ros_camera/install/cam_sub /usr/bin/cmake --build /home/mp4d/ros_motors/build/dynamixel_sdk -- -j4 -l4
[5.673s] DEBUG:colcon.colcon_core.event_handler.log_command:Invoked command in '/home/mp4d/ros_motors/build/dynamixel_sdk' returned '0': CMAKE_PREFIX_PATH=/home/mp4d/ros_motors/DynamixelSDK/install/dynamixel_sdk_examples:/home/mp4d/ros_motors/DynamixelSDK/install/dynamixel_sdk_custom_interfaces:/home/mp4d/ros_motors/DynamixelSDK/install/dynamixel_sdk:/opt/ros/foxy:/home/mp4d/ros_camera/install/usb_cam:/home/mp4d/ros_camera/install/cam_sub /usr/bin/cmake --build /home/mp4d/ros_motors/build/dynamixel_sdk -- -j4 -l4
[6.029s] DEBUG:colcon.colcon_core.event_handler.log_command:Invoking command in '/home/mp4d/ros_motors/build/dynamixel_sdk': CMAKE_PREFIX_PATH=/home/mp4d/ros_motors/DynamixelSDK/install/dynamixel_sdk_examples:/home/mp4d/ros_motors/DynamixelSDK/install/dynamixel_sdk_custom_interfaces:/home/mp4d/ros_motors/DynamixelSDK/install/dynamixel_sdk:/opt/ros/foxy:/home/mp4d/ros_camera/install/usb_cam:/home/mp4d/ros_camera/install/cam_sub /usr/bin/cmake --install /home/mp4d/ros_motors/build/dynamixel_sdk
[6.209s] Level 1:colcon.colcon_core.environment:create_environment_scripts_only(dynamixel_sdk)
[6.213s] DEBUG:colcon.colcon_core.event_handler.log_command:Invoked command in '/home/mp4d/ros_motors/build/dynamixel_sdk' returned '0': CMAKE_PREFIX_PATH=/home/mp4d/ros_motors/DynamixelSDK/install/dynamixel_sdk_examples:/home/mp4d/ros_motors/DynamixelSDK/install/dynamixel_sdk_custom_interfaces:/home/mp4d/ros_motors/DynamixelSDK/install/dynamixel_sdk:/opt/ros/foxy:/home/mp4d/ros_camera/install/usb_cam:/home/mp4d/ros_camera/install/cam_sub /usr/bin/cmake --install /home/mp4d/ros_motors/build/dynamixel_sdk
[6.309s] Level 1:colcon.colcon_core.environment:checking '/home/mp4d/ros_motors/install/dynamixel_sdk' for CMake module files
[6.316s] Level 1:colcon.colcon_core.environment:checking '/home/mp4d/ros_motors/install/dynamixel_sdk' for CMake config files
[6.319s] Level 1:colcon.colcon_core.shell:create_environment_hook('dynamixel_sdk', 'cmake_prefix_path')
[6.322s] INFO:colcon.colcon_core.shell:Creating environment hook '/home/mp4d/ros_motors/install/dynamixel_sdk/share/dynamixel_sdk/hook/cmake_prefix_path.ps1'
[6.335s] INFO:colcon.colcon_core.shell:Creating environment descriptor '/home/mp4d/ros_motors/install/dynamixel_sdk/share/dynamixel_sdk/hook/cmake_prefix_path.dsv'
[6.345s] INFO:colcon.colcon_core.shell:Creating environment hook '/home/mp4d/ros_motors/install/dynamixel_sdk/share/dynamixel_sdk/hook/cmake_prefix_path.sh'
[6.356s] Level 1:colcon.colcon_core.environment:checking '/home/mp4d/ros_motors/install/dynamixel_sdk/lib'
[6.358s] Level 1:colcon.colcon_core.shell:create_environment_hook('dynamixel_sdk', 'ld_library_path_lib')
[6.361s] INFO:colcon.colcon_core.shell:Creating environment hook '/home/mp4d/ros_motors/install/dynamixel_sdk/share/dynamixel_sdk/hook/ld_library_path_lib.ps1'
[6.366s] INFO:colcon.colcon_core.shell:Creating environment descriptor '/home/mp4d/ros_motors/install/dynamixel_sdk/share/dynamixel_sdk/hook/ld_library_path_lib.dsv'
[6.370s] INFO:colcon.colcon_core.shell:Creating environment hook '/home/mp4d/ros_motors/install/dynamixel_sdk/share/dynamixel_sdk/hook/ld_library_path_lib.sh'
[6.376s] Level 1:colcon.colcon_core.environment:checking '/home/mp4d/ros_motors/install/dynamixel_sdk/bin'
[6.377s] Level 1:colcon.colcon_core.environment:checking '/home/mp4d/ros_motors/install/dynamixel_sdk/lib/pkgconfig/dynamixel_sdk.pc'
[6.379s] Level 1:colcon.colcon_core.environment:checking '/home/mp4d/ros_motors/install/dynamixel_sdk/lib/python3.8/site-packages'
[6.381s] Level 1:colcon.colcon_core.environment:checking '/home/mp4d/ros_motors/install/dynamixel_sdk/bin'
[6.384s] INFO:colcon.colcon_core.shell:Creating package script '/home/mp4d/ros_motors/install/dynamixel_sdk/share/dynamixel_sdk/package.ps1'
[6.398s] INFO:colcon.colcon_core.shell:Creating package descriptor '/home/mp4d/ros_motors/install/dynamixel_sdk/share/dynamixel_sdk/package.dsv'
[6.405s] INFO:colcon.colcon_core.shell:Creating package script '/home/mp4d/ros_motors/install/dynamixel_sdk/share/dynamixel_sdk/package.sh'
[6.413s] INFO:colcon.colcon_core.shell:Creating package script '/home/mp4d/ros_motors/install/dynamixel_sdk/share/dynamixel_sdk/package.bash'
[6.422s] INFO:colcon.colcon_core.shell:Creating package script '/home/mp4d/ros_motors/install/dynamixel_sdk/share/dynamixel_sdk/package.zsh'
[6.430s] Level 1:colcon.colcon_core.environment:create_file_with_runtime_dependencies(/home/mp4d/ros_motors/install/dynamixel_sdk/share/colcon-core/packages/dynamixel_sdk)
[6.655s] Level 1:colcon.colcon_core.environment:create_environment_scripts_only(dynamixel_sdk)
[6.658s] Level 1:colcon.colcon_core.environment:checking '/home/mp4d/ros_motors/install/dynamixel_sdk' for CMake module files
[6.663s] Level 1:colcon.colcon_core.environment:checking '/home/mp4d/ros_motors/install/dynamixel_sdk' for CMake config files
[6.666s] Level 1:colcon.colcon_core.shell:create_environment_hook('dynamixel_sdk', 'cmake_prefix_path')
[6.668s] INFO:colcon.colcon_core.shell:Creating environment hook '/home/mp4d/ros_motors/install/dynamixel_sdk/share/dynamixel_sdk/hook/cmake_prefix_path.ps1'
[6.673s] INFO:colcon.colcon_core.shell:Creating environment descriptor '/home/mp4d/ros_motors/install/dynamixel_sdk/share/dynamixel_sdk/hook/cmake_prefix_path.dsv'
[6.678s] INFO:colcon.colcon_core.shell:Creating environment hook '/home/mp4d/ros_motors/install/dynamixel_sdk/share/dynamixel_sdk/hook/cmake_prefix_path.sh'
[6.684s] Level 1:colcon.colcon_core.environment:checking '/home/mp4d/ros_motors/install/dynamixel_sdk/lib'
[6.686s] Level 1:colcon.colcon_core.shell:create_environment_hook('dynamixel_sdk', 'ld_library_path_lib')
[6.688s] INFO:colcon.colcon_core.shell:Creating environment hook '/home/mp4d/ros_motors/install/dynamixel_sdk/share/dynamixel_sdk/hook/ld_library_path_lib.ps1'
[6.695s] INFO:colcon.colcon_core.shell:Creating environment descriptor '/home/mp4d/ros_motors/install/dynamixel_sdk/share/dynamixel_sdk/hook/ld_library_path_lib.dsv'
[6.702s] INFO:colcon.colcon_core.shell:Creating environment hook '/home/mp4d/ros_motors/install/dynamixel_sdk/share/dynamixel_sdk/hook/ld_library_path_lib.sh'
[6.706s] Level 1:colcon.colcon_core.environment:checking '/home/mp4d/ros_motors/install/dynamixel_sdk/bin'
[6.707s] Level 1:colcon.colcon_core.environment:checking '/home/mp4d/ros_motors/install/dynamixel_sdk/lib/pkgconfig/dynamixel_sdk.pc'
[6.710s] Level 1:colcon.colcon_core.environment:checking '/home/mp4d/ros_motors/install/dynamixel_sdk/lib/python3.8/site-packages'
[6.711s] Level 1:colcon.colcon_core.environment:checking '/home/mp4d/ros_motors/install/dynamixel_sdk/bin'
[6.715s] INFO:colcon.colcon_core.shell:Creating package script '/home/mp4d/ros_motors/install/dynamixel_sdk/share/dynamixel_sdk/package.ps1'
[6.722s] INFO:colcon.colcon_core.shell:Creating package descriptor '/home/mp4d/ros_motors/install/dynamixel_sdk/share/dynamixel_sdk/package.dsv'
[6.728s] INFO:colcon.colcon_core.shell:Creating package script '/home/mp4d/ros_motors/install/dynamixel_sdk/share/dynamixel_sdk/package.sh'
[6.734s] INFO:colcon.colcon_core.shell:Creating package script '/home/mp4d/ros_motors/install/dynamixel_sdk/share/dynamixel_sdk/package.bash'
[6.740s] INFO:colcon.colcon_core.shell:Creating package script '/home/mp4d/ros_motors/install/dynamixel_sdk/share/dynamixel_sdk/package.zsh'
[6.745s] Level 1:colcon.colcon_core.environment:create_file_with_runtime_dependencies(/home/mp4d/ros_motors/install/dynamixel_sdk/share/colcon-core/packages/dynamixel_sdk)
[7.379s] DEBUG:colcon.colcon_core.event_handler.log_command:Invoked command in '/home/mp4d/ros_motors/build/dynamixel_sdk_custom_interfaces' returned '0': CMAKE_PREFIX_PATH=/home/mp4d/ros_motors/DynamixelSDK/install/dynamixel_sdk_examples:/home/mp4d/ros_motors/DynamixelSDK/install/dynamixel_sdk_custom_interfaces:/home/mp4d/ros_motors/DynamixelSDK/install/dynamixel_sdk:/opt/ros/foxy:/home/mp4d/ros_camera/install/usb_cam:/home/mp4d/ros_camera/install/cam_sub /usr/bin/cmake --build /home/mp4d/ros_motors/build/dynamixel_sdk_custom_interfaces -- -j4 -l4
[7.668s] DEBUG:colcon.colcon_core.event_handler.log_command:Invoking command in '/home/mp4d/ros_motors/build/dynamixel_sdk_custom_interfaces': CMAKE_PREFIX_PATH=/home/mp4d/ros_motors/DynamixelSDK/install/dynamixel_sdk_examples:/home/mp4d/ros_motors/DynamixelSDK/install/dynamixel_sdk_custom_interfaces:/home/mp4d/ros_motors/DynamixelSDK/install/dynamixel_sdk:/opt/ros/foxy:/home/mp4d/ros_camera/install/usb_cam:/home/mp4d/ros_camera/install/cam_sub /usr/bin/cmake --install /home/mp4d/ros_motors/build/dynamixel_sdk_custom_interfaces
[8.125s] Level 1:colcon.colcon_core.environment:create_environment_scripts_only(dynamixel_sdk_custom_interfaces)
[8.128s] Level 1:colcon.colcon_core.environment:checking '/home/mp4d/ros_motors/install/dynamixel_sdk_custom_interfaces' for CMake module files
[8.132s] DEBUG:colcon.colcon_core.event_handler.log_command:Invoked command in '/home/mp4d/ros_motors/build/dynamixel_sdk_custom_interfaces' returned '0': CMAKE_PREFIX_PATH=/home/mp4d/ros_motors/DynamixelSDK/install/dynamixel_sdk_examples:/home/mp4d/ros_motors/DynamixelSDK/install/dynamixel_sdk_custom_interfaces:/home/mp4d/ros_motors/DynamixelSDK/install/dynamixel_sdk:/opt/ros/foxy:/home/mp4d/ros_camera/install/usb_cam:/home/mp4d/ros_camera/install/cam_sub /usr/bin/cmake --install /home/mp4d/ros_motors/build/dynamixel_sdk_custom_interfaces
[8.136s] Level 1:colcon.colcon_core.environment:checking '/home/mp4d/ros_motors/install/dynamixel_sdk_custom_interfaces' for CMake config files
[8.140s] Level 1:colcon.colcon_core.shell:create_environment_hook('dynamixel_sdk_custom_interfaces', 'cmake_prefix_path')
[8.142s] INFO:colcon.colcon_core.shell:Creating environment hook '/home/mp4d/ros_motors/install/dynamixel_sdk_custom_interfaces/share/dynamixel_sdk_custom_interfaces/hook/cmake_prefix_path.ps1'
[8.146s] INFO:colcon.colcon_core.shell:Creating environment descriptor '/home/mp4d/ros_motors/install/dynamixel_sdk_custom_interfaces/share/dynamixel_sdk_custom_interfaces/hook/cmake_prefix_path.dsv'
[8.148s] INFO:colcon.colcon_core.shell:Creating environment hook '/home/mp4d/ros_motors/install/dynamixel_sdk_custom_interfaces/share/dynamixel_sdk_custom_interfaces/hook/cmake_prefix_path.sh'
[8.153s] Level 1:colcon.colcon_core.environment:checking '/home/mp4d/ros_motors/install/dynamixel_sdk_custom_interfaces/lib'
[8.154s] Level 1:colcon.colcon_core.shell:create_environment_hook('dynamixel_sdk_custom_interfaces', 'ld_library_path_lib')
[8.156s] INFO:colcon.colcon_core.shell:Creating environment hook '/home/mp4d/ros_motors/install/dynamixel_sdk_custom_interfaces/share/dynamixel_sdk_custom_interfaces/hook/ld_library_path_lib.ps1'
[8.160s] INFO:colcon.colcon_core.shell:Creating environment descriptor '/home/mp4d/ros_motors/install/dynamixel_sdk_custom_interfaces/share/dynamixel_sdk_custom_interfaces/hook/ld_library_path_lib.dsv'
[8.163s] INFO:colcon.colcon_core.shell:Creating environment hook '/home/mp4d/ros_motors/install/dynamixel_sdk_custom_interfaces/share/dynamixel_sdk_custom_interfaces/hook/ld_library_path_lib.sh'
[8.166s] Level 1:colcon.colcon_core.environment:checking '/home/mp4d/ros_motors/install/dynamixel_sdk_custom_interfaces/bin'
[8.166s] Level 1:colcon.colcon_core.environment:checking '/home/mp4d/ros_motors/install/dynamixel_sdk_custom_interfaces/lib/pkgconfig/dynamixel_sdk_custom_interfaces.pc'
[8.168s] Level 1:colcon.colcon_core.environment:checking '/home/mp4d/ros_motors/install/dynamixel_sdk_custom_interfaces/lib/python3.8/site-packages'
[8.169s] Level 1:colcon.colcon_core.shell:create_environment_hook('dynamixel_sdk_custom_interfaces', 'pythonpath')
[8.174s] INFO:colcon.colcon_core.shell:Creating environment hook '/home/mp4d/ros_motors/install/dynamixel_sdk_custom_interfaces/share/dynamixel_sdk_custom_interfaces/hook/pythonpath.ps1'
[8.178s] INFO:colcon.colcon_core.shell:Creating environment descriptor '/home/mp4d/ros_motors/install/dynamixel_sdk_custom_interfaces/share/dynamixel_sdk_custom_interfaces/hook/pythonpath.dsv'
[8.181s] INFO:colcon.colcon_core.shell:Creating environment hook '/home/mp4d/ros_motors/install/dynamixel_sdk_custom_interfaces/share/dynamixel_sdk_custom_interfaces/hook/pythonpath.sh'
[8.185s] Level 1:colcon.colcon_core.environment:checking '/home/mp4d/ros_motors/install/dynamixel_sdk_custom_interfaces/bin'
[8.189s] INFO:colcon.colcon_core.shell:Creating package script '/home/mp4d/ros_motors/install/dynamixel_sdk_custom_interfaces/share/dynamixel_sdk_custom_interfaces/package.ps1'
[8.194s] INFO:colcon.colcon_core.shell:Creating package descriptor '/home/mp4d/ros_motors/install/dynamixel_sdk_custom_interfaces/share/dynamixel_sdk_custom_interfaces/package.dsv'
[8.198s] INFO:colcon.colcon_core.shell:Creating package script '/home/mp4d/ros_motors/install/dynamixel_sdk_custom_interfaces/share/dynamixel_sdk_custom_interfaces/package.sh'
[8.201s] INFO:colcon.colcon_core.shell:Creating package script '/home/mp4d/ros_motors/install/dynamixel_sdk_custom_interfaces/share/dynamixel_sdk_custom_interfaces/package.bash'
[8.205s] INFO:colcon.colcon_core.shell:Creating package script '/home/mp4d/ros_motors/install/dynamixel_sdk_custom_interfaces/share/dynamixel_sdk_custom_interfaces/package.zsh'
[8.209s] Level 1:colcon.colcon_core.environment:create_file_with_runtime_dependencies(/home/mp4d/ros_motors/install/dynamixel_sdk_custom_interfaces/share/colcon-core/packages/dynamixel_sdk_custom_interfaces)
[8.495s] Level 1:colcon.colcon_core.environment:create_environment_scripts_only(dynamixel_sdk_custom_interfaces)
[8.498s] Level 1:colcon.colcon_core.environment:checking '/home/mp4d/ros_motors/install/dynamixel_sdk_custom_interfaces' for CMake module files
[8.503s] Level 1:colcon.colcon_core.environment:checking '/home/mp4d/ros_motors/install/dynamixel_sdk_custom_interfaces' for CMake config files
[8.506s] Level 1:colcon.colcon_core.shell:create_environment_hook('dynamixel_sdk_custom_interfaces', 'cmake_prefix_path')
[8.508s] INFO:colcon.colcon_core.shell:Creating environment hook '/home/mp4d/ros_motors/install/dynamixel_sdk_custom_interfaces/share/dynamixel_sdk_custom_interfaces/hook/cmake_prefix_path.ps1'
[8.512s] INFO:colcon.colcon_core.shell:Creating environment descriptor '/home/mp4d/ros_motors/install/dynamixel_sdk_custom_interfaces/share/dynamixel_sdk_custom_interfaces/hook/cmake_prefix_path.dsv'
[8.517s] INFO:colcon.colcon_core.shell:Creating environment hook '/home/mp4d/ros_motors/install/dynamixel_sdk_custom_interfaces/share/dynamixel_sdk_custom_interfaces/hook/cmake_prefix_path.sh'
[8.523s] Level 1:colcon.colcon_core.environment:checking '/home/mp4d/ros_motors/install/dynamixel_sdk_custom_interfaces/lib'
[8.524s] Level 1:colcon.colcon_core.shell:create_environment_hook('dynamixel_sdk_custom_interfaces', 'ld_library_path_lib')
[8.527s] INFO:colcon.colcon_core.shell:Creating environment hook '/home/mp4d/ros_motors/install/dynamixel_sdk_custom_interfaces/share/dynamixel_sdk_custom_interfaces/hook/ld_library_path_lib.ps1'
[8.532s] INFO:colcon.colcon_core.shell:Creating environment descriptor '/home/mp4d/ros_motors/install/dynamixel_sdk_custom_interfaces/share/dynamixel_sdk_custom_interfaces/hook/ld_library_path_lib.dsv'
[8.535s] INFO:colcon.colcon_core.shell:Creating environment hook '/home/mp4d/ros_motors/install/dynamixel_sdk_custom_interfaces/share/dynamixel_sdk_custom_interfaces/hook/ld_library_path_lib.sh'
[8.540s] Level 1:colcon.colcon_core.environment:checking '/home/mp4d/ros_motors/install/dynamixel_sdk_custom_interfaces/bin'
[8.540s] Level 1:colcon.colcon_core.environment:checking '/home/mp4d/ros_motors/install/dynamixel_sdk_custom_interfaces/lib/pkgconfig/dynamixel_sdk_custom_interfaces.pc'
[8.542s] Level 1:colcon.colcon_core.environment:checking '/home/mp4d/ros_motors/install/dynamixel_sdk_custom_interfaces/lib/python3.8/site-packages'
[8.543s] Level 1:colcon.colcon_core.shell:create_environment_hook('dynamixel_sdk_custom_interfaces', 'pythonpath')
[8.545s] INFO:colcon.colcon_core.shell:Creating environment hook '/home/mp4d/ros_motors/install/dynamixel_sdk_custom_interfaces/share/dynamixel_sdk_custom_interfaces/hook/pythonpath.ps1'
[8.548s] INFO:colcon.colcon_core.shell:Creating environment descriptor '/home/mp4d/ros_motors/install/dynamixel_sdk_custom_interfaces/share/dynamixel_sdk_custom_interfaces/hook/pythonpath.dsv'
[8.551s] INFO:colcon.colcon_core.shell:Creating environment hook '/home/mp4d/ros_motors/install/dynamixel_sdk_custom_interfaces/share/dynamixel_sdk_custom_interfaces/hook/pythonpath.sh'
[8.556s] Level 1:colcon.colcon_core.environment:checking '/home/mp4d/ros_motors/install/dynamixel_sdk_custom_interfaces/bin'
[8.560s] INFO:colcon.colcon_core.shell:Creating package script '/home/mp4d/ros_motors/install/dynamixel_sdk_custom_interfaces/share/dynamixel_sdk_custom_interfaces/package.ps1'
[8.565s] INFO:colcon.colcon_core.shell:Creating package descriptor '/home/mp4d/ros_motors/install/dynamixel_sdk_custom_interfaces/share/dynamixel_sdk_custom_interfaces/package.dsv'
[8.570s] INFO:colcon.colcon_core.shell:Creating package script '/home/mp4d/ros_motors/install/dynamixel_sdk_custom_interfaces/share/dynamixel_sdk_custom_interfaces/package.sh'
[8.574s] INFO:colcon.colcon_core.shell:Creating package script '/home/mp4d/ros_motors/install/dynamixel_sdk_custom_interfaces/share/dynamixel_sdk_custom_interfaces/package.bash'
[8.578s] INFO:colcon.colcon_core.shell:Creating package script '/home/mp4d/ros_motors/install/dynamixel_sdk_custom_interfaces/share/dynamixel_sdk_custom_interfaces/package.zsh'
[8.581s] Level 1:colcon.colcon_core.environment:create_file_with_runtime_dependencies(/home/mp4d/ros_motors/install/dynamixel_sdk_custom_interfaces/share/colcon-core/packages/dynamixel_sdk_custom_interfaces)
[8.588s] INFO:colcon.colcon_ros.task.ament_cmake.build:Building ROS package in '/home/mp4d/ros_motors/DynamixelSDK/dynamixel_sdk_examples' with build type 'ament_cmake'
[8.589s] INFO:colcon.colcon_cmake.task.cmake.build:Building CMake package in '/home/mp4d/ros_motors/DynamixelSDK/dynamixel_sdk_examples'
[8.592s] INFO:colcon.colcon_core.shell:Skip shell extension 'powershell' for command environment: Not usable outside of PowerShell
[8.592s] DEBUG:colcon.colcon_core.shell:Skip shell extension 'dsv' for command environment
[8.639s] INFO:colcon.colcon_ros.task.ament_cmake.build:Building ROS package in '/home/mp4d/ros_motors/MyCode/path2pos' with build type 'ament_cmake'
[8.641s] INFO:colcon.colcon_cmake.task.cmake.build:Building CMake package in '/home/mp4d/ros_motors/MyCode/path2pos'
[8.645s] INFO:colcon.colcon_core.shell:Skip shell extension 'powershell' for command environment: Not usable outside of PowerShell
[8.645s] DEBUG:colcon.colcon_core.shell:Skip shell extension 'dsv' for command environment
[8.792s] DEBUG:colcon.colcon_core.event_handler.log_command:Invoking command in '/home/mp4d/ros_motors/build/dynamixel_sdk_examples': AMENT_PREFIX_PATH=/home/mp4d/ros_motors/install/dynamixel_sdk_custom_interfaces:/home/mp4d/ros_motors/install/dynamixel_sdk:${AMENT_PREFIX_PATH} CMAKE_PREFIX_PATH=/home/mp4d/ros_motors/install/dynamixel_sdk_custom_interfaces:/home/mp4d/ros_motors/install/dynamixel_sdk:/home/mp4d/ros_motors/DynamixelSDK/install/dynamixel_sdk_examples:/home/mp4d/ros_motors/DynamixelSDK/install/dynamixel_sdk_custom_interfaces:/home/mp4d/ros_motors/DynamixelSDK/install/dynamixel_sdk:/opt/ros/foxy:/home/mp4d/ros_camera/install/usb_cam:/home/mp4d/ros_camera/install/cam_sub LD_LIBRARY_PATH=/home/mp4d/ros_motors/install/dynamixel_sdk_custom_interfaces/lib:/home/mp4d/ros_motors/install/dynamixel_sdk/lib:${LD_LIBRARY_PATH} PYTHONPATH=/home/mp4d/ros_motors/install/dynamixel_sdk_custom_interfaces/lib/python3.8/site-packages:${PYTHONPATH} /usr/bin/cmake --build /home/mp4d/ros_motors/build/dynamixel_sdk_examples -- -j4 -l4
[8.842s] DEBUG:colcon.colcon_core.event_handler.log_command:Invoking command in '/home/mp4d/ros_motors/build/path2pos': AMENT_PREFIX_PATH=/home/mp4d/ros_motors/install/dynamixel_sdk_custom_interfaces:${AMENT_PREFIX_PATH} CMAKE_PREFIX_PATH=/home/mp4d/ros_motors/install/dynamixel_sdk_custom_interfaces:/home/mp4d/ros_motors/DynamixelSDK/install/dynamixel_sdk_examples:/home/mp4d/ros_motors/DynamixelSDK/install/dynamixel_sdk_custom_interfaces:/home/mp4d/ros_motors/DynamixelSDK/install/dynamixel_sdk:/opt/ros/foxy:/home/mp4d/ros_camera/install/usb_cam:/home/mp4d/ros_camera/install/cam_sub LD_LIBRARY_PATH=/home/mp4d/ros_motors/install/dynamixel_sdk_custom_interfaces/lib:${LD_LIBRARY_PATH} PYTHONPATH=/home/mp4d/ros_motors/install/dynamixel_sdk_custom_interfaces/lib/python3.8/site-packages:${PYTHONPATH} /usr/bin/cmake --build /home/mp4d/ros_motors/build/path2pos -- -j4 -l4
[9.401s] DEBUG:colcon.colcon_core.event_handler.log_command:Invoked command in '/home/mp4d/ros_motors/build/dynamixel_sdk_examples' returned '0': AMENT_PREFIX_PATH=/home/mp4d/ros_motors/install/dynamixel_sdk_custom_interfaces:/home/mp4d/ros_motors/install/dynamixel_sdk:${AMENT_PREFIX_PATH} CMAKE_PREFIX_PATH=/home/mp4d/ros_motors/install/dynamixel_sdk_custom_interfaces:/home/mp4d/ros_motors/install/dynamixel_sdk:/home/mp4d/ros_motors/DynamixelSDK/install/dynamixel_sdk_examples:/home/mp4d/ros_motors/DynamixelSDK/install/dynamixel_sdk_custom_interfaces:/home/mp4d/ros_motors/DynamixelSDK/install/dynamixel_sdk:/opt/ros/foxy:/home/mp4d/ros_camera/install/usb_cam:/home/mp4d/ros_camera/install/cam_sub LD_LIBRARY_PATH=/home/mp4d/ros_motors/install/dynamixel_sdk_custom_interfaces/lib:/home/mp4d/ros_motors/install/dynamixel_sdk/lib:${LD_LIBRARY_PATH} PYTHONPATH=/home/mp4d/ros_motors/install/dynamixel_sdk_custom_interfaces/lib/python3.8/site-packages:${PYTHONPATH} /usr/bin/cmake --build /home/mp4d/ros_motors/build/dynamixel_sdk_examples -- -j4 -l4
[9.575s] DEBUG:colcon.colcon_core.event_handler.log_command:Invoking command in '/home/mp4d/ros_motors/build/dynamixel_sdk_examples': AMENT_PREFIX_PATH=/home/mp4d/ros_motors/install/dynamixel_sdk_custom_interfaces:/home/mp4d/ros_motors/install/dynamixel_sdk:${AMENT_PREFIX_PATH} CMAKE_PREFIX_PATH=/home/mp4d/ros_motors/install/dynamixel_sdk_custom_interfaces:/home/mp4d/ros_motors/install/dynamixel_sdk:/home/mp4d/ros_motors/DynamixelSDK/install/dynamixel_sdk_examples:/home/mp4d/ros_motors/DynamixelSDK/install/dynamixel_sdk_custom_interfaces:/home/mp4d/ros_motors/DynamixelSDK/install/dynamixel_sdk:/opt/ros/foxy:/home/mp4d/ros_camera/install/usb_cam:/home/mp4d/ros_camera/install/cam_sub LD_LIBRARY_PATH=/home/mp4d/ros_motors/install/dynamixel_sdk_custom_interfaces/lib:/home/mp4d/ros_motors/install/dynamixel_sdk/lib:${LD_LIBRARY_PATH} PYTHONPATH=/home/mp4d/ros_motors/install/dynamixel_sdk_custom_interfaces/lib/python3.8/site-packages:${PYTHONPATH} /usr/bin/cmake --install /home/mp4d/ros_motors/build/dynamixel_sdk_examples
[9.715s] Level 1:colcon.colcon_core.environment:create_environment_scripts_only(dynamixel_sdk_examples)
[9.720s] Level 1:colcon.colcon_core.environment:checking '/home/mp4d/ros_motors/install/dynamixel_sdk_examples' for CMake module files
[9.725s] Level 1:colcon.colcon_core.environment:checking '/home/mp4d/ros_motors/install/dynamixel_sdk_examples' for CMake config files
[9.727s] Level 1:colcon.colcon_core.shell:create_environment_hook('dynamixel_sdk_examples', 'cmake_prefix_path')
[9.731s] DEBUG:colcon.colcon_core.event_handler.log_command:Invoked command in '/home/mp4d/ros_motors/build/dynamixel_sdk_examples' returned '0': AMENT_PREFIX_PATH=/home/mp4d/ros_motors/install/dynamixel_sdk_custom_interfaces:/home/mp4d/ros_motors/install/dynamixel_sdk:${AMENT_PREFIX_PATH} CMAKE_PREFIX_PATH=/home/mp4d/ros_motors/install/dynamixel_sdk_custom_interfaces:/home/mp4d/ros_motors/install/dynamixel_sdk:/home/mp4d/ros_motors/DynamixelSDK/install/dynamixel_sdk_examples:/home/mp4d/ros_motors/DynamixelSDK/install/dynamixel_sdk_custom_interfaces:/home/mp4d/ros_motors/DynamixelSDK/install/dynamixel_sdk:/opt/ros/foxy:/home/mp4d/ros_camera/install/usb_cam:/home/mp4d/ros_camera/install/cam_sub LD_LIBRARY_PATH=/home/mp4d/ros_motors/install/dynamixel_sdk_custom_interfaces/lib:/home/mp4d/ros_motors/install/dynamixel_sdk/lib:${LD_LIBRARY_PATH} PYTHONPATH=/home/mp4d/ros_motors/install/dynamixel_sdk_custom_interfaces/lib/python3.8/site-packages:${PYTHONPATH} /usr/bin/cmake --install /home/mp4d/ros_motors/build/dynamixel_sdk_examples
[9.734s] INFO:colcon.colcon_core.shell:Creating environment hook '/home/mp4d/ros_motors/install/dynamixel_sdk_examples/share/dynamixel_sdk_examples/hook/cmake_prefix_path.ps1'
[9.742s] INFO:colcon.colcon_core.shell:Creating environment descriptor '/home/mp4d/ros_motors/install/dynamixel_sdk_examples/share/dynamixel_sdk_examples/hook/cmake_prefix_path.dsv'
[9.748s] INFO:colcon.colcon_core.shell:Creating environment hook '/home/mp4d/ros_motors/install/dynamixel_sdk_examples/share/dynamixel_sdk_examples/hook/cmake_prefix_path.sh'
[9.755s] Level 1:colcon.colcon_core.environment:checking '/home/mp4d/ros_motors/install/dynamixel_sdk_examples/lib'
[9.757s] Level 1:colcon.colcon_core.environment:checking '/home/mp4d/ros_motors/install/dynamixel_sdk_examples/bin'
[9.758s] Level 1:colcon.colcon_core.environment:checking '/home/mp4d/ros_motors/install/dynamixel_sdk_examples/lib/pkgconfig/dynamixel_sdk_examples.pc'
[9.762s] Level 1:colcon.colcon_core.environment:checking '/home/mp4d/ros_motors/install/dynamixel_sdk_examples/lib/python3.8/site-packages'
[9.767s] Level 1:colcon.colcon_core.environment:checking '/home/mp4d/ros_motors/install/dynamixel_sdk_examples/bin'
[9.774s] INFO:colcon.colcon_core.shell:Creating package script '/home/mp4d/ros_motors/install/dynamixel_sdk_examples/share/dynamixel_sdk_examples/package.ps1'
[9.784s] INFO:colcon.colcon_core.shell:Creating package descriptor '/home/mp4d/ros_motors/install/dynamixel_sdk_examples/share/dynamixel_sdk_examples/package.dsv'
[9.789s] INFO:colcon.colcon_core.shell:Creating package script '/home/mp4d/ros_motors/install/dynamixel_sdk_examples/share/dynamixel_sdk_examples/package.sh'
[9.797s] INFO:colcon.colcon_core.shell:Creating package script '/home/mp4d/ros_motors/install/dynamixel_sdk_examples/share/dynamixel_sdk_examples/package.bash'
[9.800s] INFO:colcon.colcon_core.shell:Creating package script '/home/mp4d/ros_motors/install/dynamixel_sdk_examples/share/dynamixel_sdk_examples/package.zsh'
[9.804s] Level 1:colcon.colcon_core.environment:create_file_with_runtime_dependencies(/home/mp4d/ros_motors/install/dynamixel_sdk_examples/share/colcon-core/packages/dynamixel_sdk_examples)
[9.963s] Level 1:colcon.colcon_core.environment:create_environment_scripts_only(dynamixel_sdk_examples)
[9.966s] Level 1:colcon.colcon_core.environment:checking '/home/mp4d/ros_motors/install/dynamixel_sdk_examples' for CMake module files
[9.970s] Level 1:colcon.colcon_core.environment:checking '/home/mp4d/ros_motors/install/dynamixel_sdk_examples' for CMake config files
[9.972s] Level 1:colcon.colcon_core.shell:create_environment_hook('dynamixel_sdk_examples', 'cmake_prefix_path')
[9.975s] INFO:colcon.colcon_core.shell:Creating environment hook '/home/mp4d/ros_motors/install/dynamixel_sdk_examples/share/dynamixel_sdk_examples/hook/cmake_prefix_path.ps1'
[9.980s] INFO:colcon.colcon_core.shell:Creating environment descriptor '/home/mp4d/ros_motors/install/dynamixel_sdk_examples/share/dynamixel_sdk_examples/hook/cmake_prefix_path.dsv'
[9.983s] INFO:colcon.colcon_core.shell:Creating environment hook '/home/mp4d/ros_motors/install/dynamixel_sdk_examples/share/dynamixel_sdk_examples/hook/cmake_prefix_path.sh'
[9.988s] Level 1:colcon.colcon_core.environment:checking '/home/mp4d/ros_motors/install/dynamixel_sdk_examples/lib'
[9.989s] Level 1:colcon.colcon_core.environment:checking '/home/mp4d/ros_motors/install/dynamixel_sdk_examples/bin'
[9.990s] Level 1:colcon.colcon_core.environment:checking '/home/mp4d/ros_motors/install/dynamixel_sdk_examples/lib/pkgconfig/dynamixel_sdk_examples.pc'
[9.992s] Level 1:colcon.colcon_core.environment:checking '/home/mp4d/ros_motors/install/dynamixel_sdk_examples/lib/python3.8/site-packages'
[9.993s] Level 1:colcon.colcon_core.environment:checking '/home/mp4d/ros_motors/install/dynamixel_sdk_examples/bin'
[9.996s] INFO:colcon.colcon_core.shell:Creating package script '/home/mp4d/ros_motors/install/dynamixel_sdk_examples/share/dynamixel_sdk_examples/package.ps1'
[10.001s] INFO:colcon.colcon_core.shell:Creating package descriptor '/home/mp4d/ros_motors/install/dynamixel_sdk_examples/share/dynamixel_sdk_examples/package.dsv'
[10.006s] INFO:colcon.colcon_core.shell:Creating package script '/home/mp4d/ros_motors/install/dynamixel_sdk_examples/share/dynamixel_sdk_examples/package.sh'
[10.013s] INFO:colcon.colcon_core.shell:Creating package script '/home/mp4d/ros_motors/install/dynamixel_sdk_examples/share/dynamixel_sdk_examples/package.bash'
[10.017s] INFO:colcon.colcon_core.shell:Creating package script '/home/mp4d/ros_motors/install/dynamixel_sdk_examples/share/dynamixel_sdk_examples/package.zsh'
[10.021s] Level 1:colcon.colcon_core.environment:create_file_with_runtime_dependencies(/home/mp4d/ros_motors/install/dynamixel_sdk_examples/share/colcon-core/packages/dynamixel_sdk_examples)
[58.155s] DEBUG:colcon.colcon_core.event_handler.log_command:Invoked command in '/home/mp4d/ros_motors/build/path2pos' returned '0': AMENT_PREFIX_PATH=/home/mp4d/ros_motors/install/dynamixel_sdk_custom_interfaces:${AMENT_PREFIX_PATH} CMAKE_PREFIX_PATH=/home/mp4d/ros_motors/install/dynamixel_sdk_custom_interfaces:/home/mp4d/ros_motors/DynamixelSDK/install/dynamixel_sdk_examples:/home/mp4d/ros_motors/DynamixelSDK/install/dynamixel_sdk_custom_interfaces:/home/mp4d/ros_motors/DynamixelSDK/install/dynamixel_sdk:/opt/ros/foxy:/home/mp4d/ros_camera/install/usb_cam:/home/mp4d/ros_camera/install/cam_sub LD_LIBRARY_PATH=/home/mp4d/ros_motors/install/dynamixel_sdk_custom_interfaces/lib:${LD_LIBRARY_PATH} PYTHONPATH=/home/mp4d/ros_motors/install/dynamixel_sdk_custom_interfaces/lib/python3.8/site-packages:${PYTHONPATH} /usr/bin/cmake --build /home/mp4d/ros_motors/build/path2pos -- -j4 -l4
[58.287s] DEBUG:colcon.colcon_core.event_handler.log_command:Invoking command in '/home/mp4d/ros_motors/build/path2pos': AMENT_PREFIX_PATH=/home/mp4d/ros_motors/install/dynamixel_sdk_custom_interfaces:${AMENT_PREFIX_PATH} CMAKE_PREFIX_PATH=/home/mp4d/ros_motors/install/dynamixel_sdk_custom_interfaces:/home/mp4d/ros_motors/DynamixelSDK/install/dynamixel_sdk_examples:/home/mp4d/ros_motors/DynamixelSDK/install/dynamixel_sdk_custom_interfaces:/home/mp4d/ros_motors/DynamixelSDK/install/dynamixel_sdk:/opt/ros/foxy:/home/mp4d/ros_camera/install/usb_cam:/home/mp4d/ros_camera/install/cam_sub LD_LIBRARY_PATH=/home/mp4d/ros_motors/install/dynamixel_sdk_custom_interfaces/lib:${LD_LIBRARY_PATH} PYTHONPATH=/home/mp4d/ros_motors/install/dynamixel_sdk_custom_interfaces/lib/python3.8/site-packages:${PYTHONPATH} /usr/bin/cmake --install /home/mp4d/ros_motors/build/path2pos
[58.397s] Level 1:colcon.colcon_core.environment:create_environment_scripts_only(path2pos)
[58.400s] Level 1:colcon.colcon_core.environment:checking '/home/mp4d/ros_motors/install/path2pos' for CMake module files
[58.405s] DEBUG:colcon.colcon_core.event_handler.log_command:Invoked command in '/home/mp4d/ros_motors/build/path2pos' returned '0': AMENT_PREFIX_PATH=/home/mp4d/ros_motors/install/dynamixel_sdk_custom_interfaces:${AMENT_PREFIX_PATH} CMAKE_PREFIX_PATH=/home/mp4d/ros_motors/install/dynamixel_sdk_custom_interfaces:/home/mp4d/ros_motors/DynamixelSDK/install/dynamixel_sdk_examples:/home/mp4d/ros_motors/DynamixelSDK/install/dynamixel_sdk_custom_interfaces:/home/mp4d/ros_motors/DynamixelSDK/install/dynamixel_sdk:/opt/ros/foxy:/home/mp4d/ros_camera/install/usb_cam:/home/mp4d/ros_camera/install/cam_sub LD_LIBRARY_PATH=/home/mp4d/ros_motors/install/dynamixel_sdk_custom_interfaces/lib:${LD_LIBRARY_PATH} PYTHONPATH=/home/mp4d/ros_motors/install/dynamixel_sdk_custom_interfaces/lib/python3.8/site-packages:${PYTHONPATH} /usr/bin/cmake --install /home/mp4d/ros_motors/build/path2pos
[58.408s] Level 1:colcon.colcon_core.environment:checking '/home/mp4d/ros_motors/install/path2pos' for CMake config files
[58.409s] Level 1:colcon.colcon_core.shell:create_environment_hook('path2pos', 'cmake_prefix_path')
[58.412s] INFO:colcon.colcon_core.shell:Creating environment hook '/home/mp4d/ros_motors/install/path2pos/share/path2pos/hook/cmake_prefix_path.ps1'
[58.416s] INFO:colcon.colcon_core.shell:Creating environment descriptor '/home/mp4d/ros_motors/install/path2pos/share/path2pos/hook/cmake_prefix_path.dsv'
[58.418s] INFO:colcon.colcon_core.shell:Creating environment hook '/home/mp4d/ros_motors/install/path2pos/share/path2pos/hook/cmake_prefix_path.sh'
[58.422s] Level 1:colcon.colcon_core.environment:checking '/home/mp4d/ros_motors/install/path2pos/lib'
[58.423s] Level 1:colcon.colcon_core.environment:checking '/home/mp4d/ros_motors/install/path2pos/bin'
[58.423s] Level 1:colcon.colcon_core.environment:checking '/home/mp4d/ros_motors/install/path2pos/lib/pkgconfig/path2pos.pc'
[58.426s] Level 1:colcon.colcon_core.environment:checking '/home/mp4d/ros_motors/install/path2pos/lib/python3.8/site-packages'
[58.428s] Level 1:colcon.colcon_core.environment:checking '/home/mp4d/ros_motors/install/path2pos/bin'
[58.430s] INFO:colcon.colcon_core.shell:Creating package script '/home/mp4d/ros_motors/install/path2pos/share/path2pos/package.ps1'
[58.435s] INFO:colcon.colcon_core.shell:Creating package descriptor '/home/mp4d/ros_motors/install/path2pos/share/path2pos/package.dsv'
[58.439s] INFO:colcon.colcon_core.shell:Creating package script '/home/mp4d/ros_motors/install/path2pos/share/path2pos/package.sh'
[58.442s] INFO:colcon.colcon_core.shell:Creating package script '/home/mp4d/ros_motors/install/path2pos/share/path2pos/package.bash'
[58.445s] INFO:colcon.colcon_core.shell:Creating package script '/home/mp4d/ros_motors/install/path2pos/share/path2pos/package.zsh'
[58.448s] Level 1:colcon.colcon_core.environment:create_file_with_runtime_dependencies(/home/mp4d/ros_motors/install/path2pos/share/colcon-core/packages/path2pos)
[58.582s] Level 1:colcon.colcon_core.environment:create_environment_scripts_only(path2pos)
[58.585s] Level 1:colcon.colcon_core.environment:checking '/home/mp4d/ros_motors/install/path2pos' for CMake module files
[58.589s] Level 1:colcon.colcon_core.environment:checking '/home/mp4d/ros_motors/install/path2pos' for CMake config files
[58.591s] Level 1:colcon.colcon_core.shell:create_environment_hook('path2pos', 'cmake_prefix_path')
[58.593s] INFO:colcon.colcon_core.shell:Creating environment hook '/home/mp4d/ros_motors/install/path2pos/share/path2pos/hook/cmake_prefix_path.ps1'
[58.597s] INFO:colcon.colcon_core.shell:Creating environment descriptor '/home/mp4d/ros_motors/install/path2pos/share/path2pos/hook/cmake_prefix_path.dsv'
[58.599s] INFO:colcon.colcon_core.shell:Creating environment hook '/home/mp4d/ros_motors/install/path2pos/share/path2pos/hook/cmake_prefix_path.sh'
[58.604s] Level 1:colcon.colcon_core.environment:checking '/home/mp4d/ros_motors/install/path2pos/lib'
[58.605s] Level 1:colcon.colcon_core.environment:checking '/home/mp4d/ros_motors/install/path2pos/bin'
[58.605s] Level 1:colcon.colcon_core.environment:checking '/home/mp4d/ros_motors/install/path2pos/lib/pkgconfig/path2pos.pc'
[58.607s] Level 1:colcon.colcon_core.environment:checking '/home/mp4d/ros_motors/install/path2pos/lib/python3.8/site-packages'
[58.608s] Level 1:colcon.colcon_core.environment:checking '/home/mp4d/ros_motors/install/path2pos/bin'
[58.611s] INFO:colcon.colcon_core.shell:Creating package script '/home/mp4d/ros_motors/install/path2pos/share/path2pos/package.ps1'
[58.617s] INFO:colcon.colcon_core.shell:Creating package descriptor '/home/mp4d/ros_motors/install/path2pos/share/path2pos/package.dsv'
[58.621s] INFO:colcon.colcon_core.shell:Creating package script '/home/mp4d/ros_motors/install/path2pos/share/path2pos/package.sh'
[58.625s] INFO:colcon.colcon_core.shell:Creating package script '/home/mp4d/ros_motors/install/path2pos/share/path2pos/package.bash'
[58.630s] INFO:colcon.colcon_core.shell:Creating package script '/home/mp4d/ros_motors/install/path2pos/share/path2pos/package.zsh'
[58.635s] Level 1:colcon.colcon_core.environment:create_file_with_runtime_dependencies(/home/mp4d/ros_motors/install/path2pos/share/colcon-core/packages/path2pos)
[58.640s] DEBUG:colcon.colcon_parallel_executor.executor.parallel:closing loop
[58.642s] DEBUG:colcon.colcon_parallel_executor.executor.parallel:loop closed
[58.642s] DEBUG:colcon.colcon_parallel_executor.executor.parallel:run_until_complete finished with '0'
[58.643s] DEBUG:colcon.colcon_core.event_reactor:joining thread
[58.686s] INFO:colcon.colcon_core.plugin_system:Skipping extension 'colcon_notification.desktop_notification.notify_send': Could not find 'notify-send'
[58.687s] INFO:colcon.colcon_core.plugin_system:Skipping extension 'colcon_notification.desktop_notification.terminal_notifier': Not used on non-Darwin systems
[58.688s] INFO:colcon.colcon_core.plugin_system:Skipping extension 'colcon_notification.desktop_notification.win32': Not used on non-Windows systems
[58.689s] INFO:colcon.colcon_notification.desktop_notification:Sending desktop notification using 'notify2'
[58.694s] DEBUG:colcon.colcon_notification.desktop_notification.notify2:Failed to initialize notify2: org.freedesktop.DBus.Error.ServiceUnknown: The name org.freedesktop.Notifications was not provided by any .service files
[58.695s] DEBUG:colcon.colcon_core.event_reactor:joined thread
[58.698s] INFO:colcon.colcon_core.shell:Creating prefix script '/home/mp4d/ros_motors/install/local_setup.ps1'
[58.708s] INFO:colcon.colcon_core.shell:Creating prefix util module '/home/mp4d/ros_motors/install/_local_setup_util_ps1.py'
[58.722s] INFO:colcon.colcon_core.shell:Creating prefix chain script '/home/mp4d/ros_motors/install/setup.ps1'
[58.735s] INFO:colcon.colcon_core.shell:Creating prefix script '/home/mp4d/ros_motors/install/local_setup.sh'
[58.742s] INFO:colcon.colcon_core.shell:Creating prefix util module '/home/mp4d/ros_motors/install/_local_setup_util_sh.py'
[58.751s] INFO:colcon.colcon_core.shell:Creating prefix chain script '/home/mp4d/ros_motors/install/setup.sh'
[58.764s] INFO:colcon.colcon_core.shell:Creating prefix script '/home/mp4d/ros_motors/install/local_setup.bash'
[58.782s] INFO:colcon.colcon_core.shell:Creating prefix chain script '/home/mp4d/ros_motors/install/setup.bash'
[58.793s] INFO:colcon.colcon_core.shell:Creating prefix script '/home/mp4d/ros_motors/install/local_setup.zsh'
[58.797s] INFO:colcon.colcon_core.shell:Creating prefix chain script '/home/mp4d/ros_motors/install/setup.zsh'
