-- Found ament_cmake: 0.9.12 (/opt/ros/foxy/share/ament_cmake/cmake)
-- Using PYTHON_EXECUTABLE: /usr/bin/python3
-- Found rclcpp: 2.4.3 (/opt/ros/foxy/share/rclcpp/cmake)
-- Using all available rosidl_typesupport_c: rosidl_typesupport_fastrtps_c;rosidl_typesupport_introspection_c
-- Found rosidl_adapter: 1.3.1 (/opt/ros/foxy/share/rosidl_adapter/cmake)
-- Using all available rosidl_typesupport_cpp: rosidl_typesupport_fastrtps_cpp;rosidl_typesupport_introspection_cpp
-- Found rmw_implementation_cmake: 1.0.4 (/opt/ros/foxy/share/rmw_implementation_cmake/cmake)
-- Using RMW implementation 'rmw_fastrtps_cpp' as default
-- Found sensor_msgs: 2.0.5 (/opt/ros/foxy/share/sensor_msgs/cmake)
-- Found cv_bridge: 3.0.7 (/opt/ros/foxy/share/cv_bridge/cmake)
-- Found ament_lint_auto: 0.9.8 (/opt/ros/foxy/share/ament_lint_auto/cmake)
-- Added test 'copyright' to check source files copyright and LICENSE
-- Added test 'cppcheck' to perform static code analysis on C / C++ code
-- Configured cppcheck include dirs: $<BUILD_INTERFACE:/home/vincent/Embedded-System/ros_interface_node/fpga_interface/include>
-- Configured cppcheck exclude dirs and/or files: 
-- Added test 'cpplint' to check C / C++ code against the Google style
-- Configured cpplint exclude dirs and/or files: 
-- Added test 'flake8' to check Python code syntax and style conventions
-- Added test 'lint_cmake' to check CMake code style
-- Added test 'pep257' to check Python code against some of the style conventions in PEP 257
-- Added test 'uncrustify' to check C / C++ code style
-- Configured uncrustify additional arguments: 
-- Added test 'xmllint' to check XML markup files
-- Configuring done
-- Generating done
-- Build files have been written to: /home/vincent/Embedded-System/ros_interface_node/fpga_interface/build/fpga_interface
[35m[1mScanning dependencies of target interface_node[0m
[ 33%] [32mBuilding C object CMakeFiles/interface_node.dir/src/xnn_inference_sinit.c.o[0m
[ 33%] [32mBuilding C object CMakeFiles/interface_node.dir/src/xnn_inference_linux.c.o[0m
[ 50%] [32mBuilding C object CMakeFiles/interface_node.dir/src/xnn_inference.c.o[0m
[ 66%] [32mBuilding CXX object CMakeFiles/interface_node.dir/src/interface_node.cpp.o[0m
[01m[K/home/vincent/Embedded-System/ros_interface_node/fpga_interface/src/xnn_inference_sinit.c:43:[m[K [01;35m[Kwarning: [m[KISO C forbids an empty translation unit [[01;35m[K-Wpedantic[m[K]
   43 | 
      | 
[01m[K/home/vincent/Embedded-System/ros_interface_node/fpga_interface/src/xnn_inference_linux.c:[m[K In function ‘[01m[Kuio_info_read_map_addr[m[K’:
[01m[K/home/vincent/Embedded-System/ros_interface_node/fpga_interface/src/xnn_inference_linux.c:68:26:[m[K [01;35m[Kwarning: [m[Kformat ‘[01m[K%x[m[K’ expects argument of type ‘[01m[Kunsigned int *[m[K’, but argument 3 has type ‘[01m[Ku64 *[m[K’ {aka ‘[01m[Klong unsigned int *[m[K’} [[01;35m[K-Wformat=[m[K]
   68 |     ret = fscanf(fp, "0x[01;35m[K%x[m[K", [32m[K&info->maps[n].addr[m[K);
      |                         [01;35m[K~^[m[K   [32m[K~~~~~~~~~~~~~~~~~~~[m[K
      |                          [01;35m[K|[m[K   [32m[K|[m[K
      |                          [01;35m[K|[m[K   [32m[Ku64 * {aka long unsigned int *}[m[K
      |                          [01;35m[Kunsigned int *[m[K
      |                         [32m[K%lx[m[K
[ 83%] [32mBuilding C object CMakeFiles/interface_node.dir/src/reservedmemLKM.c.o[0m
[01m[K/home/vincent/Embedded-System/ros_interface_node/fpga_interface/src/reservedmemLKM.c:3:10:[m[K [01;31m[Kfatal error: [m[Klinux/device.h: No such file or directory
    3 | #include [01;31m[K<linux/device.h>[m[K
      |          [01;31m[K^~~~~~~~~~~~~~~~[m[K
compilation terminated.
make[2]: *** [CMakeFiles/interface_node.dir/build.make:115: CMakeFiles/interface_node.dir/src/reservedmemLKM.c.o] Error 1
make[2]: *** Waiting for unfinished jobs....
In file included from [01m[K/home/vincent/Embedded-System/ros_interface_node/fpga_interface/src/interface_node.cpp:16[m[K:
[01m[K/home/vincent/Embedded-System/ros_interface_node/fpga_interface/src/reserved_mem.hpp:51:6:[m[K [01;35m[Kwarning: [m[Kextra ‘[01m[K;[m[K’ [[01;35m[K-Wpedantic[m[K]
   51 |     }[01;35m[K;[m[K
      |      [01;35m[K^[m[K
      |      [31m[K-[m[K
[01m[K/home/vincent/Embedded-System/ros_interface_node/fpga_interface/src/reserved_mem.hpp:68:6:[m[K [01;35m[Kwarning: [m[Kextra ‘[01m[K;[m[K’ [[01;35m[K-Wpedantic[m[K]
   68 |     }[01;35m[K;[m[K
      |      [01;35m[K^[m[K
      |      [31m[K-[m[K
[01m[K/home/vincent/Embedded-System/ros_interface_node/fpga_interface/src/interface_node.cpp:[m[K In member function ‘[01m[Kvoid MinimalPublisher::get_image_callback(sensor_msgs::msg::Image_<std::allocator<void> >::SharedPtr)[m[K’:
[01m[K/home/vincent/Embedded-System/ros_interface_node/fpga_interface/src/interface_node.cpp:48:25:[m[K [01;35m[Kwarning: [m[Kcomparison of integer expressions of different signedness: ‘[01m[Kint[m[K’ and ‘[01m[Ksensor_msgs::msg::Image_<std::allocator<void> >::_height_type[m[K’ {aka ‘[01m[Kunsigned int[m[K’} [[01;35m[K-Wsign-compare[m[K]
   48 |       for (int x = 0; [01;35m[Kx < msg->height[m[K; x++)
      |                       [01;35m[K~~^~~~~~~~~~~~~[m[K
[01m[K/home/vincent/Embedded-System/ros_interface_node/fpga_interface/src/interface_node.cpp:50:23:[m[K [01;35m[Kwarning: [m[Kcomparison of integer expressions of different signedness: ‘[01m[Kint[m[K’ and ‘[01m[Ksensor_msgs::msg::Image_<std::allocator<void> >::_width_type[m[K’ {aka ‘[01m[Kunsigned int[m[K’} [[01;35m[K-Wsign-compare[m[K]
   50 |         for (int y=0;[01;35m[Ky<msg->width[m[K;y++){
      |                      [01;35m[K~^~~~~~~~~~~[m[K
[01m[K/home/vincent/Embedded-System/ros_interface_node/fpga_interface/src/interface_node.cpp:51:43:[m[K [01;35m[Kwarning: [m[Kleft operand of comma operator has no effect [[01;35m[K-Wunused-value[m[K]
   51 |           ImageVector.push_back(msg->data[[01;35m[Kx[m[K,y]);
      |                                           [01;35m[K^[m[K
[01m[K/home/vincent/Embedded-System/ros_interface_node/fpga_interface/src/interface_node.cpp:55:16:[m[K [01;35m[Kwarning: [m[Kunused variable ‘[01m[KImageArray[m[K’ [[01;35m[K-Wunused-variable[m[K]
   55 |       uint8_t *[01;35m[KImageArray[m[K=ImageVector.data();
      |                [01;35m[K^~~~~~~~~~[m[K
make[1]: *** [CMakeFiles/Makefile2:78: CMakeFiles/interface_node.dir/all] Error 2
make: *** [Makefile:141: all] Error 2
