[0.025s] Invoking command in '/home/vincent/Embedded-System/ros_interface_node/fpga_interface/build/fpga_interface': CMAKE_PREFIX_PATH=${CMAKE_PREFIX_PATH}:/opt/ros/foxy /usr/bin/cmake --build /home/vincent/Embedded-System/ros_interface_node/fpga_interface/build/fpga_interface -- -j4 -l4
[0.066s] -- Found ament_cmake: 0.9.12 (/opt/ros/foxy/share/ament_cmake/cmake)
[0.101s] -- Using PYTHON_EXECUTABLE: /usr/bin/python3
[0.432s] -- Found rclcpp: 2.4.3 (/opt/ros/foxy/share/rclcpp/cmake)
[0.478s] -- Using all available rosidl_typesupport_c: rosidl_typesupport_fastrtps_c;rosidl_typesupport_introspection_c
[0.483s] -- Found rosidl_adapter: 1.3.1 (/opt/ros/foxy/share/rosidl_adapter/cmake)
[0.662s] -- Using all available rosidl_typesupport_cpp: rosidl_typesupport_fastrtps_cpp;rosidl_typesupport_introspection_cpp
[0.748s] -- Found rmw_implementation_cmake: 1.0.4 (/opt/ros/foxy/share/rmw_implementation_cmake/cmake)
[0.752s] -- Using RMW implementation 'rmw_fastrtps_cpp' as default
[0.983s] -- Found sensor_msgs: 2.0.5 (/opt/ros/foxy/share/sensor_msgs/cmake)
[1.181s] -- Found cv_bridge: 3.0.7 (/opt/ros/foxy/share/cv_bridge/cmake)
[1.215s] -- Found ament_lint_auto: 0.9.8 (/opt/ros/foxy/share/ament_lint_auto/cmake)
[1.319s] -- Added test 'copyright' to check source files copyright and LICENSE
[1.349s] -- Added test 'cppcheck' to perform static code analysis on C / C++ code
[1.349s] -- Configured cppcheck include dirs: $<BUILD_INTERFACE:/home/vincent/Embedded-System/ros_interface_node/fpga_interface/include>
[1.349s] -- Configured cppcheck exclude dirs and/or files: 
[1.373s] -- Added test 'cpplint' to check C / C++ code against the Google style
[1.373s] -- Configured cpplint exclude dirs and/or files: 
[1.376s] -- Added test 'flake8' to check Python code syntax and style conventions
[1.383s] -- Added test 'lint_cmake' to check CMake code style
[1.386s] -- Added test 'pep257' to check Python code against some of the style conventions in PEP 257
[1.415s] -- Added test 'uncrustify' to check C / C++ code style
[1.415s] -- Configured uncrustify additional arguments: 
[1.419s] -- Added test 'xmllint' to check XML markup files
[1.426s] -- Configuring done
[1.523s] -- Generating done
[1.528s] -- Build files have been written to: /home/vincent/Embedded-System/ros_interface_node/fpga_interface/build/fpga_interface
[1.637s] [35m[1mScanning dependencies of target interface_node[0m
[1.777s] [ 33%] [32mBuilding C object CMakeFiles/interface_node.dir/src/xnn_inference_sinit.c.o[0m
[1.777s] [ 33%] [32mBuilding C object CMakeFiles/interface_node.dir/src/xnn_inference_linux.c.o[0m
[1.782s] [ 50%] [32mBuilding C object CMakeFiles/interface_node.dir/src/xnn_inference.c.o[0m
[1.782s] [ 66%] [32mBuilding CXX object CMakeFiles/interface_node.dir/src/interface_node.cpp.o[0m
[3.118s] [01m[K/home/vincent/Embedded-System/ros_interface_node/fpga_interface/src/xnn_inference_sinit.c:43:[m[K [01;35m[Kwarning: [m[KISO C forbids an empty translation unit [[01;35m[K-Wpedantic[m[K]
[3.118s]    43 | 
[3.118s]       | 
[3.206s] [01m[K/home/vincent/Embedded-System/ros_interface_node/fpga_interface/src/xnn_inference_linux.c:[m[K In function ‘[01m[Kuio_info_read_map_addr[m[K’:
[3.206s] [01m[K/home/vincent/Embedded-System/ros_interface_node/fpga_interface/src/xnn_inference_linux.c:68:26:[m[K [01;35m[Kwarning: [m[Kformat ‘[01m[K%x[m[K’ expects argument of type ‘[01m[Kunsigned int *[m[K’, but argument 3 has type ‘[01m[Ku64 *[m[K’ {aka ‘[01m[Klong unsigned int *[m[K’} [[01;35m[K-Wformat=[m[K]
[3.206s]    68 |     ret = fscanf(fp, "0x[01;35m[K%x[m[K", [32m[K&info->maps[n].addr[m[K);
[3.206s]       |                         [01;35m[K~^[m[K   [32m[K~~~~~~~~~~~~~~~~~~~[m[K
[3.206s]       |                          [01;35m[K|[m[K   [32m[K|[m[K
[3.206s]       |                          [01;35m[K|[m[K   [32m[Ku64 * {aka long unsigned int *}[m[K
[3.207s]       |                          [01;35m[Kunsigned int *[m[K
[3.207s]       |                         [32m[K%lx[m[K
[3.348s] [ 83%] [32mBuilding C object CMakeFiles/interface_node.dir/src/reservedmemLKM.c.o[0m
[3.389s] [01m[K/home/vincent/Embedded-System/ros_interface_node/fpga_interface/src/reservedmemLKM.c:3:10:[m[K [01;31m[Kfatal error: [m[Klinux/device.h: No such file or directory
[3.390s]     3 | #include [01;31m[K<linux/device.h>[m[K
[3.390s]       |          [01;31m[K^~~~~~~~~~~~~~~~[m[K
[3.390s] compilation terminated.
[3.391s] make[2]: *** [CMakeFiles/interface_node.dir/build.make:115: CMakeFiles/interface_node.dir/src/reservedmemLKM.c.o] Error 1
[3.391s] make[2]: *** Waiting for unfinished jobs....
[5.153s] In file included from [01m[K/home/vincent/Embedded-System/ros_interface_node/fpga_interface/src/interface_node.cpp:16[m[K:
[5.153s] [01m[K/home/vincent/Embedded-System/ros_interface_node/fpga_interface/src/reserved_mem.hpp:51:6:[m[K [01;35m[Kwarning: [m[Kextra ‘[01m[K;[m[K’ [[01;35m[K-Wpedantic[m[K]
[5.154s]    51 |     }[01;35m[K;[m[K
[5.154s]       |      [01;35m[K^[m[K
[5.154s]       |      [31m[K-[m[K
[5.154s] [01m[K/home/vincent/Embedded-System/ros_interface_node/fpga_interface/src/reserved_mem.hpp:68:6:[m[K [01;35m[Kwarning: [m[Kextra ‘[01m[K;[m[K’ [[01;35m[K-Wpedantic[m[K]
[5.154s]    68 |     }[01;35m[K;[m[K
[5.154s]       |      [01;35m[K^[m[K
[5.154s]       |      [31m[K-[m[K
[5.619s] [01m[K/home/vincent/Embedded-System/ros_interface_node/fpga_interface/src/interface_node.cpp:[m[K In member function ‘[01m[Kvoid MinimalPublisher::get_image_callback(sensor_msgs::msg::Image_<std::allocator<void> >::SharedPtr)[m[K’:
[5.619s] [01m[K/home/vincent/Embedded-System/ros_interface_node/fpga_interface/src/interface_node.cpp:48:25:[m[K [01;35m[Kwarning: [m[Kcomparison of integer expressions of different signedness: ‘[01m[Kint[m[K’ and ‘[01m[Ksensor_msgs::msg::Image_<std::allocator<void> >::_height_type[m[K’ {aka ‘[01m[Kunsigned int[m[K’} [[01;35m[K-Wsign-compare[m[K]
[5.619s]    48 |       for (int x = 0; [01;35m[Kx < msg->height[m[K; x++)
[5.619s]       |                       [01;35m[K~~^~~~~~~~~~~~~[m[K
[5.619s] [01m[K/home/vincent/Embedded-System/ros_interface_node/fpga_interface/src/interface_node.cpp:50:23:[m[K [01;35m[Kwarning: [m[Kcomparison of integer expressions of different signedness: ‘[01m[Kint[m[K’ and ‘[01m[Ksensor_msgs::msg::Image_<std::allocator<void> >::_width_type[m[K’ {aka ‘[01m[Kunsigned int[m[K’} [[01;35m[K-Wsign-compare[m[K]
[5.619s]    50 |         for (int y=0;[01;35m[Ky<msg->width[m[K;y++){
[5.619s]       |                      [01;35m[K~^~~~~~~~~~~[m[K
[5.619s] [01m[K/home/vincent/Embedded-System/ros_interface_node/fpga_interface/src/interface_node.cpp:51:43:[m[K [01;35m[Kwarning: [m[Kleft operand of comma operator has no effect [[01;35m[K-Wunused-value[m[K]
[5.619s]    51 |           ImageVector.push_back(msg->data[[01;35m[Kx[m[K,y]);
[5.619s]       |                                           [01;35m[K^[m[K
[5.620s] [01m[K/home/vincent/Embedded-System/ros_interface_node/fpga_interface/src/interface_node.cpp:55:16:[m[K [01;35m[Kwarning: [m[Kunused variable ‘[01m[KImageArray[m[K’ [[01;35m[K-Wunused-variable[m[K]
[5.620s]    55 |       uint8_t *[01;35m[KImageArray[m[K=ImageVector.data();
[5.620s]       |                [01;35m[K^~~~~~~~~~[m[K
[11.572s] make[1]: *** [CMakeFiles/Makefile2:78: CMakeFiles/interface_node.dir/all] Error 2
[11.573s] make: *** [Makefile:141: all] Error 2
[11.575s] Invoked command in '/home/vincent/Embedded-System/ros_interface_node/fpga_interface/build/fpga_interface' returned '2': CMAKE_PREFIX_PATH=${CMAKE_PREFIX_PATH}:/opt/ros/foxy /usr/bin/cmake --build /home/vincent/Embedded-System/ros_interface_node/fpga_interface/build/fpga_interface -- -j4 -l4
