[0.199s] Invoking command in '/home/mp4d/ros_motors/build/path2pos': AMENT_PREFIX_PATH=/home/mp4d/ros_motors/install/dynamixel_sdk_custom_interfaces:${AMENT_PREFIX_PATH} CMAKE_PREFIX_PATH=/home/mp4d/ros_motors/install/dynamixel_sdk_custom_interfaces:/home/mp4d/ros_motors/DynamixelSDK/install/dynamixel_sdk_examples:/home/mp4d/ros_motors/DynamixelSDK/install/dynamixel_sdk_custom_interfaces:/home/mp4d/ros_motors/DynamixelSDK/install/dynamixel_sdk:/opt/ros/foxy:/home/mp4d/ros_camera/install/usb_cam:/home/mp4d/ros_camera/install/cam_sub LD_LIBRARY_PATH=/home/mp4d/ros_motors/install/dynamixel_sdk_custom_interfaces/lib:${LD_LIBRARY_PATH} PYTHONPATH=/home/mp4d/ros_motors/install/dynamixel_sdk_custom_interfaces/lib/python3.8/site-packages:${PYTHONPATH} /usr/bin/cmake --build /home/mp4d/ros_motors/build/path2pos -- -j4 -l4
[0.529s] [35m[1mScanning dependencies of target pos_writer[0m
[0.742s] [ 50%] [32mBuilding CXX object CMakeFiles/pos_writer.dir/src/pos_writer.cpp.o[0m
[12.062s] [01m[K/home/mp4d/ros_motors/MyCode/path2pos/src/pos_writer.cpp:[m[K In member function ‘[01m[Kvoid MinimalPublisher::set_number_callback(std_msgs::msg::Int32_<std::allocator<void> >::SharedPtr)[m[K’:
[12.063s] [01m[K/home/mp4d/ros_motors/MyCode/path2pos/src/pos_writer.cpp:143:15:[m[K [01;35m[Kwarning: [m[Kunused variable ‘[01m[Kpos1[m[K’ [[01;35m[K-Wunused-variable[m[K]
[12.064s]   143 |           int [01;35m[Kpos1[m[K=(angle1+60)*1023/300;
[12.065s]       |               [01;35m[K^~~~[m[K
[45.797s] [100%] [32m[1mLinking CXX executable pos_writer[0m
[49.428s] [100%] Built target pos_writer
[49.512s] Invoked command in '/home/mp4d/ros_motors/build/path2pos' returned '0': AMENT_PREFIX_PATH=/home/mp4d/ros_motors/install/dynamixel_sdk_custom_interfaces:${AMENT_PREFIX_PATH} CMAKE_PREFIX_PATH=/home/mp4d/ros_motors/install/dynamixel_sdk_custom_interfaces:/home/mp4d/ros_motors/DynamixelSDK/install/dynamixel_sdk_examples:/home/mp4d/ros_motors/DynamixelSDK/install/dynamixel_sdk_custom_interfaces:/home/mp4d/ros_motors/DynamixelSDK/install/dynamixel_sdk:/opt/ros/foxy:/home/mp4d/ros_camera/install/usb_cam:/home/mp4d/ros_camera/install/cam_sub LD_LIBRARY_PATH=/home/mp4d/ros_motors/install/dynamixel_sdk_custom_interfaces/lib:${LD_LIBRARY_PATH} PYTHONPATH=/home/mp4d/ros_motors/install/dynamixel_sdk_custom_interfaces/lib/python3.8/site-packages:${PYTHONPATH} /usr/bin/cmake --build /home/mp4d/ros_motors/build/path2pos -- -j4 -l4
[49.642s] Invoking command in '/home/mp4d/ros_motors/build/path2pos': AMENT_PREFIX_PATH=/home/mp4d/ros_motors/install/dynamixel_sdk_custom_interfaces:${AMENT_PREFIX_PATH} CMAKE_PREFIX_PATH=/home/mp4d/ros_motors/install/dynamixel_sdk_custom_interfaces:/home/mp4d/ros_motors/DynamixelSDK/install/dynamixel_sdk_examples:/home/mp4d/ros_motors/DynamixelSDK/install/dynamixel_sdk_custom_interfaces:/home/mp4d/ros_motors/DynamixelSDK/install/dynamixel_sdk:/opt/ros/foxy:/home/mp4d/ros_camera/install/usb_cam:/home/mp4d/ros_camera/install/cam_sub LD_LIBRARY_PATH=/home/mp4d/ros_motors/install/dynamixel_sdk_custom_interfaces/lib:${LD_LIBRARY_PATH} PYTHONPATH=/home/mp4d/ros_motors/install/dynamixel_sdk_custom_interfaces/lib/python3.8/site-packages:${PYTHONPATH} /usr/bin/cmake --install /home/mp4d/ros_motors/build/path2pos
[49.707s] -- Install configuration: ""
[49.708s] -- Installing: /home/mp4d/ros_motors/install/path2pos/lib/path2pos/pos_writer
[49.722s] -- Set runtime path of "/home/mp4d/ros_motors/install/path2pos/lib/path2pos/pos_writer" to ""
[49.723s] -- Installing: /home/mp4d/ros_motors/install/path2pos/share/ament_index/resource_index/package_run_dependencies/path2pos
[49.728s] -- Installing: /home/mp4d/ros_motors/install/path2pos/share/ament_index/resource_index/parent_prefix_path/path2pos
[49.730s] -- Installing: /home/mp4d/ros_motors/install/path2pos/share/path2pos/environment/ament_prefix_path.sh
[49.731s] -- Installing: /home/mp4d/ros_motors/install/path2pos/share/path2pos/environment/ament_prefix_path.dsv
[49.732s] -- Installing: /home/mp4d/ros_motors/install/path2pos/share/path2pos/environment/path.sh
[49.733s] -- Installing: /home/mp4d/ros_motors/install/path2pos/share/path2pos/environment/path.dsv
[49.734s] -- Installing: /home/mp4d/ros_motors/install/path2pos/share/path2pos/local_setup.bash
[49.736s] -- Installing: /home/mp4d/ros_motors/install/path2pos/share/path2pos/local_setup.sh
[49.737s] -- Installing: /home/mp4d/ros_motors/install/path2pos/share/path2pos/local_setup.zsh
[49.738s] -- Installing: /home/mp4d/ros_motors/install/path2pos/share/path2pos/local_setup.dsv
[49.739s] -- Installing: /home/mp4d/ros_motors/install/path2pos/share/path2pos/package.dsv
[49.741s] -- Installing: /home/mp4d/ros_motors/install/path2pos/share/ament_index/resource_index/packages/path2pos
[49.742s] -- Installing: /home/mp4d/ros_motors/install/path2pos/share/path2pos/cmake/path2posConfig.cmake
[49.743s] -- Installing: /home/mp4d/ros_motors/install/path2pos/share/path2pos/cmake/path2posConfig-version.cmake
[49.744s] -- Installing: /home/mp4d/ros_motors/install/path2pos/share/path2pos/package.xml
[49.762s] Invoked command in '/home/mp4d/ros_motors/build/path2pos' returned '0': AMENT_PREFIX_PATH=/home/mp4d/ros_motors/install/dynamixel_sdk_custom_interfaces:${AMENT_PREFIX_PATH} CMAKE_PREFIX_PATH=/home/mp4d/ros_motors/install/dynamixel_sdk_custom_interfaces:/home/mp4d/ros_motors/DynamixelSDK/install/dynamixel_sdk_examples:/home/mp4d/ros_motors/DynamixelSDK/install/dynamixel_sdk_custom_interfaces:/home/mp4d/ros_motors/DynamixelSDK/install/dynamixel_sdk:/opt/ros/foxy:/home/mp4d/ros_camera/install/usb_cam:/home/mp4d/ros_camera/install/cam_sub LD_LIBRARY_PATH=/home/mp4d/ros_motors/install/dynamixel_sdk_custom_interfaces/lib:${LD_LIBRARY_PATH} PYTHONPATH=/home/mp4d/ros_motors/install/dynamixel_sdk_custom_interfaces/lib/python3.8/site-packages:${PYTHONPATH} /usr/bin/cmake --install /home/mp4d/ros_motors/build/path2pos
