[0.192s] Invoking command in '/home/mp4d/fpga_interface/fpga_interface/build/fpga_interface': CMAKE_PREFIX_PATH=/opt/ros/foxy /usr/bin/cmake /home/mp4d/fpga_interface/fpga_interface -DCMAKE_INSTALL_PREFIX=/home/mp4d/fpga_interface/fpga_interface/install/fpga_interface
[1.540s] -- The C compiler identification is GNU 9.4.0
[2.917s] -- The CXX compiler identification is GNU 9.4.0
[3.039s] -- Check for working C compiler: /usr/bin/cc
[4.513s] -- Check for working C compiler: /usr/bin/cc -- works
[4.544s] -- Detecting C compiler ABI info
[6.272s] -- Detecting C compiler ABI info - done
[6.524s] -- Detecting C compile features
[6.535s] -- Detecting C compile features - done
[6.599s] -- Check for working CXX compiler: /usr/bin/c++
[8.283s] -- Check for working CXX compiler: /usr/bin/c++ -- works
[8.307s] -- Detecting CXX compiler ABI info
[9.886s] -- Detecting CXX compiler ABI info - done
[10.038s] -- Detecting CXX compile features
[10.051s] -- Detecting CXX compile features - done
[10.076s] -- Found ament_cmake: 0.9.12 (/opt/ros/foxy/share/ament_cmake/cmake)
[10.656s] -- Found PythonInterp: /usr/bin/python3 (found suitable version "3.8.10", minimum required is "3") 
[10.658s] -- Using PYTHON_EXECUTABLE: /usr/bin/python3
[15.278s] -- Found rclcpp: 2.4.3 (/opt/ros/foxy/share/rclcpp/cmake)
[15.857s] -- Using all available rosidl_typesupport_c: rosidl_typesupport_fastrtps_c;rosidl_typesupport_introspection_c
[15.944s] -- Found rosidl_adapter: 1.3.1 (/opt/ros/foxy/share/rosidl_adapter/cmake)
[17.006s] -- Found OpenSSL: /usr/lib/aarch64-linux-gnu/libcrypto.so (found version "1.1.1f")  
[17.322s] -- Found FastRTPS: /opt/ros/foxy/include  
[18.208s] -- Using all available rosidl_typesupport_cpp: rosidl_typesupport_fastrtps_cpp;rosidl_typesupport_introspection_cpp
[19.002s] -- Found rmw_implementation_cmake: 1.0.4 (/opt/ros/foxy/share/rmw_implementation_cmake/cmake)
[19.024s] -- Using RMW implementation 'rmw_fastrtps_cpp' as default
[19.046s] -- Looking for pthread.h
[20.509s] -- Looking for pthread.h - found
[20.512s] -- Performing Test CMAKE_HAVE_LIBC_PTHREAD
[22.054s] -- Performing Test CMAKE_HAVE_LIBC_PTHREAD - Failed
[22.056s] -- Looking for pthread_create in pthreads
[23.083s] -- Looking for pthread_create in pthreads - not found
[23.100s] -- Looking for pthread_create in pthread
[24.559s] -- Looking for pthread_create in pthread - found
[24.570s] -- Found Threads: TRUE  
[27.171s] -- Found sensor_msgs: 2.0.5 (/opt/ros/foxy/share/sensor_msgs/cmake)
[29.021s] -- Found OpenCV: /usr (found version "4.2.0") 
[29.040s] -- Found cv_bridge: 3.0.7 (/opt/ros/foxy/share/cv_bridge/cmake)
[29.387s] -- Found ament_lint_auto: 0.9.8 (/opt/ros/foxy/share/ament_lint_auto/cmake)
[30.878s] -- Added test 'copyright' to check source files copyright and LICENSE
[30.983s] -- Added test 'cppcheck' to perform static code analysis on C / C++ code
[30.986s] -- Configured cppcheck include dirs: /home/mp4d/fpga_interface/fpga_interface/lib;$<BUILD_INTERFACE:/home/mp4d/fpga_interface/fpga_interface/include>
[30.988s] -- Configured cppcheck exclude dirs and/or files: 
[31.090s] -- Added test 'cpplint' to check C / C++ code against the Google style
[31.101s] -- Configured cpplint exclude dirs and/or files: 
[31.107s] -- Added test 'flake8' to check Python code syntax and style conventions
[31.145s] -- Added test 'lint_cmake' to check CMake code style
[31.166s] -- Added test 'pep257' to check Python code against some of the style conventions in PEP 257
[31.278s] -- Added test 'uncrustify' to check C / C++ code style
[31.280s] -- Configured uncrustify additional arguments: 
[31.297s] -- Added test 'xmllint' to check XML markup files
[31.327s] -- Configuring done
[31.652s] -- Generating done
[31.676s] -- Build files have been written to: /home/mp4d/fpga_interface/fpga_interface/build/fpga_interface
[32.027s] Invoked command in '/home/mp4d/fpga_interface/fpga_interface/build/fpga_interface' returned '0': CMAKE_PREFIX_PATH=/opt/ros/foxy /usr/bin/cmake /home/mp4d/fpga_interface/fpga_interface -DCMAKE_INSTALL_PREFIX=/home/mp4d/fpga_interface/fpga_interface/install/fpga_interface
[32.048s] Invoking command in '/home/mp4d/fpga_interface/fpga_interface/build/fpga_interface': CMAKE_PREFIX_PATH=/opt/ros/foxy /usr/bin/cmake --build /home/mp4d/fpga_interface/fpga_interface/build/fpga_interface -- -j4 -l4
[32.755s] [35m[1mScanning dependencies of target interface_node[0m
[33.969s] [ 25%] [32mBuilding CXX object CMakeFiles/interface_node.dir/src/interface_node.cpp.o[0m
[146.376s] [ 50%] [32mBuilding C object CMakeFiles/interface_node.dir/src/xnn_inference_linux.c.o[0m
[146.757s] [01m[K/home/mp4d/fpga_interface/fpga_interface/src/xnn_inference_linux.c:[m[K In function ‘[01m[Kuio_info_read_map_addr[m[K’:
[146.759s] [01m[K/home/mp4d/fpga_interface/fpga_interface/src/xnn_inference_linux.c:68:26:[m[K [01;35m[Kwarning: [m[Kformat ‘[01m[K%x[m[K’ expects argument of type ‘[01m[Kunsigned int *[m[K’, but argument 3 has type ‘[01m[Ku64 *[m[K’ {aka ‘[01m[Klong unsigned int *[m[K’} [[01;35m[K-Wformat=[m[K]
[146.760s]    68 |     ret = fscanf(fp, "0x[01;35m[K%x[m[K", [32m[K&info->maps[n].addr[m[K);
[146.779s]       |                         [01;35m[K~^[m[K   [32m[K~~~~~~~~~~~~~~~~~~~[m[K
[146.792s]       |                          [01;35m[K|[m[K   [32m[K|[m[K
[146.794s]       |                          [01;35m[K|[m[K   [32m[Ku64 * {aka long unsigned int *}[m[K
[146.797s]       |                          [01;35m[Kunsigned int *[m[K
[146.829s]       |                         [32m[K%lx[m[K
[147.209s] [ 75%] [32mBuilding C object CMakeFiles/interface_node.dir/src/xnn_inference.c.o[0m
[148.169s] [100%] [32m[1mLinking CXX executable interface_node[0m
[158.668s] [100%] Built target interface_node
[158.819s] Invoked command in '/home/mp4d/fpga_interface/fpga_interface/build/fpga_interface' returned '0': CMAKE_PREFIX_PATH=/opt/ros/foxy /usr/bin/cmake --build /home/mp4d/fpga_interface/fpga_interface/build/fpga_interface -- -j4 -l4
[159.361s] Invoking command in '/home/mp4d/fpga_interface/fpga_interface/build/fpga_interface': CMAKE_PREFIX_PATH=/opt/ros/foxy /usr/bin/cmake --install /home/mp4d/fpga_interface/fpga_interface/build/fpga_interface
[159.485s] -- Install configuration: ""
[159.501s] -- Installing: /home/mp4d/fpga_interface/fpga_interface/install/fpga_interface/lib/fpga_interface/interface_node
[159.532s] -- Set runtime path of "/home/mp4d/fpga_interface/fpga_interface/install/fpga_interface/lib/fpga_interface/interface_node" to ""
[159.537s] -- Installing: /home/mp4d/fpga_interface/fpga_interface/install/fpga_interface/share/ament_index/resource_index/package_run_dependencies/fpga_interface
[159.539s] -- Installing: /home/mp4d/fpga_interface/fpga_interface/install/fpga_interface/share/ament_index/resource_index/parent_prefix_path/fpga_interface
[159.541s] -- Installing: /home/mp4d/fpga_interface/fpga_interface/install/fpga_interface/share/fpga_interface/environment/ament_prefix_path.sh
[159.543s] -- Installing: /home/mp4d/fpga_interface/fpga_interface/install/fpga_interface/share/fpga_interface/environment/ament_prefix_path.dsv
[159.544s] -- Installing: /home/mp4d/fpga_interface/fpga_interface/install/fpga_interface/share/fpga_interface/environment/path.sh
[159.555s] -- Installing: /home/mp4d/fpga_interface/fpga_interface/install/fpga_interface/share/fpga_interface/environment/path.dsv
[159.564s] -- Installing: /home/mp4d/fpga_interface/fpga_interface/install/fpga_interface/share/fpga_interface/local_setup.bash
[159.576s] -- Installing: /home/mp4d/fpga_interface/fpga_interface/install/fpga_interface/share/fpga_interface/local_setup.sh
[159.615s] -- Installing: /home/mp4d/fpga_interface/fpga_interface/install/fpga_interface/share/fpga_interface/local_setup.zsh
[159.617s] -- Installing: /home/mp4d/fpga_interface/fpga_interface/install/fpga_interface/share/fpga_interface/local_setup.dsv
[159.619s] -- Installing: /home/mp4d/fpga_interface/fpga_interface/install/fpga_interface/share/fpga_interface/package.dsv
[159.621s] -- Installing: /home/mp4d/fpga_interface/fpga_interface/install/fpga_interface/share/ament_index/resource_index/packages/fpga_interface
[159.623s] -- Installing: /home/mp4d/fpga_interface/fpga_interface/install/fpga_interface/share/fpga_interface/cmake/fpga_interfaceConfig.cmake
[159.625s] -- Installing: /home/mp4d/fpga_interface/fpga_interface/install/fpga_interface/share/fpga_interface/cmake/fpga_interfaceConfig-version.cmake
[159.627s] -- Installing: /home/mp4d/fpga_interface/fpga_interface/install/fpga_interface/share/fpga_interface/package.xml
[159.670s] Invoked command in '/home/mp4d/fpga_interface/fpga_interface/build/fpga_interface' returned '0': CMAKE_PREFIX_PATH=/opt/ros/foxy /usr/bin/cmake --install /home/mp4d/fpga_interface/fpga_interface/build/fpga_interface
