[0.075s] Invoking command in '/home/mp4d/ros_motors/MyCode/path2pos/build/path2pos': CMAKE_PREFIX_PATH=/home/mp4d/ros_motors/DynamixelSDK/install/dynamixel_sdk_examples:/home/mp4d/ros_motors/DynamixelSDK/install/dynamixel_sdk_custom_interfaces:/home/mp4d/ros_motors/DynamixelSDK/install/dynamixel_sdk:/opt/ros/foxy:/home/mp4d/ros_camera/install/usb_cam:/home/mp4d/ros_camera/install/cam_sub /usr/bin/cmake /home/mp4d/ros_motors/MyCode/path2pos -DCMAKE_INSTALL_PREFIX=/home/mp4d/ros_motors/MyCode/path2pos/install/path2pos
[0.583s] -- The C compiler identification is GNU 9.4.0
[1.021s] -- The CXX compiler identification is GNU 9.4.0
[1.050s] -- Check for working C compiler: /usr/bin/cc
[1.547s] -- Check for working C compiler: /usr/bin/cc -- works
[1.553s] -- Detecting C compiler ABI info
[2.054s] -- Detecting C compiler ABI info - done
[2.144s] -- Detecting C compile features
[2.149s] -- Detecting C compile features - done
[2.166s] -- Check for working CXX compiler: /usr/bin/c++
[2.730s] -- Check for working CXX compiler: /usr/bin/c++ -- works
[2.737s] -- Detecting CXX compiler ABI info
[3.313s] -- Detecting CXX compiler ABI info - done
[3.403s] -- Detecting CXX compile features
[3.406s] -- Detecting CXX compile features - done
[3.421s] -- Found ament_cmake: 0.9.12 (/opt/ros/foxy/share/ament_cmake/cmake)
[3.597s] -- Found PythonInterp: /usr/bin/python3 (found suitable version "3.8.10", minimum required is "3") 
[3.598s] -- Using PYTHON_EXECUTABLE: /usr/bin/python3
[5.142s] -- Found rclcpp: 2.4.3 (/opt/ros/foxy/share/rclcpp/cmake)
[5.406s] -- Using all available rosidl_typesupport_c: rosidl_typesupport_fastrtps_c;rosidl_typesupport_introspection_c
[5.448s] -- Found rosidl_adapter: 1.3.1 (/opt/ros/foxy/share/rosidl_adapter/cmake)
[5.911s] -- Found OpenSSL: /usr/lib/aarch64-linux-gnu/libcrypto.so (found version "1.1.1f")  
[6.084s] -- Found FastRTPS: /opt/ros/foxy/include  
[6.576s] -- Using all available rosidl_typesupport_cpp: rosidl_typesupport_fastrtps_cpp;rosidl_typesupport_introspection_cpp
[6.993s] -- Found rmw_implementation_cmake: 1.0.4 (/opt/ros/foxy/share/rmw_implementation_cmake/cmake)
[7.006s] -- Using RMW implementation 'rmw_fastrtps_cpp' as default
[7.012s] -- Looking for pthread.h
[7.543s] -- Looking for pthread.h - found
[7.545s] -- Performing Test CMAKE_HAVE_LIBC_PTHREAD
[8.074s] -- Performing Test CMAKE_HAVE_LIBC_PTHREAD - Failed
[8.076s] -- Looking for pthread_create in pthreads
[8.451s] -- Looking for pthread_create in pthreads - not found
[8.452s] -- Looking for pthread_create in pthread
[9.000s] -- Looking for pthread_create in pthread - found
[9.007s] -- Found Threads: TRUE  
[10.272s] -- Found dynamixel_sdk_custom_interfaces: 3.7.40 (/home/mp4d/ros_motors/DynamixelSDK/install/dynamixel_sdk_custom_interfaces/share/dynamixel_sdk_custom_interfaces/cmake)
[10.425s] -- Found ament_lint_auto: 0.9.8 (/opt/ros/foxy/share/ament_lint_auto/cmake)
[11.033s] -- Added test 'copyright' to check source files copyright and LICENSE
[11.116s] -- Added test 'cppcheck' to perform static code analysis on C / C++ code
[11.117s] -- Configured cppcheck include dirs: $<BUILD_INTERFACE:/home/mp4d/ros_motors/MyCode/path2pos/include>
[11.118s] -- Configured cppcheck exclude dirs and/or files: 
[11.199s] -- Added test 'cpplint' to check C / C++ code against the Google style
[11.200s] -- Configured cpplint exclude dirs and/or files: 
[11.213s] -- Added test 'flake8' to check Python code syntax and style conventions
[11.238s] -- Added test 'lint_cmake' to check CMake code style
[11.252s] -- Added test 'pep257' to check Python code against some of the style conventions in PEP 257
[11.333s] -- Added test 'uncrustify' to check C / C++ code style
[11.334s] -- Configured uncrustify additional arguments: 
[11.348s] -- Added test 'xmllint' to check XML markup files
[11.366s] -- Configuring done
[11.419s] -- Generating done
[11.432s] -- Build files have been written to: /home/mp4d/ros_motors/MyCode/path2pos/build/path2pos
[11.492s] Invoked command in '/home/mp4d/ros_motors/MyCode/path2pos/build/path2pos' returned '0': CMAKE_PREFIX_PATH=/home/mp4d/ros_motors/DynamixelSDK/install/dynamixel_sdk_examples:/home/mp4d/ros_motors/DynamixelSDK/install/dynamixel_sdk_custom_interfaces:/home/mp4d/ros_motors/DynamixelSDK/install/dynamixel_sdk:/opt/ros/foxy:/home/mp4d/ros_camera/install/usb_cam:/home/mp4d/ros_camera/install/cam_sub /usr/bin/cmake /home/mp4d/ros_motors/MyCode/path2pos -DCMAKE_INSTALL_PREFIX=/home/mp4d/ros_motors/MyCode/path2pos/install/path2pos
[11.511s] Invoking command in '/home/mp4d/ros_motors/MyCode/path2pos/build/path2pos': CMAKE_PREFIX_PATH=/home/mp4d/ros_motors/DynamixelSDK/install/dynamixel_sdk_examples:/home/mp4d/ros_motors/DynamixelSDK/install/dynamixel_sdk_custom_interfaces:/home/mp4d/ros_motors/DynamixelSDK/install/dynamixel_sdk:/opt/ros/foxy:/home/mp4d/ros_camera/install/usb_cam:/home/mp4d/ros_camera/install/cam_sub /usr/bin/cmake --build /home/mp4d/ros_motors/MyCode/path2pos/build/path2pos -- -j4 -l4
[11.776s] [35m[1mScanning dependencies of target pos_writer[0m
[12.010s] [ 50%] [32mBuilding CXX object CMakeFiles/pos_writer.dir/src/pos_writer.cpp.o[0m
[22.674s] In file included from [01m[K/usr/include/c++/9/ext/alloc_traits.h:36[m[K,
[22.675s]                  from [01m[K/usr/include/c++/9/bits/basic_string.h:40[m[K,
[22.676s]                  from [01m[K/usr/include/c++/9/string:55[m[K,
[22.676s]                  from [01m[K/usr/include/c++/9/stdexcept:39[m[K,
[22.677s]                  from [01m[K/usr/include/c++/9/array:39[m[K,
[22.678s]                  from [01m[K/usr/include/c++/9/tuple:39[m[K,
[22.678s]                  from [01m[K/usr/include/c++/9/functional:54[m[K,
[22.679s]                  from [01m[K/home/mp4d/ros_motors/MyCode/path2pos/src/pos_writer.cpp:2[m[K:
[22.679s] /usr/include/c++/9/bits/alloc_traits.h: In instantiation of ‘[01m[Kstruct std::allocator_traits<std::allocator<const std_msgs::msg::Int32_<std::allocator<void> >&> >[m[K’:
[22.680s] [01m[K/opt/ros/foxy/include/rclcpp/message_memory_strategy.hpp:47:9:[m[K   required from ‘[01m[Kclass rclcpp::message_memory_strategy::MessageMemoryStrategy<const std_msgs::msg::Int32_<std::allocator<void> >&, std::allocator<void> >[m[K’
[22.681s] [01m[K/opt/ros/foxy/include/rclcpp/node_impl.hpp:91:1:[m[K   required by substitution of ‘[01m[Ktemplate<class MessageT, class CallbackT, class AllocatorT, class CallbackMessageT, class SubscriptionT, class MessageMemoryStrategyT> std::shared_ptr<SubscriptionT> rclcpp::Node::create_subscription(const string&, const rclcpp::QoS&, CallbackT&&, const rclcpp::SubscriptionOptionsWithAllocator<AllocatorT>&, typename MessageMemoryStrategyT::SharedPtr) [with MessageT = std_msgs::msg::Int32_<std::allocator<void> >; CallbackT = std::_Bind<void (MinimalPublisher::*(MinimalPublisher*, std::_Placeholder<1>))(const std_msgs::msg::Int32_<std::allocator<void> >&)>; AllocatorT = std::allocator<void>; CallbackMessageT = const std_msgs::msg::Int32_<std::allocator<void> >&; SubscriptionT = rclcpp::Subscription<const std_msgs::msg::Int32_<std::allocator<void> >&, std::allocator<void>, rclcpp::message_memory_strategy::MessageMemoryStrategy<const std_msgs::msg::Int32_<std::allocator<void> >&, std::allocator<void> > >; MessageMemoryStrategyT = rclcpp::message_memory_strategy::MessageMemoryStrategy<const std_msgs::msg::Int32_<std::allocator<void> >&, std::allocator<void> >][m[K’
[22.681s] [01m[K/home/mp4d/ros_motors/MyCode/path2pos/src/pos_writer.cpp:35:102:[m[K   required from here
[22.682s] [01m[K/usr/include/c++/9/bits/alloc_traits.h:399:13:[m[K [01;31m[Kerror: [m[Kforming pointer to reference type ‘[01m[Kconst std_msgs::msg::Int32_<std::allocator<void> >&[m[K’
[22.682s]   399 |       using [01;31m[Kpointer[m[K = _Tp*;
[22.683s]       |             [01;31m[K^~~~~~~[m[K
[22.683s] [01m[K/usr/include/c++/9/bits/alloc_traits.h:402:13:[m[K [01;31m[Kerror: [m[Kforming pointer to reference type ‘[01m[Kconst std_msgs::msg::Int32_<std::allocator<void> >&[m[K’
[22.684s]   402 |       using [01;31m[Kconst_pointer[m[K = const _Tp*;
[22.684s]       |             [01;31m[K^~~~~~~~~~~~~[m[K
[22.700s] In file included from [01m[K/usr/include/c++/9/memory:80[m[K,
[22.701s]                  from [01m[K/home/mp4d/ros_motors/MyCode/path2pos/src/pos_writer.cpp:3[m[K:
[22.702s] /usr/include/c++/9/bits/unique_ptr.h: In instantiation of ‘[01m[Kstruct std::default_delete<const std_msgs::msg::Int32_<std::allocator<void> >&>[m[K’:
[22.702s] [01m[K/opt/ros/foxy/include/rclcpp/message_memory_strategy.hpp:119:18:[m[K   required from ‘[01m[Kclass rclcpp::message_memory_strategy::MessageMemoryStrategy<const std_msgs::msg::Int32_<std::allocator<void> >&, std::allocator<void> >[m[K’
[22.703s] [01m[K/opt/ros/foxy/include/rclcpp/node_impl.hpp:91:1:[m[K   required by substitution of ‘[01m[Ktemplate<class MessageT, class CallbackT, class AllocatorT, class CallbackMessageT, class SubscriptionT, class MessageMemoryStrategyT> std::shared_ptr<SubscriptionT> rclcpp::Node::create_subscription(const string&, const rclcpp::QoS&, CallbackT&&, const rclcpp::SubscriptionOptionsWithAllocator<AllocatorT>&, typename MessageMemoryStrategyT::SharedPtr) [with MessageT = std_msgs::msg::Int32_<std::allocator<void> >; CallbackT = std::_Bind<void (MinimalPublisher::*(MinimalPublisher*, std::_Placeholder<1>))(const std_msgs::msg::Int32_<std::allocator<void> >&)>; AllocatorT = std::allocator<void>; CallbackMessageT = const std_msgs::msg::Int32_<std::allocator<void> >&; SubscriptionT = rclcpp::Subscription<const std_msgs::msg::Int32_<std::allocator<void> >&, std::allocator<void>, rclcpp::message_memory_strategy::MessageMemoryStrategy<const std_msgs::msg::Int32_<std::allocator<void> >&, std::allocator<void> > >; MessageMemoryStrategyT = rclcpp::message_memory_strategy::MessageMemoryStrategy<const std_msgs::msg::Int32_<std::allocator<void> >&, std::allocator<void> >][m[K’
[22.704s] [01m[K/home/mp4d/ros_motors/MyCode/path2pos/src/pos_writer.cpp:35:102:[m[K   required from here
[22.704s] [01m[K/usr/include/c++/9/bits/unique_ptr.h:71:9:[m[K [01;31m[Kerror: [m[Kforming pointer to reference type ‘[01m[Kconst std_msgs::msg::Int32_<std::allocator<void> >&[m[K’
[22.705s]    71 |         [01;31m[Kdefault_delete[m[K(const default_delete<_Up>&) noexcept { }
[22.705s]       |         [01;31m[K^~~~~~~~~~~~~~[m[K
[22.706s] [01m[K/usr/include/c++/9/bits/unique_ptr.h:75:7:[m[K [01;31m[Kerror: [m[Kforming pointer to reference type ‘[01m[Kconst std_msgs::msg::Int32_<std::allocator<void> >&[m[K’
[22.706s]    75 |       [01;31m[Koperator[m[K()(_Tp* __ptr) const
[22.707s]       |       [01;31m[K^~~~~~~~[m[K
[22.770s] In file included from [01m[K/opt/ros/foxy/include/rclcpp/subscription_base.hpp:29[m[K,
[22.771s]                  from [01m[K/opt/ros/foxy/include/rclcpp/callback_group.hpp:26[m[K,
[22.772s]                  from [01m[K/opt/ros/foxy/include/rclcpp/any_executable.hpp:20[m[K,
[22.773s]                  from [01m[K/opt/ros/foxy/include/rclcpp/memory_strategy.hpp:24[m[K,
[22.773s]                  from [01m[K/opt/ros/foxy/include/rclcpp/memory_strategies.hpp:18[m[K,
[22.774s]                  from [01m[K/opt/ros/foxy/include/rclcpp/executor_options.hpp:20[m[K,
[22.774s]                  from [01m[K/opt/ros/foxy/include/rclcpp/executor.hpp:33[m[K,
[22.775s]                  from [01m[K/opt/ros/foxy/include/rclcpp/executors/multi_threaded_executor.hpp:26[m[K,
[22.775s]                  from [01m[K/opt/ros/foxy/include/rclcpp/executors.hpp:21[m[K,
[22.776s]                  from [01m[K/opt/ros/foxy/include/rclcpp/rclcpp.hpp:146[m[K,
[22.777s]                  from [01m[K/home/mp4d/ros_motors/MyCode/path2pos/src/pos_writer.cpp:10[m[K:
[22.777s] /opt/ros/foxy/include/rclcpp/any_subscription_callback.hpp: In instantiation of ‘[01m[Kclass rclcpp::AnySubscriptionCallback<const std_msgs::msg::Int32_<std::allocator<void> >&, std::allocator<void> >[m[K’:
[22.778s] [01m[K/opt/ros/foxy/include/rclcpp/subscription.hpp:347:57:[m[K   required from ‘[01m[Kclass rclcpp::Subscription<const std_msgs::msg::Int32_<std::allocator<void> >&, std::allocator<void>, rclcpp::message_memory_strategy::MessageMemoryStrategy<const std_msgs::msg::Int32_<std::allocator<void> >&, std::allocator<void> > >[m[K’
[22.778s] [01m[K/usr/include/c++/9/type_traits:1313:45:[m[K   required by substitution of ‘[01m[Ktemplate<class _From1, class _To1, class> static std::true_type std::__is_convertible_helper<rclcpp::Subscription<const std_msgs::msg::Int32_<std::allocator<void> >&, std::allocator<void>, rclcpp::message_memory_strategy::MessageMemoryStrategy<const std_msgs::msg::Int32_<std::allocator<void> >&, std::allocator<void> > >*, rclcpp::Subscription<std_msgs::msg::Int32_<std::allocator<void> > >*, false>::__test<_From1, _To1, <template-parameter-1-3> >(int) [with _From1 = rclcpp::Subscription<const std_msgs::msg::Int32_<std::allocator<void> >&, std::allocator<void>, rclcpp::message_memory_strategy::MessageMemoryStrategy<const std_msgs::msg::Int32_<std::allocator<void> >&, std::allocator<void> > >*; _To1 = rclcpp::Subscription<std_msgs::msg::Int32_<std::allocator<void> > >*; <template-parameter-1-3> = <missing>][m[K’
[22.779s] [01m[K/usr/include/c++/9/type_traits:1322:42:[m[K   required from ‘[01m[Kstruct std::__is_convertible_helper<rclcpp::Subscription<const std_msgs::msg::Int32_<std::allocator<void> >&, std::allocator<void>, rclcpp::message_memory_strategy::MessageMemoryStrategy<const std_msgs::msg::Int32_<std::allocator<void> >&, std::allocator<void> > >*, rclcpp::Subscription<std_msgs::msg::Int32_<std::allocator<void> > >*, false>[m[K’
[22.780s] [01m[K/usr/include/c++/9/type_traits:1328:12:[m[K   required from ‘[01m[Kstruct std::is_convertible<rclcpp::Subscription<const std_msgs::msg::Int32_<std::allocator<void> >&, std::allocator<void>, rclcpp::message_memory_strategy::MessageMemoryStrategy<const std_msgs::msg::Int32_<std::allocator<void> >&, std::allocator<void> > >*, rclcpp::Subscription<std_msgs::msg::Int32_<std::allocator<void> > >*>[m[K’
[22.780s] [01m[K/usr/include/c++/9/bits/shared_ptr_base.h:927:12:[m[K   [ skipping 2 instantiation contexts, use -ftemplate-backtrace-limit=0 to disable ]
[22.781s] [01m[K/usr/include/c++/9/bits/shared_ptr_base.h:1099:8:[m[K   required by substitution of ‘[01m[Ktemplate<class _Tp, __gnu_cxx::_Lock_policy _Lp> template<class _Yp> using _Assignable = std::__shared_ptr<_Tp, _Lp>::_Compatible<_Yp, std::__shared_ptr<_Tp, _Lp>&> [with _Yp = rclcpp::Subscription<const std_msgs::msg::Int32_<std::allocator<void> >&, std::allocator<void>, rclcpp::message_memory_strategy::MessageMemoryStrategy<const std_msgs::msg::Int32_<std::allocator<void> >&, std::allocator<void> > >; _Tp = rclcpp::Subscription<std_msgs::msg::Int32_<std::allocator<void> > >; __gnu_cxx::_Lock_policy _Lp = __gnu_cxx::_S_atomic][m[K’
[22.781s] [01m[K/usr/include/c++/9/bits/shared_ptr_base.h:1271:2:[m[K   required by substitution of ‘[01m[Ktemplate<class _Yp> std::__shared_ptr<rclcpp::Subscription<std_msgs::msg::Int32_<std::allocator<void> > >, __gnu_cxx::_S_atomic>::_Assignable<_Yp> std::__shared_ptr<rclcpp::Subscription<std_msgs::msg::Int32_<std::allocator<void> > >, __gnu_cxx::_S_atomic>::operator=<_Yp>(std::__shared_ptr<_Tp>&&) [with _Yp = rclcpp::Subscription<const std_msgs::msg::Int32_<std::allocator<void> >&, std::allocator<void>, rclcpp::message_memory_strategy::MessageMemoryStrategy<const std_msgs::msg::Int32_<std::allocator<void> >&, std::allocator<void> > >][m[K’
[22.782s] [01m[K/usr/include/c++/9/type_traits:1010:12:[m[K   required from ‘[01m[Kstruct std::is_assignable<std::__shared_ptr<rclcpp::Subscription<std_msgs::msg::Int32_<std::allocator<void> > >, __gnu_cxx::_S_atomic>&, std::shared_ptr<rclcpp::Subscription<const std_msgs::msg::Int32_<std::allocator<void> >&, std::allocator<void>, rclcpp::message_memory_strategy::MessageMemoryStrategy<const std_msgs::msg::Int32_<std::allocator<void> >&, std::allocator<void> > > > >[m[K’
[22.782s] [01m[K/usr/include/c++/9/bits/shared_ptr.h:111:8:[m[K   required by substitution of ‘[01m[Ktemplate<class _Tp> template<class _Arg> using _Assignable = typename std::enable_if<std::is_assignable<std::__shared_ptr<_Tp>&, _Arg>::value, std::shared_ptr<_Tp>&>::type [with _Arg = std::shared_ptr<rclcpp::Subscription<const std_msgs::msg::Int32_<std::allocator<void> >&, std::allocator<void>, rclcpp::message_memory_strategy::MessageMemoryStrategy<const std_msgs::msg::Int32_<std::allocator<void> >&, std::allocator<void> > > >; _Tp = rclcpp::Subscription<std_msgs::msg::Int32_<std::allocator<void> > >][m[K’
[22.783s] [01m[K/usr/include/c++/9/bits/shared_ptr.h:341:2:[m[K   required by substitution of ‘[01m[Ktemplate<class _Yp> std::shared_ptr<rclcpp::Subscription<std_msgs::msg::Int32_<std::allocator<void> > > >::_Assignable<std::shared_ptr<_Tp> > std::shared_ptr<rclcpp::Subscription<std_msgs::msg::Int32_<std::allocator<void> > > >::operator=<_Yp>(std::shared_ptr<_Tp>&&) [with _Yp = rclcpp::Subscription<const std_msgs::msg::Int32_<std::allocator<void> >&, std::allocator<void>, rclcpp::message_memory_strategy::MessageMemoryStrategy<const std_msgs::msg::Int32_<std::allocator<void> >&, std::allocator<void> > >][m[K’
[22.784s] [01m[K/home/mp4d/ros_motors/MyCode/path2pos/src/pos_writer.cpp:35:102:[m[K   required from here
[22.784s] [01m[K/opt/ros/foxy/include/rclcpp/any_subscription_callback.hpp:111:8:[m[K [01;31m[Kerror: [m[K‘[01m[Ktemplate<class CallbackT, typename std::enable_if<rclcpp::function_traits::same_arguments<CallbackT, std::function<void(std::shared_ptr<const std_msgs::msg::Int32_<std::allocator<void> >&>)> >::value, void>::type* <anonymous> > void rclcpp::AnySubscriptionCallback<MessageT, Alloc>::set(CallbackT) [with CallbackT = CallbackT; typename std::enable_if<rclcpp::function_traits::same_arguments<CallbackT, std::function<void(std::shared_ptr<const _Tp>)> >::value>::type* <anonymous> = <enumerator>; MessageT = const std_msgs::msg::Int32_<std::allocator<void> >&; Alloc = std::allocator<void>][m[K’ cannot be overloaded with ‘[01m[Ktemplate<class CallbackT, typename std::enable_if<rclcpp::function_traits::same_arguments<CallbackT, std::function<void(std::shared_ptr<const std_msgs::msg::Int32_<std::allocator<void> >&>)> >::value, void>::type* <anonymous> > void rclcpp::AnySubscriptionCallback<MessageT, Alloc>::set(CallbackT) [with CallbackT = CallbackT; typename std::enable_if<rclcpp::function_traits::same_arguments<CallbackT, std::function<void(std::shared_ptr<_Tp>)> >::value>::type* <anonymous> = <enumerator>; MessageT = const std_msgs::msg::Int32_<std::allocator<void> >&; Alloc = std::allocator<void>][m[K’
[22.785s]   111 |   void [01;31m[Kset[m[K(CallbackT callback)
[22.785s]       |        [01;31m[K^~~[m[K
[22.786s] [01m[K/opt/ros/foxy/include/rclcpp/any_subscription_callback.hpp:83:8:[m[K [01;36m[Knote: [m[Kprevious declaration ‘[01m[Ktemplate<class CallbackT, typename std::enable_if<rclcpp::function_traits::same_arguments<CallbackT, std::function<void(std::shared_ptr<const std_msgs::msg::Int32_<std::allocator<void> >&>)> >::value, void>::type* <anonymous> > void rclcpp::AnySubscriptionCallback<MessageT, Alloc>::set(CallbackT) [with CallbackT = CallbackT; typename std::enable_if<rclcpp::function_traits::same_arguments<CallbackT, std::function<void(std::shared_ptr<_Tp>)> >::value>::type* <anonymous> = <enumerator>; MessageT = const std_msgs::msg::Int32_<std::allocator<void> >&; Alloc = std::allocator<void>][m[K’
[22.787s]    83 |   void [01;36m[Kset[m[K(CallbackT callback)
[22.787s]       |        [01;36m[K^~~[m[K
[22.788s] [01m[K/opt/ros/foxy/include/rclcpp/any_subscription_callback.hpp:125:8:[m[K [01;31m[Kerror: [m[K‘[01m[Ktemplate<class CallbackT, typename std::enable_if<rclcpp::function_traits::same_arguments<CallbackT, std::function<void(std::shared_ptr<const std_msgs::msg::Int32_<std::allocator<void> >&>, const rclcpp::MessageInfo&)> >::value, void>::type* <anonymous> > void rclcpp::AnySubscriptionCallback<MessageT, Alloc>::set(CallbackT) [with CallbackT = CallbackT; typename std::enable_if<rclcpp::function_traits::same_arguments<CallbackT, std::function<void(std::shared_ptr<const _Tp>, const rclcpp::MessageInfo&)> >::value>::type* <anonymous> = <enumerator>; MessageT = const std_msgs::msg::Int32_<std::allocator<void> >&; Alloc = std::allocator<void>][m[K’ cannot be overloaded with ‘[01m[Ktemplate<class CallbackT, typename std::enable_if<rclcpp::function_traits::same_arguments<CallbackT, std::function<void(std::shared_ptr<const std_msgs::msg::Int32_<std::allocator<void> >&>, const rclcpp::MessageInfo&)> >::value, void>::type* <anonymous> > void rclcpp::AnySubscriptionCallback<MessageT, Alloc>::set(CallbackT) [with CallbackT = CallbackT; typename std::enable_if<rclcpp::function_traits::same_arguments<CallbackT, std::function<void(std::shared_ptr<_Tp>, const rclcpp::MessageInfo&)> >::value>::type* <anonymous> = <enumerator>; MessageT = const std_msgs::msg::Int32_<std::allocator<void> >&; Alloc = std::allocator<void>][m[K’
[22.788s]   125 |   void [01;31m[Kset[m[K(CallbackT callback)
[22.789s]       |        [01;31m[K^~~[m[K
[22.789s] [01m[K/opt/ros/foxy/include/rclcpp/any_subscription_callback.hpp:97:8:[m[K [01;36m[Knote: [m[Kprevious declaration ‘[01m[Ktemplate<class CallbackT, typename std::enable_if<rclcpp::function_traits::same_arguments<CallbackT, std::function<void(std::shared_ptr<const std_msgs::msg::Int32_<std::allocator<void> >&>, const rclcpp::MessageInfo&)> >::value, void>::type* <anonymous> > void rclcpp::AnySubscriptionCallback<MessageT, Alloc>::set(CallbackT) [with CallbackT = CallbackT; typename std::enable_if<rclcpp::function_traits::same_arguments<CallbackT, std::function<void(std::shared_ptr<_Tp>, const rclcpp::MessageInfo&)> >::value>::type* <anonymous> = <enumerator>; MessageT = const std_msgs::msg::Int32_<std::allocator<void> >&; Alloc = std::allocator<void>][m[K’
[22.790s]    97 |   void [01;36m[Kset[m[K(CallbackT callback)
[22.791s]       |        [01;36m[K^~~[m[K
[22.807s] [01m[K/home/mp4d/ros_motors/MyCode/path2pos/src/pos_writer.cpp:[m[K In constructor ‘[01m[KMinimalPublisher::MinimalPublisher()[m[K’:
[22.812s] [01m[K/home/mp4d/ros_motors/MyCode/path2pos/src/pos_writer.cpp:35:102:[m[K [01;31m[Kerror: [m[Kno match for ‘[01m[Koperator=[m[K’ (operand types are ‘[01m[Krclcpp::Subscription<std_msgs::msg::Int32_<std::allocator<void> > >::SharedPtr[m[K’ {aka ‘[01m[Kstd::shared_ptr<rclcpp::Subscription<std_msgs::msg::Int32_<std::allocator<void> > > >[m[K’} and ‘[01m[Kstd::shared_ptr<rclcpp::Subscription<const std_msgs::msg::Int32_<std::allocator<void> >&, std::allocator<void>, rclcpp::message_memory_strategy::MessageMemoryStrategy<const std_msgs::msg::Int32_<std::allocator<void> >&, std::allocator<void> > > >[m[K’)
[22.813s]    35 |         "/can_i_draw",10,std::bind(&MinimalPublisher::can_i_draw_callback,this,std::placeholders::_1)[01;31m[K)[m[K;
[22.814s]       |                                                                                                      [01;31m[K^[m[K
[22.815s] In file included from [01m[K/usr/include/c++/9/memory:81[m[K,
[22.816s]                  from [01m[K/home/mp4d/ros_motors/MyCode/path2pos/src/pos_writer.cpp:3[m[K:
[22.816s] [01m[K/usr/include/c++/9/bits/shared_ptr.h:309:19:[m[K [01;36m[Knote: [m[Kcandidate: ‘[01m[Kstd::shared_ptr<_Tp>& std::shared_ptr<_Tp>::operator=(const std::shared_ptr<_Tp>&) [with _Tp = rclcpp::Subscription<std_msgs::msg::Int32_<std::allocator<void> > >][m[K’
[22.817s]   309 |       shared_ptr& [01;36m[Koperator[m[K=(const shared_ptr&) noexcept = default;
[22.818s]       |                   [01;36m[K^~~~~~~~[m[K
[22.818s] [01m[K/usr/include/c++/9/bits/shared_ptr.h:309:29:[m[K [01;36m[Knote: [m[K  no known conversion for argument 1 from ‘[01m[Kstd::shared_ptr<rclcpp::Subscription<const std_msgs::msg::Int32_<std::allocator<void> >&, std::allocator<void>, rclcpp::message_memory_strategy::MessageMemoryStrategy<const std_msgs::msg::Int32_<std::allocator<void> >&, std::allocator<void> > > >[m[K’ to ‘[01m[Kconst std::shared_ptr<rclcpp::Subscription<std_msgs::msg::Int32_<std::allocator<void> > > >&[m[K’
[22.819s]   309 |       shared_ptr& operator=([01;36m[Kconst shared_ptr&[m[K) noexcept = default;
[22.820s]       |                             [01;36m[K^~~~~~~~~~~~~~~~~[m[K
[22.821s] [01m[K/usr/include/c++/9/bits/shared_ptr.h:313:2:[m[K [01;36m[Knote: [m[Kcandidate: ‘[01m[Ktemplate<class _Yp> std::shared_ptr<_Tp>::_Assignable<const std::shared_ptr<_Yp>&> std::shared_ptr<_Tp>::operator=(const std::shared_ptr<_Yp>&) [with _Yp = _Yp; _Tp = rclcpp::Subscription<std_msgs::msg::Int32_<std::allocator<void> > >][m[K’
[22.821s]   313 |  [01;36m[Koperator[m[K=(const shared_ptr<_Yp>& __r) noexcept
[22.822s]       |  [01;36m[K^~~~~~~~[m[K
[22.823s] [01m[K/usr/include/c++/9/bits/shared_ptr.h:313:2:[m[K [01;36m[Knote: [m[K  template argument deduction/substitution failed:
[22.823s] /usr/include/c++/9/bits/shared_ptr.h: In substitution of ‘[01m[Ktemplate<class _Tp> template<class _Arg> using _Assignable = typename std::enable_if<std::is_assignable<std::__shared_ptr<_Tp>&, _Arg>::value, std::shared_ptr<_Tp>&>::type [with _Arg = const std::shared_ptr<rclcpp::Subscription<const std_msgs::msg::Int32_<std::allocator<void> >&, std::allocator<void>, rclcpp::message_memory_strategy::MessageMemoryStrategy<const std_msgs::msg::Int32_<std::allocator<void> >&, std::allocator<void> > > >&; _Tp = rclcpp::Subscription<std_msgs::msg::Int32_<std::allocator<void> > >][m[K’:
[22.824s] [01m[K/usr/include/c++/9/bits/shared_ptr.h:313:2:[m[K   required by substitution of ‘[01m[Ktemplate<class _Yp> std::shared_ptr<rclcpp::Subscription<std_msgs::msg::Int32_<std::allocator<void> > > >::_Assignable<const std::shared_ptr<_Tp>&> std::shared_ptr<rclcpp::Subscription<std_msgs::msg::Int32_<std::allocator<void> > > >::operator=<_Yp>(const std::shared_ptr<_Tp>&) [with _Yp = rclcpp::Subscription<const std_msgs::msg::Int32_<std::allocator<void> >&, std::allocator<void>, rclcpp::message_memory_strategy::MessageMemoryStrategy<const std_msgs::msg::Int32_<std::allocator<void> >&, std::allocator<void> > >][m[K’
[22.825s] [01m[K/home/mp4d/ros_motors/MyCode/path2pos/src/pos_writer.cpp:35:102:[m[K   required from here
[22.825s] [01m[K/usr/include/c++/9/bits/shared_ptr.h:111:8:[m[K [01;31m[Kerror: [m[Kno type named ‘[01m[Ktype[m[K’ in ‘[01m[Kstruct std::enable_if<false, std::shared_ptr<rclcpp::Subscription<std_msgs::msg::Int32_<std::allocator<void> > > >&>[m[K’
[22.826s]   111 |  using [01;31m[K_Assignable[m[K = typename enable_if<
[22.826s]       |        [01;31m[K^~~~~~~~~~~[m[K
[22.827s] [01m[K/usr/include/c++/9/bits/shared_ptr.h:324:2:[m[K [01;36m[Knote: [m[Kcandidate: ‘[01m[Ktemplate<class _Yp> std::shared_ptr<_Tp>::_Assignable<std::auto_ptr<_Up> > std::shared_ptr<_Tp>::operator=(std::auto_ptr<_Up>&&) [with _Yp = _Yp; _Tp = rclcpp::Subscription<std_msgs::msg::Int32_<std::allocator<void> > >][m[K’
[22.827s]   324 |  [01;36m[Koperator[m[K=(auto_ptr<_Yp>&& __r)
[22.828s]       |  [01;36m[K^~~~~~~~[m[K
[22.829s] [01m[K/usr/include/c++/9/bits/shared_ptr.h:324:2:[m[K [01;36m[Knote: [m[K  template argument deduction/substitution failed:
[22.829s] [01m[K/home/mp4d/ros_motors/MyCode/path2pos/src/pos_writer.cpp:35:102:[m[K [01;36m[Knote: [m[K  ‘[01m[Kstd::shared_ptr<rclcpp::Subscription<const std_msgs::msg::Int32_<std::allocator<void> >&, std::allocator<void>, rclcpp::message_memory_strategy::MessageMemoryStrategy<const std_msgs::msg::Int32_<std::allocator<void> >&, std::allocator<void> > > >[m[K’ is not derived from ‘[01m[Kstd::auto_ptr<_Up>[m[K’
[22.830s]    35 |         "/can_i_draw",10,std::bind(&MinimalPublisher::can_i_draw_callback,this,std::placeholders::_1)[01;36m[K)[m[K;
[22.830s]       |                                                                                                      [01;36m[K^[m[K
[22.831s] In file included from [01m[K/usr/include/c++/9/memory:81[m[K,
[22.832s]                  from [01m[K/home/mp4d/ros_motors/MyCode/path2pos/src/pos_writer.cpp:3[m[K:
[22.832s] [01m[K/usr/include/c++/9/bits/shared_ptr.h:333:7:[m[K [01;36m[Knote: [m[Kcandidate: ‘[01m[Kstd::shared_ptr<_Tp>& std::shared_ptr<_Tp>::operator=(std::shared_ptr<_Tp>&&) [with _Tp = rclcpp::Subscription<std_msgs::msg::Int32_<std::allocator<void> > >][m[K’
[22.833s]   333 |       [01;36m[Koperator[m[K=(shared_ptr&& __r) noexcept
[22.833s]       |       [01;36m[K^~~~~~~~[m[K
[22.834s] [01m[K/usr/include/c++/9/bits/shared_ptr.h:333:30:[m[K [01;36m[Knote: [m[K  no known conversion for argument 1 from ‘[01m[Kstd::shared_ptr<rclcpp::Subscription<const std_msgs::msg::Int32_<std::allocator<void> >&, std::allocator<void>, rclcpp::message_memory_strategy::MessageMemoryStrategy<const std_msgs::msg::Int32_<std::allocator<void> >&, std::allocator<void> > > >[m[K’ to ‘[01m[Kstd::shared_ptr<rclcpp::Subscription<std_msgs::msg::Int32_<std::allocator<void> > > >&&[m[K’
[22.834s]   333 |       operator=([01;36m[Kshared_ptr&& __r[m[K) noexcept
[22.835s]       |                 [01;36m[K~~~~~~~~~~~~~^~~[m[K
[22.835s] [01m[K/usr/include/c++/9/bits/shared_ptr.h:341:2:[m[K [01;36m[Knote: [m[Kcandidate: ‘[01m[Ktemplate<class _Yp> std::shared_ptr<_Tp>::_Assignable<std::shared_ptr<_Yp> > std::shared_ptr<_Tp>::operator=(std::shared_ptr<_Yp>&&) [with _Yp = _Yp; _Tp = rclcpp::Subscription<std_msgs::msg::Int32_<std::allocator<void> > >][m[K’
[22.836s]   341 |  [01;36m[Koperator[m[K=(shared_ptr<_Yp>&& __r) noexcept
[22.837s]       |  [01;36m[K^~~~~~~~[m[K
[22.837s] [01m[K/usr/include/c++/9/bits/shared_ptr.h:341:2:[m[K [01;36m[Knote: [m[K  substitution of deduced template arguments resulted in errors seen above
[22.838s] [01m[K/usr/include/c++/9/bits/shared_ptr.h:349:2:[m[K [01;36m[Knote: [m[Kcandidate: ‘[01m[Ktemplate<class _Yp, class _Del> std::shared_ptr<_Tp>::_Assignable<std::unique_ptr<_Up, _Ep> > std::shared_ptr<_Tp>::operator=(std::unique_ptr<_Up, _Ep>&&) [with _Yp = _Yp; _Del = _Del; _Tp = rclcpp::Subscription<std_msgs::msg::Int32_<std::allocator<void> > >][m[K’
[22.838s]   349 |  [01;36m[Koperator[m[K=(unique_ptr<_Yp, _Del>&& __r)
[22.839s]       |  [01;36m[K^~~~~~~~[m[K
[22.839s] [01m[K/usr/include/c++/9/bits/shared_ptr.h:349:2:[m[K [01;36m[Knote: [m[K  template argument deduction/substitution failed:
[22.840s] [01m[K/home/mp4d/ros_motors/MyCode/path2pos/src/pos_writer.cpp:35:102:[m[K [01;36m[Knote: [m[K  ‘[01m[Kstd::shared_ptr<rclcpp::Subscription<const std_msgs::msg::Int32_<std::allocator<void> >&, std::allocator<void>, rclcpp::message_memory_strategy::MessageMemoryStrategy<const std_msgs::msg::Int32_<std::allocator<void> >&, std::allocator<void> > > >[m[K’ is not derived from ‘[01m[Kstd::unique_ptr<_Tp, _Dp>[m[K’
[22.841s]    35 |         "/can_i_draw",10,std::bind(&MinimalPublisher::can_i_draw_callback,this,std::placeholders::_1)[01;36m[K)[m[K;
[22.841s]       |                                                                                                      [01;36m[K^[m[K
[22.938s] [01m[K/home/mp4d/ros_motors/MyCode/path2pos/src/pos_writer.cpp:[m[K In member function ‘[01m[Kvoid MinimalPublisher::set_number_callback(std_msgs::msg::Int32_<std::allocator<void> >::SharedPtr)[m[K’:
[22.939s] [01m[K/home/mp4d/ros_motors/MyCode/path2pos/src/pos_writer.cpp:143:15:[m[K [01;35m[Kwarning: [m[Kunused variable ‘[01m[Kpos1[m[K’ [[01;35m[K-Wunused-variable[m[K]
[22.939s]   143 |           int [01;35m[Kpos1[m[K=(angle1+60)*1023/300;
[22.940s]       |               [01;35m[K^~~~[m[K
[27.353s] In file included from [01m[K/opt/ros/foxy/include/rclcpp/node_interfaces/node_topics_interface.hpp:32[m[K,
[27.354s]                  from [01m[K/opt/ros/foxy/include/rclcpp/node.hpp:55[m[K,
[27.355s]                  from [01m[K/opt/ros/foxy/include/rclcpp/executors/single_threaded_executor.hpp:28[m[K,
[27.356s]                  from [01m[K/opt/ros/foxy/include/rclcpp/executors.hpp:22[m[K,
[27.356s]                  from [01m[K/opt/ros/foxy/include/rclcpp/rclcpp.hpp:146[m[K,
[27.357s]                  from [01m[K/home/mp4d/ros_motors/MyCode/path2pos/src/pos_writer.cpp:10[m[K:
[27.358s] /opt/ros/foxy/include/rclcpp/subscription_factory.hpp: In instantiation of ‘[01m[Krclcpp::SubscriptionFactory rclcpp::create_subscription_factory(CallbackT&&, const rclcpp::SubscriptionOptionsWithAllocator<AllocatorT>&, typename MessageMemoryStrategyT::SharedPtr, std::shared_ptr<rclcpp::topic_statistics::SubscriptionTopicStatistics<CallbackMessageT> >) [with MessageT = std_msgs::msg::Int32_<std::allocator<void> >; CallbackT = std::_Bind<void (MinimalPublisher::*(MinimalPublisher*, std::_Placeholder<1>))(const std_msgs::msg::Int32_<std::allocator<void> >&)>; AllocatorT = std::allocator<void>; CallbackMessageT = const std_msgs::msg::Int32_<std::allocator<void> >&; SubscriptionT = rclcpp::Subscription<const std_msgs::msg::Int32_<std::allocator<void> >&, std::allocator<void>, rclcpp::message_memory_strategy::MessageMemoryStrategy<const std_msgs::msg::Int32_<std::allocator<void> >&, std::allocator<void> > >; MessageMemoryStrategyT = rclcpp::message_memory_strategy::MessageMemoryStrategy<const std_msgs::msg::Int32_<std::allocator<void> >&, std::allocator<void> >; typename MessageMemoryStrategyT::SharedPtr = std::shared_ptr<rclcpp::message_memory_strategy::MessageMemoryStrategy<const std_msgs::msg::Int32_<std::allocator<void> >&, std::allocator<void> > >][m[K’:
[27.358s] [01m[K/opt/ros/foxy/include/rclcpp/create_subscription.hpp:144:63:[m[K   required from ‘[01m[Kstd::shared_ptr<SubscriptionT> rclcpp::create_subscription(NodeT&&, const string&, const rclcpp::QoS&, CallbackT&&, const rclcpp::SubscriptionOptionsWithAllocator<AllocatorT>&, typename MessageMemoryStrategyT::SharedPtr) [with MessageT = std_msgs::msg::Int32_<std::allocator<void> >; CallbackT = std::_Bind<void (MinimalPublisher::*(MinimalPublisher*, std::_Placeholder<1>))(const std_msgs::msg::Int32_<std::allocator<void> >&)>; AllocatorT = std::allocator<void>; CallbackMessageT = const std_msgs::msg::Int32_<std::allocator<void> >&; SubscriptionT = rclcpp::Subscription<const std_msgs::msg::Int32_<std::allocator<void> >&, std::allocator<void>, rclcpp::message_memory_strategy::MessageMemoryStrategy<const std_msgs::msg::Int32_<std::allocator<void> >&, std::allocator<void> > >; MessageMemoryStrategyT = rclcpp::message_memory_strategy::MessageMemoryStrategy<const std_msgs::msg::Int32_<std::allocator<void> >&, std::allocator<void> >; NodeT = rclcpp::Node&; std::string = std::__cxx11::basic_string<char>; typename MessageMemoryStrategyT::SharedPtr = std::shared_ptr<rclcpp::message_memory_strategy::MessageMemoryStrategy<const std_msgs::msg::Int32_<std::allocator<void> >&, std::allocator<void> > >][m[K’
[27.359s] [01m[K/opt/ros/foxy/include/rclcpp/node_impl.hpp:98:47:[m[K   required from ‘[01m[Kstd::shared_ptr<SubscriptionT> rclcpp::Node::create_subscription(const string&, const rclcpp::QoS&, CallbackT&&, const rclcpp::SubscriptionOptionsWithAllocator<AllocatorT>&, typename MessageMemoryStrategyT::SharedPtr) [with MessageT = std_msgs::msg::Int32_<std::allocator<void> >; CallbackT = std::_Bind<void (MinimalPublisher::*(MinimalPublisher*, std::_Placeholder<1>))(const std_msgs::msg::Int32_<std::allocator<void> >&)>; AllocatorT = std::allocator<void>; CallbackMessageT = const std_msgs::msg::Int32_<std::allocator<void> >&; SubscriptionT = rclcpp::Subscription<const std_msgs::msg::Int32_<std::allocator<void> >&, std::allocator<void>, rclcpp::message_memory_strategy::MessageMemoryStrategy<const std_msgs::msg::Int32_<std::allocator<void> >&, std::allocator<void> > >; MessageMemoryStrategyT = rclcpp::message_memory_strategy::MessageMemoryStrategy<const std_msgs::msg::Int32_<std::allocator<void> >&, std::allocator<void> >; std::string = std::__cxx11::basic_string<char>; typename MessageMemoryStrategyT::SharedPtr = std::shared_ptr<rclcpp::message_memory_strategy::MessageMemoryStrategy<const std_msgs::msg::Int32_<std::allocator<void> >&, std::allocator<void> > >][m[K’
[27.360s] [01m[K/home/mp4d/ros_motors/MyCode/path2pos/src/pos_writer.cpp:35:102:[m[K   required from here
[27.360s] [01m[K/opt/ros/foxy/include/rclcpp/subscription_factory.hpp:97:3:[m[K [01;31m[Kerror: [m[Kno matching function for call to ‘[01m[Krclcpp::AnySubscriptionCallback<const std_msgs::msg::Int32_<std::allocator<void> >&, std::allocator<void> >::set(std::_Bind<void (MinimalPublisher::*(MinimalPublisher*, std::_Placeholder<1>))(const std_msgs::msg::Int32_<std::allocator<void> >&)>)[m[K’
[27.361s]    97 |   [01;31m[Kany_subscription_callback[m[K.set(std::forward<CallbackT>(callback));
[27.362s]       |   [01;31m[K^~~~~~~~~~~~~~~~~~~~~~~~~[m[K
[27.362s] In file included from [01m[K/opt/ros/foxy/include/rclcpp/subscription_base.hpp:29[m[K,
[27.363s]                  from [01m[K/opt/ros/foxy/include/rclcpp/callback_group.hpp:26[m[K,
[27.363s]                  from [01m[K/opt/ros/foxy/include/rclcpp/any_executable.hpp:20[m[K,
[27.364s]                  from [01m[K/opt/ros/foxy/include/rclcpp/memory_strategy.hpp:24[m[K,
[27.364s]                  from [01m[K/opt/ros/foxy/include/rclcpp/memory_strategies.hpp:18[m[K,
[27.365s]                  from [01m[K/opt/ros/foxy/include/rclcpp/executor_options.hpp:20[m[K,
[27.365s]                  from [01m[K/opt/ros/foxy/include/rclcpp/executor.hpp:33[m[K,
[27.366s]                  from [01m[K/opt/ros/foxy/include/rclcpp/executors/multi_threaded_executor.hpp:26[m[K,
[27.367s]                  from [01m[K/opt/ros/foxy/include/rclcpp/executors.hpp:21[m[K,
[27.367s]                  from [01m[K/opt/ros/foxy/include/rclcpp/rclcpp.hpp:146[m[K,
[27.368s]                  from [01m[K/home/mp4d/ros_motors/MyCode/path2pos/src/pos_writer.cpp:10[m[K:
[27.368s] [01m[K/opt/ros/foxy/include/rclcpp/any_subscription_callback.hpp:83:8:[m[K [01;36m[Knote: [m[Kcandidate: ‘[01m[Ktemplate<class CallbackT, typename std::enable_if<rclcpp::function_traits::same_arguments<CallbackT, std::function<void(std::shared_ptr<const std_msgs::msg::Int32_<std::allocator<void> >&>)> >::value, void>::type* <anonymous> > void rclcpp::AnySubscriptionCallback<MessageT, Alloc>::set(CallbackT) [with CallbackT = CallbackT; typename std::enable_if<rclcpp::function_traits::same_arguments<CallbackT, std::function<void(std::shared_ptr<_Tp>)> >::value>::type* <anonymous> = <enumerator>; MessageT = const std_msgs::msg::Int32_<std::allocator<void> >&; Alloc = std::allocator<void>][m[K’
[27.369s]    83 |   void [01;36m[Kset[m[K(CallbackT callback)
[27.370s]       |        [01;36m[K^~~[m[K
[27.370s] [01m[K/opt/ros/foxy/include/rclcpp/any_subscription_callback.hpp:83:8:[m[K [01;36m[Knote: [m[K  template argument deduction/substitution failed:
[27.371s] [01m[K/opt/ros/foxy/include/rclcpp/any_subscription_callback.hpp:81:17:[m[K [01;31m[Kerror: [m[Kno type named ‘[01m[Ktype[m[K’ in ‘[01m[Kstruct std::enable_if<false, void>[m[K’
[27.371s]    81 |     >::type * = [01;31m[Knullptr[m[K
[27.372s]       |                 [01;31m[K^~~~~~~[m[K
[27.373s] [01m[K/opt/ros/foxy/include/rclcpp/any_subscription_callback.hpp:97:8:[m[K [01;36m[Knote: [m[Kcandidate: ‘[01m[Ktemplate<class CallbackT, typename std::enable_if<rclcpp::function_traits::same_arguments<CallbackT, std::function<void(std::shared_ptr<const std_msgs::msg::Int32_<std::allocator<void> >&>, const rclcpp::MessageInfo&)> >::value, void>::type* <anonymous> > void rclcpp::AnySubscriptionCallback<MessageT, Alloc>::set(CallbackT) [with CallbackT = CallbackT; typename std::enable_if<rclcpp::function_traits::same_arguments<CallbackT, std::function<void(std::shared_ptr<_Tp>, const rclcpp::MessageInfo&)> >::value>::type* <anonymous> = <enumerator>; MessageT = const std_msgs::msg::Int32_<std::allocator<void> >&; Alloc = std::allocator<void>][m[K’
[27.373s]    97 |   void [01;36m[Kset[m[K(CallbackT callback)
[27.374s]       |        [01;36m[K^~~[m[K
[27.374s] [01m[K/opt/ros/foxy/include/rclcpp/any_subscription_callback.hpp:97:8:[m[K [01;36m[Knote: [m[K  template argument deduction/substitution failed:
[27.375s] [01m[K/opt/ros/foxy/include/rclcpp/any_subscription_callback.hpp:95:17:[m[K [01;31m[Kerror: [m[Kno type named ‘[01m[Ktype[m[K’ in ‘[01m[Kstruct std::enable_if<false, void>[m[K’
[27.375s]    95 |     >::type * = [01;31m[Knullptr[m[K
[27.376s]       |                 [01;31m[K^~~~~~~[m[K
[27.377s] [01m[K/opt/ros/foxy/include/rclcpp/any_subscription_callback.hpp:139:8:[m[K [01;36m[Knote: [m[Kcandidate: ‘[01m[Ktemplate<class CallbackT, typename std::enable_if<rclcpp::function_traits::same_arguments<CallbackT, std::function<void(std::unique_ptr<const std_msgs::msg::Int32_<std::allocator<void> >&, std::default_delete<const std_msgs::msg::Int32_<std::allocator<void> >&> >)> >::value, void>::type* <anonymous> > void rclcpp::AnySubscriptionCallback<MessageT, Alloc>::set(CallbackT) [with CallbackT = CallbackT; typename std::enable_if<rclcpp::function_traits::same_arguments<CallbackT, std::function<void(std::unique_ptr<MessageT, typename std::conditional<std::is_same<typename std::allocator_traits<typename std::allocator_traits<_Alloc>::rebind_traits<MessageT>::allocator_type>::rebind_alloc<MessageT>, typename std::allocator<void>::rebind<_Tp1>::other>::value, std::default_delete<_Tp>, rclcpp::allocator::AllocatorDeleter<typename std::allocator_traits<_Alloc>::rebind_traits<MessageT>::allocator_type> >::type>)> >::value>::type* <anonymous> = <enumerator>; MessageT = const std_msgs::msg::Int32_<std::allocator<void> >&; Alloc = std::allocator<void>][m[K’
[27.377s]   139 |   void [01;36m[Kset[m[K(CallbackT callback)
[27.378s]       |        [01;36m[K^~~[m[K
[27.378s] [01m[K/opt/ros/foxy/include/rclcpp/any_subscription_callback.hpp:139:8:[m[K [01;36m[Knote: [m[K  template argument deduction/substitution failed:
[27.379s] [01m[K/opt/ros/foxy/include/rclcpp/any_subscription_callback.hpp:137:17:[m[K [01;31m[Kerror: [m[Kno type named ‘[01m[Ktype[m[K’ in ‘[01m[Kstruct std::enable_if<false, void>[m[K’
[27.379s]   137 |     >::type * = [01;31m[Knullptr[m[K
[27.380s]       |                 [01;31m[K^~~~~~~[m[K
[27.381s] [01m[K/opt/ros/foxy/include/rclcpp/any_subscription_callback.hpp:153:8:[m[K [01;36m[Knote: [m[Kcandidate: ‘[01m[Ktemplate<class CallbackT, typename std::enable_if<rclcpp::function_traits::same_arguments<CallbackT, std::function<void(std::unique_ptr<const std_msgs::msg::Int32_<std::allocator<void> >&, std::default_delete<const std_msgs::msg::Int32_<std::allocator<void> >&> >, const rclcpp::MessageInfo&)> >::value, void>::type* <anonymous> > void rclcpp::AnySubscriptionCallback<MessageT, Alloc>::set(CallbackT) [with CallbackT = CallbackT; typename std::enable_if<rclcpp::function_traits::same_arguments<CallbackT, std::function<void(std::unique_ptr<MessageT, typename std::conditional<std::is_same<typename std::allocator_traits<typename std::allocator_traits<_Alloc>::rebind_traits<MessageT>::allocator_type>::rebind_alloc<MessageT>, typename std::allocator<void>::rebind<_Tp1>::other>::value, std::default_delete<_Tp>, rclcpp::allocator::AllocatorDeleter<typename std::allocator_traits<_Alloc>::rebind_traits<MessageT>::allocator_type> >::type>, const rclcpp::MessageInfo&)> >::value>::type* <anonymous> = <enumerator>; MessageT = const std_msgs::msg::Int32_<std::allocator<void> >&; Alloc = std::allocator<void>][m[K’
[27.381s]   153 |   void [01;36m[Kset[m[K(CallbackT callback)
[27.382s]       |        [01;36m[K^~~[m[K
[27.383s] [01m[K/opt/ros/foxy/include/rclcpp/any_subscription_callback.hpp:153:8:[m[K [01;36m[Knote: [m[K  template argument deduction/substitution failed:
[27.383s] [01m[K/opt/ros/foxy/include/rclcpp/any_subscription_callback.hpp:151:17:[m[K [01;31m[Kerror: [m[Kno type named ‘[01m[Ktype[m[K’ in ‘[01m[Kstruct std::enable_if<false, void>[m[K’
[27.384s]   151 |     >::type * = [01;31m[Knullptr[m[K
[27.384s]       |                 [01;31m[K^~~~~~~[m[K
[29.703s] In file included from [01m[K/usr/include/aarch64-linux-gnu/c++/9/bits/c++allocator.h:33[m[K,
[29.704s]                  from [01m[K/usr/include/c++/9/bits/allocator.h:46[m[K,
[29.705s]                  from [01m[K/usr/include/c++/9/string:41[m[K,
[29.707s]                  from [01m[K/usr/include/c++/9/stdexcept:39[m[K,
[29.708s]                  from [01m[K/usr/include/c++/9/array:39[m[K,
[29.709s]                  from [01m[K/usr/include/c++/9/tuple:39[m[K,
[29.709s]                  from [01m[K/usr/include/c++/9/functional:54[m[K,
[29.710s]                  from [01m[K/home/mp4d/ros_motors/MyCode/path2pos/src/pos_writer.cpp:2[m[K:
[29.710s] /usr/include/c++/9/ext/new_allocator.h: In instantiation of ‘[01m[Kclass __gnu_cxx::new_allocator<const std_msgs::msg::Int32_<std::allocator<void> >&>[m[K’:
[29.711s] [01m[K/usr/include/c++/9/bits/allocator.h:111:11:[m[K   required from ‘[01m[Kclass std::allocator<const std_msgs::msg::Int32_<std::allocator<void> >&>[m[K’
[29.712s] [01m[K/usr/include/c++/9/bits/shared_ptr_base.h:1365:63:[m[K   required by substitution of ‘[01m[Ktemplate<class _Yp> struct std::__shared_ptr<std::allocator<const std_msgs::msg::Int32_<std::allocator<void> >&>, __gnu_cxx::_S_atomic>::__has_esft_base<_Yp, std::__void_t<decltype (__enable_shared_from_this_base(declval<const std::__shared_count<__gnu_cxx::_S_atomic>&>(), declval<_Yp*>()))> > [with _Yp = std::allocator<const std_msgs::msg::Int32_<std::allocator<void> >&>][m[K’
[29.712s] [01m[K/usr/include/c++/9/bits/shared_ptr_base.h:1387:21:[m[K   required by substitution of ‘[01m[Ktemplate<class _Yp, class _Yp2> typename std::enable_if<(! std::__shared_ptr<std::allocator<const std_msgs::msg::Int32_<std::allocator<void> >&>, __gnu_cxx::_S_atomic>::__has_esft_base<_Yp2, void>::value), void>::type std::__shared_ptr<std::allocator<const std_msgs::msg::Int32_<std::allocator<void> >&>, __gnu_cxx::_S_atomic>::_M_enable_shared_from_this_with<_Yp, _Yp2>(_Yp*) [with _Yp = std::allocator<const std_msgs::msg::Int32_<std::allocator<void> >&>; _Yp2 = std::allocator<const std_msgs::msg::Int32_<std::allocator<void> >&>][m[K’
[29.713s] [01m[K/usr/include/c++/9/bits/shared_ptr_base.h:1345:4:[m[K   required from ‘[01m[Kstd::__shared_ptr<_Tp, _Lp>::__shared_ptr(std::_Sp_alloc_shared_tag<_Tp>, _Args&& ...) [with _Alloc = std::allocator<std::allocator<const std_msgs::msg::Int32_<std::allocator<void> >&> >; _Args = {std::allocator<void>&}; _Tp = std::allocator<const std_msgs::msg::Int32_<std::allocator<void> >&>; __gnu_cxx::_Lock_policy _Lp = __gnu_cxx::_S_atomic][m[K’
[29.713s] [01m[K/usr/include/c++/9/bits/shared_ptr.h:359:59:[m[K   [ skipping 2 instantiation contexts, use -ftemplate-backtrace-limit=0 to disable ]
[29.714s] [01m[K/usr/include/c++/9/bits/shared_ptr.h:717:39:[m[K   required from ‘[01m[Kstd::shared_ptr<_Tp> std::make_shared(_Args&& ...) [with _Tp = std::allocator<const std_msgs::msg::Int32_<std::allocator<void> >&>; _Args = {std::allocator<void>&}][m[K’
[29.715s] [01m[K/opt/ros/foxy/include/rclcpp/any_subscription_callback.hpp:68:56:[m[K   required from ‘[01m[Krclcpp::AnySubscriptionCallback<MessageT, Alloc>::AnySubscriptionCallback(std::shared_ptr<_Tp>) [with MessageT = const std_msgs::msg::Int32_<std::allocator<void> >&; Alloc = std::allocator<void>][m[K’
[29.716s] [01m[K/opt/ros/foxy/include/rclcpp/subscription_factory.hpp:96:57:[m[K   required from ‘[01m[Krclcpp::SubscriptionFactory rclcpp::create_subscription_factory(CallbackT&&, const rclcpp::SubscriptionOptionsWithAllocator<AllocatorT>&, typename MessageMemoryStrategyT::SharedPtr, std::shared_ptr<rclcpp::topic_statistics::SubscriptionTopicStatistics<CallbackMessageT> >) [with MessageT = std_msgs::msg::Int32_<std::allocator<void> >; CallbackT = std::_Bind<void (MinimalPublisher::*(MinimalPublisher*, std::_Placeholder<1>))(const std_msgs::msg::Int32_<std::allocator<void> >&)>; AllocatorT = std::allocator<void>; CallbackMessageT = const std_msgs::msg::Int32_<std::allocator<void> >&; SubscriptionT = rclcpp::Subscription<const std_msgs::msg::Int32_<std::allocator<void> >&, std::allocator<void>, rclcpp::message_memory_strategy::MessageMemoryStrategy<const std_msgs::msg::Int32_<std::allocator<void> >&, std::allocator<void> > >; MessageMemoryStrategyT = rclcpp::message_memory_strategy::MessageMemoryStrategy<const std_msgs::msg::Int32_<std::allocator<void> >&, std::allocator<void> >; typename MessageMemoryStrategyT::SharedPtr = std::shared_ptr<rclcpp::message_memory_strategy::MessageMemoryStrategy<const std_msgs::msg::Int32_<std::allocator<void> >&, std::allocator<void> > >][m[K’
[29.716s] [01m[K/opt/ros/foxy/include/rclcpp/create_subscription.hpp:144:63:[m[K   required from ‘[01m[Kstd::shared_ptr<SubscriptionT> rclcpp::create_subscription(NodeT&&, const string&, const rclcpp::QoS&, CallbackT&&, const rclcpp::SubscriptionOptionsWithAllocator<AllocatorT>&, typename MessageMemoryStrategyT::SharedPtr) [with MessageT = std_msgs::msg::Int32_<std::allocator<void> >; CallbackT = std::_Bind<void (MinimalPublisher::*(MinimalPublisher*, std::_Placeholder<1>))(const std_msgs::msg::Int32_<std::allocator<void> >&)>; AllocatorT = std::allocator<void>; CallbackMessageT = const std_msgs::msg::Int32_<std::allocator<void> >&; SubscriptionT = rclcpp::Subscription<const std_msgs::msg::Int32_<std::allocator<void> >&, std::allocator<void>, rclcpp::message_memory_strategy::MessageMemoryStrategy<const std_msgs::msg::Int32_<std::allocator<void> >&, std::allocator<void> > >; MessageMemoryStrategyT = rclcpp::message_memory_strategy::MessageMemoryStrategy<const std_msgs::msg::Int32_<std::allocator<void> >&, std::allocator<void> >; NodeT = rclcpp::Node&; std::string = std::__cxx11::basic_string<char>; typename MessageMemoryStrategyT::SharedPtr = std::shared_ptr<rclcpp::message_memory_strategy::MessageMemoryStrategy<const std_msgs::msg::Int32_<std::allocator<void> >&, std::allocator<void> > >][m[K’
[29.717s] [01m[K/opt/ros/foxy/include/rclcpp/node_impl.hpp:98:47:[m[K   required from ‘[01m[Kstd::shared_ptr<SubscriptionT> rclcpp::Node::create_subscription(const string&, const rclcpp::QoS&, CallbackT&&, const rclcpp::SubscriptionOptionsWithAllocator<AllocatorT>&, typename MessageMemoryStrategyT::SharedPtr) [with MessageT = std_msgs::msg::Int32_<std::allocator<void> >; CallbackT = std::_Bind<void (MinimalPublisher::*(MinimalPublisher*, std::_Placeholder<1>))(const std_msgs::msg::Int32_<std::allocator<void> >&)>; AllocatorT = std::allocator<void>; CallbackMessageT = const std_msgs::msg::Int32_<std::allocator<void> >&; SubscriptionT = rclcpp::Subscription<const std_msgs::msg::Int32_<std::allocator<void> >&, std::allocator<void>, rclcpp::message_memory_strategy::MessageMemoryStrategy<const std_msgs::msg::Int32_<std::allocator<void> >&, std::allocator<void> > >; MessageMemoryStrategyT = rclcpp::message_memory_strategy::MessageMemoryStrategy<const std_msgs::msg::Int32_<std::allocator<void> >&, std::allocator<void> >; std::string = std::__cxx11::basic_string<char>; typename MessageMemoryStrategyT::SharedPtr = std::shared_ptr<rclcpp::message_memory_strategy::MessageMemoryStrategy<const std_msgs::msg::Int32_<std::allocator<void> >&, std::allocator<void> > >][m[K’
[29.718s] [01m[K/home/mp4d/ros_motors/MyCode/path2pos/src/pos_writer.cpp:35:102:[m[K   required from here
[29.718s] [01m[K/usr/include/c++/9/ext/new_allocator.h:63:26:[m[K [01;31m[Kerror: [m[Kforming pointer to reference type ‘[01m[Kconst std_msgs::msg::Int32_<std::allocator<void> >&[m[K’
[29.719s]    63 |       typedef _Tp*       [01;31m[Kpointer[m[K;
[29.719s]       |                          [01;31m[K^~~~~~~[m[K
[29.720s] [01m[K/usr/include/c++/9/ext/new_allocator.h:64:26:[m[K [01;31m[Kerror: [m[Kforming pointer to reference type ‘[01m[Kconst std_msgs::msg::Int32_<std::allocator<void> >&[m[K’
[29.721s]    64 |       typedef const _Tp* [01;31m[Kconst_pointer[m[K;
[29.721s]       |                          [01;31m[K^~~~~~~~~~~~~[m[K
[29.722s] In file included from [01m[K/usr/include/c++/9/string:41[m[K,
[29.722s]                  from [01m[K/usr/include/c++/9/stdexcept:39[m[K,
[29.723s]                  from [01m[K/usr/include/c++/9/array:39[m[K,
[29.724s]                  from [01m[K/usr/include/c++/9/tuple:39[m[K,
[29.724s]                  from [01m[K/usr/include/c++/9/functional:54[m[K,
[29.725s]                  from [01m[K/home/mp4d/ros_motors/MyCode/path2pos/src/pos_writer.cpp:2[m[K:
[29.725s] /usr/include/c++/9/bits/allocator.h: In instantiation of ‘[01m[Kclass std::allocator<const std_msgs::msg::Int32_<std::allocator<void> >&>[m[K’:
[29.726s] [01m[K/usr/include/c++/9/bits/shared_ptr_base.h:1365:63:[m[K   required by substitution of ‘[01m[Ktemplate<class _Yp> struct std::__shared_ptr<std::allocator<const std_msgs::msg::Int32_<std::allocator<void> >&>, __gnu_cxx::_S_atomic>::__has_esft_base<_Yp, std::__void_t<decltype (__enable_shared_from_this_base(declval<const std::__shared_count<__gnu_cxx::_S_atomic>&>(), declval<_Yp*>()))> > [with _Yp = std::allocator<const std_msgs::msg::Int32_<std::allocator<void> >&>][m[K’
[29.727s] [01m[K/usr/include/c++/9/bits/shared_ptr_base.h:1387:21:[m[K   required by substitution of ‘[01m[Ktemplate<class _Yp, class _Yp2> typename std::enable_if<(! std::__shared_ptr<std::allocator<const std_msgs::msg::Int32_<std::allocator<void> >&>, __gnu_cxx::_S_atomic>::__has_esft_base<_Yp2, void>::value), void>::type std::__shared_ptr<std::allocator<const std_msgs::msg::Int32_<std::allocator<void> >&>, __gnu_cxx::_S_atomic>::_M_enable_shared_from_this_with<_Yp, _Yp2>(_Yp*) [with _Yp = std::allocator<const std_msgs::msg::Int32_<std::allocator<void> >&>; _Yp2 = std::allocator<const std_msgs::msg::Int32_<std::allocator<void> >&>][m[K’
[29.727s] [01m[K/usr/include/c++/9/bits/shared_ptr_base.h:1345:4:[m[K   required from ‘[01m[Kstd::__shared_ptr<_Tp, _Lp>::__shared_ptr(std::_Sp_alloc_shared_tag<_Tp>, _Args&& ...) [with _Alloc = std::allocator<std::allocator<const std_msgs::msg::Int32_<std::allocator<void> >&> >; _Args = {std::allocator<void>&}; _Tp = std::allocator<const std_msgs::msg::Int32_<std::allocator<void> >&>; __gnu_cxx::_Lock_policy _Lp = __gnu_cxx::_S_atomic][m[K’
[29.728s] [01m[K/usr/include/c++/9/bits/shared_ptr.h:359:59:[m[K   required from ‘[01m[Kstd::shared_ptr<_Tp>::shared_ptr(std::_Sp_alloc_shared_tag<_Tp>, _Args&& ...) [with _Alloc = std::allocator<std::allocator<const std_msgs::msg::Int32_<std::allocator<void> >&> >; _Args = {std::allocator<void>&}; _Tp = std::allocator<const std_msgs::msg::Int32_<std::allocator<void> >&>][m[K’
[29.728s] [01m[K/usr/include/c++/9/bits/shared_ptr.h:701:14:[m[K   required from ‘[01m[Kstd::shared_ptr<_Tp> std::allocate_shared(const _Alloc&, _Args&& ...) [with _Tp = std::allocator<const std_msgs::msg::Int32_<std::allocator<void> >&>; _Alloc = std::allocator<std::allocator<const std_msgs::msg::Int32_<std::allocator<void> >&> >; _Args = {std::allocator<void>&}][m[K’
[29.729s] [01m[K/usr/include/c++/9/bits/shared_ptr.h:717:39:[m[K   required from ‘[01m[Kstd::shared_ptr<_Tp> std::make_shared(_Args&& ...) [with _Tp = std::allocator<const std_msgs::msg::Int32_<std::allocator<void> >&>; _Args = {std::allocator<void>&}][m[K’
[29.730s] [01m[K/opt/ros/foxy/include/rclcpp/any_subscription_callback.hpp:68:56:[m[K   required from ‘[01m[Krclcpp::AnySubscriptionCallback<MessageT, Alloc>::AnySubscriptionCallback(std::shared_ptr<_Tp>) [with MessageT = const std_msgs::msg::Int32_<std::allocator<void> >&; Alloc = std::allocator<void>][m[K’
[29.730s] [01m[K/opt/ros/foxy/include/rclcpp/subscription_factory.hpp:96:57:[m[K   required from ‘[01m[Krclcpp::SubscriptionFactory rclcpp::create_subscription_factory(CallbackT&&, const rclcpp::SubscriptionOptionsWithAllocator<AllocatorT>&, typename MessageMemoryStrategyT::SharedPtr, std::shared_ptr<rclcpp::topic_statistics::SubscriptionTopicStatistics<CallbackMessageT> >) [with MessageT = std_msgs::msg::Int32_<std::allocator<void> >; CallbackT = std::_Bind<void (MinimalPublisher::*(MinimalPublisher*, std::_Placeholder<1>))(const std_msgs::msg::Int32_<std::allocator<void> >&)>; AllocatorT = std::allocator<void>; CallbackMessageT = const std_msgs::msg::Int32_<std::allocator<void> >&; SubscriptionT = rclcpp::Subscription<const std_msgs::msg::Int32_<std::allocator<void> >&, std::allocator<void>, rclcpp::message_memory_strategy::MessageMemoryStrategy<const std_msgs::msg::Int32_<std::allocator<void> >&, std::allocator<void> > >; MessageMemoryStrategyT = rclcpp::message_memory_strategy::MessageMemoryStrategy<const std_msgs::msg::Int32_<std::allocator<void> >&, std::allocator<void> >; typename MessageMemoryStrategyT::SharedPtr = std::shared_ptr<rclcpp::message_memory_strategy::MessageMemoryStrategy<const std_msgs::msg::Int32_<std::allocator<void> >&, std::allocator<void> > >][m[K’
[29.731s] [01m[K/opt/ros/foxy/include/rclcpp/create_subscription.hpp:144:63:[m[K   required from ‘[01m[Kstd::shared_ptr<SubscriptionT> rclcpp::create_subscription(NodeT&&, const string&, const rclcpp::QoS&, CallbackT&&, const rclcpp::SubscriptionOptionsWithAllocator<AllocatorT>&, typename MessageMemoryStrategyT::SharedPtr) [with MessageT = std_msgs::msg::Int32_<std::allocator<void> >; CallbackT = std::_Bind<void (MinimalPublisher::*(MinimalPublisher*, std::_Placeholder<1>))(const std_msgs::msg::Int32_<std::allocator<void> >&)>; AllocatorT = std::allocator<void>; CallbackMessageT = const std_msgs::msg::Int32_<std::allocator<void> >&; SubscriptionT = rclcpp::Subscription<const std_msgs::msg::Int32_<std::allocator<void> >&, std::allocator<void>, rclcpp::message_memory_strategy::MessageMemoryStrategy<const std_msgs::msg::Int32_<std::allocator<void> >&, std::allocator<void> > >; MessageMemoryStrategyT = rclcpp::message_memory_strategy::MessageMemoryStrategy<const std_msgs::msg::Int32_<std::allocator<void> >&, std::allocator<void> >; NodeT = rclcpp::Node&; std::string = std::__cxx11::basic_string<char>; typename MessageMemoryStrategyT::SharedPtr = std::shared_ptr<rclcpp::message_memory_strategy::MessageMemoryStrategy<const std_msgs::msg::Int32_<std::allocator<void> >&, std::allocator<void> > >][m[K’
[29.732s] [01m[K/opt/ros/foxy/include/rclcpp/node_impl.hpp:98:47:[m[K   required from ‘[01m[Kstd::shared_ptr<SubscriptionT> rclcpp::Node::create_subscription(const string&, const rclcpp::QoS&, CallbackT&&, const rclcpp::SubscriptionOptionsWithAllocator<AllocatorT>&, typename MessageMemoryStrategyT::SharedPtr) [with MessageT = std_msgs::msg::Int32_<std::allocator<void> >; CallbackT = std::_Bind<void (MinimalPublisher::*(MinimalPublisher*, std::_Placeholder<1>))(const std_msgs::msg::Int32_<std::allocator<void> >&)>; AllocatorT = std::allocator<void>; CallbackMessageT = const std_msgs::msg::Int32_<std::allocator<void> >&; SubscriptionT = rclcpp::Subscription<const std_msgs::msg::Int32_<std::allocator<void> >&, std::allocator<void>, rclcpp::message_memory_strategy::MessageMemoryStrategy<const std_msgs::msg::Int32_<std::allocator<void> >&, std::allocator<void> > >; MessageMemoryStrategyT = rclcpp::message_memory_strategy::MessageMemoryStrategy<const std_msgs::msg::Int32_<std::allocator<void> >&, std::allocator<void> >; std::string = std::__cxx11::basic_string<char>; typename MessageMemoryStrategyT::SharedPtr = std::shared_ptr<rclcpp::message_memory_strategy::MessageMemoryStrategy<const std_msgs::msg::Int32_<std::allocator<void> >&, std::allocator<void> > >][m[K’
[29.732s] [01m[K/home/mp4d/ros_motors/MyCode/path2pos/src/pos_writer.cpp:35:102:[m[K   required from here
[29.733s] [01m[K/usr/include/c++/9/bits/allocator.h:116:26:[m[K [01;31m[Kerror: [m[Kforming pointer to reference type ‘[01m[Kconst std_msgs::msg::Int32_<std::allocator<void> >&[m[K’
[29.734s]   116 |       typedef _Tp*       [01;31m[Kpointer[m[K;
[29.734s]       |                          [01;31m[K^~~~~~~[m[K
[29.735s] [01m[K/usr/include/c++/9/bits/allocator.h:117:26:[m[K [01;31m[Kerror: [m[Kforming pointer to reference type ‘[01m[Kconst std_msgs::msg::Int32_<std::allocator<void> >&[m[K’
[29.735s]   117 |       typedef const _Tp* [01;31m[Kconst_pointer[m[K;
[29.736s]       |                          [01;31m[K^~~~~~~~~~~~~[m[K
[34.309s] In file included from [01m[K/usr/include/c++/9/bits/shared_ptr.h:52[m[K,
[34.311s]                  from [01m[K/usr/include/c++/9/memory:81[m[K,
[34.312s]                  from [01m[K/home/mp4d/ros_motors/MyCode/path2pos/src/pos_writer.cpp:3[m[K:
[34.313s] /usr/include/c++/9/bits/shared_ptr_base.h: In instantiation of ‘[01m[Kclass std::__shared_ptr_access<const std_msgs::msg::Int32_<std::allocator<void> >&, __gnu_cxx::_S_atomic, false, false>[m[K’:
[34.313s] [01m[K/usr/include/c++/9/bits/shared_ptr_base.h:1080:11:[m[K   required from ‘[01m[Kclass std::__shared_ptr<const std_msgs::msg::Int32_<std::allocator<void> >&, __gnu_cxx::_S_atomic>[m[K’
[34.314s] [01m[K/opt/ros/foxy/include/rclcpp/message_memory_strategy.hpp:85:37:[m[K   recursively required from ‘[01m[Kstd::shared_ptr<_Tp> rclcpp::message_memory_strategy::MessageMemoryStrategy<MessageT, Alloc>::borrow_message() [with MessageT = const std_msgs::msg::Int32_<std::allocator<void> >&; Alloc = std::allocator<void>][m[K’
[34.315s] [01m[K/opt/ros/foxy/include/rclcpp/message_memory_strategy.hpp:85:37:[m[K   required from here
[34.316s] [01m[K/usr/include/c++/9/bits/shared_ptr_base.h:1012:7:[m[K [01;31m[Kerror: [m[Kforming pointer to reference type ‘[01m[Kstd::__shared_ptr_access<const std_msgs::msg::Int32_<std::allocator<void> >&, __gnu_cxx::_S_atomic, false, false>::element_type[m[K’ {aka ‘[01m[Kconst std_msgs::msg::Int32_<std::allocator<void> >&[m[K’}
[34.316s]  1012 |       [01;31m[Koperator[m[K->() const noexcept
[34.317s]       |       [01;31m[K^~~~~~~~[m[K
[34.317s] [01m[K/usr/include/c++/9/bits/shared_ptr_base.h:1020:7:[m[K [01;31m[Kerror: [m[Kforming pointer to reference type ‘[01m[Kstd::__shared_ptr_access<const std_msgs::msg::Int32_<std::allocator<void> >&, __gnu_cxx::_S_atomic, false, false>::element_type[m[K’ {aka ‘[01m[Kconst std_msgs::msg::Int32_<std::allocator<void> >&[m[K’}
[34.318s]  1020 |       [01;31m[K_M_get[m[K() const noexcept
[34.318s]       |       [01;31m[K^~~~~~[m[K
[34.319s] /usr/include/c++/9/bits/shared_ptr_base.h: In instantiation of ‘[01m[Kclass std::__shared_ptr<const std_msgs::msg::Int32_<std::allocator<void> >&, __gnu_cxx::_S_atomic>[m[K’:
[34.319s] [01m[K/opt/ros/foxy/include/rclcpp/message_memory_strategy.hpp:85:37:[m[K   recursively required from ‘[01m[Kstd::shared_ptr<_Tp> rclcpp::message_memory_strategy::MessageMemoryStrategy<MessageT, Alloc>::borrow_message() [with MessageT = const std_msgs::msg::Int32_<std::allocator<void> >&; Alloc = std::allocator<void>][m[K’
[34.320s] [01m[K/opt/ros/foxy/include/rclcpp/message_memory_strategy.hpp:85:37:[m[K   required from here
[34.321s] [01m[K/usr/include/c++/9/bits/shared_ptr_base.h:1094:8:[m[K [01;31m[Kerror: [m[Kforming pointer to reference type ‘[01m[Kconst std_msgs::msg::Int32_<std::allocator<void> >&[m[K’
[34.322s]  1094 |  using [01;31m[K_Compatible[m[K = typename
[34.322s]       |        [01;31m[K^~~~~~~~~~~[m[K
[34.323s] [01m[K/usr/include/c++/9/bits/shared_ptr_base.h:1104:8:[m[K [01;31m[Kerror: [m[Kforming pointer to reference type ‘[01m[Kconst std_msgs::msg::Int32_<std::allocator<void> >&[m[K’
[34.324s]  1104 |  using [01;31m[K_UniqCompatible[m[K = typename enable_if<__and_<
[34.324s]       |        [01;31m[K^~~~~~~~~~~~~~~[m[K
[34.325s] [01m[K/usr/include/c++/9/bits/shared_ptr_base.h:1162:2:[m[K [01;31m[Kerror: [m[Kforming pointer to reference type ‘[01m[Kstd::__shared_ptr<const std_msgs::msg::Int32_<std::allocator<void> >&, __gnu_cxx::_S_atomic>::element_type[m[K’ {aka ‘[01m[Kconst std_msgs::msg::Int32_<std::allocator<void> >&[m[K’}
[34.326s]  1162 |  [01;31m[K__shared_ptr[m[K(const __shared_ptr<_Yp, _Lp>& __r,
[34.326s]       |  [01;31m[K^~~~~~~~~~~~[m[K
[34.327s] /usr/include/c++/9/bits/shared_ptr_base.h: In substitution of ‘[01m[Ktemplate<class _Tp, __gnu_cxx::_Lock_policy _Lp> template<class _Yp, class _Res> using _Compatible = typename std::enable_if<std::__sp_compatible_with<_Yp*, _Tp*>::value, _Res>::type [with _Yp = _Yp; _Res = void; _Tp = const std_msgs::msg::Int32_<std::allocator<void> >&; __gnu_cxx::_Lock_policy _Lp = __gnu_cxx::_S_atomic][m[K’:
[34.328s] [01m[K/usr/include/c++/9/bits/shared_ptr_base.h:1172:2:[m[K   required from ‘[01m[Kclass std::__shared_ptr<const std_msgs::msg::Int32_<std::allocator<void> >&, __gnu_cxx::_S_atomic>[m[K’
[34.329s] [01m[K/opt/ros/foxy/include/rclcpp/message_memory_strategy.hpp:85:37:[m[K   recursively required from ‘[01m[Kstd::shared_ptr<_Tp> rclcpp::message_memory_strategy::MessageMemoryStrategy<MessageT, Alloc>::borrow_message() [with MessageT = const std_msgs::msg::Int32_<std::allocator<void> >&; Alloc = std::allocator<void>][m[K’
[34.330s] [01m[K/opt/ros/foxy/include/rclcpp/message_memory_strategy.hpp:85:37:[m[K   required from here
[34.330s] [01m[K/usr/include/c++/9/bits/shared_ptr_base.h:1094:8:[m[K [01;31m[Kerror: [m[Kforming pointer to reference type ‘[01m[Kconst std_msgs::msg::Int32_<std::allocator<void> >&[m[K’
[34.331s]  1094 |  using [01;31m[K_Compatible[m[K = typename
[34.332s]       |        [01;31m[K^~~~~~~~~~~[m[K
[34.332s] /usr/include/c++/9/bits/shared_ptr_base.h: In substitution of ‘[01m[Ktemplate<class _Tp, __gnu_cxx::_Lock_policy _Lp> template<class _Yp, class _Del, class _Res, class _Ptr> using _UniqCompatible = typename std::enable_if<std::__and_<std::__sp_compatible_with<_Yp*, _Tp*>, std::is_convertible<_Ptr, typename std::remove_extent<_Up>::type*> >::value, _Res>::type [with _Yp = _Yp; _Del = _Del; _Res = void; _Ptr = typename std::unique_ptr<_Tp, _Dp>::pointer; _Tp = const std_msgs::msg::Int32_<std::allocator<void> >&; __gnu_cxx::_Lock_policy _Lp = __gnu_cxx::_S_atomic][m[K’:
[34.333s] [01m[K/usr/include/c++/9/bits/shared_ptr_base.h:1203:2:[m[K   required from ‘[01m[Kclass std::__shared_ptr<const std_msgs::msg::Int32_<std::allocator<void> >&, __gnu_cxx::_S_atomic>[m[K’
[34.333s] [01m[K/opt/ros/foxy/include/rclcpp/message_memory_strategy.hpp:85:37:[m[K   recursively required from ‘[01m[Kstd::shared_ptr<_Tp> rclcpp::message_memory_strategy::MessageMemoryStrategy<MessageT, Alloc>::borrow_message() [with MessageT = const std_msgs::msg::Int32_<std::allocator<void> >&; Alloc = std::allocator<void>][m[K’
[34.334s] [01m[K/opt/ros/foxy/include/rclcpp/message_memory_strategy.hpp:85:37:[m[K   required from here
[34.335s] [01m[K/usr/include/c++/9/bits/shared_ptr_base.h:1104:8:[m[K [01;31m[Kerror: [m[Kforming pointer to reference type ‘[01m[Kconst std_msgs::msg::Int32_<std::allocator<void> >&[m[K’
[34.335s]  1104 |  using [01;31m[K_UniqCompatible[m[K = typename enable_if<__and_<
[34.336s]       |        [01;31m[K^~~~~~~~~~~~~~~[m[K
[34.336s] /usr/include/c++/9/bits/shared_ptr_base.h: In instantiation of ‘[01m[Kclass std::__shared_ptr<const std_msgs::msg::Int32_<std::allocator<void> >&, __gnu_cxx::_S_atomic>[m[K’:
[34.337s] [01m[K/opt/ros/foxy/include/rclcpp/message_memory_strategy.hpp:85:37:[m[K   recursively required from ‘[01m[Kstd::shared_ptr<_Tp> rclcpp::message_memory_strategy::MessageMemoryStrategy<MessageT, Alloc>::borrow_message() [with MessageT = const std_msgs::msg::Int32_<std::allocator<void> >&; Alloc = std::allocator<void>][m[K’
[34.338s] [01m[K/opt/ros/foxy/include/rclcpp/message_memory_strategy.hpp:85:37:[m[K   required from here
[34.338s] [01m[K/usr/include/c++/9/bits/shared_ptr_base.h:1219:2:[m[K [01;31m[Kerror: [m[Kforming pointer to reference type ‘[01m[Kconst std_msgs::msg::Int32_<std::allocator<void> >&[m[K’
[34.339s]  1219 |  [01;31m[K__shared_ptr[m[K(unique_ptr<_Tp1, _Del>&& __r, __sp_array_delete)
[34.339s]       |  [01;31m[K^~~~~~~~~~~~[m[K
[34.340s] [01m[K/usr/include/c++/9/bits/shared_ptr_base.h:1309:7:[m[K [01;31m[Kerror: [m[Kforming pointer to reference type ‘[01m[Kstd::__shared_ptr<const std_msgs::msg::Int32_<std::allocator<void> >&, __gnu_cxx::_S_atomic>::element_type[m[K’ {aka ‘[01m[Kconst std_msgs::msg::Int32_<std::allocator<void> >&[m[K’}
[34.341s]  1309 |       [01;31m[Kget[m[K() const noexcept
[34.341s]       |       [01;31m[K^~~[m[K
[34.342s] [01m[K/usr/include/c++/9/bits/shared_ptr_base.h:1404:24:[m[K [01;31m[Kerror: [m[Kforming pointer to reference type ‘[01m[Kstd::__shared_ptr<const std_msgs::msg::Int32_<std::allocator<void> >&, __gnu_cxx::_S_atomic>::element_type[m[K’ {aka ‘[01m[Kconst std_msgs::msg::Int32_<std::allocator<void> >&[m[K’}
[34.342s]  1404 |       element_type*    [01;31m[K_M_ptr[m[K;         // Contained pointer.
[34.343s]       |                        [01;31m[K^~~~~~[m[K
[34.344s] In file included from [01m[K/usr/include/c++/9/memory:81[m[K,
[34.344s]                  from [01m[K/home/mp4d/ros_motors/MyCode/path2pos/src/pos_writer.cpp:3[m[K:
[34.345s] /usr/include/c++/9/bits/shared_ptr.h: In instantiation of ‘[01m[Kclass std::shared_ptr<const std_msgs::msg::Int32_<std::allocator<void> >&>[m[K’:
[34.346s] [01m[K/opt/ros/foxy/include/rclcpp/message_memory_strategy.hpp:85:37:[m[K   recursively required from ‘[01m[Kstd::shared_ptr<_Tp> rclcpp::message_memory_strategy::MessageMemoryStrategy<MessageT, Alloc>::borrow_message() [with MessageT = const std_msgs::msg::Int32_<std::allocator<void> >&; Alloc = std::allocator<void>][m[K’
[34.346s] [01m[K/opt/ros/foxy/include/rclcpp/message_memory_strategy.hpp:85:37:[m[K   required from here
[34.347s] [01m[K/usr/include/c++/9/bits/shared_ptr.h:234:2:[m[K [01;31m[Kerror: [m[Kforming pointer to reference type ‘[01m[Kstd::shared_ptr<const std_msgs::msg::Int32_<std::allocator<void> >&>::element_type[m[K’ {aka ‘[01m[Kconst std_msgs::msg::Int32_<std::allocator<void> >&[m[K’}
[34.347s]   234 |  [01;31m[Kshared_ptr[m[K(const shared_ptr<_Yp>& __r, element_type* __p) noexcept
[34.348s]       |  [01;31m[K^~~~~~~~~~[m[K
[34.532s] In file included from [01m[K/usr/include/c++/9/bits/shared_ptr.h:52[m[K,
[34.533s]                  from [01m[K/usr/include/c++/9/memory:81[m[K,
[34.534s]                  from [01m[K/home/mp4d/ros_motors/MyCode/path2pos/src/pos_writer.cpp:3[m[K:
[34.535s] /usr/include/c++/9/bits/shared_ptr_base.h: In instantiation of ‘[01m[Kconstexpr std::__shared_ptr<_Tp, _Lp>::__shared_ptr() [with _Tp = const std_msgs::msg::Int32_<std::allocator<void> >&; __gnu_cxx::_Lock_policy _Lp = __gnu_cxx::_S_atomic][m[K’:
[34.535s] [01m[K/usr/include/c++/9/bits/shared_ptr_base.h:1287:9:[m[K   required from ‘[01m[Kvoid std::__shared_ptr<_Tp, _Lp>::reset() [with _Tp = const std_msgs::msg::Int32_<std::allocator<void> >&; __gnu_cxx::_Lock_policy _Lp = __gnu_cxx::_S_atomic][m[K’
[34.536s] [01m[K/opt/ros/foxy/include/rclcpp/message_memory_strategy.hpp:109:5:[m[K   required from ‘[01m[Kvoid rclcpp::message_memory_strategy::MessageMemoryStrategy<MessageT, Alloc>::return_message(std::shared_ptr<_Tp>&) [with MessageT = const std_msgs::msg::Int32_<std::allocator<void> >&; Alloc = std::allocator<void>][m[K’
[34.536s] [01m[K/opt/ros/foxy/include/rclcpp/message_memory_strategy.hpp:107:16:[m[K   required from here
[34.537s] [01m[K/usr/include/c++/9/bits/shared_ptr_base.h:1119:32:[m[K [01;31m[Kerror: [m[Kusing invalid field ‘[01m[Kstd::__shared_ptr<_Tp, _Lp>::_M_ptr[m[K’
[34.538s]  1119 |       : _M_ptr(0), _M_refcount([01;31m[K)[m[K
[34.538s]       |                                [01;31m[K^[m[K
[34.539s] /usr/include/c++/9/bits/shared_ptr_base.h: In instantiation of ‘[01m[Kvoid std::__shared_ptr<_Tp, _Lp>::swap(std::__shared_ptr<_Tp, _Lp>&) [with _Tp = const std_msgs::msg::Int32_<std::allocator<void> >&; __gnu_cxx::_Lock_policy _Lp = __gnu_cxx::_S_atomic][m[K’:
[34.539s] [01m[K/usr/include/c++/9/bits/shared_ptr_base.h:1287:24:[m[K   required from ‘[01m[Kvoid std::__shared_ptr<_Tp, _Lp>::reset() [with _Tp = const std_msgs::msg::Int32_<std::allocator<void> >&; __gnu_cxx::_Lock_policy _Lp = __gnu_cxx::_S_atomic][m[K’
[34.540s] [01m[K/opt/ros/foxy/include/rclcpp/message_memory_strategy.hpp:109:5:[m[K   required from ‘[01m[Kvoid rclcpp::message_memory_strategy::MessageMemoryStrategy<MessageT, Alloc>::return_message(std::shared_ptr<_Tp>&) [with MessageT = const std_msgs::msg::Int32_<std::allocator<void> >&; Alloc = std::allocator<void>][m[K’
[34.541s] [01m[K/opt/ros/foxy/include/rclcpp/message_memory_strategy.hpp:107:16:[m[K   required from here
[34.541s] [01m[K/usr/include/c++/9/bits/shared_ptr_base.h:1326:12:[m[K [01;31m[Kerror: [m[Kusing invalid field ‘[01m[Kstd::__shared_ptr<_Tp, _Lp>::_M_ptr[m[K’
[34.542s]  1326 |  std::swap([01;31m[K_M_ptr[m[K, __other._M_ptr);
[34.542s]       |            [01;31m[K^~~~~~[m[K
[34.543s] [01m[K/usr/include/c++/9/bits/shared_ptr_base.h:1326:28:[m[K [01;31m[Kerror: [m[K‘[01m[Kclass std::__shared_ptr<const std_msgs::msg::Int32_<std::allocator<void> >&, __gnu_cxx::_S_atomic>[m[K’ has no member named ‘[01m[K_M_ptr[m[K’
[34.544s]  1326 |  std::swap(_M_ptr, [01;31m[K__other._M_ptr[m[K);
[34.544s]       |                    [01;31m[K~~~~~~~~^~~~~~[m[K
[34.838s] In file included from [01m[K/usr/include/c++/9/functional:59[m[K,
[34.840s]                  from [01m[K/home/mp4d/ros_motors/MyCode/path2pos/src/pos_writer.cpp:2[m[K:
[34.840s] [01m[K/usr/include/c++/9/bits/std_function.h:[m[K At global scope:
[34.841s] [01m[K/usr/include/c++/9/bits/std_function.h:667:7:[m[K [01;31m[Kerror: [m[K‘[01m[Kstd::function<_Res(_ArgTypes ...)>::function(_Functor) [with _Functor = rclcpp::create_subscription_factory(CallbackT&&, const rclcpp::SubscriptionOptionsWithAllocator<AllocatorT>&, typename MessageMemoryStrategyT::SharedPtr, std::shared_ptr<rclcpp::topic_statistics::SubscriptionTopicStatistics<CallbackMessageT> >) [with MessageT = std_msgs::msg::Int32_<std::allocator<void> >; CallbackT = std::_Bind<void (MinimalPublisher::*(MinimalPublisher*, std::_Placeholder<1>))(const std_msgs::msg::Int32_<std::allocator<void> >&)>; AllocatorT = std::allocator<void>; CallbackMessageT = const std_msgs::msg::Int32_<std::allocator<void> >&; SubscriptionT = rclcpp::Subscription<const std_msgs::msg::Int32_<std::allocator<void> >&, std::allocator<void>, rclcpp::message_memory_strategy::MessageMemoryStrategy<const std_msgs::msg::Int32_<std::allocator<void> >&, std::allocator<void> > >; MessageMemoryStrategyT = rclcpp::message_memory_strategy::MessageMemoryStrategy<const std_msgs::msg::Int32_<std::allocator<void> >&, std::allocator<void> >; typename MessageMemoryStrategyT::SharedPtr = std::shared_ptr<rclcpp::message_memory_strategy::MessageMemoryStrategy<const std_msgs::msg::Int32_<std::allocator<void> >&, std::allocator<void> > >]::<lambda(rclcpp::node_interfaces::NodeBaseInterface*, const string&, const rclcpp::QoS&)>; <template-parameter-2-2> = void; <template-parameter-2-3> = void; _Res = std::shared_ptr<rclcpp::SubscriptionBase>; _ArgTypes = {rclcpp::node_interfaces::NodeBaseInterface*, const std::__cxx11::basic_string<char, std::char_traits<char>, std::allocator<char> >&, const rclcpp::QoS&}][m[K’, declared using local type ‘[01m[Krclcpp::create_subscription_factory(CallbackT&&, const rclcpp::SubscriptionOptionsWithAllocator<AllocatorT>&, typename MessageMemoryStrategyT::SharedPtr, std::shared_ptr<rclcpp::topic_statistics::SubscriptionTopicStatistics<CallbackMessageT> >) [with MessageT = std_msgs::msg::Int32_<std::allocator<void> >; CallbackT = std::_Bind<void (MinimalPublisher::*(MinimalPublisher*, std::_Placeholder<1>))(const std_msgs::msg::Int32_<std::allocator<void> >&)>; AllocatorT = std::allocator<void>; CallbackMessageT = const std_msgs::msg::Int32_<std::allocator<void> >&; SubscriptionT = rclcpp::Subscription<const std_msgs::msg::Int32_<std::allocator<void> >&, std::allocator<void>, rclcpp::message_memory_strategy::MessageMemoryStrategy<const std_msgs::msg::Int32_<std::allocator<void> >&, std::allocator<void> > >; MessageMemoryStrategyT = rclcpp::message_memory_strategy::MessageMemoryStrategy<const std_msgs::msg::Int32_<std::allocator<void> >&, std::allocator<void> >; typename MessageMemoryStrategyT::SharedPtr = std::shared_ptr<rclcpp::message_memory_strategy::MessageMemoryStrategy<const std_msgs::msg::Int32_<std::allocator<void> >&, std::allocator<void> > >]::<lambda(rclcpp::node_interfaces::NodeBaseInterface*, const string&, const rclcpp::QoS&)>[m[K’, is used but never defined [[01;31m[K-fpermissive[m[K]
[34.842s]   667 |       [01;31m[Kfunction<_Res(_ArgTypes...)>[m[K::
[34.842s]       |       [01;31m[K^~~~~~~~~~~~~~~~~~~~~~~~~~~~[m[K
[36.687s] make[2]: *** [CMakeFiles/pos_writer.dir/build.make:63: CMakeFiles/pos_writer.dir/src/pos_writer.cpp.o] Error 1
[36.688s] make[1]: *** [CMakeFiles/Makefile2:78: CMakeFiles/pos_writer.dir/all] Error 2
[36.692s] make: *** [Makefile:141: all] Error 2
[36.714s] Invoked command in '/home/mp4d/ros_motors/MyCode/path2pos/build/path2pos' returned '2': CMAKE_PREFIX_PATH=/home/mp4d/ros_motors/DynamixelSDK/install/dynamixel_sdk_examples:/home/mp4d/ros_motors/DynamixelSDK/install/dynamixel_sdk_custom_interfaces:/home/mp4d/ros_motors/DynamixelSDK/install/dynamixel_sdk:/opt/ros/foxy:/home/mp4d/ros_camera/install/usb_cam:/home/mp4d/ros_camera/install/cam_sub /usr/bin/cmake --build /home/mp4d/ros_motors/MyCode/path2pos/build/path2pos -- -j4 -l4
