[0.022s] Invoking command in '/home/vincent/Embedded-System/ros_motor_system/MyCode/build/path2pos': CMAKE_PREFIX_PATH=${CMAKE_PREFIX_PATH}:/opt/ros/foxy /usr/bin/cmake --build /home/vincent/Embedded-System/ros_motor_system/MyCode/build/path2pos -- -j4 -l4
[0.071s] -- Found ament_cmake: 0.9.12 (/opt/ros/foxy/share/ament_cmake/cmake)
[0.106s] -- Using PYTHON_EXECUTABLE: /usr/bin/python3
[0.408s] -- Found rclcpp: 2.4.3 (/opt/ros/foxy/share/rclcpp/cmake)
[0.466s] -- Using all available rosidl_typesupport_c: rosidl_typesupport_fastrtps_c;rosidl_typesupport_introspection_c
[0.472s] -- Found rosidl_adapter: 1.3.1 (/opt/ros/foxy/share/rosidl_adapter/cmake)
[0.658s] -- Using all available rosidl_typesupport_cpp: rosidl_typesupport_fastrtps_cpp;rosidl_typesupport_introspection_cpp
[0.748s] -- Found rmw_implementation_cmake: 1.0.4 (/opt/ros/foxy/share/rmw_implementation_cmake/cmake)
[0.750s] -- Using RMW implementation 'rmw_fastrtps_cpp' as default
[1.015s] -- Found dynamixel_sdk_custom_interfaces: 3.7.40 (/home/vincent/Embedded-System/ros_motor_system/DynamixelSDK/install/dynamixel_sdk_custom_interfaces/share/dynamixel_sdk_custom_interfaces/cmake)
[1.075s] -- Found ament_lint_auto: 0.9.8 (/opt/ros/foxy/share/ament_lint_auto/cmake)
[1.185s] -- Added test 'copyright' to check source files copyright and LICENSE
[1.203s] -- Added test 'cppcheck' to perform static code analysis on C / C++ code
[1.203s] -- Configured cppcheck include dirs: $<BUILD_INTERFACE:/home/vincent/Embedded-System/ros_motor_system/MyCode/path2pos/include>
[1.203s] -- Configured cppcheck exclude dirs and/or files: 
[1.223s] -- Added test 'cpplint' to check C / C++ code against the Google style
[1.223s] -- Configured cpplint exclude dirs and/or files: 
[1.227s] -- Added test 'flake8' to check Python code syntax and style conventions
[1.233s] -- Added test 'lint_cmake' to check CMake code style
[1.235s] -- Added test 'pep257' to check Python code against some of the style conventions in PEP 257
[1.253s] -- Added test 'uncrustify' to check C / C++ code style
[1.253s] -- Configured uncrustify additional arguments: 
[1.256s] -- Added test 'xmllint' to check XML markup files
[1.260s] -- Configuring done
[1.270s] -- Generating done
[1.272s] -- Build files have been written to: /home/vincent/Embedded-System/ros_motor_system/MyCode/build/path2pos
[1.318s] [35m[1mScanning dependencies of target pos_writer[0m
[1.365s] [ 50%] [32mBuilding CXX object CMakeFiles/pos_writer.dir/src/pos_writer.cpp.o[0m
[6.198s] [100%] [32m[1mLinking CXX executable pos_writer[0m
[6.463s] [100%] Built target pos_writer
[6.483s] Invoked command in '/home/vincent/Embedded-System/ros_motor_system/MyCode/build/path2pos' returned '0': CMAKE_PREFIX_PATH=${CMAKE_PREFIX_PATH}:/opt/ros/foxy /usr/bin/cmake --build /home/vincent/Embedded-System/ros_motor_system/MyCode/build/path2pos -- -j4 -l4
[6.527s] Invoking command in '/home/vincent/Embedded-System/ros_motor_system/MyCode/build/path2pos': CMAKE_PREFIX_PATH=${CMAKE_PREFIX_PATH}:/opt/ros/foxy /usr/bin/cmake --install /home/vincent/Embedded-System/ros_motor_system/MyCode/build/path2pos
[6.543s] -- Install configuration: ""
[6.543s] -- Installing: /home/vincent/Embedded-System/ros_motor_system/MyCode/install/path2pos/lib/path2pos/pos_writer
[6.545s] -- Set runtime path of "/home/vincent/Embedded-System/ros_motor_system/MyCode/install/path2pos/lib/path2pos/pos_writer" to ""
[6.545s] -- Installing: /home/vincent/Embedded-System/ros_motor_system/MyCode/install/path2pos/share/ament_index/resource_index/package_run_dependencies/path2pos
[6.545s] -- Installing: /home/vincent/Embedded-System/ros_motor_system/MyCode/install/path2pos/share/ament_index/resource_index/parent_prefix_path/path2pos
[6.545s] -- Up-to-date: /home/vincent/Embedded-System/ros_motor_system/MyCode/install/path2pos/share/path2pos/environment/ament_prefix_path.sh
[6.545s] -- Installing: /home/vincent/Embedded-System/ros_motor_system/MyCode/install/path2pos/share/path2pos/environment/ament_prefix_path.dsv
[6.546s] -- Up-to-date: /home/vincent/Embedded-System/ros_motor_system/MyCode/install/path2pos/share/path2pos/environment/path.sh
[6.546s] -- Installing: /home/vincent/Embedded-System/ros_motor_system/MyCode/install/path2pos/share/path2pos/environment/path.dsv
[6.546s] -- Up-to-date: /home/vincent/Embedded-System/ros_motor_system/MyCode/install/path2pos/share/path2pos/local_setup.bash
[6.546s] -- Up-to-date: /home/vincent/Embedded-System/ros_motor_system/MyCode/install/path2pos/share/path2pos/local_setup.sh
[6.546s] -- Up-to-date: /home/vincent/Embedded-System/ros_motor_system/MyCode/install/path2pos/share/path2pos/local_setup.zsh
[6.547s] -- Installing: /home/vincent/Embedded-System/ros_motor_system/MyCode/install/path2pos/share/path2pos/local_setup.dsv
[6.547s] -- Installing: /home/vincent/Embedded-System/ros_motor_system/MyCode/install/path2pos/share/path2pos/package.dsv
[6.547s] -- Up-to-date: /home/vincent/Embedded-System/ros_motor_system/MyCode/install/path2pos/share/ament_index/resource_index/packages/path2pos
[6.547s] -- Up-to-date: /home/vincent/Embedded-System/ros_motor_system/MyCode/install/path2pos/share/path2pos/cmake/path2posConfig.cmake
[6.548s] -- Up-to-date: /home/vincent/Embedded-System/ros_motor_system/MyCode/install/path2pos/share/path2pos/cmake/path2posConfig-version.cmake
[6.548s] -- Installing: /home/vincent/Embedded-System/ros_motor_system/MyCode/install/path2pos/share/path2pos/package.xml
[6.551s] Invoked command in '/home/vincent/Embedded-System/ros_motor_system/MyCode/build/path2pos' returned '0': CMAKE_PREFIX_PATH=${CMAKE_PREFIX_PATH}:/opt/ros/foxy /usr/bin/cmake --install /home/vincent/Embedded-System/ros_motor_system/MyCode/build/path2pos
