[3.090s] DEBUG:colcon:Command line arguments: ['/usr/bin/colcon', 'build']
[3.090s] DEBUG:colcon:Parsed command line arguments: Namespace(allow_overriding=[], ament_cmake_args=None, base_paths=['.'], build_base='build', catkin_cmake_args=None, catkin_skip_building_tests=False, cmake_args=None, cmake_clean_cache=False, cmake_clean_first=False, cmake_force_configure=False, cmake_target=None, cmake_target_skip_unavailable=False, continue_on_error=False, event_handlers=None, executor='parallel', ignore_user_meta=False, install_base='install', log_base=None, log_level=None, main=<bound method BuildVerb.main of <colcon_core.verb.build.BuildVerb object at 0x7f3506eb60d0>>, merge_install=False, metas=['./colcon.meta'], mixin=None, mixin_files=None, mixin_verb=('build',), packages_above=None, packages_above_and_dependencies=None, packages_above_depth=None, packages_end=None, packages_ignore=None, packages_ignore_regex=None, packages_select=None, packages_select_build_failed=False, packages_select_by_dep=None, packages_select_regex=None, packages_select_test_failures=False, packages_skip=None, packages_skip_build_finished=False, packages_skip_by_dep=None, packages_skip_regex=None, packages_skip_test_passed=False, packages_skip_up_to=None, packages_start=None, packages_up_to=None, packages_up_to_regex=None, parallel_workers=4, paths=None, symlink_install=False, test_result_base=None, verb_extension=<colcon_core.verb.build.BuildVerb object at 0x7f3506eb60d0>, verb_name='build', verb_parser=<colcon_mixin.mixin.mixin_argument.MixinArgumentDecorator object at 0x7f3506e03130>)
[3.816s] Level 1:colcon.colcon_core.package_discovery:discover_packages(colcon_meta) check parameters
[3.817s] Level 1:colcon.colcon_core.package_discovery:discover_packages(recursive) check parameters
[3.817s] Level 1:colcon.colcon_core.package_discovery:discover_packages(ignore) check parameters
[3.817s] Level 1:colcon.colcon_core.package_discovery:discover_packages(path) check parameters
[3.817s] Level 1:colcon.colcon_core.package_discovery:discover_packages(colcon_meta) discover
[3.817s] Level 1:colcon.colcon_core.package_discovery:discover_packages(recursive) discover
[3.817s] INFO:colcon.colcon_core.package_discovery:Crawling recursively for packages in '/home/vincent/Embedded-System/ros_interface_node/fpga_interface'
[3.817s] Level 1:colcon.colcon_core.package_identification:_identify(.) by extensions ['ignore', 'ignore_ament_install']
[3.817s] Level 1:colcon.colcon_core.package_identification:_identify(.) by extension 'ignore'
[3.818s] Level 1:colcon.colcon_core.package_identification:_identify(.) by extension 'ignore_ament_install'
[3.818s] Level 1:colcon.colcon_core.package_identification:_identify(.) by extensions ['colcon_pkg']
[3.818s] Level 1:colcon.colcon_core.package_identification:_identify(.) by extension 'colcon_pkg'
[3.818s] Level 1:colcon.colcon_core.package_identification:_identify(.) by extensions ['colcon_meta']
[3.818s] Level 1:colcon.colcon_core.package_identification:_identify(.) by extension 'colcon_meta'
[3.818s] Level 1:colcon.colcon_core.package_identification:_identify(.) by extensions ['ros']
[3.818s] Level 1:colcon.colcon_core.package_identification:_identify(.) by extension 'ros'
[3.914s] DEBUG:colcon.colcon_core.package_identification:Package '.' with type 'ros.ament_cmake' and name 'fpga_interface'
[3.914s] Level 1:colcon.colcon_core.package_discovery:discover_packages(recursive) using defaults
[3.914s] Level 1:colcon.colcon_core.package_discovery:discover_packages(ignore) discover
[3.914s] Level 1:colcon.colcon_core.package_discovery:discover_packages(ignore) using defaults
[3.914s] Level 1:colcon.colcon_core.package_discovery:discover_packages(path) discover
[3.914s] Level 1:colcon.colcon_core.package_discovery:discover_packages(path) using defaults
[4.011s] Level 1:colcon.colcon_core.package_discovery:discover_packages(prefix_path) check parameters
[4.011s] Level 1:colcon.colcon_core.package_discovery:discover_packages(prefix_path) discover
[4.019s] DEBUG:colcon.colcon_installed_package_information.package_discovery:Found 1 installed packages in /home/vincent/Embedded-System/ros_interface_node/fpga_interface/install
[4.021s] DEBUG:colcon.colcon_installed_package_information.package_discovery:Found 257 installed packages in /opt/ros/foxy
[4.025s] Level 1:colcon.colcon_core.package_discovery:discover_packages(prefix_path) using defaults
[5.877s] Level 5:colcon.colcon_core.verb:set package 'fpga_interface' build argument 'cmake_args' from command line to 'None'
[5.878s] Level 5:colcon.colcon_core.verb:set package 'fpga_interface' build argument 'cmake_target' from command line to 'None'
[5.878s] Level 5:colcon.colcon_core.verb:set package 'fpga_interface' build argument 'cmake_target_skip_unavailable' from command line to 'False'
[5.878s] Level 5:colcon.colcon_core.verb:set package 'fpga_interface' build argument 'cmake_clean_cache' from command line to 'False'
[5.878s] Level 5:colcon.colcon_core.verb:set package 'fpga_interface' build argument 'cmake_clean_first' from command line to 'False'
[5.878s] Level 5:colcon.colcon_core.verb:set package 'fpga_interface' build argument 'cmake_force_configure' from command line to 'False'
[5.878s] Level 5:colcon.colcon_core.verb:set package 'fpga_interface' build argument 'ament_cmake_args' from command line to 'None'
[5.878s] Level 5:colcon.colcon_core.verb:set package 'fpga_interface' build argument 'catkin_cmake_args' from command line to 'None'
[5.878s] Level 5:colcon.colcon_core.verb:set package 'fpga_interface' build argument 'catkin_skip_building_tests' from command line to 'False'
[5.878s] DEBUG:colcon.colcon_core.verb:Building package 'fpga_interface' with the following arguments: {'ament_cmake_args': None, 'build_base': '/home/vincent/Embedded-System/ros_interface_node/fpga_interface/build/fpga_interface', 'catkin_cmake_args': None, 'catkin_skip_building_tests': False, 'cmake_args': None, 'cmake_clean_cache': False, 'cmake_clean_first': False, 'cmake_force_configure': False, 'cmake_target': None, 'cmake_target_skip_unavailable': False, 'install_base': '/home/vincent/Embedded-System/ros_interface_node/fpga_interface/install/fpga_interface', 'merge_install': False, 'path': '/home/vincent/Embedded-System/ros_interface_node/fpga_interface', 'symlink_install': False, 'test_result_base': None}
[5.879s] INFO:colcon.colcon_core.executor:Executing jobs using 'parallel' executor
[5.881s] DEBUG:colcon.colcon_parallel_executor.executor.parallel:run_until_complete
[5.881s] INFO:colcon.colcon_ros.task.ament_cmake.build:Building ROS package in '/home/vincent/Embedded-System/ros_interface_node/fpga_interface' with build type 'ament_cmake'
[5.882s] INFO:colcon.colcon_cmake.task.cmake.build:Building CMake package in '/home/vincent/Embedded-System/ros_interface_node/fpga_interface'
[5.953s] INFO:colcon.colcon_core.plugin_system:Skipping extension 'colcon_core.shell.bat': Not used on non-Windows systems
[5.954s] INFO:colcon.colcon_core.shell:Skip shell extension 'powershell' for command environment: Not usable outside of PowerShell
[5.954s] DEBUG:colcon.colcon_core.shell:Skip shell extension 'dsv' for command environment
[6.006s] DEBUG:colcon.colcon_core.event_handler.log_command:Invoking command in '/home/vincent/Embedded-System/ros_interface_node/fpga_interface/build/fpga_interface': CMAKE_PREFIX_PATH=${CMAKE_PREFIX_PATH}:/opt/ros/foxy /usr/bin/cmake --build /home/vincent/Embedded-System/ros_interface_node/fpga_interface/build/fpga_interface -- -j4 -l4
[8.898s] DEBUG:colcon.colcon_core.event_handler.log_command:Invoked command in '/home/vincent/Embedded-System/ros_interface_node/fpga_interface/build/fpga_interface' returned '2': CMAKE_PREFIX_PATH=${CMAKE_PREFIX_PATH}:/opt/ros/foxy /usr/bin/cmake --build /home/vincent/Embedded-System/ros_interface_node/fpga_interface/build/fpga_interface -- -j4 -l4
[8.934s] Level 1:colcon.colcon_core.environment:create_environment_scripts_only(fpga_interface)
[9.015s] Level 1:colcon.colcon_core.environment:checking '/home/vincent/Embedded-System/ros_interface_node/fpga_interface/install/fpga_interface' for CMake module files
[9.016s] Level 1:colcon.colcon_core.environment:checking '/home/vincent/Embedded-System/ros_interface_node/fpga_interface/install/fpga_interface' for CMake config files
[9.017s] Level 1:colcon.colcon_core.shell:create_environment_hook('fpga_interface', 'cmake_prefix_path')
[9.017s] INFO:colcon.colcon_core.shell:Creating environment hook '/home/vincent/Embedded-System/ros_interface_node/fpga_interface/install/fpga_interface/share/fpga_interface/hook/cmake_prefix_path.ps1'
[9.030s] INFO:colcon.colcon_core.shell:Creating environment descriptor '/home/vincent/Embedded-System/ros_interface_node/fpga_interface/install/fpga_interface/share/fpga_interface/hook/cmake_prefix_path.dsv'
[9.064s] INFO:colcon.colcon_core.shell:Creating environment hook '/home/vincent/Embedded-System/ros_interface_node/fpga_interface/install/fpga_interface/share/fpga_interface/hook/cmake_prefix_path.sh'
[9.066s] Level 1:colcon.colcon_core.environment:checking '/home/vincent/Embedded-System/ros_interface_node/fpga_interface/install/fpga_interface/lib'
[9.067s] Level 1:colcon.colcon_core.environment:checking '/home/vincent/Embedded-System/ros_interface_node/fpga_interface/install/fpga_interface/bin'
[9.067s] Level 1:colcon.colcon_core.environment:checking '/home/vincent/Embedded-System/ros_interface_node/fpga_interface/install/fpga_interface/lib/pkgconfig/fpga_interface.pc'
[9.067s] Level 1:colcon.colcon_core.environment:checking '/home/vincent/Embedded-System/ros_interface_node/fpga_interface/install/fpga_interface/lib/python3.8/site-packages'
[9.068s] Level 1:colcon.colcon_core.environment:checking '/home/vincent/Embedded-System/ros_interface_node/fpga_interface/install/fpga_interface/bin'
[9.068s] INFO:colcon.colcon_core.shell:Creating package script '/home/vincent/Embedded-System/ros_interface_node/fpga_interface/install/fpga_interface/share/fpga_interface/package.ps1'
[9.071s] INFO:colcon.colcon_core.shell:Creating package descriptor '/home/vincent/Embedded-System/ros_interface_node/fpga_interface/install/fpga_interface/share/fpga_interface/package.dsv'
[9.072s] INFO:colcon.colcon_core.shell:Creating package script '/home/vincent/Embedded-System/ros_interface_node/fpga_interface/install/fpga_interface/share/fpga_interface/package.sh'
[9.073s] INFO:colcon.colcon_core.shell:Creating package script '/home/vincent/Embedded-System/ros_interface_node/fpga_interface/install/fpga_interface/share/fpga_interface/package.bash'
[9.081s] INFO:colcon.colcon_core.shell:Creating package script '/home/vincent/Embedded-System/ros_interface_node/fpga_interface/install/fpga_interface/share/fpga_interface/package.zsh'
[9.095s] Level 1:colcon.colcon_core.environment:create_file_with_runtime_dependencies(/home/vincent/Embedded-System/ros_interface_node/fpga_interface/install/fpga_interface/share/colcon-core/packages/fpga_interface)
[9.106s] DEBUG:colcon.colcon_parallel_executor.executor.parallel:closing loop
[9.106s] DEBUG:colcon.colcon_parallel_executor.executor.parallel:loop closed
[9.107s] DEBUG:colcon.colcon_parallel_executor.executor.parallel:run_until_complete finished with '2'
[9.107s] DEBUG:colcon.colcon_core.event_reactor:joining thread
[9.177s] INFO:colcon.colcon_core.plugin_system:Skipping extension 'colcon_notification.desktop_notification.terminal_notifier': Not used on non-Darwin systems
[9.177s] INFO:colcon.colcon_core.plugin_system:Skipping extension 'colcon_notification.desktop_notification.win32': Not used on non-Windows systems
[9.177s] INFO:colcon.colcon_notification.desktop_notification:Sending desktop notification using 'notify2'
[9.211s] DEBUG:colcon.colcon_core.event_reactor:joined thread
[9.212s] INFO:colcon.colcon_core.shell:Creating prefix script '/home/vincent/Embedded-System/ros_interface_node/fpga_interface/install/local_setup.ps1'
[9.215s] INFO:colcon.colcon_core.shell:Creating prefix util module '/home/vincent/Embedded-System/ros_interface_node/fpga_interface/install/_local_setup_util_ps1.py'
[9.219s] INFO:colcon.colcon_core.shell:Creating prefix chain script '/home/vincent/Embedded-System/ros_interface_node/fpga_interface/install/setup.ps1'
[9.222s] INFO:colcon.colcon_core.shell:Creating prefix script '/home/vincent/Embedded-System/ros_interface_node/fpga_interface/install/local_setup.sh'
[9.224s] INFO:colcon.colcon_core.shell:Creating prefix util module '/home/vincent/Embedded-System/ros_interface_node/fpga_interface/install/_local_setup_util_sh.py'
[9.226s] INFO:colcon.colcon_core.shell:Creating prefix chain script '/home/vincent/Embedded-System/ros_interface_node/fpga_interface/install/setup.sh'
[9.229s] INFO:colcon.colcon_core.shell:Creating prefix script '/home/vincent/Embedded-System/ros_interface_node/fpga_interface/install/local_setup.bash'
[9.231s] INFO:colcon.colcon_core.shell:Creating prefix chain script '/home/vincent/Embedded-System/ros_interface_node/fpga_interface/install/setup.bash'
[9.234s] INFO:colcon.colcon_core.shell:Creating prefix script '/home/vincent/Embedded-System/ros_interface_node/fpga_interface/install/local_setup.zsh'
[9.236s] INFO:colcon.colcon_core.shell:Creating prefix chain script '/home/vincent/Embedded-System/ros_interface_node/fpga_interface/install/setup.zsh'
