[0.121s] Invoking command in '/home/mp4d/ros_motors/build/dynamixel_sdk': CMAKE_PREFIX_PATH=/home/mp4d/ros_motors/DynamixelSDK/install/dynamixel_sdk_examples:/home/mp4d/ros_motors/DynamixelSDK/install/dynamixel_sdk_custom_interfaces:/home/mp4d/ros_motors/DynamixelSDK/install/dynamixel_sdk:/opt/ros/foxy:/home/mp4d/ros_camera/install/usb_cam:/home/mp4d/ros_camera/install/cam_sub /usr/bin/cmake /home/mp4d/ros_motors/DynamixelSDK/dynamixel_sdk -DCMAKE_INSTALL_PREFIX=/home/mp4d/ros_motors/install/dynamixel_sdk
[0.653s] -- The C compiler identification is GNU 9.4.0
[1.173s] -- The CXX compiler identification is GNU 9.4.0
[1.203s] -- Check for working C compiler: /usr/bin/cc
[1.814s] -- Check for working C compiler: /usr/bin/cc -- works
[1.820s] -- Detecting C compiler ABI info
[2.427s] -- Detecting C compiler ABI info - done
[2.525s] -- Detecting C compile features
[2.532s] -- Detecting C compile features - done
[2.556s] -- Check for working CXX compiler: /usr/bin/c++
[3.247s] -- Check for working CXX compiler: /usr/bin/c++ -- works
[3.254s] -- Detecting CXX compiler ABI info
[3.949s] -- Detecting CXX compiler ABI info - done
[4.044s] -- Detecting CXX compile features
[4.048s] -- Detecting CXX compile features - done
[4.061s] -- Found ament_cmake: 0.9.12 (/opt/ros/foxy/share/ament_cmake/cmake)
[4.325s] -- Found PythonInterp: /usr/bin/python3 (found suitable version "3.8.10", minimum required is "3") 
[4.326s] -- Using PYTHON_EXECUTABLE: /usr/bin/python3
[6.741s] -- Configuring done
[6.772s] -- Generating done
[6.779s] -- Build files have been written to: /home/mp4d/ros_motors/build/dynamixel_sdk
[6.816s] Invoked command in '/home/mp4d/ros_motors/build/dynamixel_sdk' returned '0': CMAKE_PREFIX_PATH=/home/mp4d/ros_motors/DynamixelSDK/install/dynamixel_sdk_examples:/home/mp4d/ros_motors/DynamixelSDK/install/dynamixel_sdk_custom_interfaces:/home/mp4d/ros_motors/DynamixelSDK/install/dynamixel_sdk:/opt/ros/foxy:/home/mp4d/ros_camera/install/usb_cam:/home/mp4d/ros_camera/install/cam_sub /usr/bin/cmake /home/mp4d/ros_motors/DynamixelSDK/dynamixel_sdk -DCMAKE_INSTALL_PREFIX=/home/mp4d/ros_motors/install/dynamixel_sdk
[6.837s] Invoking command in '/home/mp4d/ros_motors/build/dynamixel_sdk': CMAKE_PREFIX_PATH=/home/mp4d/ros_motors/DynamixelSDK/install/dynamixel_sdk_examples:/home/mp4d/ros_motors/DynamixelSDK/install/dynamixel_sdk_custom_interfaces:/home/mp4d/ros_motors/DynamixelSDK/install/dynamixel_sdk:/opt/ros/foxy:/home/mp4d/ros_camera/install/usb_cam:/home/mp4d/ros_camera/install/cam_sub /usr/bin/cmake --build /home/mp4d/ros_motors/build/dynamixel_sdk -- -j4 -l4
[7.112s] [35m[1mScanning dependencies of target dynamixel_sdk[0m
[7.214s] [ 10%] [32mBuilding CXX object CMakeFiles/dynamixel_sdk.dir/src/dynamixel_sdk/protocol2_packet_handler.cpp.o[0m
[7.230s] [ 20%] [32mBuilding CXX object CMakeFiles/dynamixel_sdk.dir/src/dynamixel_sdk/packet_handler.cpp.o[0m
[7.238s] [ 30%] [32mBuilding CXX object CMakeFiles/dynamixel_sdk.dir/src/dynamixel_sdk/group_sync_read.cpp.o[0m
[7.251s] [ 40%] [32mBuilding CXX object CMakeFiles/dynamixel_sdk.dir/src/dynamixel_sdk/protocol1_packet_handler.cpp.o[0m
[8.804s] [ 50%] [32mBuilding CXX object CMakeFiles/dynamixel_sdk.dir/src/dynamixel_sdk/group_sync_write.cpp.o[0m
[9.339s] [ 60%] [32mBuilding CXX object CMakeFiles/dynamixel_sdk.dir/src/dynamixel_sdk/group_bulk_read.cpp.o[0m
[10.299s] [ 70%] [32mBuilding CXX object CMakeFiles/dynamixel_sdk.dir/src/dynamixel_sdk/group_bulk_write.cpp.o[0m
[12.969s] [ 80%] [32mBuilding CXX object CMakeFiles/dynamixel_sdk.dir/src/dynamixel_sdk/port_handler.cpp.o[0m
[13.382s] [ 90%] [32mBuilding CXX object CMakeFiles/dynamixel_sdk.dir/src/dynamixel_sdk/port_handler_linux.cpp.o[0m
[17.024s] [100%] [32m[1mLinking CXX shared library libdynamixel_sdk.so[0m
[18.109s] [100%] Built target dynamixel_sdk
[18.202s] Invoked command in '/home/mp4d/ros_motors/build/dynamixel_sdk' returned '0': CMAKE_PREFIX_PATH=/home/mp4d/ros_motors/DynamixelSDK/install/dynamixel_sdk_examples:/home/mp4d/ros_motors/DynamixelSDK/install/dynamixel_sdk_custom_interfaces:/home/mp4d/ros_motors/DynamixelSDK/install/dynamixel_sdk:/opt/ros/foxy:/home/mp4d/ros_camera/install/usb_cam:/home/mp4d/ros_camera/install/cam_sub /usr/bin/cmake --build /home/mp4d/ros_motors/build/dynamixel_sdk -- -j4 -l4
[18.560s] Invoking command in '/home/mp4d/ros_motors/build/dynamixel_sdk': CMAKE_PREFIX_PATH=/home/mp4d/ros_motors/DynamixelSDK/install/dynamixel_sdk_examples:/home/mp4d/ros_motors/DynamixelSDK/install/dynamixel_sdk_custom_interfaces:/home/mp4d/ros_motors/DynamixelSDK/install/dynamixel_sdk:/opt/ros/foxy:/home/mp4d/ros_camera/install/usb_cam:/home/mp4d/ros_camera/install/cam_sub /usr/bin/cmake --install /home/mp4d/ros_motors/build/dynamixel_sdk
[18.638s] -- Install configuration: ""
[18.640s] -- Installing: /home/mp4d/ros_motors/install/dynamixel_sdk/include/
[18.642s] -- Installing: /home/mp4d/ros_motors/install/dynamixel_sdk/include//dynamixel_sdk
[18.644s] -- Installing: /home/mp4d/ros_motors/install/dynamixel_sdk/include//dynamixel_sdk/dynamixel_sdk.h
[18.648s] -- Installing: /home/mp4d/ros_motors/install/dynamixel_sdk/include//dynamixel_sdk/group_sync_write.h
[18.650s] -- Installing: /home/mp4d/ros_motors/install/dynamixel_sdk/include//dynamixel_sdk/group_bulk_read.h
[18.651s] -- Installing: /home/mp4d/ros_motors/install/dynamixel_sdk/include//dynamixel_sdk/port_handler_mac.h
[18.652s] -- Installing: /home/mp4d/ros_motors/install/dynamixel_sdk/include//dynamixel_sdk/group_bulk_write.h
[18.654s] -- Installing: /home/mp4d/ros_motors/install/dynamixel_sdk/include//dynamixel_sdk/packet_handler.h
[18.656s] -- Installing: /home/mp4d/ros_motors/install/dynamixel_sdk/include//dynamixel_sdk/port_handler_linux.h
[18.657s] -- Installing: /home/mp4d/ros_motors/install/dynamixel_sdk/include//dynamixel_sdk/port_handler_arduino.h
[18.658s] -- Installing: /home/mp4d/ros_motors/install/dynamixel_sdk/include//dynamixel_sdk/port_handler_windows.h
[18.659s] -- Installing: /home/mp4d/ros_motors/install/dynamixel_sdk/include//dynamixel_sdk/group_sync_read.h
[18.660s] -- Installing: /home/mp4d/ros_motors/install/dynamixel_sdk/include//dynamixel_sdk/protocol1_packet_handler.h
[18.661s] -- Installing: /home/mp4d/ros_motors/install/dynamixel_sdk/include//dynamixel_sdk/port_handler.h
[18.662s] -- Installing: /home/mp4d/ros_motors/install/dynamixel_sdk/include//dynamixel_sdk/protocol2_packet_handler.h
[18.663s] -- Installing: /home/mp4d/ros_motors/install/dynamixel_sdk/lib/libdynamixel_sdk.so
[18.664s] -- Installing: /home/mp4d/ros_motors/install/dynamixel_sdk/share/dynamixel_sdk/environment/library_path.sh
[18.665s] -- Installing: /home/mp4d/ros_motors/install/dynamixel_sdk/share/dynamixel_sdk/environment/library_path.dsv
[18.666s] -- Installing: /home/mp4d/ros_motors/install/dynamixel_sdk/share/ament_index/resource_index/package_run_dependencies/dynamixel_sdk
[18.668s] -- Installing: /home/mp4d/ros_motors/install/dynamixel_sdk/share/ament_index/resource_index/parent_prefix_path/dynamixel_sdk
[18.669s] -- Installing: /home/mp4d/ros_motors/install/dynamixel_sdk/share/dynamixel_sdk/environment/ament_prefix_path.sh
[18.670s] -- Installing: /home/mp4d/ros_motors/install/dynamixel_sdk/share/dynamixel_sdk/environment/ament_prefix_path.dsv
[18.673s] -- Installing: /home/mp4d/ros_motors/install/dynamixel_sdk/share/dynamixel_sdk/environment/path.sh
[18.674s] -- Installing: /home/mp4d/ros_motors/install/dynamixel_sdk/share/dynamixel_sdk/environment/path.dsv
[18.675s] -- Installing: /home/mp4d/ros_motors/install/dynamixel_sdk/share/dynamixel_sdk/local_setup.bash
[18.677s] -- Installing: /home/mp4d/ros_motors/install/dynamixel_sdk/share/dynamixel_sdk/local_setup.sh
[18.678s] -- Installing: /home/mp4d/ros_motors/install/dynamixel_sdk/share/dynamixel_sdk/local_setup.zsh
[18.681s] -- Installing: /home/mp4d/ros_motors/install/dynamixel_sdk/share/dynamixel_sdk/local_setup.dsv
[18.683s] -- Installing: /home/mp4d/ros_motors/install/dynamixel_sdk/share/dynamixel_sdk/package.dsv
[18.685s] -- Installing: /home/mp4d/ros_motors/install/dynamixel_sdk/share/ament_index/resource_index/packages/dynamixel_sdk
[18.686s] -- Installing: /home/mp4d/ros_motors/install/dynamixel_sdk/share/dynamixel_sdk/cmake/ament_cmake_export_include_directories-extras.cmake
[18.687s] -- Installing: /home/mp4d/ros_motors/install/dynamixel_sdk/share/dynamixel_sdk/cmake/ament_cmake_export_libraries-extras.cmake
[18.688s] -- Installing: /home/mp4d/ros_motors/install/dynamixel_sdk/share/dynamixel_sdk/cmake/dynamixel_sdkConfig.cmake
[18.689s] -- Installing: /home/mp4d/ros_motors/install/dynamixel_sdk/share/dynamixel_sdk/cmake/dynamixel_sdkConfig-version.cmake
[18.690s] -- Installing: /home/mp4d/ros_motors/install/dynamixel_sdk/share/dynamixel_sdk/package.xml
[18.705s] Invoked command in '/home/mp4d/ros_motors/build/dynamixel_sdk' returned '0': CMAKE_PREFIX_PATH=/home/mp4d/ros_motors/DynamixelSDK/install/dynamixel_sdk_examples:/home/mp4d/ros_motors/DynamixelSDK/install/dynamixel_sdk_custom_interfaces:/home/mp4d/ros_motors/DynamixelSDK/install/dynamixel_sdk:/opt/ros/foxy:/home/mp4d/ros_camera/install/usb_cam:/home/mp4d/ros_camera/install/cam_sub /usr/bin/cmake --install /home/mp4d/ros_motors/build/dynamixel_sdk
