[0.145s] Invoking command in '/home/mp4d/ros_motors/build/dynamixel_sdk': CMAKE_PREFIX_PATH=/home/mp4d/ros_motors/DynamixelSDK/install/dynamixel_sdk_examples:/home/mp4d/ros_motors/DynamixelSDK/install/dynamixel_sdk_custom_interfaces:/home/mp4d/ros_motors/DynamixelSDK/install/dynamixel_sdk:/opt/ros/foxy:/home/mp4d/ros_camera/install/usb_cam:/home/mp4d/ros_camera/install/cam_sub /usr/bin/cmake --build /home/mp4d/ros_motors/build/dynamixel_sdk -- -j4 -l4
[0.534s] [100%] Built target dynamixel_sdk
[0.625s] Invoked command in '/home/mp4d/ros_motors/build/dynamixel_sdk' returned '0': CMAKE_PREFIX_PATH=/home/mp4d/ros_motors/DynamixelSDK/install/dynamixel_sdk_examples:/home/mp4d/ros_motors/DynamixelSDK/install/dynamixel_sdk_custom_interfaces:/home/mp4d/ros_motors/DynamixelSDK/install/dynamixel_sdk:/opt/ros/foxy:/home/mp4d/ros_camera/install/usb_cam:/home/mp4d/ros_camera/install/cam_sub /usr/bin/cmake --build /home/mp4d/ros_motors/build/dynamixel_sdk -- -j4 -l4
[0.980s] Invoking command in '/home/mp4d/ros_motors/build/dynamixel_sdk': CMAKE_PREFIX_PATH=/home/mp4d/ros_motors/DynamixelSDK/install/dynamixel_sdk_examples:/home/mp4d/ros_motors/DynamixelSDK/install/dynamixel_sdk_custom_interfaces:/home/mp4d/ros_motors/DynamixelSDK/install/dynamixel_sdk:/opt/ros/foxy:/home/mp4d/ros_camera/install/usb_cam:/home/mp4d/ros_camera/install/cam_sub /usr/bin/cmake --install /home/mp4d/ros_motors/build/dynamixel_sdk
[1.083s] -- Install configuration: ""
[1.085s] -- Up-to-date: /home/mp4d/ros_motors/install/dynamixel_sdk/include/
[1.086s] -- Up-to-date: /home/mp4d/ros_motors/install/dynamixel_sdk/include//dynamixel_sdk
[1.087s] -- Up-to-date: /home/mp4d/ros_motors/install/dynamixel_sdk/include//dynamixel_sdk/dynamixel_sdk.h
[1.088s] -- Up-to-date: /home/mp4d/ros_motors/install/dynamixel_sdk/include//dynamixel_sdk/group_sync_write.h
[1.090s] -- Up-to-date: /home/mp4d/ros_motors/install/dynamixel_sdk/include//dynamixel_sdk/group_bulk_read.h
[1.091s] -- Up-to-date: /home/mp4d/ros_motors/install/dynamixel_sdk/include//dynamixel_sdk/port_handler_mac.h
[1.098s] -- Up-to-date: /home/mp4d/ros_motors/install/dynamixel_sdk/include//dynamixel_sdk/group_bulk_write.h
[1.100s] -- Up-to-date: /home/mp4d/ros_motors/install/dynamixel_sdk/include//dynamixel_sdk/packet_handler.h
[1.106s] -- Up-to-date: /home/mp4d/ros_motors/install/dynamixel_sdk/include//dynamixel_sdk/port_handler_linux.h
[1.107s] -- Up-to-date: /home/mp4d/ros_motors/install/dynamixel_sdk/include//dynamixel_sdk/port_handler_arduino.h
[1.109s] -- Up-to-date: /home/mp4d/ros_motors/install/dynamixel_sdk/include//dynamixel_sdk/port_handler_windows.h
[1.109s] -- Up-to-date: /home/mp4d/ros_motors/install/dynamixel_sdk/include//dynamixel_sdk/group_sync_read.h
[1.110s] -- Up-to-date: /home/mp4d/ros_motors/install/dynamixel_sdk/include//dynamixel_sdk/protocol1_packet_handler.h
[1.111s] -- Up-to-date: /home/mp4d/ros_motors/install/dynamixel_sdk/include//dynamixel_sdk/port_handler.h
[1.111s] -- Up-to-date: /home/mp4d/ros_motors/install/dynamixel_sdk/include//dynamixel_sdk/protocol2_packet_handler.h
[1.117s] -- Up-to-date: /home/mp4d/ros_motors/install/dynamixel_sdk/lib/libdynamixel_sdk.so
[1.118s] -- Up-to-date: /home/mp4d/ros_motors/install/dynamixel_sdk/share/dynamixel_sdk/environment/library_path.sh
[1.120s] -- Up-to-date: /home/mp4d/ros_motors/install/dynamixel_sdk/share/dynamixel_sdk/environment/library_path.dsv
[1.121s] -- Up-to-date: /home/mp4d/ros_motors/install/dynamixel_sdk/share/ament_index/resource_index/package_run_dependencies/dynamixel_sdk
[1.123s] -- Up-to-date: /home/mp4d/ros_motors/install/dynamixel_sdk/share/ament_index/resource_index/parent_prefix_path/dynamixel_sdk
[1.125s] -- Up-to-date: /home/mp4d/ros_motors/install/dynamixel_sdk/share/dynamixel_sdk/environment/ament_prefix_path.sh
[1.126s] -- Up-to-date: /home/mp4d/ros_motors/install/dynamixel_sdk/share/dynamixel_sdk/environment/ament_prefix_path.dsv
[1.129s] -- Up-to-date: /home/mp4d/ros_motors/install/dynamixel_sdk/share/dynamixel_sdk/environment/path.sh
[1.131s] -- Up-to-date: /home/mp4d/ros_motors/install/dynamixel_sdk/share/dynamixel_sdk/environment/path.dsv
[1.133s] -- Up-to-date: /home/mp4d/ros_motors/install/dynamixel_sdk/share/dynamixel_sdk/local_setup.bash
[1.136s] -- Up-to-date: /home/mp4d/ros_motors/install/dynamixel_sdk/share/dynamixel_sdk/local_setup.sh
[1.137s] -- Up-to-date: /home/mp4d/ros_motors/install/dynamixel_sdk/share/dynamixel_sdk/local_setup.zsh
[1.138s] -- Up-to-date: /home/mp4d/ros_motors/install/dynamixel_sdk/share/dynamixel_sdk/local_setup.dsv
[1.139s] -- Installing: /home/mp4d/ros_motors/install/dynamixel_sdk/share/dynamixel_sdk/package.dsv
[1.140s] -- Up-to-date: /home/mp4d/ros_motors/install/dynamixel_sdk/share/ament_index/resource_index/packages/dynamixel_sdk
[1.141s] -- Up-to-date: /home/mp4d/ros_motors/install/dynamixel_sdk/share/dynamixel_sdk/cmake/ament_cmake_export_include_directories-extras.cmake
[1.142s] -- Up-to-date: /home/mp4d/ros_motors/install/dynamixel_sdk/share/dynamixel_sdk/cmake/ament_cmake_export_libraries-extras.cmake
[1.143s] -- Up-to-date: /home/mp4d/ros_motors/install/dynamixel_sdk/share/dynamixel_sdk/cmake/dynamixel_sdkConfig.cmake
[1.144s] -- Up-to-date: /home/mp4d/ros_motors/install/dynamixel_sdk/share/dynamixel_sdk/cmake/dynamixel_sdkConfig-version.cmake
[1.144s] -- Up-to-date: /home/mp4d/ros_motors/install/dynamixel_sdk/share/dynamixel_sdk/package.xml
[1.164s] Invoked command in '/home/mp4d/ros_motors/build/dynamixel_sdk' returned '0': CMAKE_PREFIX_PATH=/home/mp4d/ros_motors/DynamixelSDK/install/dynamixel_sdk_examples:/home/mp4d/ros_motors/DynamixelSDK/install/dynamixel_sdk_custom_interfaces:/home/mp4d/ros_motors/DynamixelSDK/install/dynamixel_sdk:/opt/ros/foxy:/home/mp4d/ros_camera/install/usb_cam:/home/mp4d/ros_camera/install/cam_sub /usr/bin/cmake --install /home/mp4d/ros_motors/build/dynamixel_sdk
