[0.244s] DEBUG:colcon:Command line arguments: ['/usr/bin/colcon', 'build']
[0.245s] DEBUG:colcon:Parsed command line arguments: Namespace(allow_overriding=[], ament_cmake_args=None, base_paths=['.'], build_base='build', catkin_cmake_args=None, catkin_skip_building_tests=False, cmake_args=None, cmake_clean_cache=False, cmake_clean_first=False, cmake_force_configure=False, cmake_target=None, cmake_target_skip_unavailable=False, continue_on_error=False, event_handlers=None, executor='parallel', ignore_user_meta=False, install_base='install', log_base=None, log_level=None, main=<bound method BuildVerb.main of <colcon_core.verb.build.BuildVerb object at 0x7fbf32dad0a0>>, merge_install=False, metas=['./colcon.meta'], mixin=None, mixin_files=None, mixin_verb=('build',), packages_above=None, packages_above_and_dependencies=None, packages_above_depth=None, packages_end=None, packages_ignore=None, packages_ignore_regex=None, packages_select=None, packages_select_build_failed=False, packages_select_by_dep=None, packages_select_regex=None, packages_select_test_failures=False, packages_skip=None, packages_skip_build_finished=False, packages_skip_by_dep=None, packages_skip_regex=None, packages_skip_test_passed=False, packages_skip_up_to=None, packages_start=None, packages_up_to=None, packages_up_to_regex=None, parallel_workers=4, paths=None, symlink_install=False, test_result_base=None, verb_extension=<colcon_core.verb.build.BuildVerb object at 0x7fbf32dad0a0>, verb_name='build', verb_parser=<colcon_mixin.mixin.mixin_argument.MixinArgumentDecorator object at 0x7fbf32cf9100>)
[0.469s] Level 1:colcon.colcon_core.package_discovery:discover_packages(colcon_meta) check parameters
[0.469s] Level 1:colcon.colcon_core.package_discovery:discover_packages(recursive) check parameters
[0.469s] Level 1:colcon.colcon_core.package_discovery:discover_packages(ignore) check parameters
[0.469s] Level 1:colcon.colcon_core.package_discovery:discover_packages(path) check parameters
[0.469s] Level 1:colcon.colcon_core.package_discovery:discover_packages(colcon_meta) discover
[0.470s] Level 1:colcon.colcon_core.package_discovery:discover_packages(recursive) discover
[0.470s] INFO:colcon.colcon_core.package_discovery:Crawling recursively for packages in '/home/vincent/Embedded-System/ros_motor_system/MyCode/path2pos'
[0.470s] Level 1:colcon.colcon_core.package_identification:_identify(.) by extensions ['ignore', 'ignore_ament_install']
[0.470s] Level 1:colcon.colcon_core.package_identification:_identify(.) by extension 'ignore'
[0.470s] Level 1:colcon.colcon_core.package_identification:_identify(.) by extension 'ignore_ament_install'
[0.470s] Level 1:colcon.colcon_core.package_identification:_identify(.) by extensions ['colcon_pkg']
[0.471s] Level 1:colcon.colcon_core.package_identification:_identify(.) by extension 'colcon_pkg'
[0.471s] Level 1:colcon.colcon_core.package_identification:_identify(.) by extensions ['colcon_meta']
[0.471s] Level 1:colcon.colcon_core.package_identification:_identify(.) by extension 'colcon_meta'
[0.471s] Level 1:colcon.colcon_core.package_identification:_identify(.) by extensions ['ros']
[0.471s] Level 1:colcon.colcon_core.package_identification:_identify(.) by extension 'ros'
[0.496s] DEBUG:colcon.colcon_core.package_identification:Package '.' with type 'ros.ament_cmake' and name 'path2pos'
[0.496s] Level 1:colcon.colcon_core.package_discovery:discover_packages(recursive) using defaults
[0.496s] Level 1:colcon.colcon_core.package_discovery:discover_packages(ignore) discover
[0.496s] Level 1:colcon.colcon_core.package_discovery:discover_packages(ignore) using defaults
[0.497s] Level 1:colcon.colcon_core.package_discovery:discover_packages(path) discover
[0.497s] Level 1:colcon.colcon_core.package_discovery:discover_packages(path) using defaults
[0.520s] Level 1:colcon.colcon_core.package_discovery:discover_packages(prefix_path) check parameters
[0.520s] Level 1:colcon.colcon_core.package_discovery:discover_packages(prefix_path) discover
[0.523s] DEBUG:colcon.colcon_installed_package_information.package_discovery:Found 1 installed packages in /home/vincent/Embedded-System/ros_motor_system/MyCode/path2pos/install
[0.524s] DEBUG:colcon.colcon_installed_package_information.package_discovery:Found 3 installed packages in /home/vincent/Embedded-System/ros_motor_system/DynamixelSDK/install
[0.526s] DEBUG:colcon.colcon_installed_package_information.package_discovery:Found 257 installed packages in /opt/ros/foxy
[0.528s] Level 1:colcon.colcon_core.package_discovery:discover_packages(prefix_path) using defaults
[0.632s] Level 5:colcon.colcon_core.verb:set package 'path2pos' build argument 'cmake_args' from command line to 'None'
[0.632s] Level 5:colcon.colcon_core.verb:set package 'path2pos' build argument 'cmake_target' from command line to 'None'
[0.633s] Level 5:colcon.colcon_core.verb:set package 'path2pos' build argument 'cmake_target_skip_unavailable' from command line to 'False'
[0.633s] Level 5:colcon.colcon_core.verb:set package 'path2pos' build argument 'cmake_clean_cache' from command line to 'False'
[0.633s] Level 5:colcon.colcon_core.verb:set package 'path2pos' build argument 'cmake_clean_first' from command line to 'False'
[0.633s] Level 5:colcon.colcon_core.verb:set package 'path2pos' build argument 'cmake_force_configure' from command line to 'False'
[0.633s] Level 5:colcon.colcon_core.verb:set package 'path2pos' build argument 'ament_cmake_args' from command line to 'None'
[0.633s] Level 5:colcon.colcon_core.verb:set package 'path2pos' build argument 'catkin_cmake_args' from command line to 'None'
[0.633s] Level 5:colcon.colcon_core.verb:set package 'path2pos' build argument 'catkin_skip_building_tests' from command line to 'False'
[0.633s] DEBUG:colcon.colcon_core.verb:Building package 'path2pos' with the following arguments: {'ament_cmake_args': None, 'build_base': '/home/vincent/Embedded-System/ros_motor_system/MyCode/path2pos/build/path2pos', 'catkin_cmake_args': None, 'catkin_skip_building_tests': False, 'cmake_args': None, 'cmake_clean_cache': False, 'cmake_clean_first': False, 'cmake_force_configure': False, 'cmake_target': None, 'cmake_target_skip_unavailable': False, 'install_base': '/home/vincent/Embedded-System/ros_motor_system/MyCode/path2pos/install/path2pos', 'merge_install': False, 'path': '/home/vincent/Embedded-System/ros_motor_system/MyCode/path2pos', 'symlink_install': False, 'test_result_base': None}
[0.633s] INFO:colcon.colcon_core.executor:Executing jobs using 'parallel' executor
[0.635s] DEBUG:colcon.colcon_parallel_executor.executor.parallel:run_until_complete
[0.637s] INFO:colcon.colcon_ros.task.ament_cmake.build:Building ROS package in '/home/vincent/Embedded-System/ros_motor_system/MyCode/path2pos' with build type 'ament_cmake'
[0.638s] INFO:colcon.colcon_cmake.task.cmake.build:Building CMake package in '/home/vincent/Embedded-System/ros_motor_system/MyCode/path2pos'
[0.640s] INFO:colcon.colcon_core.plugin_system:Skipping extension 'colcon_core.shell.bat': Not used on non-Windows systems
[0.641s] INFO:colcon.colcon_core.shell:Skip shell extension 'powershell' for command environment: Not usable outside of PowerShell
[0.641s] DEBUG:colcon.colcon_core.shell:Skip shell extension 'dsv' for command environment
[0.664s] DEBUG:colcon.colcon_core.event_handler.log_command:Invoking command in '/home/vincent/Embedded-System/ros_motor_system/MyCode/path2pos/build/path2pos': CMAKE_PREFIX_PATH=${CMAKE_PREFIX_PATH}:/opt/ros/foxy /usr/bin/cmake --build /home/vincent/Embedded-System/ros_motor_system/MyCode/path2pos/build/path2pos -- -j4 -l4
[6.203s] DEBUG:colcon.colcon_core.event_handler.log_command:Invoked command in '/home/vincent/Embedded-System/ros_motor_system/MyCode/path2pos/build/path2pos' returned '0': CMAKE_PREFIX_PATH=${CMAKE_PREFIX_PATH}:/opt/ros/foxy /usr/bin/cmake --build /home/vincent/Embedded-System/ros_motor_system/MyCode/path2pos/build/path2pos -- -j4 -l4
[6.278s] DEBUG:colcon.colcon_core.event_handler.log_command:Invoking command in '/home/vincent/Embedded-System/ros_motor_system/MyCode/path2pos/build/path2pos': CMAKE_PREFIX_PATH=${CMAKE_PREFIX_PATH}:/opt/ros/foxy /usr/bin/cmake --install /home/vincent/Embedded-System/ros_motor_system/MyCode/path2pos/build/path2pos
[6.317s] Level 1:colcon.colcon_core.environment:create_environment_scripts_only(path2pos)
[6.318s] DEBUG:colcon.colcon_core.event_handler.log_command:Invoked command in '/home/vincent/Embedded-System/ros_motor_system/MyCode/path2pos/build/path2pos' returned '0': CMAKE_PREFIX_PATH=${CMAKE_PREFIX_PATH}:/opt/ros/foxy /usr/bin/cmake --install /home/vincent/Embedded-System/ros_motor_system/MyCode/path2pos/build/path2pos
[6.324s] Level 1:colcon.colcon_core.environment:checking '/home/vincent/Embedded-System/ros_motor_system/MyCode/path2pos/install/path2pos' for CMake module files
[6.325s] Level 1:colcon.colcon_core.environment:checking '/home/vincent/Embedded-System/ros_motor_system/MyCode/path2pos/install/path2pos' for CMake config files
[6.325s] Level 1:colcon.colcon_core.shell:create_environment_hook('path2pos', 'cmake_prefix_path')
[6.326s] INFO:colcon.colcon_core.shell:Creating environment hook '/home/vincent/Embedded-System/ros_motor_system/MyCode/path2pos/install/path2pos/share/path2pos/hook/cmake_prefix_path.ps1'
[6.327s] INFO:colcon.colcon_core.shell:Creating environment descriptor '/home/vincent/Embedded-System/ros_motor_system/MyCode/path2pos/install/path2pos/share/path2pos/hook/cmake_prefix_path.dsv'
[6.327s] INFO:colcon.colcon_core.shell:Creating environment hook '/home/vincent/Embedded-System/ros_motor_system/MyCode/path2pos/install/path2pos/share/path2pos/hook/cmake_prefix_path.sh'
[6.329s] Level 1:colcon.colcon_core.environment:checking '/home/vincent/Embedded-System/ros_motor_system/MyCode/path2pos/install/path2pos/lib'
[6.330s] Level 1:colcon.colcon_core.environment:checking '/home/vincent/Embedded-System/ros_motor_system/MyCode/path2pos/install/path2pos/bin'
[6.330s] Level 1:colcon.colcon_core.environment:checking '/home/vincent/Embedded-System/ros_motor_system/MyCode/path2pos/install/path2pos/lib/pkgconfig/path2pos.pc'
[6.331s] Level 1:colcon.colcon_core.environment:checking '/home/vincent/Embedded-System/ros_motor_system/MyCode/path2pos/install/path2pos/lib/python3.8/site-packages'
[6.331s] Level 1:colcon.colcon_core.environment:checking '/home/vincent/Embedded-System/ros_motor_system/MyCode/path2pos/install/path2pos/bin'
[6.332s] INFO:colcon.colcon_core.shell:Creating package script '/home/vincent/Embedded-System/ros_motor_system/MyCode/path2pos/install/path2pos/share/path2pos/package.ps1'
[6.333s] INFO:colcon.colcon_core.shell:Creating package descriptor '/home/vincent/Embedded-System/ros_motor_system/MyCode/path2pos/install/path2pos/share/path2pos/package.dsv'
[6.334s] INFO:colcon.colcon_core.shell:Creating package script '/home/vincent/Embedded-System/ros_motor_system/MyCode/path2pos/install/path2pos/share/path2pos/package.sh'
[6.335s] INFO:colcon.colcon_core.shell:Creating package script '/home/vincent/Embedded-System/ros_motor_system/MyCode/path2pos/install/path2pos/share/path2pos/package.bash'
[6.336s] INFO:colcon.colcon_core.shell:Creating package script '/home/vincent/Embedded-System/ros_motor_system/MyCode/path2pos/install/path2pos/share/path2pos/package.zsh'
[6.337s] Level 1:colcon.colcon_core.environment:create_file_with_runtime_dependencies(/home/vincent/Embedded-System/ros_motor_system/MyCode/path2pos/install/path2pos/share/colcon-core/packages/path2pos)
[6.376s] Level 1:colcon.colcon_core.environment:create_environment_scripts_only(path2pos)
[6.376s] Level 1:colcon.colcon_core.environment:checking '/home/vincent/Embedded-System/ros_motor_system/MyCode/path2pos/install/path2pos' for CMake module files
[6.377s] Level 1:colcon.colcon_core.environment:checking '/home/vincent/Embedded-System/ros_motor_system/MyCode/path2pos/install/path2pos' for CMake config files
[6.378s] Level 1:colcon.colcon_core.shell:create_environment_hook('path2pos', 'cmake_prefix_path')
[6.379s] INFO:colcon.colcon_core.shell:Creating environment hook '/home/vincent/Embedded-System/ros_motor_system/MyCode/path2pos/install/path2pos/share/path2pos/hook/cmake_prefix_path.ps1'
[6.381s] INFO:colcon.colcon_core.shell:Creating environment descriptor '/home/vincent/Embedded-System/ros_motor_system/MyCode/path2pos/install/path2pos/share/path2pos/hook/cmake_prefix_path.dsv'
[6.383s] INFO:colcon.colcon_core.shell:Creating environment hook '/home/vincent/Embedded-System/ros_motor_system/MyCode/path2pos/install/path2pos/share/path2pos/hook/cmake_prefix_path.sh'
[6.385s] Level 1:colcon.colcon_core.environment:checking '/home/vincent/Embedded-System/ros_motor_system/MyCode/path2pos/install/path2pos/lib'
[6.385s] Level 1:colcon.colcon_core.environment:checking '/home/vincent/Embedded-System/ros_motor_system/MyCode/path2pos/install/path2pos/bin'
[6.385s] Level 1:colcon.colcon_core.environment:checking '/home/vincent/Embedded-System/ros_motor_system/MyCode/path2pos/install/path2pos/lib/pkgconfig/path2pos.pc'
[6.386s] Level 1:colcon.colcon_core.environment:checking '/home/vincent/Embedded-System/ros_motor_system/MyCode/path2pos/install/path2pos/lib/python3.8/site-packages'
[6.386s] Level 1:colcon.colcon_core.environment:checking '/home/vincent/Embedded-System/ros_motor_system/MyCode/path2pos/install/path2pos/bin'
[6.387s] INFO:colcon.colcon_core.shell:Creating package script '/home/vincent/Embedded-System/ros_motor_system/MyCode/path2pos/install/path2pos/share/path2pos/package.ps1'
[6.388s] INFO:colcon.colcon_core.shell:Creating package descriptor '/home/vincent/Embedded-System/ros_motor_system/MyCode/path2pos/install/path2pos/share/path2pos/package.dsv'
[6.388s] INFO:colcon.colcon_core.shell:Creating package script '/home/vincent/Embedded-System/ros_motor_system/MyCode/path2pos/install/path2pos/share/path2pos/package.sh'
[6.389s] INFO:colcon.colcon_core.shell:Creating package script '/home/vincent/Embedded-System/ros_motor_system/MyCode/path2pos/install/path2pos/share/path2pos/package.bash'
[6.390s] INFO:colcon.colcon_core.shell:Creating package script '/home/vincent/Embedded-System/ros_motor_system/MyCode/path2pos/install/path2pos/share/path2pos/package.zsh'
[6.390s] Level 1:colcon.colcon_core.environment:create_file_with_runtime_dependencies(/home/vincent/Embedded-System/ros_motor_system/MyCode/path2pos/install/path2pos/share/colcon-core/packages/path2pos)
[6.391s] DEBUG:colcon.colcon_parallel_executor.executor.parallel:closing loop
[6.392s] DEBUG:colcon.colcon_parallel_executor.executor.parallel:loop closed
[6.392s] DEBUG:colcon.colcon_parallel_executor.executor.parallel:run_until_complete finished with '0'
[6.392s] DEBUG:colcon.colcon_core.event_reactor:joining thread
[6.402s] INFO:colcon.colcon_core.plugin_system:Skipping extension 'colcon_notification.desktop_notification.terminal_notifier': Not used on non-Darwin systems
[6.402s] INFO:colcon.colcon_core.plugin_system:Skipping extension 'colcon_notification.desktop_notification.win32': Not used on non-Windows systems
[6.403s] INFO:colcon.colcon_notification.desktop_notification:Sending desktop notification using 'notify2'
[6.421s] DEBUG:colcon.colcon_core.event_reactor:joined thread
[6.422s] INFO:colcon.colcon_core.shell:Creating prefix script '/home/vincent/Embedded-System/ros_motor_system/MyCode/path2pos/install/local_setup.ps1'
[6.424s] INFO:colcon.colcon_core.shell:Creating prefix util module '/home/vincent/Embedded-System/ros_motor_system/MyCode/path2pos/install/_local_setup_util_ps1.py'
[6.427s] INFO:colcon.colcon_core.shell:Creating prefix chain script '/home/vincent/Embedded-System/ros_motor_system/MyCode/path2pos/install/setup.ps1'
[6.429s] INFO:colcon.colcon_core.shell:Creating prefix script '/home/vincent/Embedded-System/ros_motor_system/MyCode/path2pos/install/local_setup.sh'
[6.431s] INFO:colcon.colcon_core.shell:Creating prefix util module '/home/vincent/Embedded-System/ros_motor_system/MyCode/path2pos/install/_local_setup_util_sh.py'
[6.433s] INFO:colcon.colcon_core.shell:Creating prefix chain script '/home/vincent/Embedded-System/ros_motor_system/MyCode/path2pos/install/setup.sh'
[6.436s] INFO:colcon.colcon_core.shell:Creating prefix script '/home/vincent/Embedded-System/ros_motor_system/MyCode/path2pos/install/local_setup.bash'
[6.437s] INFO:colcon.colcon_core.shell:Creating prefix chain script '/home/vincent/Embedded-System/ros_motor_system/MyCode/path2pos/install/setup.bash'
[6.439s] INFO:colcon.colcon_core.shell:Creating prefix script '/home/vincent/Embedded-System/ros_motor_system/MyCode/path2pos/install/local_setup.zsh'
[6.440s] INFO:colcon.colcon_core.shell:Creating prefix chain script '/home/vincent/Embedded-System/ros_motor_system/MyCode/path2pos/install/setup.zsh'
