[0.085s] Invoking command in '/home/mp4d/fpga_interface/fpga_interface/build/fpga_interface': CMAKE_PREFIX_PATH=${CMAKE_PREFIX_PATH}:/opt/ros/foxy /usr/bin/cmake --build /home/mp4d/fpga_interface/fpga_interface/build/fpga_interface -- -j4 -l4
[0.421s] [35m[1mScanning dependencies of target interface_node[0m
[0.658s] [ 25%] [32mBuilding CXX object CMakeFiles/interface_node.dir/src/interface_node.cpp.o[0m
[17.173s] [01m[K/home/mp4d/fpga_interface/fpga_interface/src/interface_node.cpp:[m[K In member function ‘[01m[Kvoid MinimalPublisher::get_image_callback(sensor_msgs::msg::Image_<std::allocator<void> >::SharedPtr)[m[K’:
[17.174s] [01m[K/home/mp4d/fpga_interface/fpga_interface/src/interface_node.cpp:58:16:[m[K [01;35m[Kwarning: [m[Kunused variable ‘[01m[KImageArray[m[K’ [[01;35m[K-Wunused-variable[m[K]
[17.175s]    58 |       uint8_t *[01;35m[KImageArray[m[K=msg->data.data();
[17.175s]       |                [01;35m[K^~~~~~~~~~[m[K
[49.225s] [ 50%] [32m[1mLinking CXX executable interface_node[0m
[54.186s] [100%] Built target interface_node
[54.264s] Invoked command in '/home/mp4d/fpga_interface/fpga_interface/build/fpga_interface' returned '0': CMAKE_PREFIX_PATH=${CMAKE_PREFIX_PATH}:/opt/ros/foxy /usr/bin/cmake --build /home/mp4d/fpga_interface/fpga_interface/build/fpga_interface -- -j4 -l4
[54.487s] Invoking command in '/home/mp4d/fpga_interface/fpga_interface/build/fpga_interface': CMAKE_PREFIX_PATH=${CMAKE_PREFIX_PATH}:/opt/ros/foxy /usr/bin/cmake --install /home/mp4d/fpga_interface/fpga_interface/build/fpga_interface
[54.547s] -- Install configuration: ""
[54.548s] -- Installing: /home/mp4d/fpga_interface/fpga_interface/install/fpga_interface/lib/fpga_interface/interface_node
[54.564s] -- Set runtime path of "/home/mp4d/fpga_interface/fpga_interface/install/fpga_interface/lib/fpga_interface/interface_node" to ""
[54.565s] -- Up-to-date: /home/mp4d/fpga_interface/fpga_interface/install/fpga_interface/share/ament_index/resource_index/package_run_dependencies/fpga_interface
[54.566s] -- Up-to-date: /home/mp4d/fpga_interface/fpga_interface/install/fpga_interface/share/ament_index/resource_index/parent_prefix_path/fpga_interface
[54.567s] -- Up-to-date: /home/mp4d/fpga_interface/fpga_interface/install/fpga_interface/share/fpga_interface/environment/ament_prefix_path.sh
[54.568s] -- Up-to-date: /home/mp4d/fpga_interface/fpga_interface/install/fpga_interface/share/fpga_interface/environment/ament_prefix_path.dsv
[54.569s] -- Up-to-date: /home/mp4d/fpga_interface/fpga_interface/install/fpga_interface/share/fpga_interface/environment/path.sh
[54.569s] -- Up-to-date: /home/mp4d/fpga_interface/fpga_interface/install/fpga_interface/share/fpga_interface/environment/path.dsv
[54.570s] -- Up-to-date: /home/mp4d/fpga_interface/fpga_interface/install/fpga_interface/share/fpga_interface/local_setup.bash
[54.570s] -- Up-to-date: /home/mp4d/fpga_interface/fpga_interface/install/fpga_interface/share/fpga_interface/local_setup.sh
[54.571s] -- Up-to-date: /home/mp4d/fpga_interface/fpga_interface/install/fpga_interface/share/fpga_interface/local_setup.zsh
[54.571s] -- Up-to-date: /home/mp4d/fpga_interface/fpga_interface/install/fpga_interface/share/fpga_interface/local_setup.dsv
[54.572s] -- Installing: /home/mp4d/fpga_interface/fpga_interface/install/fpga_interface/share/fpga_interface/package.dsv
[54.572s] -- Up-to-date: /home/mp4d/fpga_interface/fpga_interface/install/fpga_interface/share/ament_index/resource_index/packages/fpga_interface
[54.573s] -- Up-to-date: /home/mp4d/fpga_interface/fpga_interface/install/fpga_interface/share/fpga_interface/cmake/fpga_interfaceConfig.cmake
[54.573s] -- Up-to-date: /home/mp4d/fpga_interface/fpga_interface/install/fpga_interface/share/fpga_interface/cmake/fpga_interfaceConfig-version.cmake
[54.574s] -- Up-to-date: /home/mp4d/fpga_interface/fpga_interface/install/fpga_interface/share/fpga_interface/package.xml
[54.582s] Invoked command in '/home/mp4d/fpga_interface/fpga_interface/build/fpga_interface' returned '0': CMAKE_PREFIX_PATH=${CMAKE_PREFIX_PATH}:/opt/ros/foxy /usr/bin/cmake --install /home/mp4d/fpga_interface/fpga_interface/build/fpga_interface
