[0.025s] Invoking command in '/home/vincent/Embedded-System/ros_interface_node/fpga_interface/build/fpga_interface': CMAKE_PREFIX_PATH=${CMAKE_PREFIX_PATH}:/opt/ros/foxy /usr/bin/cmake --build /home/vincent/Embedded-System/ros_interface_node/fpga_interface/build/fpga_interface -- -j4 -l4
[0.078s] -- Found ament_cmake: 0.9.12 (/opt/ros/foxy/share/ament_cmake/cmake)
[0.115s] -- Using PYTHON_EXECUTABLE: /usr/bin/python3
[0.442s] -- Found rclcpp: 2.4.3 (/opt/ros/foxy/share/rclcpp/cmake)
[0.504s] -- Using all available rosidl_typesupport_c: rosidl_typesupport_fastrtps_c;rosidl_typesupport_introspection_c
[0.513s] -- Found rosidl_adapter: 1.3.1 (/opt/ros/foxy/share/rosidl_adapter/cmake)
[0.703s] -- Using all available rosidl_typesupport_cpp: rosidl_typesupport_fastrtps_cpp;rosidl_typesupport_introspection_cpp
[0.792s] -- Found rmw_implementation_cmake: 1.0.4 (/opt/ros/foxy/share/rmw_implementation_cmake/cmake)
[0.794s] -- Using RMW implementation 'rmw_fastrtps_cpp' as default
[1.036s] -- Found sensor_msgs: 2.0.5 (/opt/ros/foxy/share/sensor_msgs/cmake)
[1.302s] -- Found ament_lint_auto: 0.9.8 (/opt/ros/foxy/share/ament_lint_auto/cmake)
[1.405s] -- Added test 'copyright' to check source files copyright and LICENSE
[1.427s] -- Added test 'cppcheck' to perform static code analysis on C / C++ code
[1.427s] -- Configured cppcheck include dirs: $<BUILD_INTERFACE:/home/vincent/Embedded-System/ros_interface_node/fpga_interface/include>
[1.427s] -- Configured cppcheck exclude dirs and/or files: 
[1.448s] -- Added test 'cpplint' to check C / C++ code against the Google style
[1.448s] -- Configured cpplint exclude dirs and/or files: 
[1.452s] -- Added test 'flake8' to check Python code syntax and style conventions
[1.458s] -- Added test 'lint_cmake' to check CMake code style
[1.462s] -- Added test 'pep257' to check Python code against some of the style conventions in PEP 257
[1.484s] -- Added test 'uncrustify' to check C / C++ code style
[1.484s] -- Configured uncrustify additional arguments: 
[1.487s] -- Added test 'xmllint' to check XML markup files
[1.492s] -- Configuring done
[1.504s] -- Generating done
[1.508s] -- Build files have been written to: /home/vincent/Embedded-System/ros_interface_node/fpga_interface/build/fpga_interface
[1.550s] [35m[1mScanning dependencies of target interface_node[0m
[1.613s] [ 50%] [32mBuilding CXX object CMakeFiles/interface_node.dir/src/interface_node.cpp.o[0m
[3.835s] [01m[K/home/vincent/Embedded-System/ros_interface_node/fpga_interface/src/interface_node.cpp:53:23:[m[K [01;31m[Kerror: [m[K‘[01m[KSetPosition[m[K’ was not declared in this scope
[3.835s]    53 |     rclcpp::Publisher<[01;31m[KSetPosition[m[K>::SharedPtr publisher_;
[3.835s]       |                       [01;31m[K^~~~~~~~~~~[m[K
[3.836s] [01m[K/home/vincent/Embedded-System/ros_interface_node/fpga_interface/src/interface_node.cpp:53:34:[m[K [01;31m[Kerror: [m[Ktemplate argument 1 is invalid
[3.836s]    53 |     rclcpp::Publisher<SetPosition[01;31m[K>[m[K::SharedPtr publisher_;
[3.836s]       |                                  [01;31m[K^[m[K
[3.836s] [01m[K/home/vincent/Embedded-System/ros_interface_node/fpga_interface/src/interface_node.cpp:53:37:[m[K [01;31m[Kerror: [m[Kexpected ‘[01m[K;[m[K’ at end of member declaration
[3.836s]    53 |     rclcpp::Publisher<SetPosition>::[01;31m[KSharedPtr[m[K publisher_;
[3.836s]       |                                     [01;31m[K^~~~~~~~~[m[K
[3.837s]       |                                              [32m[K;[m[K
[3.839s] [01m[K/home/vincent/Embedded-System/ros_interface_node/fpga_interface/src/interface_node.cpp:53:47:[m[K [01;31m[Kerror: [m[K‘[01m[Kpublisher_[m[K’ does not name a type; did you mean ‘[01m[Krcl_publisher_t[m[K’?
[3.840s]    53 |     rclcpp::Publisher<SetPosition>::SharedPtr [01;31m[Kpublisher_[m[K;
[3.840s]       |                                               [01;31m[K^~~~~~~~~~[m[K
[3.840s]       |                                               [32m[Krcl_publisher_t[m[K
[3.868s] [01m[K/home/vincent/Embedded-System/ros_interface_node/fpga_interface/src/interface_node.cpp:[m[K In constructor ‘[01m[KMinimalPublisher::MinimalPublisher()[m[K’:
[3.868s] [01m[K/home/vincent/Embedded-System/ros_interface_node/fpga_interface/src/interface_node.cpp:27:7:[m[K [01;31m[Kerror: [m[K‘[01m[Kpublisher_[m[K’ was not declared in this scope; did you mean ‘[01m[Krcl_publisher_t[m[K’?
[3.868s]    27 |       [01;31m[Kpublisher_[m[K = this->create_publisher<std_msg::msg::Int32>("/set_draw_number", 10);
[3.868s]       |       [01;31m[K^~~~~~~~~~[m[K
[3.869s]       |       [32m[Krcl_publisher_t[m[K
[3.871s] [01m[K/home/vincent/Embedded-System/ros_interface_node/fpga_interface/src/interface_node.cpp:27:43:[m[K [01;31m[Kerror: [m[K‘[01m[Kstd_msg[m[K’ was not declared in this scope; did you mean ‘[01m[Kstd_msgs[m[K’?
[3.871s]    27 |       publisher_ = this->create_publisher<[01;31m[Kstd_msg[m[K::msg::Int32>("/set_draw_number", 10);
[3.871s]       |                                           [01;31m[K^~~~~~~[m[K
[3.871s]       |                                           [32m[Kstd_msgs[m[K
[3.871s] [01m[K/home/vincent/Embedded-System/ros_interface_node/fpga_interface/src/interface_node.cpp:27:26:[m[K [01;31m[Kerror: [m[Kparse error in template argument list
[3.872s]    27 |       publisher_ = this->[01;31m[Kcreate_publisher<std_msg::msg::Int32>[m[K("/set_draw_number", 10);
[3.872s]       |                          [01;31m[K^~~~~~~~~~~~~~~~~~~~~~~~~~~~~~~~~~~~~[m[K
[3.872s] [01m[K/home/vincent/Embedded-System/ros_interface_node/fpga_interface/src/interface_node.cpp:27:86:[m[K [01;31m[Kerror: [m[Kno matching function for call to ‘[01m[KMinimalPublisher::create_publisher<<expression error> >(const char [17], int)[m[K’
[3.872s]    27 |       publisher_ = this->create_publisher<std_msg::msg::Int32>("/set_draw_number", 10[01;31m[K)[m[K;
[3.872s]       |                                                                                      [01;31m[K^[m[K
[3.872s] In file included from [01m[K/opt/ros/foxy/include/rclcpp/executors/single_threaded_executor.hpp:28[m[K,
[3.873s]                  from [01m[K/opt/ros/foxy/include/rclcpp/executors.hpp:22[m[K,
[3.873s]                  from [01m[K/opt/ros/foxy/include/rclcpp/rclcpp.hpp:146[m[K,
[3.873s]                  from [01m[K/home/vincent/Embedded-System/ros_interface_node/fpga_interface/src/interface_node.cpp:11[m[K:
[3.873s] [01m[K/opt/ros/foxy/include/rclcpp/node.hpp:184:3:[m[K [01;36m[Knote: [m[Kcandidate: ‘[01m[Ktemplate<class MessageT, class AllocatorT, class PublisherT> std::shared_ptr<PublisherT> rclcpp::Node::create_publisher(const string&, const rclcpp::QoS&, const rclcpp::PublisherOptionsWithAllocator<AllocatorT>&)[m[K’
[3.873s]   184 |   [01;36m[Kcreate_publisher[m[K(
[3.873s]       |   [01;36m[K^~~~~~~~~~~~~~~~[m[K
[3.874s] [01m[K/opt/ros/foxy/include/rclcpp/node.hpp:184:3:[m[K [01;36m[Knote: [m[K  template argument deduction/substitution failed:
[3.874s] [01m[K/home/vincent/Embedded-System/ros_interface_node/fpga_interface/src/interface_node.cpp:27:86:[m[K [01;31m[Kerror: [m[Ktemplate argument 1 is invalid
[3.874s]    27 |       publisher_ = this->create_publisher<std_msg::msg::Int32>("/set_draw_number", 10[01;31m[K)[m[K;
[3.874s]       |                                                                                      [01;31m[K^[m[K
[3.913s] [01m[K/home/vincent/Embedded-System/ros_interface_node/fpga_interface/src/interface_node.cpp:29:113:[m[K [01;31m[Kerror: [m[Kno match for ‘[01m[Koperator=[m[K’ (operand types are ‘[01m[Krclcpp::Subscription<std_msgs::msg::Int32_<std::allocator<void> > >::SharedPtr[m[K’ {aka ‘[01m[Kstd::shared_ptr<rclcpp::Subscription<std_msgs::msg::Int32_<std::allocator<void> > > >[m[K’} and ‘[01m[Kstd::shared_ptr<rclcpp::Subscription<sensor_msgs::msg::Image_<std::allocator<void> >, std::allocator<void>, rclcpp::message_memory_strategy::MessageMemoryStrategy<sensor_msgs::msg::Image_<std::allocator<void> >, std::allocator<void> > > >[m[K’)
[3.914s]    29 |       "/image_raw_scaled_down", 10, std::bind(&MinimalPublisher::get_image_callback, this,std::placeholders::_1)[01;31m[K)[m[K;
[3.914s]       |                                                                                                                 [01;31m[K^[m[K
[3.914s] In file included from [01m[K/usr/include/c++/9/memory:81[m[K,
[3.915s]                  from [01m[K/home/vincent/Embedded-System/ros_interface_node/fpga_interface/src/interface_node.cpp:3[m[K:
[3.915s] [01m[K/usr/include/c++/9/bits/shared_ptr.h:309:19:[m[K [01;36m[Knote: [m[Kcandidate: ‘[01m[Kstd::shared_ptr<_Tp>& std::shared_ptr<_Tp>::operator=(const std::shared_ptr<_Tp>&) [with _Tp = rclcpp::Subscription<std_msgs::msg::Int32_<std::allocator<void> > >][m[K’
[3.915s]   309 |       shared_ptr& [01;36m[Koperator[m[K=(const shared_ptr&) noexcept = default;
[3.915s]       |                   [01;36m[K^~~~~~~~[m[K
[3.915s] [01m[K/usr/include/c++/9/bits/shared_ptr.h:309:29:[m[K [01;36m[Knote: [m[K  no known conversion for argument 1 from ‘[01m[Kstd::shared_ptr<rclcpp::Subscription<sensor_msgs::msg::Image_<std::allocator<void> >, std::allocator<void>, rclcpp::message_memory_strategy::MessageMemoryStrategy<sensor_msgs::msg::Image_<std::allocator<void> >, std::allocator<void> > > >[m[K’ to ‘[01m[Kconst std::shared_ptr<rclcpp::Subscription<std_msgs::msg::Int32_<std::allocator<void> > > >&[m[K’
[3.915s]   309 |       shared_ptr& operator=([01;36m[Kconst shared_ptr&[m[K) noexcept = default;
[3.916s]       |                             [01;36m[K^~~~~~~~~~~~~~~~~[m[K
[3.916s] [01m[K/usr/include/c++/9/bits/shared_ptr.h:313:2:[m[K [01;36m[Knote: [m[Kcandidate: ‘[01m[Ktemplate<class _Yp> std::shared_ptr<_Tp>::_Assignable<const std::shared_ptr<_Yp>&> std::shared_ptr<_Tp>::operator=(const std::shared_ptr<_Yp>&) [with _Yp = _Yp; _Tp = rclcpp::Subscription<std_msgs::msg::Int32_<std::allocator<void> > >][m[K’
[3.916s]   313 |  [01;36m[Koperator[m[K=(const shared_ptr<_Yp>& __r) noexcept
[3.916s]       |  [01;36m[K^~~~~~~~[m[K
[3.916s] [01m[K/usr/include/c++/9/bits/shared_ptr.h:313:2:[m[K [01;36m[Knote: [m[K  template argument deduction/substitution failed:
[3.916s] /usr/include/c++/9/bits/shared_ptr.h: In substitution of ‘[01m[Ktemplate<class _Tp> template<class _Arg> using _Assignable = typename std::enable_if<std::is_assignable<std::__shared_ptr<_Tp>&, _Arg>::value, std::shared_ptr<_Tp>&>::type [with _Arg = const std::shared_ptr<rclcpp::Subscription<sensor_msgs::msg::Image_<std::allocator<void> >, std::allocator<void>, rclcpp::message_memory_strategy::MessageMemoryStrategy<sensor_msgs::msg::Image_<std::allocator<void> >, std::allocator<void> > > >&; _Tp = rclcpp::Subscription<std_msgs::msg::Int32_<std::allocator<void> > >][m[K’:
[3.917s] [01m[K/usr/include/c++/9/bits/shared_ptr.h:313:2:[m[K   required by substitution of ‘[01m[Ktemplate<class _Yp> std::shared_ptr<rclcpp::Subscription<std_msgs::msg::Int32_<std::allocator<void> > > >::_Assignable<const std::shared_ptr<_Tp>&> std::shared_ptr<rclcpp::Subscription<std_msgs::msg::Int32_<std::allocator<void> > > >::operator=<_Yp>(const std::shared_ptr<_Tp>&) [with _Yp = rclcpp::Subscription<sensor_msgs::msg::Image_<std::allocator<void> >, std::allocator<void>, rclcpp::message_memory_strategy::MessageMemoryStrategy<sensor_msgs::msg::Image_<std::allocator<void> >, std::allocator<void> > >][m[K’
[3.917s] [01m[K/home/vincent/Embedded-System/ros_interface_node/fpga_interface/src/interface_node.cpp:29:113:[m[K   required from here
[3.917s] [01m[K/usr/include/c++/9/bits/shared_ptr.h:111:8:[m[K [01;31m[Kerror: [m[Kno type named ‘[01m[Ktype[m[K’ in ‘[01m[Kstruct std::enable_if<false, std::shared_ptr<rclcpp::Subscription<std_msgs::msg::Int32_<std::allocator<void> > > >&>[m[K’
[3.917s]   111 |  using [01;31m[K_Assignable[m[K = typename enable_if<
[3.917s]       |        [01;31m[K^~~~~~~~~~~[m[K
[3.917s] [01m[K/usr/include/c++/9/bits/shared_ptr.h:324:2:[m[K [01;36m[Knote: [m[Kcandidate: ‘[01m[Ktemplate<class _Yp> std::shared_ptr<_Tp>::_Assignable<std::auto_ptr<_Up> > std::shared_ptr<_Tp>::operator=(std::auto_ptr<_Up>&&) [with _Yp = _Yp; _Tp = rclcpp::Subscription<std_msgs::msg::Int32_<std::allocator<void> > >][m[K’
[3.917s]   324 |  [01;36m[Koperator[m[K=(auto_ptr<_Yp>&& __r)
[3.918s]       |  [01;36m[K^~~~~~~~[m[K
[3.918s] [01m[K/usr/include/c++/9/bits/shared_ptr.h:324:2:[m[K [01;36m[Knote: [m[K  template argument deduction/substitution failed:
[3.918s] [01m[K/home/vincent/Embedded-System/ros_interface_node/fpga_interface/src/interface_node.cpp:29:113:[m[K [01;36m[Knote: [m[K  ‘[01m[Kstd::shared_ptr<rclcpp::Subscription<sensor_msgs::msg::Image_<std::allocator<void> >, std::allocator<void>, rclcpp::message_memory_strategy::MessageMemoryStrategy<sensor_msgs::msg::Image_<std::allocator<void> >, std::allocator<void> > > >[m[K’ is not derived from ‘[01m[Kstd::auto_ptr<_Up>[m[K’
[3.918s]    29 |       "/image_raw_scaled_down", 10, std::bind(&MinimalPublisher::get_image_callback, this,std::placeholders::_1)[01;36m[K)[m[K;
[3.918s]       |                                                                                                                 [01;36m[K^[m[K
[3.919s] In file included from [01m[K/usr/include/c++/9/memory:81[m[K,
[3.919s]                  from [01m[K/home/vincent/Embedded-System/ros_interface_node/fpga_interface/src/interface_node.cpp:3[m[K:
[3.919s] [01m[K/usr/include/c++/9/bits/shared_ptr.h:333:7:[m[K [01;36m[Knote: [m[Kcandidate: ‘[01m[Kstd::shared_ptr<_Tp>& std::shared_ptr<_Tp>::operator=(std::shared_ptr<_Tp>&&) [with _Tp = rclcpp::Subscription<std_msgs::msg::Int32_<std::allocator<void> > >][m[K’
[3.919s]   333 |       [01;36m[Koperator[m[K=(shared_ptr&& __r) noexcept
[3.919s]       |       [01;36m[K^~~~~~~~[m[K
[3.920s] [01m[K/usr/include/c++/9/bits/shared_ptr.h:333:30:[m[K [01;36m[Knote: [m[K  no known conversion for argument 1 from ‘[01m[Kstd::shared_ptr<rclcpp::Subscription<sensor_msgs::msg::Image_<std::allocator<void> >, std::allocator<void>, rclcpp::message_memory_strategy::MessageMemoryStrategy<sensor_msgs::msg::Image_<std::allocator<void> >, std::allocator<void> > > >[m[K’ to ‘[01m[Kstd::shared_ptr<rclcpp::Subscription<std_msgs::msg::Int32_<std::allocator<void> > > >&&[m[K’
[3.920s]   333 |       operator=([01;36m[Kshared_ptr&& __r[m[K) noexcept
[3.920s]       |                 [01;36m[K~~~~~~~~~~~~~^~~[m[K
[3.922s] [01m[K/usr/include/c++/9/bits/shared_ptr.h:341:2:[m[K [01;36m[Knote: [m[Kcandidate: ‘[01m[Ktemplate<class _Yp> std::shared_ptr<_Tp>::_Assignable<std::shared_ptr<_Yp> > std::shared_ptr<_Tp>::operator=(std::shared_ptr<_Yp>&&) [with _Yp = _Yp; _Tp = rclcpp::Subscription<std_msgs::msg::Int32_<std::allocator<void> > >][m[K’
[3.922s]   341 |  [01;36m[Koperator[m[K=(shared_ptr<_Yp>&& __r) noexcept
[3.922s]       |  [01;36m[K^~~~~~~~[m[K
[3.922s] [01m[K/usr/include/c++/9/bits/shared_ptr.h:341:2:[m[K [01;36m[Knote: [m[K  template argument deduction/substitution failed:
[3.923s] /usr/include/c++/9/bits/shared_ptr.h: In substitution of ‘[01m[Ktemplate<class _Tp> template<class _Arg> using _Assignable = typename std::enable_if<std::is_assignable<std::__shared_ptr<_Tp>&, _Arg>::value, std::shared_ptr<_Tp>&>::type [with _Arg = std::shared_ptr<rclcpp::Subscription<sensor_msgs::msg::Image_<std::allocator<void> >, std::allocator<void>, rclcpp::message_memory_strategy::MessageMemoryStrategy<sensor_msgs::msg::Image_<std::allocator<void> >, std::allocator<void> > > >; _Tp = rclcpp::Subscription<std_msgs::msg::Int32_<std::allocator<void> > >][m[K’:
[3.923s] [01m[K/usr/include/c++/9/bits/shared_ptr.h:341:2:[m[K   required by substitution of ‘[01m[Ktemplate<class _Yp> std::shared_ptr<rclcpp::Subscription<std_msgs::msg::Int32_<std::allocator<void> > > >::_Assignable<std::shared_ptr<_Tp> > std::shared_ptr<rclcpp::Subscription<std_msgs::msg::Int32_<std::allocator<void> > > >::operator=<_Yp>(std::shared_ptr<_Tp>&&) [with _Yp = rclcpp::Subscription<sensor_msgs::msg::Image_<std::allocator<void> >, std::allocator<void>, rclcpp::message_memory_strategy::MessageMemoryStrategy<sensor_msgs::msg::Image_<std::allocator<void> >, std::allocator<void> > >][m[K’
[3.923s] [01m[K/home/vincent/Embedded-System/ros_interface_node/fpga_interface/src/interface_node.cpp:29:113:[m[K   required from here
[3.923s] [01m[K/usr/include/c++/9/bits/shared_ptr.h:111:8:[m[K [01;31m[Kerror: [m[Kno type named ‘[01m[Ktype[m[K’ in ‘[01m[Kstruct std::enable_if<false, std::shared_ptr<rclcpp::Subscription<std_msgs::msg::Int32_<std::allocator<void> > > >&>[m[K’
[3.923s]   111 |  using [01;31m[K_Assignable[m[K = typename enable_if<
[3.924s]       |        [01;31m[K^~~~~~~~~~~[m[K
[3.924s] [01m[K/usr/include/c++/9/bits/shared_ptr.h:349:2:[m[K [01;36m[Knote: [m[Kcandidate: ‘[01m[Ktemplate<class _Yp, class _Del> std::shared_ptr<_Tp>::_Assignable<std::unique_ptr<_Up, _Ep> > std::shared_ptr<_Tp>::operator=(std::unique_ptr<_Up, _Ep>&&) [with _Yp = _Yp; _Del = _Del; _Tp = rclcpp::Subscription<std_msgs::msg::Int32_<std::allocator<void> > >][m[K’
[3.924s]   349 |  [01;36m[Koperator[m[K=(unique_ptr<_Yp, _Del>&& __r)
[3.924s]       |  [01;36m[K^~~~~~~~[m[K
[3.924s] [01m[K/usr/include/c++/9/bits/shared_ptr.h:349:2:[m[K [01;36m[Knote: [m[K  template argument deduction/substitution failed:
[3.924s] [01m[K/home/vincent/Embedded-System/ros_interface_node/fpga_interface/src/interface_node.cpp:29:113:[m[K [01;36m[Knote: [m[K  ‘[01m[Kstd::shared_ptr<rclcpp::Subscription<sensor_msgs::msg::Image_<std::allocator<void> >, std::allocator<void>, rclcpp::message_memory_strategy::MessageMemoryStrategy<sensor_msgs::msg::Image_<std::allocator<void> >, std::allocator<void> > > >[m[K’ is not derived from ‘[01m[Kstd::unique_ptr<_Tp, _Dp>[m[K’
[3.925s]    29 |       "/image_raw_scaled_down", 10, std::bind(&MinimalPublisher::get_image_callback, this,std::placeholders::_1)[01;36m[K)[m[K;
[3.925s]       |                                                                                                                 [01;36m[K^[m[K
[3.925s] [01m[K/home/vincent/Embedded-System/ros_interface_node/fpga_interface/src/interface_node.cpp:[m[K In member function ‘[01m[Kvoid MinimalPublisher::get_image_callback(sensor_msgs::msg::Image_<std::allocator<void> >::SharedPtr)[m[K’:
[3.927s] [01m[K/home/vincent/Embedded-System/ros_interface_node/fpga_interface/src/interface_node.cpp:34:70:[m[K [01;35m[Kwarning: [m[Kunused parameter ‘[01m[Kmsg[m[K’ [[01;35m[K-Wunused-parameter[m[K]
[3.927s]    34 |     void get_image_callback([01;35m[Kconst sensor_msgs::msg::Image::SharedPtr msg[m[K)
[3.927s]       |                             [01;35m[K~~~~~~~~~~~~~~~~~~~~~~~~~~~~~~~~~~~~~~~~~^~~[m[K
[6.054s] make[2]: *** [CMakeFiles/interface_node.dir/build.make:63: CMakeFiles/interface_node.dir/src/interface_node.cpp.o] Error 1
[6.055s] make[1]: *** [CMakeFiles/Makefile2:78: CMakeFiles/interface_node.dir/all] Error 2
[6.055s] make: *** [Makefile:141: all] Error 2
[6.059s] Invoked command in '/home/vincent/Embedded-System/ros_interface_node/fpga_interface/build/fpga_interface' returned '2': CMAKE_PREFIX_PATH=${CMAKE_PREFIX_PATH}:/opt/ros/foxy /usr/bin/cmake --build /home/vincent/Embedded-System/ros_interface_node/fpga_interface/build/fpga_interface -- -j4 -l4
