[0.029s] Invoking command in '/home/vincent/Embedded-System/ros_interface_node/fpga_interface/build/fpga_interface': CMAKE_PREFIX_PATH=${CMAKE_PREFIX_PATH}:/opt/ros/foxy /usr/bin/cmake --build /home/vincent/Embedded-System/ros_interface_node/fpga_interface/build/fpga_interface -- -j4 -l4
[0.079s] -- Found ament_cmake: 0.9.12 (/opt/ros/foxy/share/ament_cmake/cmake)
[0.114s] -- Using PYTHON_EXECUTABLE: /usr/bin/python3
[0.417s] -- Found rclcpp: 2.4.3 (/opt/ros/foxy/share/rclcpp/cmake)
[0.471s] -- Using all available rosidl_typesupport_c: rosidl_typesupport_fastrtps_c;rosidl_typesupport_introspection_c
[0.476s] -- Found rosidl_adapter: 1.3.1 (/opt/ros/foxy/share/rosidl_adapter/cmake)
[0.640s] -- Using all available rosidl_typesupport_cpp: rosidl_typesupport_fastrtps_cpp;rosidl_typesupport_introspection_cpp
[0.727s] -- Found rmw_implementation_cmake: 1.0.4 (/opt/ros/foxy/share/rmw_implementation_cmake/cmake)
[0.729s] -- Using RMW implementation 'rmw_fastrtps_cpp' as default
[0.956s] -- Found sensor_msgs: 2.0.5 (/opt/ros/foxy/share/sensor_msgs/cmake)
[1.161s] -- Found cv_bridge: 3.0.7 (/opt/ros/foxy/share/cv_bridge/cmake)
[1.197s] -- Found ament_lint_auto: 0.9.8 (/opt/ros/foxy/share/ament_lint_auto/cmake)
[1.295s] -- Added test 'copyright' to check source files copyright and LICENSE
[1.328s] -- Added test 'cppcheck' to perform static code analysis on C / C++ code
[1.328s] -- Configured cppcheck include dirs: /home/vincent/Embedded-System/ros_interface_node/fpga_interface/lib;$<BUILD_INTERFACE:/home/vincent/Embedded-System/ros_interface_node/fpga_interface/include>
[1.328s] -- Configured cppcheck exclude dirs and/or files: 
[1.358s] -- Added test 'cpplint' to check C / C++ code against the Google style
[1.358s] -- Configured cpplint exclude dirs and/or files: 
[1.361s] -- Added test 'flake8' to check Python code syntax and style conventions
[1.367s] -- Added test 'lint_cmake' to check CMake code style
[1.371s] -- Added test 'pep257' to check Python code against some of the style conventions in PEP 257
[1.397s] -- Added test 'uncrustify' to check C / C++ code style
[1.397s] -- Configured uncrustify additional arguments: 
[1.400s] -- Added test 'xmllint' to check XML markup files
[1.404s] -- Configuring done
[1.437s] -- Generating done
[1.441s] -- Build files have been written to: /home/vincent/Embedded-System/ros_interface_node/fpga_interface/build/fpga_interface
[1.490s] [35m[1mScanning dependencies of target interface_node[0m
[1.550s] [ 40%] [32mBuilding C object CMakeFiles/interface_node.dir/src/xnn_inference_linux.c.o[0m
[1.550s] [ 40%] [32mBuilding C object CMakeFiles/interface_node.dir/src/xnn_inference.c.o[0m
[1.561s] [ 60%] [32mBuilding CXX object CMakeFiles/interface_node.dir/src/interface_node.cpp.o[0m
[1.564s] [ 80%] [32mBuilding C object CMakeFiles/interface_node.dir/src/reservedmemLKM.c.o[0m
[1.604s] [01m[K/home/vincent/Embedded-System/ros_interface_node/fpga_interface/src/reservedmemLKM.c:3:10:[m[K [01;31m[Kfatal error: [m[Klinux/device.h: No such file or directory
[1.604s]     3 | #include [01;31m[K<linux/device.h>[m[K
[1.604s]       |          [01;31m[K^~~~~~~~~~~~~~~~[m[K
[1.605s] compilation terminated.
[1.605s] make[2]: *** [CMakeFiles/interface_node.dir/build.make:102: CMakeFiles/interface_node.dir/src/reservedmemLKM.c.o] Error 1
[1.606s] make[2]: *** Waiting for unfinished jobs....
[1.626s] [01m[K/home/vincent/Embedded-System/ros_interface_node/fpga_interface/src/xnn_inference_linux.c:[m[K In function ‘[01m[Kuio_info_read_map_addr[m[K’:
[1.627s] [01m[K/home/vincent/Embedded-System/ros_interface_node/fpga_interface/src/xnn_inference_linux.c:68:26:[m[K [01;35m[Kwarning: [m[Kformat ‘[01m[K%x[m[K’ expects argument of type ‘[01m[Kunsigned int *[m[K’, but argument 3 has type ‘[01m[Ku64 *[m[K’ {aka ‘[01m[Klong unsigned int *[m[K’} [[01;35m[K-Wformat=[m[K]
[1.627s]    68 |     ret = fscanf(fp, "0x[01;35m[K%x[m[K", [32m[K&info->maps[n].addr[m[K);
[1.627s]       |                         [01;35m[K~^[m[K   [32m[K~~~~~~~~~~~~~~~~~~~[m[K
[1.627s]       |                          [01;35m[K|[m[K   [32m[K|[m[K
[1.627s]       |                          [01;35m[K|[m[K   [32m[Ku64 * {aka long unsigned int *}[m[K
[1.627s]       |                          [01;35m[Kunsigned int *[m[K
[1.628s]       |                         [32m[K%lx[m[K
[3.749s] In file included from [01m[K/home/vincent/Embedded-System/ros_interface_node/fpga_interface/src/interface_node.cpp:16[m[K:
[3.749s] [01m[K/home/vincent/Embedded-System/ros_interface_node/fpga_interface/src/reserved_mem.hpp:51:6:[m[K [01;35m[Kwarning: [m[Kextra ‘[01m[K;[m[K’ [[01;35m[K-Wpedantic[m[K]
[3.749s]    51 |     }[01;35m[K;[m[K
[3.750s]       |      [01;35m[K^[m[K
[3.750s]       |      [31m[K-[m[K
[3.750s] [01m[K/home/vincent/Embedded-System/ros_interface_node/fpga_interface/src/reserved_mem.hpp:68:6:[m[K [01;35m[Kwarning: [m[Kextra ‘[01m[K;[m[K’ [[01;35m[K-Wpedantic[m[K]
[3.751s]    68 |     }[01;35m[K;[m[K
[3.751s]       |      [01;35m[K^[m[K
[3.751s]       |      [31m[K-[m[K
[4.214s] [01m[K/home/vincent/Embedded-System/ros_interface_node/fpga_interface/src/interface_node.cpp:[m[K In member function ‘[01m[Kvoid MinimalPublisher::get_image_callback(sensor_msgs::msg::Image_<std::allocator<void> >::SharedPtr)[m[K’:
[4.215s] [01m[K/home/vincent/Embedded-System/ros_interface_node/fpga_interface/src/interface_node.cpp:48:25:[m[K [01;35m[Kwarning: [m[Kcomparison of integer expressions of different signedness: ‘[01m[Kint[m[K’ and ‘[01m[Ksensor_msgs::msg::Image_<std::allocator<void> >::_height_type[m[K’ {aka ‘[01m[Kunsigned int[m[K’} [[01;35m[K-Wsign-compare[m[K]
[4.215s]    48 |       for (int x = 0; [01;35m[Kx < msg->height[m[K; x++)
[4.216s]       |                       [01;35m[K~~^~~~~~~~~~~~~[m[K
[4.216s] [01m[K/home/vincent/Embedded-System/ros_interface_node/fpga_interface/src/interface_node.cpp:50:23:[m[K [01;35m[Kwarning: [m[Kcomparison of integer expressions of different signedness: ‘[01m[Kint[m[K’ and ‘[01m[Ksensor_msgs::msg::Image_<std::allocator<void> >::_width_type[m[K’ {aka ‘[01m[Kunsigned int[m[K’} [[01;35m[K-Wsign-compare[m[K]
[4.216s]    50 |         for (int y=0;[01;35m[Ky<msg->width[m[K;y++){
[4.216s]       |                      [01;35m[K~^~~~~~~~~~~[m[K
[4.216s] [01m[K/home/vincent/Embedded-System/ros_interface_node/fpga_interface/src/interface_node.cpp:51:47:[m[K [01;31m[Kerror: [m[Kinvalid types ‘[01m[K__gnu_cxx::__alloc_traits<std::allocator<unsigned char>, unsigned char>::value_type {aka unsigned char}[int][m[K’ for array subscript
[4.216s]    51 |           ImageVector.push_back(msg->data[x][y[01;31m[K][m[K);
[4.217s]       |                                               [01;31m[K^[m[K
[4.217s] [01m[K/home/vincent/Embedded-System/ros_interface_node/fpga_interface/src/interface_node.cpp:55:16:[m[K [01;35m[Kwarning: [m[Kunused variable ‘[01m[KImageArray[m[K’ [[01;35m[K-Wunused-variable[m[K]
[4.217s]    55 |       uint8_t *[01;35m[KImageArray[m[K=ImageVector.data();
[4.217s]       |                [01;35m[K^~~~~~~~~~[m[K
[6.712s] make[2]: *** [CMakeFiles/interface_node.dir/build.make:63: CMakeFiles/interface_node.dir/src/interface_node.cpp.o] Error 1
[6.712s] make[1]: *** [CMakeFiles/Makefile2:78: CMakeFiles/interface_node.dir/all] Error 2
[6.712s] make: *** [Makefile:141: all] Error 2
[6.718s] Invoked command in '/home/vincent/Embedded-System/ros_interface_node/fpga_interface/build/fpga_interface' returned '2': CMAKE_PREFIX_PATH=${CMAKE_PREFIX_PATH}:/opt/ros/foxy /usr/bin/cmake --build /home/vincent/Embedded-System/ros_interface_node/fpga_interface/build/fpga_interface -- -j4 -l4
