[0.026s] Invoking command in '/home/vincent/Embedded-System/ros_motor_system/MyCode/build/path2pos': CMAKE_PREFIX_PATH=${CMAKE_PREFIX_PATH}:/opt/ros/foxy /usr/bin/cmake --build /home/vincent/Embedded-System/ros_motor_system/MyCode/build/path2pos -- -j4 -l4
[0.077s] -- Found ament_cmake: 0.9.12 (/opt/ros/foxy/share/ament_cmake/cmake)
[0.113s] -- Using PYTHON_EXECUTABLE: /usr/bin/python3
[0.393s] -- Found rclcpp: 2.4.3 (/opt/ros/foxy/share/rclcpp/cmake)
[0.450s] -- Using all available rosidl_typesupport_c: rosidl_typesupport_fastrtps_c;rosidl_typesupport_introspection_c
[0.457s] -- Found rosidl_adapter: 1.3.1 (/opt/ros/foxy/share/rosidl_adapter/cmake)
[0.649s] -- Using all available rosidl_typesupport_cpp: rosidl_typesupport_fastrtps_cpp;rosidl_typesupport_introspection_cpp
[0.749s] -- Found rmw_implementation_cmake: 1.0.4 (/opt/ros/foxy/share/rmw_implementation_cmake/cmake)
[0.752s] -- Using RMW implementation 'rmw_fastrtps_cpp' as default
[1.025s] CMake Error at CMakeLists.txt:22 (find_package):
[1.025s]   By not providing "Finddynamixel_sdk_custom_interfaces.cmake" in
[1.025s]   CMAKE_MODULE_PATH this project has asked CMake to find a package
[1.026s]   configuration file provided by "dynamixel_sdk_custom_interfaces", but CMake
[1.026s]   did not find one.
[1.026s] 
[1.026s]   Could not find a package configuration file provided by
[1.026s]   "dynamixel_sdk_custom_interfaces" with any of the following names:
[1.026s] 
[1.026s]     dynamixel_sdk_custom_interfacesConfig.cmake
[1.026s]     dynamixel_sdk_custom_interfaces-config.cmake
[1.026s] 
[1.026s]   Add the installation prefix of "dynamixel_sdk_custom_interfaces" to
[1.027s]   CMAKE_PREFIX_PATH or set "dynamixel_sdk_custom_interfaces_DIR" to a
[1.027s]   directory containing one of the above files.  If
[1.027s]   "dynamixel_sdk_custom_interfaces" provides a separate development package
[1.027s]   or SDK, be sure it has been installed.
[1.027s] 
[1.027s] 
[1.027s] -- Configuring incomplete, errors occurred!
[1.027s] See also "/home/vincent/Embedded-System/ros_motor_system/MyCode/build/path2pos/CMakeFiles/CMakeOutput.log".
[1.027s] See also "/home/vincent/Embedded-System/ros_motor_system/MyCode/build/path2pos/CMakeFiles/CMakeError.log".
[1.036s] make: *** [Makefile:266: cmake_check_build_system] Error 1
[1.039s] Invoked command in '/home/vincent/Embedded-System/ros_motor_system/MyCode/build/path2pos' returned '2': CMAKE_PREFIX_PATH=${CMAKE_PREFIX_PATH}:/opt/ros/foxy /usr/bin/cmake --build /home/vincent/Embedded-System/ros_motor_system/MyCode/build/path2pos -- -j4 -l4
