[4.207s] DEBUG:colcon:Command line arguments: ['/usr/bin/colcon', 'build']
[4.209s] DEBUG:colcon:Parsed command line arguments: Namespace(allow_overriding=[], ament_cmake_args=None, base_paths=['.'], build_base='build', catkin_cmake_args=None, catkin_skip_building_tests=False, cmake_args=None, cmake_clean_cache=False, cmake_clean_first=False, cmake_force_configure=False, cmake_target=None, cmake_target_skip_unavailable=False, continue_on_error=False, event_handlers=None, executor='parallel', ignore_user_meta=False, install_base='install', log_base=None, log_level=None, main=<bound method BuildVerb.main of <colcon_core.verb.build.BuildVerb object at 0xffff8c5e74f0>>, merge_install=False, metas=['./colcon.meta'], packages_above=None, packages_above_and_dependencies=None, packages_above_depth=None, packages_end=None, packages_ignore=None, packages_ignore_regex=None, packages_select=None, packages_select_build_failed=False, packages_select_by_dep=None, packages_select_regex=None, packages_select_test_failures=False, packages_skip=None, packages_skip_build_finished=False, packages_skip_by_dep=None, packages_skip_regex=None, packages_skip_test_passed=False, packages_skip_up_to=None, packages_start=None, packages_up_to=None, packages_up_to_regex=None, parallel_workers=4, paths=None, symlink_install=False, test_result_base=None, verb_extension=<colcon_core.verb.build.BuildVerb object at 0xffff8c5e74f0>, verb_name='build', verb_parser=<colcon_defaults.argument_parser.defaults.DefaultArgumentsDecorator object at 0xffff8c488e50>)
[6.622s] Level 1:colcon.colcon_core.package_discovery:discover_packages(colcon_meta) check parameters
[6.624s] Level 1:colcon.colcon_core.package_discovery:discover_packages(recursive) check parameters
[6.624s] Level 1:colcon.colcon_core.package_discovery:discover_packages(ignore) check parameters
[6.624s] Level 1:colcon.colcon_core.package_discovery:discover_packages(path) check parameters
[6.625s] Level 1:colcon.colcon_core.package_discovery:discover_packages(colcon_meta) discover
[6.625s] Level 1:colcon.colcon_core.package_discovery:discover_packages(recursive) discover
[6.626s] INFO:colcon.colcon_core.package_discovery:Crawling recursively for packages in '/home/mp4d/fpga_interface/fpga_interface'
[6.627s] Level 1:colcon.colcon_core.package_identification:_identify(.) by extensions ['ignore', 'ignore_ament_install']
[6.628s] Level 1:colcon.colcon_core.package_identification:_identify(.) by extension 'ignore'
[6.629s] Level 1:colcon.colcon_core.package_identification:_identify(.) by extension 'ignore_ament_install'
[6.629s] Level 1:colcon.colcon_core.package_identification:_identify(.) by extensions ['colcon_pkg']
[6.629s] Level 1:colcon.colcon_core.package_identification:_identify(.) by extension 'colcon_pkg'
[6.630s] Level 1:colcon.colcon_core.package_identification:_identify(.) by extensions ['colcon_meta']
[6.630s] Level 1:colcon.colcon_core.package_identification:_identify(.) by extension 'colcon_meta'
[6.630s] Level 1:colcon.colcon_core.package_identification:_identify(.) by extensions ['ros']
[6.631s] Level 1:colcon.colcon_core.package_identification:_identify(.) by extension 'ros'
[6.834s] DEBUG:colcon.colcon_core.package_identification:Package '.' with type 'ros.ament_cmake' and name 'fpga_interface'
[6.835s] Level 1:colcon.colcon_core.package_discovery:discover_packages(recursive) using defaults
[6.843s] Level 1:colcon.colcon_core.package_discovery:discover_packages(ignore) discover
[6.844s] Level 1:colcon.colcon_core.package_discovery:discover_packages(ignore) using defaults
[6.844s] Level 1:colcon.colcon_core.package_discovery:discover_packages(path) discover
[6.845s] Level 1:colcon.colcon_core.package_discovery:discover_packages(path) using defaults
[7.127s] Level 1:colcon.colcon_core.package_discovery:discover_packages(prefix_path) check parameters
[7.128s] Level 1:colcon.colcon_core.package_discovery:discover_packages(prefix_path) discover
[7.164s] DEBUG:colcon.colcon_installed_package_information.package_discovery:Found 1 installed packages in /home/mp4d/fpga_interface/fpga_interface/install
[7.180s] DEBUG:colcon.colcon_installed_package_information.package_discovery:Found 258 installed packages in /opt/ros/foxy
[7.200s] Level 1:colcon.colcon_core.package_discovery:discover_packages(prefix_path) using defaults
[8.531s] Level 5:colcon.colcon_core.verb:set package 'fpga_interface' build argument 'cmake_args' from command line to 'None'
[8.532s] Level 5:colcon.colcon_core.verb:set package 'fpga_interface' build argument 'cmake_target' from command line to 'None'
[8.533s] Level 5:colcon.colcon_core.verb:set package 'fpga_interface' build argument 'cmake_target_skip_unavailable' from command line to 'False'
[8.533s] Level 5:colcon.colcon_core.verb:set package 'fpga_interface' build argument 'cmake_clean_cache' from command line to 'False'
[8.533s] Level 5:colcon.colcon_core.verb:set package 'fpga_interface' build argument 'cmake_clean_first' from command line to 'False'
[8.533s] Level 5:colcon.colcon_core.verb:set package 'fpga_interface' build argument 'cmake_force_configure' from command line to 'False'
[8.534s] Level 5:colcon.colcon_core.verb:set package 'fpga_interface' build argument 'ament_cmake_args' from command line to 'None'
[8.534s] Level 5:colcon.colcon_core.verb:set package 'fpga_interface' build argument 'catkin_cmake_args' from command line to 'None'
[8.534s] Level 5:colcon.colcon_core.verb:set package 'fpga_interface' build argument 'catkin_skip_building_tests' from command line to 'False'
[8.535s] DEBUG:colcon.colcon_core.verb:Building package 'fpga_interface' with the following arguments: {'ament_cmake_args': None, 'build_base': '/home/mp4d/fpga_interface/fpga_interface/build/fpga_interface', 'catkin_cmake_args': None, 'catkin_skip_building_tests': False, 'cmake_args': None, 'cmake_clean_cache': False, 'cmake_clean_first': False, 'cmake_force_configure': False, 'cmake_target': None, 'cmake_target_skip_unavailable': False, 'install_base': '/home/mp4d/fpga_interface/fpga_interface/install/fpga_interface', 'merge_install': False, 'path': '/home/mp4d/fpga_interface/fpga_interface', 'symlink_install': False, 'test_result_base': None}
[8.539s] INFO:colcon.colcon_core.executor:Executing jobs using 'parallel' executor
[8.556s] DEBUG:colcon.colcon_parallel_executor.executor.parallel:run_until_complete
[8.560s] INFO:colcon.colcon_ros.task.ament_cmake.build:Building ROS package in '/home/mp4d/fpga_interface/fpga_interface' with build type 'ament_cmake'
[8.563s] INFO:colcon.colcon_cmake.task.cmake.build:Building CMake package in '/home/mp4d/fpga_interface/fpga_interface'
[8.636s] INFO:colcon.colcon_core.plugin_system:Skipping extension 'colcon_core.shell.bat': Not used on non-Windows systems
[8.639s] INFO:colcon.colcon_core.shell:Skip shell extension 'powershell' for command environment: Not usable outside of PowerShell
[8.642s] DEBUG:colcon.colcon_core.shell:Skip shell extension 'dsv' for command environment
[8.853s] DEBUG:colcon.colcon_core.event_handler.log_command:Invoking command in '/home/mp4d/fpga_interface/fpga_interface/build/fpga_interface': CMAKE_PREFIX_PATH=${CMAKE_PREFIX_PATH}:/opt/ros/foxy /usr/bin/cmake --build /home/mp4d/fpga_interface/fpga_interface/build/fpga_interface -- -j4 -l4
[28.194s] DEBUG:colcon.colcon_core.event_handler.log_command:Invoked command in '/home/mp4d/fpga_interface/fpga_interface/build/fpga_interface' returned '0': CMAKE_PREFIX_PATH=${CMAKE_PREFIX_PATH}:/opt/ros/foxy /usr/bin/cmake --build /home/mp4d/fpga_interface/fpga_interface/build/fpga_interface -- -j4 -l4
[28.710s] DEBUG:colcon.colcon_core.event_handler.log_command:Invoking command in '/home/mp4d/fpga_interface/fpga_interface/build/fpga_interface': CMAKE_PREFIX_PATH=${CMAKE_PREFIX_PATH}:/opt/ros/foxy /usr/bin/cmake --install /home/mp4d/fpga_interface/fpga_interface/build/fpga_interface
[28.937s] Level 1:colcon.colcon_core.environment:create_environment_scripts_only(fpga_interface)
[28.944s] DEBUG:colcon.colcon_core.event_handler.log_command:Invoked command in '/home/mp4d/fpga_interface/fpga_interface/build/fpga_interface' returned '0': CMAKE_PREFIX_PATH=${CMAKE_PREFIX_PATH}:/opt/ros/foxy /usr/bin/cmake --install /home/mp4d/fpga_interface/fpga_interface/build/fpga_interface
[28.994s] Level 1:colcon.colcon_core.environment:checking '/home/mp4d/fpga_interface/fpga_interface/install/fpga_interface' for CMake module files
[28.999s] Level 1:colcon.colcon_core.environment:checking '/home/mp4d/fpga_interface/fpga_interface/install/fpga_interface' for CMake config files
[29.002s] Level 1:colcon.colcon_core.shell:create_environment_hook('fpga_interface', 'cmake_prefix_path')
[29.005s] INFO:colcon.colcon_core.shell:Creating environment hook '/home/mp4d/fpga_interface/fpga_interface/install/fpga_interface/share/fpga_interface/hook/cmake_prefix_path.ps1'
[29.029s] INFO:colcon.colcon_core.shell:Creating environment descriptor '/home/mp4d/fpga_interface/fpga_interface/install/fpga_interface/share/fpga_interface/hook/cmake_prefix_path.dsv'
[29.038s] INFO:colcon.colcon_core.shell:Creating environment hook '/home/mp4d/fpga_interface/fpga_interface/install/fpga_interface/share/fpga_interface/hook/cmake_prefix_path.sh'
[29.054s] Level 1:colcon.colcon_core.environment:checking '/home/mp4d/fpga_interface/fpga_interface/install/fpga_interface/lib'
[29.058s] Level 1:colcon.colcon_core.environment:checking '/home/mp4d/fpga_interface/fpga_interface/install/fpga_interface/bin'
[29.061s] Level 1:colcon.colcon_core.environment:checking '/home/mp4d/fpga_interface/fpga_interface/install/fpga_interface/lib/pkgconfig/fpga_interface.pc'
[29.065s] Level 1:colcon.colcon_core.environment:checking '/home/mp4d/fpga_interface/fpga_interface/install/fpga_interface/lib/python3.8/site-packages'
[29.068s] Level 1:colcon.colcon_core.environment:checking '/home/mp4d/fpga_interface/fpga_interface/install/fpga_interface/bin'
[29.071s] INFO:colcon.colcon_core.shell:Creating package script '/home/mp4d/fpga_interface/fpga_interface/install/fpga_interface/share/fpga_interface/package.ps1'
[29.083s] INFO:colcon.colcon_core.shell:Creating package descriptor '/home/mp4d/fpga_interface/fpga_interface/install/fpga_interface/share/fpga_interface/package.dsv'
[29.096s] INFO:colcon.colcon_core.shell:Creating package script '/home/mp4d/fpga_interface/fpga_interface/install/fpga_interface/share/fpga_interface/package.sh'
[29.118s] INFO:colcon.colcon_core.shell:Creating package script '/home/mp4d/fpga_interface/fpga_interface/install/fpga_interface/share/fpga_interface/package.bash'
[29.136s] INFO:colcon.colcon_core.shell:Creating package script '/home/mp4d/fpga_interface/fpga_interface/install/fpga_interface/share/fpga_interface/package.zsh'
[29.144s] Level 1:colcon.colcon_core.environment:create_file_with_runtime_dependencies(/home/mp4d/fpga_interface/fpga_interface/install/fpga_interface/share/colcon-core/packages/fpga_interface)
[29.493s] Level 1:colcon.colcon_core.environment:create_environment_scripts_only(fpga_interface)
[29.497s] Level 1:colcon.colcon_core.environment:checking '/home/mp4d/fpga_interface/fpga_interface/install/fpga_interface' for CMake module files
[29.520s] Level 1:colcon.colcon_core.environment:checking '/home/mp4d/fpga_interface/fpga_interface/install/fpga_interface' for CMake config files
[29.534s] Level 1:colcon.colcon_core.shell:create_environment_hook('fpga_interface', 'cmake_prefix_path')
[29.543s] INFO:colcon.colcon_core.shell:Creating environment hook '/home/mp4d/fpga_interface/fpga_interface/install/fpga_interface/share/fpga_interface/hook/cmake_prefix_path.ps1'
[29.560s] INFO:colcon.colcon_core.shell:Creating environment descriptor '/home/mp4d/fpga_interface/fpga_interface/install/fpga_interface/share/fpga_interface/hook/cmake_prefix_path.dsv'
[29.572s] INFO:colcon.colcon_core.shell:Creating environment hook '/home/mp4d/fpga_interface/fpga_interface/install/fpga_interface/share/fpga_interface/hook/cmake_prefix_path.sh'
[29.594s] Level 1:colcon.colcon_core.environment:checking '/home/mp4d/fpga_interface/fpga_interface/install/fpga_interface/lib'
[29.599s] Level 1:colcon.colcon_core.environment:checking '/home/mp4d/fpga_interface/fpga_interface/install/fpga_interface/bin'
[29.602s] Level 1:colcon.colcon_core.environment:checking '/home/mp4d/fpga_interface/fpga_interface/install/fpga_interface/lib/pkgconfig/fpga_interface.pc'
[29.610s] Level 1:colcon.colcon_core.environment:checking '/home/mp4d/fpga_interface/fpga_interface/install/fpga_interface/lib/python3.8/site-packages'
[29.613s] Level 1:colcon.colcon_core.environment:checking '/home/mp4d/fpga_interface/fpga_interface/install/fpga_interface/bin'
[29.621s] INFO:colcon.colcon_core.shell:Creating package script '/home/mp4d/fpga_interface/fpga_interface/install/fpga_interface/share/fpga_interface/package.ps1'
[29.650s] INFO:colcon.colcon_core.shell:Creating package descriptor '/home/mp4d/fpga_interface/fpga_interface/install/fpga_interface/share/fpga_interface/package.dsv'
[29.669s] INFO:colcon.colcon_core.shell:Creating package script '/home/mp4d/fpga_interface/fpga_interface/install/fpga_interface/share/fpga_interface/package.sh'
[29.684s] INFO:colcon.colcon_core.shell:Creating package script '/home/mp4d/fpga_interface/fpga_interface/install/fpga_interface/share/fpga_interface/package.bash'
[29.696s] INFO:colcon.colcon_core.shell:Creating package script '/home/mp4d/fpga_interface/fpga_interface/install/fpga_interface/share/fpga_interface/package.zsh'
[29.707s] Level 1:colcon.colcon_core.environment:create_file_with_runtime_dependencies(/home/mp4d/fpga_interface/fpga_interface/install/fpga_interface/share/colcon-core/packages/fpga_interface)
[29.714s] DEBUG:colcon.colcon_parallel_executor.executor.parallel:closing loop
[29.720s] DEBUG:colcon.colcon_parallel_executor.executor.parallel:loop closed
[29.722s] DEBUG:colcon.colcon_parallel_executor.executor.parallel:run_until_complete finished with '0'
[29.725s] DEBUG:colcon.colcon_core.event_reactor:joining thread
[29.876s] INFO:colcon.colcon_core.plugin_system:Skipping extension 'colcon_notification.desktop_notification.notify_send': Could not find 'notify-send'
[29.877s] INFO:colcon.colcon_core.plugin_system:Skipping extension 'colcon_notification.desktop_notification.terminal_notifier': Not used on non-Darwin systems
[29.878s] INFO:colcon.colcon_core.plugin_system:Skipping extension 'colcon_notification.desktop_notification.win32': Not used on non-Windows systems
[29.878s] INFO:colcon.colcon_notification.desktop_notification:Sending desktop notification using 'notify2'
[29.889s] DEBUG:colcon.colcon_notification.desktop_notification.notify2:Failed to initialize notify2: org.freedesktop.DBus.Error.ServiceUnknown: The name org.freedesktop.Notifications was not provided by any .service files
[29.893s] DEBUG:colcon.colcon_core.event_reactor:joined thread
[29.902s] INFO:colcon.colcon_core.shell:Creating prefix script '/home/mp4d/fpga_interface/fpga_interface/install/local_setup.ps1'
[29.925s] INFO:colcon.colcon_core.shell:Creating prefix util module '/home/mp4d/fpga_interface/fpga_interface/install/_local_setup_util_ps1.py'
[29.945s] INFO:colcon.colcon_core.shell:Creating prefix chain script '/home/mp4d/fpga_interface/fpga_interface/install/setup.ps1'
[29.964s] INFO:colcon.colcon_core.shell:Creating prefix script '/home/mp4d/fpga_interface/fpga_interface/install/local_setup.sh'
[29.983s] INFO:colcon.colcon_core.shell:Creating prefix util module '/home/mp4d/fpga_interface/fpga_interface/install/_local_setup_util_sh.py'
[30.002s] INFO:colcon.colcon_core.shell:Creating prefix chain script '/home/mp4d/fpga_interface/fpga_interface/install/setup.sh'
[30.031s] INFO:colcon.colcon_core.shell:Creating prefix script '/home/mp4d/fpga_interface/fpga_interface/install/local_setup.bash'
[30.041s] INFO:colcon.colcon_core.shell:Creating prefix chain script '/home/mp4d/fpga_interface/fpga_interface/install/setup.bash'
[30.059s] INFO:colcon.colcon_core.shell:Creating prefix script '/home/mp4d/fpga_interface/fpga_interface/install/local_setup.zsh'
[30.069s] INFO:colcon.colcon_core.shell:Creating prefix chain script '/home/mp4d/fpga_interface/fpga_interface/install/setup.zsh'
