[0.122s] Invoking command in '/home/mp4d/ros_motors/build/path2pos': AMENT_PREFIX_PATH=/home/mp4d/ros_motors/install/dynamixel_sdk_custom_interfaces:${AMENT_PREFIX_PATH} CMAKE_PREFIX_PATH=/home/mp4d/ros_motors/install/dynamixel_sdk_custom_interfaces:/home/mp4d/ros_motors/DynamixelSDK/install/dynamixel_sdk_examples:/home/mp4d/ros_motors/DynamixelSDK/install/dynamixel_sdk_custom_interfaces:/home/mp4d/ros_motors/DynamixelSDK/install/dynamixel_sdk:/opt/ros/foxy:/home/mp4d/ros_camera/install/usb_cam:/home/mp4d/ros_camera/install/cam_sub LD_LIBRARY_PATH=/home/mp4d/ros_motors/install/dynamixel_sdk_custom_interfaces/lib:${LD_LIBRARY_PATH} PYTHONPATH=/home/mp4d/ros_motors/install/dynamixel_sdk_custom_interfaces/lib/python3.8/site-packages:${PYTHONPATH} /usr/bin/cmake /home/mp4d/ros_motors/MyCode/path2pos -DCMAKE_INSTALL_PREFIX=/home/mp4d/ros_motors/install/path2pos
[0.655s] -- The C compiler identification is GNU 9.4.0
[1.186s] -- The CXX compiler identification is GNU 9.4.0
[1.217s] -- Check for working C compiler: /usr/bin/cc
[1.821s] -- Check for working C compiler: /usr/bin/cc -- works
[1.828s] -- Detecting C compiler ABI info
[2.440s] -- Detecting C compiler ABI info - done
[2.535s] -- Detecting C compile features
[2.536s] -- Detecting C compile features - done
[2.553s] -- Check for working CXX compiler: /usr/bin/c++
[3.270s] -- Check for working CXX compiler: /usr/bin/c++ -- works
[3.271s] -- Detecting CXX compiler ABI info
[3.984s] -- Detecting CXX compiler ABI info - done
[4.081s] -- Detecting CXX compile features
[4.084s] -- Detecting CXX compile features - done
[4.097s] -- Found ament_cmake: 0.9.12 (/opt/ros/foxy/share/ament_cmake/cmake)
[4.340s] -- Found PythonInterp: /usr/bin/python3 (found suitable version "3.8.10", minimum required is "3") 
[4.341s] -- Using PYTHON_EXECUTABLE: /usr/bin/python3
[6.080s] -- Found rclcpp: 2.4.3 (/opt/ros/foxy/share/rclcpp/cmake)
[6.361s] -- Using all available rosidl_typesupport_c: rosidl_typesupport_fastrtps_c;rosidl_typesupport_introspection_c
[6.404s] -- Found rosidl_adapter: 1.3.1 (/opt/ros/foxy/share/rosidl_adapter/cmake)
[6.913s] -- Found OpenSSL: /usr/lib/aarch64-linux-gnu/libcrypto.so (found version "1.1.1f")  
[7.113s] -- Found FastRTPS: /opt/ros/foxy/include  
[7.646s] -- Using all available rosidl_typesupport_cpp: rosidl_typesupport_fastrtps_cpp;rosidl_typesupport_introspection_cpp
[8.095s] -- Found rmw_implementation_cmake: 1.0.4 (/opt/ros/foxy/share/rmw_implementation_cmake/cmake)
[8.107s] -- Using RMW implementation 'rmw_fastrtps_cpp' as default
[8.113s] -- Looking for pthread.h
[8.757s] -- Looking for pthread.h - found
[8.761s] -- Performing Test CMAKE_HAVE_LIBC_PTHREAD
[9.419s] -- Performing Test CMAKE_HAVE_LIBC_PTHREAD - Failed
[9.421s] -- Looking for pthread_create in pthreads
[9.849s] -- Looking for pthread_create in pthreads - not found
[9.853s] -- Looking for pthread_create in pthread
[10.516s] -- Looking for pthread_create in pthread - found
[10.526s] -- Found Threads: TRUE  
[11.802s] -- Found dynamixel_sdk_custom_interfaces: 3.7.40 (/home/mp4d/ros_motors/install/dynamixel_sdk_custom_interfaces/share/dynamixel_sdk_custom_interfaces/cmake)
[11.965s] -- Found ament_lint_auto: 0.9.8 (/opt/ros/foxy/share/ament_lint_auto/cmake)
[12.700s] -- Added test 'copyright' to check source files copyright and LICENSE
[12.816s] -- Added test 'cppcheck' to perform static code analysis on C / C++ code
[12.817s] -- Configured cppcheck include dirs: $<BUILD_INTERFACE:/home/mp4d/ros_motors/MyCode/path2pos/include>
[12.818s] -- Configured cppcheck exclude dirs and/or files: 
[12.938s] -- Added test 'cpplint' to check C / C++ code against the Google style
[12.952s] -- Configured cpplint exclude dirs and/or files: 
[12.963s] -- Added test 'flake8' to check Python code syntax and style conventions
[12.988s] -- Added test 'lint_cmake' to check CMake code style
[13.005s] -- Added test 'pep257' to check Python code against some of the style conventions in PEP 257
[13.118s] -- Added test 'uncrustify' to check C / C++ code style
[13.119s] -- Configured uncrustify additional arguments: 
[13.136s] -- Added test 'xmllint' to check XML markup files
[13.155s] -- Configuring done
[13.222s] -- Generating done
[13.236s] -- Build files have been written to: /home/mp4d/ros_motors/build/path2pos
[13.304s] Invoked command in '/home/mp4d/ros_motors/build/path2pos' returned '0': AMENT_PREFIX_PATH=/home/mp4d/ros_motors/install/dynamixel_sdk_custom_interfaces:${AMENT_PREFIX_PATH} CMAKE_PREFIX_PATH=/home/mp4d/ros_motors/install/dynamixel_sdk_custom_interfaces:/home/mp4d/ros_motors/DynamixelSDK/install/dynamixel_sdk_examples:/home/mp4d/ros_motors/DynamixelSDK/install/dynamixel_sdk_custom_interfaces:/home/mp4d/ros_motors/DynamixelSDK/install/dynamixel_sdk:/opt/ros/foxy:/home/mp4d/ros_camera/install/usb_cam:/home/mp4d/ros_camera/install/cam_sub LD_LIBRARY_PATH=/home/mp4d/ros_motors/install/dynamixel_sdk_custom_interfaces/lib:${LD_LIBRARY_PATH} PYTHONPATH=/home/mp4d/ros_motors/install/dynamixel_sdk_custom_interfaces/lib/python3.8/site-packages:${PYTHONPATH} /usr/bin/cmake /home/mp4d/ros_motors/MyCode/path2pos -DCMAKE_INSTALL_PREFIX=/home/mp4d/ros_motors/install/path2pos
[13.321s] Invoking command in '/home/mp4d/ros_motors/build/path2pos': AMENT_PREFIX_PATH=/home/mp4d/ros_motors/install/dynamixel_sdk_custom_interfaces:${AMENT_PREFIX_PATH} CMAKE_PREFIX_PATH=/home/mp4d/ros_motors/install/dynamixel_sdk_custom_interfaces:/home/mp4d/ros_motors/DynamixelSDK/install/dynamixel_sdk_examples:/home/mp4d/ros_motors/DynamixelSDK/install/dynamixel_sdk_custom_interfaces:/home/mp4d/ros_motors/DynamixelSDK/install/dynamixel_sdk:/opt/ros/foxy:/home/mp4d/ros_camera/install/usb_cam:/home/mp4d/ros_camera/install/cam_sub LD_LIBRARY_PATH=/home/mp4d/ros_motors/install/dynamixel_sdk_custom_interfaces/lib:${LD_LIBRARY_PATH} PYTHONPATH=/home/mp4d/ros_motors/install/dynamixel_sdk_custom_interfaces/lib/python3.8/site-packages:${PYTHONPATH} /usr/bin/cmake --build /home/mp4d/ros_motors/build/path2pos -- -j4 -l4
[13.611s] [35m[1mScanning dependencies of target pos_writer[0m
[13.880s] [ 50%] [32mBuilding CXX object CMakeFiles/pos_writer.dir/src/pos_writer.cpp.o[0m
[26.530s] In file included from [01m[K/usr/include/c++/9/ext/alloc_traits.h:36[m[K,
[26.531s]                  from [01m[K/usr/include/c++/9/bits/basic_string.h:40[m[K,
[26.533s]                  from [01m[K/usr/include/c++/9/string:55[m[K,
[26.534s]                  from [01m[K/usr/include/c++/9/stdexcept:39[m[K,
[26.535s]                  from [01m[K/usr/include/c++/9/array:39[m[K,
[26.536s]                  from [01m[K/usr/include/c++/9/tuple:39[m[K,
[26.539s]                  from [01m[K/usr/include/c++/9/functional:54[m[K,
[26.541s]                  from [01m[K/home/mp4d/ros_motors/MyCode/path2pos/src/pos_writer.cpp:2[m[K:
[26.543s] /usr/include/c++/9/bits/alloc_traits.h: In instantiation of ‘[01m[Kstruct std::allocator_traits<std::allocator<const std_msgs::msg::Int32_<std::allocator<void> >&> >[m[K’:
[26.544s] [01m[K/opt/ros/foxy/include/rclcpp/message_memory_strategy.hpp:47:9:[m[K   required from ‘[01m[Kclass rclcpp::message_memory_strategy::MessageMemoryStrategy<const std_msgs::msg::Int32_<std::allocator<void> >&, std::allocator<void> >[m[K’
[26.550s] [01m[K/opt/ros/foxy/include/rclcpp/node_impl.hpp:91:1:[m[K   required by substitution of ‘[01m[Ktemplate<class MessageT, class CallbackT, class AllocatorT, class CallbackMessageT, class SubscriptionT, class MessageMemoryStrategyT> std::shared_ptr<SubscriptionT> rclcpp::Node::create_subscription(const string&, const rclcpp::QoS&, CallbackT&&, const rclcpp::SubscriptionOptionsWithAllocator<AllocatorT>&, typename MessageMemoryStrategyT::SharedPtr) [with MessageT = std_msgs::msg::Int32_<std::allocator<void> >; CallbackT = std::_Bind<void (MinimalPublisher::*(MinimalPublisher*, std::_Placeholder<1>))(const std_msgs::msg::Int32_<std::allocator<void> >&)>; AllocatorT = std::allocator<void>; CallbackMessageT = const std_msgs::msg::Int32_<std::allocator<void> >&; SubscriptionT = rclcpp::Subscription<const std_msgs::msg::Int32_<std::allocator<void> >&, std::allocator<void>, rclcpp::message_memory_strategy::MessageMemoryStrategy<const std_msgs::msg::Int32_<std::allocator<void> >&, std::allocator<void> > >; MessageMemoryStrategyT = rclcpp::message_memory_strategy::MessageMemoryStrategy<const std_msgs::msg::Int32_<std::allocator<void> >&, std::allocator<void> >][m[K’
[26.552s] [01m[K/home/mp4d/ros_motors/MyCode/path2pos/src/pos_writer.cpp:35:102:[m[K   required from here
[26.553s] [01m[K/usr/include/c++/9/bits/alloc_traits.h:399:13:[m[K [01;31m[Kerror: [m[Kforming pointer to reference type ‘[01m[Kconst std_msgs::msg::Int32_<std::allocator<void> >&[m[K’
[26.554s]   399 |       using [01;31m[Kpointer[m[K = _Tp*;
[26.554s]       |             [01;31m[K^~~~~~~[m[K
[26.555s] [01m[K/usr/include/c++/9/bits/alloc_traits.h:402:13:[m[K [01;31m[Kerror: [m[Kforming pointer to reference type ‘[01m[Kconst std_msgs::msg::Int32_<std::allocator<void> >&[m[K’
[26.556s]   402 |       using [01;31m[Kconst_pointer[m[K = const _Tp*;
[26.557s]       |             [01;31m[K^~~~~~~~~~~~~[m[K
[26.571s] In file included from [01m[K/usr/include/c++/9/memory:80[m[K,
[26.573s]                  from [01m[K/home/mp4d/ros_motors/MyCode/path2pos/src/pos_writer.cpp:3[m[K:
[26.574s] /usr/include/c++/9/bits/unique_ptr.h: In instantiation of ‘[01m[Kstruct std::default_delete<const std_msgs::msg::Int32_<std::allocator<void> >&>[m[K’:
[26.575s] [01m[K/opt/ros/foxy/include/rclcpp/message_memory_strategy.hpp:119:18:[m[K   required from ‘[01m[Kclass rclcpp::message_memory_strategy::MessageMemoryStrategy<const std_msgs::msg::Int32_<std::allocator<void> >&, std::allocator<void> >[m[K’
[26.577s] [01m[K/opt/ros/foxy/include/rclcpp/node_impl.hpp:91:1:[m[K   required by substitution of ‘[01m[Ktemplate<class MessageT, class CallbackT, class AllocatorT, class CallbackMessageT, class SubscriptionT, class MessageMemoryStrategyT> std::shared_ptr<SubscriptionT> rclcpp::Node::create_subscription(const string&, const rclcpp::QoS&, CallbackT&&, const rclcpp::SubscriptionOptionsWithAllocator<AllocatorT>&, typename MessageMemoryStrategyT::SharedPtr) [with MessageT = std_msgs::msg::Int32_<std::allocator<void> >; CallbackT = std::_Bind<void (MinimalPublisher::*(MinimalPublisher*, std::_Placeholder<1>))(const std_msgs::msg::Int32_<std::allocator<void> >&)>; AllocatorT = std::allocator<void>; CallbackMessageT = const std_msgs::msg::Int32_<std::allocator<void> >&; SubscriptionT = rclcpp::Subscription<const std_msgs::msg::Int32_<std::allocator<void> >&, std::allocator<void>, rclcpp::message_memory_strategy::MessageMemoryStrategy<const std_msgs::msg::Int32_<std::allocator<void> >&, std::allocator<void> > >; MessageMemoryStrategyT = rclcpp::message_memory_strategy::MessageMemoryStrategy<const std_msgs::msg::Int32_<std::allocator<void> >&, std::allocator<void> >][m[K’
[26.577s] [01m[K/home/mp4d/ros_motors/MyCode/path2pos/src/pos_writer.cpp:35:102:[m[K   required from here
[26.578s] [01m[K/usr/include/c++/9/bits/unique_ptr.h:71:9:[m[K [01;31m[Kerror: [m[Kforming pointer to reference type ‘[01m[Kconst std_msgs::msg::Int32_<std::allocator<void> >&[m[K’
[26.579s]    71 |         [01;31m[Kdefault_delete[m[K(const default_delete<_Up>&) noexcept { }
[26.580s]       |         [01;31m[K^~~~~~~~~~~~~~[m[K
[26.581s] [01m[K/usr/include/c++/9/bits/unique_ptr.h:75:7:[m[K [01;31m[Kerror: [m[Kforming pointer to reference type ‘[01m[Kconst std_msgs::msg::Int32_<std::allocator<void> >&[m[K’
[26.581s]    75 |       [01;31m[Koperator[m[K()(_Tp* __ptr) const
[26.582s]       |       [01;31m[K^~~~~~~~[m[K
[26.667s] In file included from [01m[K/opt/ros/foxy/include/rclcpp/subscription_base.hpp:29[m[K,
[26.669s]                  from [01m[K/opt/ros/foxy/include/rclcpp/callback_group.hpp:26[m[K,
[26.678s]                  from [01m[K/opt/ros/foxy/include/rclcpp/any_executable.hpp:20[m[K,
[26.680s]                  from [01m[K/opt/ros/foxy/include/rclcpp/memory_strategy.hpp:24[m[K,
[26.681s]                  from [01m[K/opt/ros/foxy/include/rclcpp/memory_strategies.hpp:18[m[K,
[26.683s]                  from [01m[K/opt/ros/foxy/include/rclcpp/executor_options.hpp:20[m[K,
[26.684s]                  from [01m[K/opt/ros/foxy/include/rclcpp/executor.hpp:33[m[K,
[26.685s]                  from [01m[K/opt/ros/foxy/include/rclcpp/executors/multi_threaded_executor.hpp:26[m[K,
[26.686s]                  from [01m[K/opt/ros/foxy/include/rclcpp/executors.hpp:21[m[K,
[26.686s]                  from [01m[K/opt/ros/foxy/include/rclcpp/rclcpp.hpp:146[m[K,
[26.687s]                  from [01m[K/home/mp4d/ros_motors/MyCode/path2pos/src/pos_writer.cpp:10[m[K:
[26.688s] /opt/ros/foxy/include/rclcpp/any_subscription_callback.hpp: In instantiation of ‘[01m[Kclass rclcpp::AnySubscriptionCallback<const std_msgs::msg::Int32_<std::allocator<void> >&, std::allocator<void> >[m[K’:
[26.689s] [01m[K/opt/ros/foxy/include/rclcpp/subscription.hpp:347:57:[m[K   required from ‘[01m[Kclass rclcpp::Subscription<const std_msgs::msg::Int32_<std::allocator<void> >&, std::allocator<void>, rclcpp::message_memory_strategy::MessageMemoryStrategy<const std_msgs::msg::Int32_<std::allocator<void> >&, std::allocator<void> > >[m[K’
[26.689s] [01m[K/usr/include/c++/9/type_traits:1313:45:[m[K   required by substitution of ‘[01m[Ktemplate<class _From1, class _To1, class> static std::true_type std::__is_convertible_helper<rclcpp::Subscription<const std_msgs::msg::Int32_<std::allocator<void> >&, std::allocator<void>, rclcpp::message_memory_strategy::MessageMemoryStrategy<const std_msgs::msg::Int32_<std::allocator<void> >&, std::allocator<void> > >*, rclcpp::Subscription<std_msgs::msg::Int32_<std::allocator<void> > >*, false>::__test<_From1, _To1, <template-parameter-1-3> >(int) [with _From1 = rclcpp::Subscription<const std_msgs::msg::Int32_<std::allocator<void> >&, std::allocator<void>, rclcpp::message_memory_strategy::MessageMemoryStrategy<const std_msgs::msg::Int32_<std::allocator<void> >&, std::allocator<void> > >*; _To1 = rclcpp::Subscription<std_msgs::msg::Int32_<std::allocator<void> > >*; <template-parameter-1-3> = <missing>][m[K’
[26.690s] [01m[K/usr/include/c++/9/type_traits:1322:42:[m[K   required from ‘[01m[Kstruct std::__is_convertible_helper<rclcpp::Subscription<const std_msgs::msg::Int32_<std::allocator<void> >&, std::allocator<void>, rclcpp::message_memory_strategy::MessageMemoryStrategy<const std_msgs::msg::Int32_<std::allocator<void> >&, std::allocator<void> > >*, rclcpp::Subscription<std_msgs::msg::Int32_<std::allocator<void> > >*, false>[m[K’
[26.691s] [01m[K/usr/include/c++/9/type_traits:1328:12:[m[K   required from ‘[01m[Kstruct std::is_convertible<rclcpp::Subscription<const std_msgs::msg::Int32_<std::allocator<void> >&, std::allocator<void>, rclcpp::message_memory_strategy::MessageMemoryStrategy<const std_msgs::msg::Int32_<std::allocator<void> >&, std::allocator<void> > >*, rclcpp::Subscription<std_msgs::msg::Int32_<std::allocator<void> > >*>[m[K’
[26.692s] [01m[K/usr/include/c++/9/bits/shared_ptr_base.h:927:12:[m[K   [ skipping 2 instantiation contexts, use -ftemplate-backtrace-limit=0 to disable ]
[26.693s] [01m[K/usr/include/c++/9/bits/shared_ptr_base.h:1099:8:[m[K   required by substitution of ‘[01m[Ktemplate<class _Tp, __gnu_cxx::_Lock_policy _Lp> template<class _Yp> using _Assignable = std::__shared_ptr<_Tp, _Lp>::_Compatible<_Yp, std::__shared_ptr<_Tp, _Lp>&> [with _Yp = rclcpp::Subscription<const std_msgs::msg::Int32_<std::allocator<void> >&, std::allocator<void>, rclcpp::message_memory_strategy::MessageMemoryStrategy<const std_msgs::msg::Int32_<std::allocator<void> >&, std::allocator<void> > >; _Tp = rclcpp::Subscription<std_msgs::msg::Int32_<std::allocator<void> > >; __gnu_cxx::_Lock_policy _Lp = __gnu_cxx::_S_atomic][m[K’
[26.694s] [01m[K/usr/include/c++/9/bits/shared_ptr_base.h:1271:2:[m[K   required by substitution of ‘[01m[Ktemplate<class _Yp> std::__shared_ptr<rclcpp::Subscription<std_msgs::msg::Int32_<std::allocator<void> > >, __gnu_cxx::_S_atomic>::_Assignable<_Yp> std::__shared_ptr<rclcpp::Subscription<std_msgs::msg::Int32_<std::allocator<void> > >, __gnu_cxx::_S_atomic>::operator=<_Yp>(std::__shared_ptr<_Tp>&&) [with _Yp = rclcpp::Subscription<const std_msgs::msg::Int32_<std::allocator<void> >&, std::allocator<void>, rclcpp::message_memory_strategy::MessageMemoryStrategy<const std_msgs::msg::Int32_<std::allocator<void> >&, std::allocator<void> > >][m[K’
[26.695s] [01m[K/usr/include/c++/9/type_traits:1010:12:[m[K   required from ‘[01m[Kstruct std::is_assignable<std::__shared_ptr<rclcpp::Subscription<std_msgs::msg::Int32_<std::allocator<void> > >, __gnu_cxx::_S_atomic>&, std::shared_ptr<rclcpp::Subscription<const std_msgs::msg::Int32_<std::allocator<void> >&, std::allocator<void>, rclcpp::message_memory_strategy::MessageMemoryStrategy<const std_msgs::msg::Int32_<std::allocator<void> >&, std::allocator<void> > > > >[m[K’
[26.696s] [01m[K/usr/include/c++/9/bits/shared_ptr.h:111:8:[m[K   required by substitution of ‘[01m[Ktemplate<class _Tp> template<class _Arg> using _Assignable = typename std::enable_if<std::is_assignable<std::__shared_ptr<_Tp>&, _Arg>::value, std::shared_ptr<_Tp>&>::type [with _Arg = std::shared_ptr<rclcpp::Subscription<const std_msgs::msg::Int32_<std::allocator<void> >&, std::allocator<void>, rclcpp::message_memory_strategy::MessageMemoryStrategy<const std_msgs::msg::Int32_<std::allocator<void> >&, std::allocator<void> > > >; _Tp = rclcpp::Subscription<std_msgs::msg::Int32_<std::allocator<void> > >][m[K’
[26.696s] [01m[K/usr/include/c++/9/bits/shared_ptr.h:341:2:[m[K   required by substitution of ‘[01m[Ktemplate<class _Yp> std::shared_ptr<rclcpp::Subscription<std_msgs::msg::Int32_<std::allocator<void> > > >::_Assignable<std::shared_ptr<_Tp> > std::shared_ptr<rclcpp::Subscription<std_msgs::msg::Int32_<std::allocator<void> > > >::operator=<_Yp>(std::shared_ptr<_Tp>&&) [with _Yp = rclcpp::Subscription<const std_msgs::msg::Int32_<std::allocator<void> >&, std::allocator<void>, rclcpp::message_memory_strategy::MessageMemoryStrategy<const std_msgs::msg::Int32_<std::allocator<void> >&, std::allocator<void> > >][m[K’
[26.697s] [01m[K/home/mp4d/ros_motors/MyCode/path2pos/src/pos_writer.cpp:35:102:[m[K   required from here
[26.698s] [01m[K/opt/ros/foxy/include/rclcpp/any_subscription_callback.hpp:111:8:[m[K [01;31m[Kerror: [m[K‘[01m[Ktemplate<class CallbackT, typename std::enable_if<rclcpp::function_traits::same_arguments<CallbackT, std::function<void(std::shared_ptr<const std_msgs::msg::Int32_<std::allocator<void> >&>)> >::value, void>::type* <anonymous> > void rclcpp::AnySubscriptionCallback<MessageT, Alloc>::set(CallbackT) [with CallbackT = CallbackT; typename std::enable_if<rclcpp::function_traits::same_arguments<CallbackT, std::function<void(std::shared_ptr<const _Tp>)> >::value>::type* <anonymous> = <enumerator>; MessageT = const std_msgs::msg::Int32_<std::allocator<void> >&; Alloc = std::allocator<void>][m[K’ cannot be overloaded with ‘[01m[Ktemplate<class CallbackT, typename std::enable_if<rclcpp::function_traits::same_arguments<CallbackT, std::function<void(std::shared_ptr<const std_msgs::msg::Int32_<std::allocator<void> >&>)> >::value, void>::type* <anonymous> > void rclcpp::AnySubscriptionCallback<MessageT, Alloc>::set(CallbackT) [with CallbackT = CallbackT; typename std::enable_if<rclcpp::function_traits::same_arguments<CallbackT, std::function<void(std::shared_ptr<_Tp>)> >::value>::type* <anonymous> = <enumerator>; MessageT = const std_msgs::msg::Int32_<std::allocator<void> >&; Alloc = std::allocator<void>][m[K’
[26.699s]   111 |   void [01;31m[Kset[m[K(CallbackT callback)
[26.700s]       |        [01;31m[K^~~[m[K
[26.703s] [01m[K/opt/ros/foxy/include/rclcpp/any_subscription_callback.hpp:83:8:[m[K [01;36m[Knote: [m[Kprevious declaration ‘[01m[Ktemplate<class CallbackT, typename std::enable_if<rclcpp::function_traits::same_arguments<CallbackT, std::function<void(std::shared_ptr<const std_msgs::msg::Int32_<std::allocator<void> >&>)> >::value, void>::type* <anonymous> > void rclcpp::AnySubscriptionCallback<MessageT, Alloc>::set(CallbackT) [with CallbackT = CallbackT; typename std::enable_if<rclcpp::function_traits::same_arguments<CallbackT, std::function<void(std::shared_ptr<_Tp>)> >::value>::type* <anonymous> = <enumerator>; MessageT = const std_msgs::msg::Int32_<std::allocator<void> >&; Alloc = std::allocator<void>][m[K’
[26.707s]    83 |   void [01;36m[Kset[m[K(CallbackT callback)
[26.708s]       |        [01;36m[K^~~[m[K
[26.709s] [01m[K/opt/ros/foxy/include/rclcpp/any_subscription_callback.hpp:125:8:[m[K [01;31m[Kerror: [m[K‘[01m[Ktemplate<class CallbackT, typename std::enable_if<rclcpp::function_traits::same_arguments<CallbackT, std::function<void(std::shared_ptr<const std_msgs::msg::Int32_<std::allocator<void> >&>, const rclcpp::MessageInfo&)> >::value, void>::type* <anonymous> > void rclcpp::AnySubscriptionCallback<MessageT, Alloc>::set(CallbackT) [with CallbackT = CallbackT; typename std::enable_if<rclcpp::function_traits::same_arguments<CallbackT, std::function<void(std::shared_ptr<const _Tp>, const rclcpp::MessageInfo&)> >::value>::type* <anonymous> = <enumerator>; MessageT = const std_msgs::msg::Int32_<std::allocator<void> >&; Alloc = std::allocator<void>][m[K’ cannot be overloaded with ‘[01m[Ktemplate<class CallbackT, typename std::enable_if<rclcpp::function_traits::same_arguments<CallbackT, std::function<void(std::shared_ptr<const std_msgs::msg::Int32_<std::allocator<void> >&>, const rclcpp::MessageInfo&)> >::value, void>::type* <anonymous> > void rclcpp::AnySubscriptionCallback<MessageT, Alloc>::set(CallbackT) [with CallbackT = CallbackT; typename std::enable_if<rclcpp::function_traits::same_arguments<CallbackT, std::function<void(std::shared_ptr<_Tp>, const rclcpp::MessageInfo&)> >::value>::type* <anonymous> = <enumerator>; MessageT = const std_msgs::msg::Int32_<std::allocator<void> >&; Alloc = std::allocator<void>][m[K’
[26.710s]   125 |   void [01;31m[Kset[m[K(CallbackT callback)
[26.711s]       |        [01;31m[K^~~[m[K
[26.712s] [01m[K/opt/ros/foxy/include/rclcpp/any_subscription_callback.hpp:97:8:[m[K [01;36m[Knote: [m[Kprevious declaration ‘[01m[Ktemplate<class CallbackT, typename std::enable_if<rclcpp::function_traits::same_arguments<CallbackT, std::function<void(std::shared_ptr<const std_msgs::msg::Int32_<std::allocator<void> >&>, const rclcpp::MessageInfo&)> >::value, void>::type* <anonymous> > void rclcpp::AnySubscriptionCallback<MessageT, Alloc>::set(CallbackT) [with CallbackT = CallbackT; typename std::enable_if<rclcpp::function_traits::same_arguments<CallbackT, std::function<void(std::shared_ptr<_Tp>, const rclcpp::MessageInfo&)> >::value>::type* <anonymous> = <enumerator>; MessageT = const std_msgs::msg::Int32_<std::allocator<void> >&; Alloc = std::allocator<void>][m[K’
[26.713s]    97 |   void [01;36m[Kset[m[K(CallbackT callback)
[26.713s]       |        [01;36m[K^~~[m[K
[26.714s] [01m[K/home/mp4d/ros_motors/MyCode/path2pos/src/pos_writer.cpp:[m[K In constructor ‘[01m[KMinimalPublisher::MinimalPublisher()[m[K’:
[26.715s] [01m[K/home/mp4d/ros_motors/MyCode/path2pos/src/pos_writer.cpp:35:102:[m[K [01;31m[Kerror: [m[Kno match for ‘[01m[Koperator=[m[K’ (operand types are ‘[01m[Krclcpp::Subscription<std_msgs::msg::Int32_<std::allocator<void> > >::SharedPtr[m[K’ {aka ‘[01m[Kstd::shared_ptr<rclcpp::Subscription<std_msgs::msg::Int32_<std::allocator<void> > > >[m[K’} and ‘[01m[Kstd::shared_ptr<rclcpp::Subscription<const std_msgs::msg::Int32_<std::allocator<void> >&, std::allocator<void>, rclcpp::message_memory_strategy::MessageMemoryStrategy<const std_msgs::msg::Int32_<std::allocator<void> >&, std::allocator<void> > > >[m[K’)
[26.716s]    35 |         "/can_i_draw",10,std::bind(&MinimalPublisher::can_i_draw_callback,this,std::placeholders::_1)[01;31m[K)[m[K;
[26.717s]       |                                                                                                      [01;31m[K^[m[K
[26.718s] In file included from [01m[K/usr/include/c++/9/memory:81[m[K,
[26.719s]                  from [01m[K/home/mp4d/ros_motors/MyCode/path2pos/src/pos_writer.cpp:3[m[K:
[26.720s] [01m[K/usr/include/c++/9/bits/shared_ptr.h:309:19:[m[K [01;36m[Knote: [m[Kcandidate: ‘[01m[Kstd::shared_ptr<_Tp>& std::shared_ptr<_Tp>::operator=(const std::shared_ptr<_Tp>&) [with _Tp = rclcpp::Subscription<std_msgs::msg::Int32_<std::allocator<void> > >][m[K’
[26.721s]   309 |       shared_ptr& [01;36m[Koperator[m[K=(const shared_ptr&) noexcept = default;
[26.722s]       |                   [01;36m[K^~~~~~~~[m[K
[26.723s] [01m[K/usr/include/c++/9/bits/shared_ptr.h:309:29:[m[K [01;36m[Knote: [m[K  no known conversion for argument 1 from ‘[01m[Kstd::shared_ptr<rclcpp::Subscription<const std_msgs::msg::Int32_<std::allocator<void> >&, std::allocator<void>, rclcpp::message_memory_strategy::MessageMemoryStrategy<const std_msgs::msg::Int32_<std::allocator<void> >&, std::allocator<void> > > >[m[K’ to ‘[01m[Kconst std::shared_ptr<rclcpp::Subscription<std_msgs::msg::Int32_<std::allocator<void> > > >&[m[K’
[26.724s]   309 |       shared_ptr& operator=([01;36m[Kconst shared_ptr&[m[K) noexcept = default;
[26.725s]       |                             [01;36m[K^~~~~~~~~~~~~~~~~[m[K
[26.725s] [01m[K/usr/include/c++/9/bits/shared_ptr.h:313:2:[m[K [01;36m[Knote: [m[Kcandidate: ‘[01m[Ktemplate<class _Yp> std::shared_ptr<_Tp>::_Assignable<const std::shared_ptr<_Yp>&> std::shared_ptr<_Tp>::operator=(const std::shared_ptr<_Yp>&) [with _Yp = _Yp; _Tp = rclcpp::Subscription<std_msgs::msg::Int32_<std::allocator<void> > >][m[K’
[26.726s]   313 |  [01;36m[Koperator[m[K=(const shared_ptr<_Yp>& __r) noexcept
[26.727s]       |  [01;36m[K^~~~~~~~[m[K
[26.728s] [01m[K/usr/include/c++/9/bits/shared_ptr.h:313:2:[m[K [01;36m[Knote: [m[K  template argument deduction/substitution failed:
[26.728s] /usr/include/c++/9/bits/shared_ptr.h: In substitution of ‘[01m[Ktemplate<class _Tp> template<class _Arg> using _Assignable = typename std::enable_if<std::is_assignable<std::__shared_ptr<_Tp>&, _Arg>::value, std::shared_ptr<_Tp>&>::type [with _Arg = const std::shared_ptr<rclcpp::Subscription<const std_msgs::msg::Int32_<std::allocator<void> >&, std::allocator<void>, rclcpp::message_memory_strategy::MessageMemoryStrategy<const std_msgs::msg::Int32_<std::allocator<void> >&, std::allocator<void> > > >&; _Tp = rclcpp::Subscription<std_msgs::msg::Int32_<std::allocator<void> > >][m[K’:
[26.729s] [01m[K/usr/include/c++/9/bits/shared_ptr.h:313:2:[m[K   required by substitution of ‘[01m[Ktemplate<class _Yp> std::shared_ptr<rclcpp::Subscription<std_msgs::msg::Int32_<std::allocator<void> > > >::_Assignable<const std::shared_ptr<_Tp>&> std::shared_ptr<rclcpp::Subscription<std_msgs::msg::Int32_<std::allocator<void> > > >::operator=<_Yp>(const std::shared_ptr<_Tp>&) [with _Yp = rclcpp::Subscription<const std_msgs::msg::Int32_<std::allocator<void> >&, std::allocator<void>, rclcpp::message_memory_strategy::MessageMemoryStrategy<const std_msgs::msg::Int32_<std::allocator<void> >&, std::allocator<void> > >][m[K’
[26.730s] [01m[K/home/mp4d/ros_motors/MyCode/path2pos/src/pos_writer.cpp:35:102:[m[K   required from here
[26.731s] [01m[K/usr/include/c++/9/bits/shared_ptr.h:111:8:[m[K [01;31m[Kerror: [m[Kno type named ‘[01m[Ktype[m[K’ in ‘[01m[Kstruct std::enable_if<false, std::shared_ptr<rclcpp::Subscription<std_msgs::msg::Int32_<std::allocator<void> > > >&>[m[K’
[26.731s]   111 |  using [01;31m[K_Assignable[m[K = typename enable_if<
[26.732s]       |        [01;31m[K^~~~~~~~~~~[m[K
[26.733s] [01m[K/usr/include/c++/9/bits/shared_ptr.h:324:2:[m[K [01;36m[Knote: [m[Kcandidate: ‘[01m[Ktemplate<class _Yp> std::shared_ptr<_Tp>::_Assignable<std::auto_ptr<_Up> > std::shared_ptr<_Tp>::operator=(std::auto_ptr<_Up>&&) [with _Yp = _Yp; _Tp = rclcpp::Subscription<std_msgs::msg::Int32_<std::allocator<void> > >][m[K’
[26.733s]   324 |  [01;36m[Koperator[m[K=(auto_ptr<_Yp>&& __r)
[26.734s]       |  [01;36m[K^~~~~~~~[m[K
[26.734s] [01m[K/usr/include/c++/9/bits/shared_ptr.h:324:2:[m[K [01;36m[Knote: [m[K  template argument deduction/substitution failed:
[26.735s] [01m[K/home/mp4d/ros_motors/MyCode/path2pos/src/pos_writer.cpp:35:102:[m[K [01;36m[Knote: [m[K  ‘[01m[Kstd::shared_ptr<rclcpp::Subscription<const std_msgs::msg::Int32_<std::allocator<void> >&, std::allocator<void>, rclcpp::message_memory_strategy::MessageMemoryStrategy<const std_msgs::msg::Int32_<std::allocator<void> >&, std::allocator<void> > > >[m[K’ is not derived from ‘[01m[Kstd::auto_ptr<_Up>[m[K’
[26.736s]    35 |         "/can_i_draw",10,std::bind(&MinimalPublisher::can_i_draw_callback,this,std::placeholders::_1)[01;36m[K)[m[K;
[26.736s]       |                                                                                                      [01;36m[K^[m[K
[26.737s] In file included from [01m[K/usr/include/c++/9/memory:81[m[K,
[26.738s]                  from [01m[K/home/mp4d/ros_motors/MyCode/path2pos/src/pos_writer.cpp:3[m[K:
[26.740s] [01m[K/usr/include/c++/9/bits/shared_ptr.h:333:7:[m[K [01;36m[Knote: [m[Kcandidate: ‘[01m[Kstd::shared_ptr<_Tp>& std::shared_ptr<_Tp>::operator=(std::shared_ptr<_Tp>&&) [with _Tp = rclcpp::Subscription<std_msgs::msg::Int32_<std::allocator<void> > >][m[K’
[26.741s]   333 |       [01;36m[Koperator[m[K=(shared_ptr&& __r) noexcept
[26.742s]       |       [01;36m[K^~~~~~~~[m[K
[26.743s] [01m[K/usr/include/c++/9/bits/shared_ptr.h:333:30:[m[K [01;36m[Knote: [m[K  no known conversion for argument 1 from ‘[01m[Kstd::shared_ptr<rclcpp::Subscription<const std_msgs::msg::Int32_<std::allocator<void> >&, std::allocator<void>, rclcpp::message_memory_strategy::MessageMemoryStrategy<const std_msgs::msg::Int32_<std::allocator<void> >&, std::allocator<void> > > >[m[K’ to ‘[01m[Kstd::shared_ptr<rclcpp::Subscription<std_msgs::msg::Int32_<std::allocator<void> > > >&&[m[K’
[26.744s]   333 |       operator=([01;36m[Kshared_ptr&& __r[m[K) noexcept
[26.745s]       |                 [01;36m[K~~~~~~~~~~~~~^~~[m[K
[26.746s] [01m[K/usr/include/c++/9/bits/shared_ptr.h:341:2:[m[K [01;36m[Knote: [m[Kcandidate: ‘[01m[Ktemplate<class _Yp> std::shared_ptr<_Tp>::_Assignable<std::shared_ptr<_Yp> > std::shared_ptr<_Tp>::operator=(std::shared_ptr<_Yp>&&) [with _Yp = _Yp; _Tp = rclcpp::Subscription<std_msgs::msg::Int32_<std::allocator<void> > >][m[K’
[26.748s]   341 |  [01;36m[Koperator[m[K=(shared_ptr<_Yp>&& __r) noexcept
[26.749s]       |  [01;36m[K^~~~~~~~[m[K
[26.750s] [01m[K/usr/include/c++/9/bits/shared_ptr.h:341:2:[m[K [01;36m[Knote: [m[K  substitution of deduced template arguments resulted in errors seen above
[26.751s] [01m[K/usr/include/c++/9/bits/shared_ptr.h:349:2:[m[K [01;36m[Knote: [m[Kcandidate: ‘[01m[Ktemplate<class _Yp, class _Del> std::shared_ptr<_Tp>::_Assignable<std::unique_ptr<_Up, _Ep> > std::shared_ptr<_Tp>::operator=(std::unique_ptr<_Up, _Ep>&&) [with _Yp = _Yp; _Del = _Del; _Tp = rclcpp::Subscription<std_msgs::msg::Int32_<std::allocator<void> > >][m[K’
[26.752s]   349 |  [01;36m[Koperator[m[K=(unique_ptr<_Yp, _Del>&& __r)
[26.753s]       |  [01;36m[K^~~~~~~~[m[K
[26.754s] [01m[K/usr/include/c++/9/bits/shared_ptr.h:349:2:[m[K [01;36m[Knote: [m[K  template argument deduction/substitution failed:
[26.755s] [01m[K/home/mp4d/ros_motors/MyCode/path2pos/src/pos_writer.cpp:35:102:[m[K [01;36m[Knote: [m[K  ‘[01m[Kstd::shared_ptr<rclcpp::Subscription<const std_msgs::msg::Int32_<std::allocator<void> >&, std::allocator<void>, rclcpp::message_memory_strategy::MessageMemoryStrategy<const std_msgs::msg::Int32_<std::allocator<void> >&, std::allocator<void> > > >[m[K’ is not derived from ‘[01m[Kstd::unique_ptr<_Tp, _Dp>[m[K’
[26.756s]    35 |         "/can_i_draw",10,std::bind(&MinimalPublisher::can_i_draw_callback,this,std::placeholders::_1)[01;36m[K)[m[K;
[26.757s]       |                                                                                                      [01;36m[K^[m[K
[26.861s] [01m[K/home/mp4d/ros_motors/MyCode/path2pos/src/pos_writer.cpp:[m[K In member function ‘[01m[Kvoid MinimalPublisher::set_number_callback(std_msgs::msg::Int32_<std::allocator<void> >::SharedPtr)[m[K’:
[26.862s] [01m[K/home/mp4d/ros_motors/MyCode/path2pos/src/pos_writer.cpp:143:15:[m[K [01;35m[Kwarning: [m[Kunused variable ‘[01m[Kpos1[m[K’ [[01;35m[K-Wunused-variable[m[K]
[26.863s]   143 |           int [01;35m[Kpos1[m[K=(angle1+60)*1023/300;
[26.864s]       |               [01;35m[K^~~~[m[K
[32.042s] In file included from [01m[K/opt/ros/foxy/include/rclcpp/node_interfaces/node_topics_interface.hpp:32[m[K,
[32.044s]                  from [01m[K/opt/ros/foxy/include/rclcpp/node.hpp:55[m[K,
[32.045s]                  from [01m[K/opt/ros/foxy/include/rclcpp/executors/single_threaded_executor.hpp:28[m[K,
[32.046s]                  from [01m[K/opt/ros/foxy/include/rclcpp/executors.hpp:22[m[K,
[32.047s]                  from [01m[K/opt/ros/foxy/include/rclcpp/rclcpp.hpp:146[m[K,
[32.048s]                  from [01m[K/home/mp4d/ros_motors/MyCode/path2pos/src/pos_writer.cpp:10[m[K:
[32.049s] /opt/ros/foxy/include/rclcpp/subscription_factory.hpp: In instantiation of ‘[01m[Krclcpp::SubscriptionFactory rclcpp::create_subscription_factory(CallbackT&&, const rclcpp::SubscriptionOptionsWithAllocator<AllocatorT>&, typename MessageMemoryStrategyT::SharedPtr, std::shared_ptr<rclcpp::topic_statistics::SubscriptionTopicStatistics<CallbackMessageT> >) [with MessageT = std_msgs::msg::Int32_<std::allocator<void> >; CallbackT = std::_Bind<void (MinimalPublisher::*(MinimalPublisher*, std::_Placeholder<1>))(const std_msgs::msg::Int32_<std::allocator<void> >&)>; AllocatorT = std::allocator<void>; CallbackMessageT = const std_msgs::msg::Int32_<std::allocator<void> >&; SubscriptionT = rclcpp::Subscription<const std_msgs::msg::Int32_<std::allocator<void> >&, std::allocator<void>, rclcpp::message_memory_strategy::MessageMemoryStrategy<const std_msgs::msg::Int32_<std::allocator<void> >&, std::allocator<void> > >; MessageMemoryStrategyT = rclcpp::message_memory_strategy::MessageMemoryStrategy<const std_msgs::msg::Int32_<std::allocator<void> >&, std::allocator<void> >; typename MessageMemoryStrategyT::SharedPtr = std::shared_ptr<rclcpp::message_memory_strategy::MessageMemoryStrategy<const std_msgs::msg::Int32_<std::allocator<void> >&, std::allocator<void> > >][m[K’:
[32.053s] [01m[K/opt/ros/foxy/include/rclcpp/create_subscription.hpp:144:63:[m[K   required from ‘[01m[Kstd::shared_ptr<SubscriptionT> rclcpp::create_subscription(NodeT&&, const string&, const rclcpp::QoS&, CallbackT&&, const rclcpp::SubscriptionOptionsWithAllocator<AllocatorT>&, typename MessageMemoryStrategyT::SharedPtr) [with MessageT = std_msgs::msg::Int32_<std::allocator<void> >; CallbackT = std::_Bind<void (MinimalPublisher::*(MinimalPublisher*, std::_Placeholder<1>))(const std_msgs::msg::Int32_<std::allocator<void> >&)>; AllocatorT = std::allocator<void>; CallbackMessageT = const std_msgs::msg::Int32_<std::allocator<void> >&; SubscriptionT = rclcpp::Subscription<const std_msgs::msg::Int32_<std::allocator<void> >&, std::allocator<void>, rclcpp::message_memory_strategy::MessageMemoryStrategy<const std_msgs::msg::Int32_<std::allocator<void> >&, std::allocator<void> > >; MessageMemoryStrategyT = rclcpp::message_memory_strategy::MessageMemoryStrategy<const std_msgs::msg::Int32_<std::allocator<void> >&, std::allocator<void> >; NodeT = rclcpp::Node&; std::string = std::__cxx11::basic_string<char>; typename MessageMemoryStrategyT::SharedPtr = std::shared_ptr<rclcpp::message_memory_strategy::MessageMemoryStrategy<const std_msgs::msg::Int32_<std::allocator<void> >&, std::allocator<void> > >][m[K’
[32.054s] [01m[K/opt/ros/foxy/include/rclcpp/node_impl.hpp:98:47:[m[K   required from ‘[01m[Kstd::shared_ptr<SubscriptionT> rclcpp::Node::create_subscription(const string&, const rclcpp::QoS&, CallbackT&&, const rclcpp::SubscriptionOptionsWithAllocator<AllocatorT>&, typename MessageMemoryStrategyT::SharedPtr) [with MessageT = std_msgs::msg::Int32_<std::allocator<void> >; CallbackT = std::_Bind<void (MinimalPublisher::*(MinimalPublisher*, std::_Placeholder<1>))(const std_msgs::msg::Int32_<std::allocator<void> >&)>; AllocatorT = std::allocator<void>; CallbackMessageT = const std_msgs::msg::Int32_<std::allocator<void> >&; SubscriptionT = rclcpp::Subscription<const std_msgs::msg::Int32_<std::allocator<void> >&, std::allocator<void>, rclcpp::message_memory_strategy::MessageMemoryStrategy<const std_msgs::msg::Int32_<std::allocator<void> >&, std::allocator<void> > >; MessageMemoryStrategyT = rclcpp::message_memory_strategy::MessageMemoryStrategy<const std_msgs::msg::Int32_<std::allocator<void> >&, std::allocator<void> >; std::string = std::__cxx11::basic_string<char>; typename MessageMemoryStrategyT::SharedPtr = std::shared_ptr<rclcpp::message_memory_strategy::MessageMemoryStrategy<const std_msgs::msg::Int32_<std::allocator<void> >&, std::allocator<void> > >][m[K’
[32.057s] [01m[K/home/mp4d/ros_motors/MyCode/path2pos/src/pos_writer.cpp:35:102:[m[K   required from here
[32.059s] [01m[K/opt/ros/foxy/include/rclcpp/subscription_factory.hpp:97:3:[m[K [01;31m[Kerror: [m[Kno matching function for call to ‘[01m[Krclcpp::AnySubscriptionCallback<const std_msgs::msg::Int32_<std::allocator<void> >&, std::allocator<void> >::set(std::_Bind<void (MinimalPublisher::*(MinimalPublisher*, std::_Placeholder<1>))(const std_msgs::msg::Int32_<std::allocator<void> >&)>)[m[K’
[32.061s]    97 |   [01;31m[Kany_subscription_callback[m[K.set(std::forward<CallbackT>(callback));
[32.063s]       |   [01;31m[K^~~~~~~~~~~~~~~~~~~~~~~~~[m[K
[32.065s] In file included from [01m[K/opt/ros/foxy/include/rclcpp/subscription_base.hpp:29[m[K,
[32.066s]                  from [01m[K/opt/ros/foxy/include/rclcpp/callback_group.hpp:26[m[K,
[32.067s]                  from [01m[K/opt/ros/foxy/include/rclcpp/any_executable.hpp:20[m[K,
[32.068s]                  from [01m[K/opt/ros/foxy/include/rclcpp/memory_strategy.hpp:24[m[K,
[32.069s]                  from [01m[K/opt/ros/foxy/include/rclcpp/memory_strategies.hpp:18[m[K,
[32.070s]                  from [01m[K/opt/ros/foxy/include/rclcpp/executor_options.hpp:20[m[K,
[32.070s]                  from [01m[K/opt/ros/foxy/include/rclcpp/executor.hpp:33[m[K,
[32.071s]                  from [01m[K/opt/ros/foxy/include/rclcpp/executors/multi_threaded_executor.hpp:26[m[K,
[32.073s]                  from [01m[K/opt/ros/foxy/include/rclcpp/executors.hpp:21[m[K,
[32.075s]                  from [01m[K/opt/ros/foxy/include/rclcpp/rclcpp.hpp:146[m[K,
[32.076s]                  from [01m[K/home/mp4d/ros_motors/MyCode/path2pos/src/pos_writer.cpp:10[m[K:
[32.077s] [01m[K/opt/ros/foxy/include/rclcpp/any_subscription_callback.hpp:83:8:[m[K [01;36m[Knote: [m[Kcandidate: ‘[01m[Ktemplate<class CallbackT, typename std::enable_if<rclcpp::function_traits::same_arguments<CallbackT, std::function<void(std::shared_ptr<const std_msgs::msg::Int32_<std::allocator<void> >&>)> >::value, void>::type* <anonymous> > void rclcpp::AnySubscriptionCallback<MessageT, Alloc>::set(CallbackT) [with CallbackT = CallbackT; typename std::enable_if<rclcpp::function_traits::same_arguments<CallbackT, std::function<void(std::shared_ptr<_Tp>)> >::value>::type* <anonymous> = <enumerator>; MessageT = const std_msgs::msg::Int32_<std::allocator<void> >&; Alloc = std::allocator<void>][m[K’
[32.078s]    83 |   void [01;36m[Kset[m[K(CallbackT callback)
[32.079s]       |        [01;36m[K^~~[m[K
[32.080s] [01m[K/opt/ros/foxy/include/rclcpp/any_subscription_callback.hpp:83:8:[m[K [01;36m[Knote: [m[K  template argument deduction/substitution failed:
[32.081s] [01m[K/opt/ros/foxy/include/rclcpp/any_subscription_callback.hpp:81:17:[m[K [01;31m[Kerror: [m[Kno type named ‘[01m[Ktype[m[K’ in ‘[01m[Kstruct std::enable_if<false, void>[m[K’
[32.082s]    81 |     >::type * = [01;31m[Knullptr[m[K
[32.082s]       |                 [01;31m[K^~~~~~~[m[K
[32.083s] [01m[K/opt/ros/foxy/include/rclcpp/any_subscription_callback.hpp:97:8:[m[K [01;36m[Knote: [m[Kcandidate: ‘[01m[Ktemplate<class CallbackT, typename std::enable_if<rclcpp::function_traits::same_arguments<CallbackT, std::function<void(std::shared_ptr<const std_msgs::msg::Int32_<std::allocator<void> >&>, const rclcpp::MessageInfo&)> >::value, void>::type* <anonymous> > void rclcpp::AnySubscriptionCallback<MessageT, Alloc>::set(CallbackT) [with CallbackT = CallbackT; typename std::enable_if<rclcpp::function_traits::same_arguments<CallbackT, std::function<void(std::shared_ptr<_Tp>, const rclcpp::MessageInfo&)> >::value>::type* <anonymous> = <enumerator>; MessageT = const std_msgs::msg::Int32_<std::allocator<void> >&; Alloc = std::allocator<void>][m[K’
[32.084s]    97 |   void [01;36m[Kset[m[K(CallbackT callback)
[32.085s]       |        [01;36m[K^~~[m[K
[32.085s] [01m[K/opt/ros/foxy/include/rclcpp/any_subscription_callback.hpp:97:8:[m[K [01;36m[Knote: [m[K  template argument deduction/substitution failed:
[32.086s] [01m[K/opt/ros/foxy/include/rclcpp/any_subscription_callback.hpp:95:17:[m[K [01;31m[Kerror: [m[Kno type named ‘[01m[Ktype[m[K’ in ‘[01m[Kstruct std::enable_if<false, void>[m[K’
[32.087s]    95 |     >::type * = [01;31m[Knullptr[m[K
[32.088s]       |                 [01;31m[K^~~~~~~[m[K
[32.088s] [01m[K/opt/ros/foxy/include/rclcpp/any_subscription_callback.hpp:139:8:[m[K [01;36m[Knote: [m[Kcandidate: ‘[01m[Ktemplate<class CallbackT, typename std::enable_if<rclcpp::function_traits::same_arguments<CallbackT, std::function<void(std::unique_ptr<const std_msgs::msg::Int32_<std::allocator<void> >&, std::default_delete<const std_msgs::msg::Int32_<std::allocator<void> >&> >)> >::value, void>::type* <anonymous> > void rclcpp::AnySubscriptionCallback<MessageT, Alloc>::set(CallbackT) [with CallbackT = CallbackT; typename std::enable_if<rclcpp::function_traits::same_arguments<CallbackT, std::function<void(std::unique_ptr<MessageT, typename std::conditional<std::is_same<typename std::allocator_traits<typename std::allocator_traits<_Alloc>::rebind_traits<MessageT>::allocator_type>::rebind_alloc<MessageT>, typename std::allocator<void>::rebind<_Tp1>::other>::value, std::default_delete<_Tp>, rclcpp::allocator::AllocatorDeleter<typename std::allocator_traits<_Alloc>::rebind_traits<MessageT>::allocator_type> >::type>)> >::value>::type* <anonymous> = <enumerator>; MessageT = const std_msgs::msg::Int32_<std::allocator<void> >&; Alloc = std::allocator<void>][m[K’
[32.089s]   139 |   void [01;36m[Kset[m[K(CallbackT callback)
[32.090s]       |        [01;36m[K^~~[m[K
[32.091s] [01m[K/opt/ros/foxy/include/rclcpp/any_subscription_callback.hpp:139:8:[m[K [01;36m[Knote: [m[K  template argument deduction/substitution failed:
[32.092s] [01m[K/opt/ros/foxy/include/rclcpp/any_subscription_callback.hpp:137:17:[m[K [01;31m[Kerror: [m[Kno type named ‘[01m[Ktype[m[K’ in ‘[01m[Kstruct std::enable_if<false, void>[m[K’
[32.092s]   137 |     >::type * = [01;31m[Knullptr[m[K
[32.093s]       |                 [01;31m[K^~~~~~~[m[K
[32.094s] [01m[K/opt/ros/foxy/include/rclcpp/any_subscription_callback.hpp:153:8:[m[K [01;36m[Knote: [m[Kcandidate: ‘[01m[Ktemplate<class CallbackT, typename std::enable_if<rclcpp::function_traits::same_arguments<CallbackT, std::function<void(std::unique_ptr<const std_msgs::msg::Int32_<std::allocator<void> >&, std::default_delete<const std_msgs::msg::Int32_<std::allocator<void> >&> >, const rclcpp::MessageInfo&)> >::value, void>::type* <anonymous> > void rclcpp::AnySubscriptionCallback<MessageT, Alloc>::set(CallbackT) [with CallbackT = CallbackT; typename std::enable_if<rclcpp::function_traits::same_arguments<CallbackT, std::function<void(std::unique_ptr<MessageT, typename std::conditional<std::is_same<typename std::allocator_traits<typename std::allocator_traits<_Alloc>::rebind_traits<MessageT>::allocator_type>::rebind_alloc<MessageT>, typename std::allocator<void>::rebind<_Tp1>::other>::value, std::default_delete<_Tp>, rclcpp::allocator::AllocatorDeleter<typename std::allocator_traits<_Alloc>::rebind_traits<MessageT>::allocator_type> >::type>, const rclcpp::MessageInfo&)> >::value>::type* <anonymous> = <enumerator>; MessageT = const std_msgs::msg::Int32_<std::allocator<void> >&; Alloc = std::allocator<void>][m[K’
[32.095s]   153 |   void [01;36m[Kset[m[K(CallbackT callback)
[32.096s]       |        [01;36m[K^~~[m[K
[32.096s] [01m[K/opt/ros/foxy/include/rclcpp/any_subscription_callback.hpp:153:8:[m[K [01;36m[Knote: [m[K  template argument deduction/substitution failed:
[32.097s] [01m[K/opt/ros/foxy/include/rclcpp/any_subscription_callback.hpp:151:17:[m[K [01;31m[Kerror: [m[Kno type named ‘[01m[Ktype[m[K’ in ‘[01m[Kstruct std::enable_if<false, void>[m[K’
[32.098s]   151 |     >::type * = [01;31m[Knullptr[m[K
[32.099s]       |                 [01;31m[K^~~~~~~[m[K
[34.885s] In file included from [01m[K/usr/include/aarch64-linux-gnu/c++/9/bits/c++allocator.h:33[m[K,
[34.886s]                  from [01m[K/usr/include/c++/9/bits/allocator.h:46[m[K,
[34.887s]                  from [01m[K/usr/include/c++/9/string:41[m[K,
[34.888s]                  from [01m[K/usr/include/c++/9/stdexcept:39[m[K,
[34.889s]                  from [01m[K/usr/include/c++/9/array:39[m[K,
[34.890s]                  from [01m[K/usr/include/c++/9/tuple:39[m[K,
[34.891s]                  from [01m[K/usr/include/c++/9/functional:54[m[K,
[34.893s]                  from [01m[K/home/mp4d/ros_motors/MyCode/path2pos/src/pos_writer.cpp:2[m[K:
[34.895s] /usr/include/c++/9/ext/new_allocator.h: In instantiation of ‘[01m[Kclass __gnu_cxx::new_allocator<const std_msgs::msg::Int32_<std::allocator<void> >&>[m[K’:
[34.896s] [01m[K/usr/include/c++/9/bits/allocator.h:111:11:[m[K   required from ‘[01m[Kclass std::allocator<const std_msgs::msg::Int32_<std::allocator<void> >&>[m[K’
[34.897s] [01m[K/usr/include/c++/9/bits/shared_ptr_base.h:1365:63:[m[K   required by substitution of ‘[01m[Ktemplate<class _Yp> struct std::__shared_ptr<std::allocator<const std_msgs::msg::Int32_<std::allocator<void> >&>, __gnu_cxx::_S_atomic>::__has_esft_base<_Yp, std::__void_t<decltype (__enable_shared_from_this_base(declval<const std::__shared_count<__gnu_cxx::_S_atomic>&>(), declval<_Yp*>()))> > [with _Yp = std::allocator<const std_msgs::msg::Int32_<std::allocator<void> >&>][m[K’
[34.898s] [01m[K/usr/include/c++/9/bits/shared_ptr_base.h:1387:21:[m[K   required by substitution of ‘[01m[Ktemplate<class _Yp, class _Yp2> typename std::enable_if<(! std::__shared_ptr<std::allocator<const std_msgs::msg::Int32_<std::allocator<void> >&>, __gnu_cxx::_S_atomic>::__has_esft_base<_Yp2, void>::value), void>::type std::__shared_ptr<std::allocator<const std_msgs::msg::Int32_<std::allocator<void> >&>, __gnu_cxx::_S_atomic>::_M_enable_shared_from_this_with<_Yp, _Yp2>(_Yp*) [with _Yp = std::allocator<const std_msgs::msg::Int32_<std::allocator<void> >&>; _Yp2 = std::allocator<const std_msgs::msg::Int32_<std::allocator<void> >&>][m[K’
[34.899s] [01m[K/usr/include/c++/9/bits/shared_ptr_base.h:1345:4:[m[K   required from ‘[01m[Kstd::__shared_ptr<_Tp, _Lp>::__shared_ptr(std::_Sp_alloc_shared_tag<_Tp>, _Args&& ...) [with _Alloc = std::allocator<std::allocator<const std_msgs::msg::Int32_<std::allocator<void> >&> >; _Args = {std::allocator<void>&}; _Tp = std::allocator<const std_msgs::msg::Int32_<std::allocator<void> >&>; __gnu_cxx::_Lock_policy _Lp = __gnu_cxx::_S_atomic][m[K’
[34.900s] [01m[K/usr/include/c++/9/bits/shared_ptr.h:359:59:[m[K   [ skipping 2 instantiation contexts, use -ftemplate-backtrace-limit=0 to disable ]
[34.901s] [01m[K/usr/include/c++/9/bits/shared_ptr.h:717:39:[m[K   required from ‘[01m[Kstd::shared_ptr<_Tp> std::make_shared(_Args&& ...) [with _Tp = std::allocator<const std_msgs::msg::Int32_<std::allocator<void> >&>; _Args = {std::allocator<void>&}][m[K’
[34.902s] [01m[K/opt/ros/foxy/include/rclcpp/any_subscription_callback.hpp:68:56:[m[K   required from ‘[01m[Krclcpp::AnySubscriptionCallback<MessageT, Alloc>::AnySubscriptionCallback(std::shared_ptr<_Tp>) [with MessageT = const std_msgs::msg::Int32_<std::allocator<void> >&; Alloc = std::allocator<void>][m[K’
[34.903s] [01m[K/opt/ros/foxy/include/rclcpp/subscription_factory.hpp:96:57:[m[K   required from ‘[01m[Krclcpp::SubscriptionFactory rclcpp::create_subscription_factory(CallbackT&&, const rclcpp::SubscriptionOptionsWithAllocator<AllocatorT>&, typename MessageMemoryStrategyT::SharedPtr, std::shared_ptr<rclcpp::topic_statistics::SubscriptionTopicStatistics<CallbackMessageT> >) [with MessageT = std_msgs::msg::Int32_<std::allocator<void> >; CallbackT = std::_Bind<void (MinimalPublisher::*(MinimalPublisher*, std::_Placeholder<1>))(const std_msgs::msg::Int32_<std::allocator<void> >&)>; AllocatorT = std::allocator<void>; CallbackMessageT = const std_msgs::msg::Int32_<std::allocator<void> >&; SubscriptionT = rclcpp::Subscription<const std_msgs::msg::Int32_<std::allocator<void> >&, std::allocator<void>, rclcpp::message_memory_strategy::MessageMemoryStrategy<const std_msgs::msg::Int32_<std::allocator<void> >&, std::allocator<void> > >; MessageMemoryStrategyT = rclcpp::message_memory_strategy::MessageMemoryStrategy<const std_msgs::msg::Int32_<std::allocator<void> >&, std::allocator<void> >; typename MessageMemoryStrategyT::SharedPtr = std::shared_ptr<rclcpp::message_memory_strategy::MessageMemoryStrategy<const std_msgs::msg::Int32_<std::allocator<void> >&, std::allocator<void> > >][m[K’
[34.904s] [01m[K/opt/ros/foxy/include/rclcpp/create_subscription.hpp:144:63:[m[K   required from ‘[01m[Kstd::shared_ptr<SubscriptionT> rclcpp::create_subscription(NodeT&&, const string&, const rclcpp::QoS&, CallbackT&&, const rclcpp::SubscriptionOptionsWithAllocator<AllocatorT>&, typename MessageMemoryStrategyT::SharedPtr) [with MessageT = std_msgs::msg::Int32_<std::allocator<void> >; CallbackT = std::_Bind<void (MinimalPublisher::*(MinimalPublisher*, std::_Placeholder<1>))(const std_msgs::msg::Int32_<std::allocator<void> >&)>; AllocatorT = std::allocator<void>; CallbackMessageT = const std_msgs::msg::Int32_<std::allocator<void> >&; SubscriptionT = rclcpp::Subscription<const std_msgs::msg::Int32_<std::allocator<void> >&, std::allocator<void>, rclcpp::message_memory_strategy::MessageMemoryStrategy<const std_msgs::msg::Int32_<std::allocator<void> >&, std::allocator<void> > >; MessageMemoryStrategyT = rclcpp::message_memory_strategy::MessageMemoryStrategy<const std_msgs::msg::Int32_<std::allocator<void> >&, std::allocator<void> >; NodeT = rclcpp::Node&; std::string = std::__cxx11::basic_string<char>; typename MessageMemoryStrategyT::SharedPtr = std::shared_ptr<rclcpp::message_memory_strategy::MessageMemoryStrategy<const std_msgs::msg::Int32_<std::allocator<void> >&, std::allocator<void> > >][m[K’
[34.905s] [01m[K/opt/ros/foxy/include/rclcpp/node_impl.hpp:98:47:[m[K   required from ‘[01m[Kstd::shared_ptr<SubscriptionT> rclcpp::Node::create_subscription(const string&, const rclcpp::QoS&, CallbackT&&, const rclcpp::SubscriptionOptionsWithAllocator<AllocatorT>&, typename MessageMemoryStrategyT::SharedPtr) [with MessageT = std_msgs::msg::Int32_<std::allocator<void> >; CallbackT = std::_Bind<void (MinimalPublisher::*(MinimalPublisher*, std::_Placeholder<1>))(const std_msgs::msg::Int32_<std::allocator<void> >&)>; AllocatorT = std::allocator<void>; CallbackMessageT = const std_msgs::msg::Int32_<std::allocator<void> >&; SubscriptionT = rclcpp::Subscription<const std_msgs::msg::Int32_<std::allocator<void> >&, std::allocator<void>, rclcpp::message_memory_strategy::MessageMemoryStrategy<const std_msgs::msg::Int32_<std::allocator<void> >&, std::allocator<void> > >; MessageMemoryStrategyT = rclcpp::message_memory_strategy::MessageMemoryStrategy<const std_msgs::msg::Int32_<std::allocator<void> >&, std::allocator<void> >; std::string = std::__cxx11::basic_string<char>; typename MessageMemoryStrategyT::SharedPtr = std::shared_ptr<rclcpp::message_memory_strategy::MessageMemoryStrategy<const std_msgs::msg::Int32_<std::allocator<void> >&, std::allocator<void> > >][m[K’
[34.906s] [01m[K/home/mp4d/ros_motors/MyCode/path2pos/src/pos_writer.cpp:35:102:[m[K   required from here
[34.907s] [01m[K/usr/include/c++/9/ext/new_allocator.h:63:26:[m[K [01;31m[Kerror: [m[Kforming pointer to reference type ‘[01m[Kconst std_msgs::msg::Int32_<std::allocator<void> >&[m[K’
[34.912s]    63 |       typedef _Tp*       [01;31m[Kpointer[m[K;
[34.913s]       |                          [01;31m[K^~~~~~~[m[K
[34.914s] [01m[K/usr/include/c++/9/ext/new_allocator.h:64:26:[m[K [01;31m[Kerror: [m[Kforming pointer to reference type ‘[01m[Kconst std_msgs::msg::Int32_<std::allocator<void> >&[m[K’
[34.918s]    64 |       typedef const _Tp* [01;31m[Kconst_pointer[m[K;
[34.920s]       |                          [01;31m[K^~~~~~~~~~~~~[m[K
[34.921s] In file included from [01m[K/usr/include/c++/9/string:41[m[K,
[34.922s]                  from [01m[K/usr/include/c++/9/stdexcept:39[m[K,
[34.923s]                  from [01m[K/usr/include/c++/9/array:39[m[K,
[34.924s]                  from [01m[K/usr/include/c++/9/tuple:39[m[K,
[34.925s]                  from [01m[K/usr/include/c++/9/functional:54[m[K,
[34.925s]                  from [01m[K/home/mp4d/ros_motors/MyCode/path2pos/src/pos_writer.cpp:2[m[K:
[34.926s] /usr/include/c++/9/bits/allocator.h: In instantiation of ‘[01m[Kclass std::allocator<const std_msgs::msg::Int32_<std::allocator<void> >&>[m[K’:
[34.927s] [01m[K/usr/include/c++/9/bits/shared_ptr_base.h:1365:63:[m[K   required by substitution of ‘[01m[Ktemplate<class _Yp> struct std::__shared_ptr<std::allocator<const std_msgs::msg::Int32_<std::allocator<void> >&>, __gnu_cxx::_S_atomic>::__has_esft_base<_Yp, std::__void_t<decltype (__enable_shared_from_this_base(declval<const std::__shared_count<__gnu_cxx::_S_atomic>&>(), declval<_Yp*>()))> > [with _Yp = std::allocator<const std_msgs::msg::Int32_<std::allocator<void> >&>][m[K’
[34.927s] [01m[K/usr/include/c++/9/bits/shared_ptr_base.h:1387:21:[m[K   required by substitution of ‘[01m[Ktemplate<class _Yp, class _Yp2> typename std::enable_if<(! std::__shared_ptr<std::allocator<const std_msgs::msg::Int32_<std::allocator<void> >&>, __gnu_cxx::_S_atomic>::__has_esft_base<_Yp2, void>::value), void>::type std::__shared_ptr<std::allocator<const std_msgs::msg::Int32_<std::allocator<void> >&>, __gnu_cxx::_S_atomic>::_M_enable_shared_from_this_with<_Yp, _Yp2>(_Yp*) [with _Yp = std::allocator<const std_msgs::msg::Int32_<std::allocator<void> >&>; _Yp2 = std::allocator<const std_msgs::msg::Int32_<std::allocator<void> >&>][m[K’
[34.928s] [01m[K/usr/include/c++/9/bits/shared_ptr_base.h:1345:4:[m[K   required from ‘[01m[Kstd::__shared_ptr<_Tp, _Lp>::__shared_ptr(std::_Sp_alloc_shared_tag<_Tp>, _Args&& ...) [with _Alloc = std::allocator<std::allocator<const std_msgs::msg::Int32_<std::allocator<void> >&> >; _Args = {std::allocator<void>&}; _Tp = std::allocator<const std_msgs::msg::Int32_<std::allocator<void> >&>; __gnu_cxx::_Lock_policy _Lp = __gnu_cxx::_S_atomic][m[K’
[34.929s] [01m[K/usr/include/c++/9/bits/shared_ptr.h:359:59:[m[K   required from ‘[01m[Kstd::shared_ptr<_Tp>::shared_ptr(std::_Sp_alloc_shared_tag<_Tp>, _Args&& ...) [with _Alloc = std::allocator<std::allocator<const std_msgs::msg::Int32_<std::allocator<void> >&> >; _Args = {std::allocator<void>&}; _Tp = std::allocator<const std_msgs::msg::Int32_<std::allocator<void> >&>][m[K’
[34.930s] [01m[K/usr/include/c++/9/bits/shared_ptr.h:701:14:[m[K   required from ‘[01m[Kstd::shared_ptr<_Tp> std::allocate_shared(const _Alloc&, _Args&& ...) [with _Tp = std::allocator<const std_msgs::msg::Int32_<std::allocator<void> >&>; _Alloc = std::allocator<std::allocator<const std_msgs::msg::Int32_<std::allocator<void> >&> >; _Args = {std::allocator<void>&}][m[K’
[34.930s] [01m[K/usr/include/c++/9/bits/shared_ptr.h:717:39:[m[K   required from ‘[01m[Kstd::shared_ptr<_Tp> std::make_shared(_Args&& ...) [with _Tp = std::allocator<const std_msgs::msg::Int32_<std::allocator<void> >&>; _Args = {std::allocator<void>&}][m[K’
[34.931s] [01m[K/opt/ros/foxy/include/rclcpp/any_subscription_callback.hpp:68:56:[m[K   required from ‘[01m[Krclcpp::AnySubscriptionCallback<MessageT, Alloc>::AnySubscriptionCallback(std::shared_ptr<_Tp>) [with MessageT = const std_msgs::msg::Int32_<std::allocator<void> >&; Alloc = std::allocator<void>][m[K’
[34.932s] [01m[K/opt/ros/foxy/include/rclcpp/subscription_factory.hpp:96:57:[m[K   required from ‘[01m[Krclcpp::SubscriptionFactory rclcpp::create_subscription_factory(CallbackT&&, const rclcpp::SubscriptionOptionsWithAllocator<AllocatorT>&, typename MessageMemoryStrategyT::SharedPtr, std::shared_ptr<rclcpp::topic_statistics::SubscriptionTopicStatistics<CallbackMessageT> >) [with MessageT = std_msgs::msg::Int32_<std::allocator<void> >; CallbackT = std::_Bind<void (MinimalPublisher::*(MinimalPublisher*, std::_Placeholder<1>))(const std_msgs::msg::Int32_<std::allocator<void> >&)>; AllocatorT = std::allocator<void>; CallbackMessageT = const std_msgs::msg::Int32_<std::allocator<void> >&; SubscriptionT = rclcpp::Subscription<const std_msgs::msg::Int32_<std::allocator<void> >&, std::allocator<void>, rclcpp::message_memory_strategy::MessageMemoryStrategy<const std_msgs::msg::Int32_<std::allocator<void> >&, std::allocator<void> > >; MessageMemoryStrategyT = rclcpp::message_memory_strategy::MessageMemoryStrategy<const std_msgs::msg::Int32_<std::allocator<void> >&, std::allocator<void> >; typename MessageMemoryStrategyT::SharedPtr = std::shared_ptr<rclcpp::message_memory_strategy::MessageMemoryStrategy<const std_msgs::msg::Int32_<std::allocator<void> >&, std::allocator<void> > >][m[K’
[34.933s] [01m[K/opt/ros/foxy/include/rclcpp/create_subscription.hpp:144:63:[m[K   required from ‘[01m[Kstd::shared_ptr<SubscriptionT> rclcpp::create_subscription(NodeT&&, const string&, const rclcpp::QoS&, CallbackT&&, const rclcpp::SubscriptionOptionsWithAllocator<AllocatorT>&, typename MessageMemoryStrategyT::SharedPtr) [with MessageT = std_msgs::msg::Int32_<std::allocator<void> >; CallbackT = std::_Bind<void (MinimalPublisher::*(MinimalPublisher*, std::_Placeholder<1>))(const std_msgs::msg::Int32_<std::allocator<void> >&)>; AllocatorT = std::allocator<void>; CallbackMessageT = const std_msgs::msg::Int32_<std::allocator<void> >&; SubscriptionT = rclcpp::Subscription<const std_msgs::msg::Int32_<std::allocator<void> >&, std::allocator<void>, rclcpp::message_memory_strategy::MessageMemoryStrategy<const std_msgs::msg::Int32_<std::allocator<void> >&, std::allocator<void> > >; MessageMemoryStrategyT = rclcpp::message_memory_strategy::MessageMemoryStrategy<const std_msgs::msg::Int32_<std::allocator<void> >&, std::allocator<void> >; NodeT = rclcpp::Node&; std::string = std::__cxx11::basic_string<char>; typename MessageMemoryStrategyT::SharedPtr = std::shared_ptr<rclcpp::message_memory_strategy::MessageMemoryStrategy<const std_msgs::msg::Int32_<std::allocator<void> >&, std::allocator<void> > >][m[K’
[34.934s] [01m[K/opt/ros/foxy/include/rclcpp/node_impl.hpp:98:47:[m[K   required from ‘[01m[Kstd::shared_ptr<SubscriptionT> rclcpp::Node::create_subscription(const string&, const rclcpp::QoS&, CallbackT&&, const rclcpp::SubscriptionOptionsWithAllocator<AllocatorT>&, typename MessageMemoryStrategyT::SharedPtr) [with MessageT = std_msgs::msg::Int32_<std::allocator<void> >; CallbackT = std::_Bind<void (MinimalPublisher::*(MinimalPublisher*, std::_Placeholder<1>))(const std_msgs::msg::Int32_<std::allocator<void> >&)>; AllocatorT = std::allocator<void>; CallbackMessageT = const std_msgs::msg::Int32_<std::allocator<void> >&; SubscriptionT = rclcpp::Subscription<const std_msgs::msg::Int32_<std::allocator<void> >&, std::allocator<void>, rclcpp::message_memory_strategy::MessageMemoryStrategy<const std_msgs::msg::Int32_<std::allocator<void> >&, std::allocator<void> > >; MessageMemoryStrategyT = rclcpp::message_memory_strategy::MessageMemoryStrategy<const std_msgs::msg::Int32_<std::allocator<void> >&, std::allocator<void> >; std::string = std::__cxx11::basic_string<char>; typename MessageMemoryStrategyT::SharedPtr = std::shared_ptr<rclcpp::message_memory_strategy::MessageMemoryStrategy<const std_msgs::msg::Int32_<std::allocator<void> >&, std::allocator<void> > >][m[K’
[34.935s] [01m[K/home/mp4d/ros_motors/MyCode/path2pos/src/pos_writer.cpp:35:102:[m[K   required from here
[34.936s] [01m[K/usr/include/c++/9/bits/allocator.h:116:26:[m[K [01;31m[Kerror: [m[Kforming pointer to reference type ‘[01m[Kconst std_msgs::msg::Int32_<std::allocator<void> >&[m[K’
[34.936s]   116 |       typedef _Tp*       [01;31m[Kpointer[m[K;
[34.937s]       |                          [01;31m[K^~~~~~~[m[K
[34.938s] [01m[K/usr/include/c++/9/bits/allocator.h:117:26:[m[K [01;31m[Kerror: [m[Kforming pointer to reference type ‘[01m[Kconst std_msgs::msg::Int32_<std::allocator<void> >&[m[K’
[34.939s]   117 |       typedef const _Tp* [01;31m[Kconst_pointer[m[K;
[34.939s]       |                          [01;31m[K^~~~~~~~~~~~~[m[K
[40.140s] In file included from [01m[K/usr/include/c++/9/bits/shared_ptr.h:52[m[K,
[40.142s]                  from [01m[K/usr/include/c++/9/memory:81[m[K,
[40.143s]                  from [01m[K/home/mp4d/ros_motors/MyCode/path2pos/src/pos_writer.cpp:3[m[K:
[40.143s] /usr/include/c++/9/bits/shared_ptr_base.h: In instantiation of ‘[01m[Kclass std::__shared_ptr_access<const std_msgs::msg::Int32_<std::allocator<void> >&, __gnu_cxx::_S_atomic, false, false>[m[K’:
[40.144s] [01m[K/usr/include/c++/9/bits/shared_ptr_base.h:1080:11:[m[K   required from ‘[01m[Kclass std::__shared_ptr<const std_msgs::msg::Int32_<std::allocator<void> >&, __gnu_cxx::_S_atomic>[m[K’
[40.145s] [01m[K/opt/ros/foxy/include/rclcpp/message_memory_strategy.hpp:85:37:[m[K   recursively required from ‘[01m[Kstd::shared_ptr<_Tp> rclcpp::message_memory_strategy::MessageMemoryStrategy<MessageT, Alloc>::borrow_message() [with MessageT = const std_msgs::msg::Int32_<std::allocator<void> >&; Alloc = std::allocator<void>][m[K’
[40.146s] [01m[K/opt/ros/foxy/include/rclcpp/message_memory_strategy.hpp:85:37:[m[K   required from here
[40.146s] [01m[K/usr/include/c++/9/bits/shared_ptr_base.h:1012:7:[m[K [01;31m[Kerror: [m[Kforming pointer to reference type ‘[01m[Kstd::__shared_ptr_access<const std_msgs::msg::Int32_<std::allocator<void> >&, __gnu_cxx::_S_atomic, false, false>::element_type[m[K’ {aka ‘[01m[Kconst std_msgs::msg::Int32_<std::allocator<void> >&[m[K’}
[40.147s]  1012 |       [01;31m[Koperator[m[K->() const noexcept
[40.149s]       |       [01;31m[K^~~~~~~~[m[K
[40.151s] [01m[K/usr/include/c++/9/bits/shared_ptr_base.h:1020:7:[m[K [01;31m[Kerror: [m[Kforming pointer to reference type ‘[01m[Kstd::__shared_ptr_access<const std_msgs::msg::Int32_<std::allocator<void> >&, __gnu_cxx::_S_atomic, false, false>::element_type[m[K’ {aka ‘[01m[Kconst std_msgs::msg::Int32_<std::allocator<void> >&[m[K’}
[40.152s]  1020 |       [01;31m[K_M_get[m[K() const noexcept
[40.152s]       |       [01;31m[K^~~~~~[m[K
[40.153s] /usr/include/c++/9/bits/shared_ptr_base.h: In instantiation of ‘[01m[Kclass std::__shared_ptr<const std_msgs::msg::Int32_<std::allocator<void> >&, __gnu_cxx::_S_atomic>[m[K’:
[40.154s] [01m[K/opt/ros/foxy/include/rclcpp/message_memory_strategy.hpp:85:37:[m[K   recursively required from ‘[01m[Kstd::shared_ptr<_Tp> rclcpp::message_memory_strategy::MessageMemoryStrategy<MessageT, Alloc>::borrow_message() [with MessageT = const std_msgs::msg::Int32_<std::allocator<void> >&; Alloc = std::allocator<void>][m[K’
[40.155s] [01m[K/opt/ros/foxy/include/rclcpp/message_memory_strategy.hpp:85:37:[m[K   required from here
[40.156s] [01m[K/usr/include/c++/9/bits/shared_ptr_base.h:1094:8:[m[K [01;31m[Kerror: [m[Kforming pointer to reference type ‘[01m[Kconst std_msgs::msg::Int32_<std::allocator<void> >&[m[K’
[40.157s]  1094 |  using [01;31m[K_Compatible[m[K = typename
[40.158s]       |        [01;31m[K^~~~~~~~~~~[m[K
[40.159s] [01m[K/usr/include/c++/9/bits/shared_ptr_base.h:1104:8:[m[K [01;31m[Kerror: [m[Kforming pointer to reference type ‘[01m[Kconst std_msgs::msg::Int32_<std::allocator<void> >&[m[K’
[40.159s]  1104 |  using [01;31m[K_UniqCompatible[m[K = typename enable_if<__and_<
[40.160s]       |        [01;31m[K^~~~~~~~~~~~~~~[m[K
[40.161s] [01m[K/usr/include/c++/9/bits/shared_ptr_base.h:1162:2:[m[K [01;31m[Kerror: [m[Kforming pointer to reference type ‘[01m[Kstd::__shared_ptr<const std_msgs::msg::Int32_<std::allocator<void> >&, __gnu_cxx::_S_atomic>::element_type[m[K’ {aka ‘[01m[Kconst std_msgs::msg::Int32_<std::allocator<void> >&[m[K’}
[40.162s]  1162 |  [01;31m[K__shared_ptr[m[K(const __shared_ptr<_Yp, _Lp>& __r,
[40.162s]       |  [01;31m[K^~~~~~~~~~~~[m[K
[40.163s] /usr/include/c++/9/bits/shared_ptr_base.h: In substitution of ‘[01m[Ktemplate<class _Tp, __gnu_cxx::_Lock_policy _Lp> template<class _Yp, class _Res> using _Compatible = typename std::enable_if<std::__sp_compatible_with<_Yp*, _Tp*>::value, _Res>::type [with _Yp = _Yp; _Res = void; _Tp = const std_msgs::msg::Int32_<std::allocator<void> >&; __gnu_cxx::_Lock_policy _Lp = __gnu_cxx::_S_atomic][m[K’:
[40.164s] [01m[K/usr/include/c++/9/bits/shared_ptr_base.h:1172:2:[m[K   required from ‘[01m[Kclass std::__shared_ptr<const std_msgs::msg::Int32_<std::allocator<void> >&, __gnu_cxx::_S_atomic>[m[K’
[40.165s] [01m[K/opt/ros/foxy/include/rclcpp/message_memory_strategy.hpp:85:37:[m[K   recursively required from ‘[01m[Kstd::shared_ptr<_Tp> rclcpp::message_memory_strategy::MessageMemoryStrategy<MessageT, Alloc>::borrow_message() [with MessageT = const std_msgs::msg::Int32_<std::allocator<void> >&; Alloc = std::allocator<void>][m[K’
[40.165s] [01m[K/opt/ros/foxy/include/rclcpp/message_memory_strategy.hpp:85:37:[m[K   required from here
[40.166s] [01m[K/usr/include/c++/9/bits/shared_ptr_base.h:1094:8:[m[K [01;31m[Kerror: [m[Kforming pointer to reference type ‘[01m[Kconst std_msgs::msg::Int32_<std::allocator<void> >&[m[K’
[40.167s]  1094 |  using [01;31m[K_Compatible[m[K = typename
[40.168s]       |        [01;31m[K^~~~~~~~~~~[m[K
[40.169s] /usr/include/c++/9/bits/shared_ptr_base.h: In substitution of ‘[01m[Ktemplate<class _Tp, __gnu_cxx::_Lock_policy _Lp> template<class _Yp, class _Del, class _Res, class _Ptr> using _UniqCompatible = typename std::enable_if<std::__and_<std::__sp_compatible_with<_Yp*, _Tp*>, std::is_convertible<_Ptr, typename std::remove_extent<_Up>::type*> >::value, _Res>::type [with _Yp = _Yp; _Del = _Del; _Res = void; _Ptr = typename std::unique_ptr<_Tp, _Dp>::pointer; _Tp = const std_msgs::msg::Int32_<std::allocator<void> >&; __gnu_cxx::_Lock_policy _Lp = __gnu_cxx::_S_atomic][m[K’:
[40.170s] [01m[K/usr/include/c++/9/bits/shared_ptr_base.h:1203:2:[m[K   required from ‘[01m[Kclass std::__shared_ptr<const std_msgs::msg::Int32_<std::allocator<void> >&, __gnu_cxx::_S_atomic>[m[K’
[40.170s] [01m[K/opt/ros/foxy/include/rclcpp/message_memory_strategy.hpp:85:37:[m[K   recursively required from ‘[01m[Kstd::shared_ptr<_Tp> rclcpp::message_memory_strategy::MessageMemoryStrategy<MessageT, Alloc>::borrow_message() [with MessageT = const std_msgs::msg::Int32_<std::allocator<void> >&; Alloc = std::allocator<void>][m[K’
[40.171s] [01m[K/opt/ros/foxy/include/rclcpp/message_memory_strategy.hpp:85:37:[m[K   required from here
[40.172s] [01m[K/usr/include/c++/9/bits/shared_ptr_base.h:1104:8:[m[K [01;31m[Kerror: [m[Kforming pointer to reference type ‘[01m[Kconst std_msgs::msg::Int32_<std::allocator<void> >&[m[K’
[40.173s]  1104 |  using [01;31m[K_UniqCompatible[m[K = typename enable_if<__and_<
[40.173s]       |        [01;31m[K^~~~~~~~~~~~~~~[m[K
[40.174s] /usr/include/c++/9/bits/shared_ptr_base.h: In instantiation of ‘[01m[Kclass std::__shared_ptr<const std_msgs::msg::Int32_<std::allocator<void> >&, __gnu_cxx::_S_atomic>[m[K’:
[40.175s] [01m[K/opt/ros/foxy/include/rclcpp/message_memory_strategy.hpp:85:37:[m[K   recursively required from ‘[01m[Kstd::shared_ptr<_Tp> rclcpp::message_memory_strategy::MessageMemoryStrategy<MessageT, Alloc>::borrow_message() [with MessageT = const std_msgs::msg::Int32_<std::allocator<void> >&; Alloc = std::allocator<void>][m[K’
[40.176s] [01m[K/opt/ros/foxy/include/rclcpp/message_memory_strategy.hpp:85:37:[m[K   required from here
[40.177s] [01m[K/usr/include/c++/9/bits/shared_ptr_base.h:1219:2:[m[K [01;31m[Kerror: [m[Kforming pointer to reference type ‘[01m[Kconst std_msgs::msg::Int32_<std::allocator<void> >&[m[K’
[40.178s]  1219 |  [01;31m[K__shared_ptr[m[K(unique_ptr<_Tp1, _Del>&& __r, __sp_array_delete)
[40.178s]       |  [01;31m[K^~~~~~~~~~~~[m[K
[40.179s] [01m[K/usr/include/c++/9/bits/shared_ptr_base.h:1309:7:[m[K [01;31m[Kerror: [m[Kforming pointer to reference type ‘[01m[Kstd::__shared_ptr<const std_msgs::msg::Int32_<std::allocator<void> >&, __gnu_cxx::_S_atomic>::element_type[m[K’ {aka ‘[01m[Kconst std_msgs::msg::Int32_<std::allocator<void> >&[m[K’}
[40.180s]  1309 |       [01;31m[Kget[m[K() const noexcept
[40.181s]       |       [01;31m[K^~~[m[K
[40.181s] [01m[K/usr/include/c++/9/bits/shared_ptr_base.h:1404:24:[m[K [01;31m[Kerror: [m[Kforming pointer to reference type ‘[01m[Kstd::__shared_ptr<const std_msgs::msg::Int32_<std::allocator<void> >&, __gnu_cxx::_S_atomic>::element_type[m[K’ {aka ‘[01m[Kconst std_msgs::msg::Int32_<std::allocator<void> >&[m[K’}
[40.182s]  1404 |       element_type*    [01;31m[K_M_ptr[m[K;         // Contained pointer.
[40.183s]       |                        [01;31m[K^~~~~~[m[K
[40.184s] In file included from [01m[K/usr/include/c++/9/memory:81[m[K,
[40.185s]                  from [01m[K/home/mp4d/ros_motors/MyCode/path2pos/src/pos_writer.cpp:3[m[K:
[40.185s] /usr/include/c++/9/bits/shared_ptr.h: In instantiation of ‘[01m[Kclass std::shared_ptr<const std_msgs::msg::Int32_<std::allocator<void> >&>[m[K’:
[40.186s] [01m[K/opt/ros/foxy/include/rclcpp/message_memory_strategy.hpp:85:37:[m[K   recursively required from ‘[01m[Kstd::shared_ptr<_Tp> rclcpp::message_memory_strategy::MessageMemoryStrategy<MessageT, Alloc>::borrow_message() [with MessageT = const std_msgs::msg::Int32_<std::allocator<void> >&; Alloc = std::allocator<void>][m[K’
[40.187s] [01m[K/opt/ros/foxy/include/rclcpp/message_memory_strategy.hpp:85:37:[m[K   required from here
[40.188s] [01m[K/usr/include/c++/9/bits/shared_ptr.h:234:2:[m[K [01;31m[Kerror: [m[Kforming pointer to reference type ‘[01m[Kstd::shared_ptr<const std_msgs::msg::Int32_<std::allocator<void> >&>::element_type[m[K’ {aka ‘[01m[Kconst std_msgs::msg::Int32_<std::allocator<void> >&[m[K’}
[40.189s]   234 |  [01;31m[Kshared_ptr[m[K(const shared_ptr<_Yp>& __r, element_type* __p) noexcept
[40.190s]       |  [01;31m[K^~~~~~~~~~[m[K
[40.408s] In file included from [01m[K/usr/include/c++/9/bits/shared_ptr.h:52[m[K,
[40.409s]                  from [01m[K/usr/include/c++/9/memory:81[m[K,
[40.410s]                  from [01m[K/home/mp4d/ros_motors/MyCode/path2pos/src/pos_writer.cpp:3[m[K:
[40.410s] /usr/include/c++/9/bits/shared_ptr_base.h: In instantiation of ‘[01m[Kconstexpr std::__shared_ptr<_Tp, _Lp>::__shared_ptr() [with _Tp = const std_msgs::msg::Int32_<std::allocator<void> >&; __gnu_cxx::_Lock_policy _Lp = __gnu_cxx::_S_atomic][m[K’:
[40.411s] [01m[K/usr/include/c++/9/bits/shared_ptr_base.h:1287:9:[m[K   required from ‘[01m[Kvoid std::__shared_ptr<_Tp, _Lp>::reset() [with _Tp = const std_msgs::msg::Int32_<std::allocator<void> >&; __gnu_cxx::_Lock_policy _Lp = __gnu_cxx::_S_atomic][m[K’
[40.412s] [01m[K/opt/ros/foxy/include/rclcpp/message_memory_strategy.hpp:109:5:[m[K   required from ‘[01m[Kvoid rclcpp::message_memory_strategy::MessageMemoryStrategy<MessageT, Alloc>::return_message(std::shared_ptr<_Tp>&) [with MessageT = const std_msgs::msg::Int32_<std::allocator<void> >&; Alloc = std::allocator<void>][m[K’
[40.412s] [01m[K/opt/ros/foxy/include/rclcpp/message_memory_strategy.hpp:107:16:[m[K   required from here
[40.413s] [01m[K/usr/include/c++/9/bits/shared_ptr_base.h:1119:32:[m[K [01;31m[Kerror: [m[Kusing invalid field ‘[01m[Kstd::__shared_ptr<_Tp, _Lp>::_M_ptr[m[K’
[40.414s]  1119 |       : _M_ptr(0), _M_refcount([01;31m[K)[m[K
[40.414s]       |                                [01;31m[K^[m[K
[40.415s] /usr/include/c++/9/bits/shared_ptr_base.h: In instantiation of ‘[01m[Kvoid std::__shared_ptr<_Tp, _Lp>::swap(std::__shared_ptr<_Tp, _Lp>&) [with _Tp = const std_msgs::msg::Int32_<std::allocator<void> >&; __gnu_cxx::_Lock_policy _Lp = __gnu_cxx::_S_atomic][m[K’:
[40.415s] [01m[K/usr/include/c++/9/bits/shared_ptr_base.h:1287:24:[m[K   required from ‘[01m[Kvoid std::__shared_ptr<_Tp, _Lp>::reset() [with _Tp = const std_msgs::msg::Int32_<std::allocator<void> >&; __gnu_cxx::_Lock_policy _Lp = __gnu_cxx::_S_atomic][m[K’
[40.416s] [01m[K/opt/ros/foxy/include/rclcpp/message_memory_strategy.hpp:109:5:[m[K   required from ‘[01m[Kvoid rclcpp::message_memory_strategy::MessageMemoryStrategy<MessageT, Alloc>::return_message(std::shared_ptr<_Tp>&) [with MessageT = const std_msgs::msg::Int32_<std::allocator<void> >&; Alloc = std::allocator<void>][m[K’
[40.417s] [01m[K/opt/ros/foxy/include/rclcpp/message_memory_strategy.hpp:107:16:[m[K   required from here
[40.417s] [01m[K/usr/include/c++/9/bits/shared_ptr_base.h:1326:12:[m[K [01;31m[Kerror: [m[Kusing invalid field ‘[01m[Kstd::__shared_ptr<_Tp, _Lp>::_M_ptr[m[K’
[40.418s]  1326 |  std::swap([01;31m[K_M_ptr[m[K, __other._M_ptr);
[40.418s]       |            [01;31m[K^~~~~~[m[K
[40.419s] [01m[K/usr/include/c++/9/bits/shared_ptr_base.h:1326:28:[m[K [01;31m[Kerror: [m[K‘[01m[Kclass std::__shared_ptr<const std_msgs::msg::Int32_<std::allocator<void> >&, __gnu_cxx::_S_atomic>[m[K’ has no member named ‘[01m[K_M_ptr[m[K’
[40.420s]  1326 |  std::swap(_M_ptr, [01;31m[K__other._M_ptr[m[K);
[40.420s]       |                    [01;31m[K~~~~~~~~^~~~~~[m[K
[40.756s] In file included from [01m[K/usr/include/c++/9/functional:59[m[K,
[40.757s]                  from [01m[K/home/mp4d/ros_motors/MyCode/path2pos/src/pos_writer.cpp:2[m[K:
[40.758s] [01m[K/usr/include/c++/9/bits/std_function.h:[m[K At global scope:
[40.759s] [01m[K/usr/include/c++/9/bits/std_function.h:667:7:[m[K [01;31m[Kerror: [m[K‘[01m[Kstd::function<_Res(_ArgTypes ...)>::function(_Functor) [with _Functor = rclcpp::create_subscription_factory(CallbackT&&, const rclcpp::SubscriptionOptionsWithAllocator<AllocatorT>&, typename MessageMemoryStrategyT::SharedPtr, std::shared_ptr<rclcpp::topic_statistics::SubscriptionTopicStatistics<CallbackMessageT> >) [with MessageT = std_msgs::msg::Int32_<std::allocator<void> >; CallbackT = std::_Bind<void (MinimalPublisher::*(MinimalPublisher*, std::_Placeholder<1>))(const std_msgs::msg::Int32_<std::allocator<void> >&)>; AllocatorT = std::allocator<void>; CallbackMessageT = const std_msgs::msg::Int32_<std::allocator<void> >&; SubscriptionT = rclcpp::Subscription<const std_msgs::msg::Int32_<std::allocator<void> >&, std::allocator<void>, rclcpp::message_memory_strategy::MessageMemoryStrategy<const std_msgs::msg::Int32_<std::allocator<void> >&, std::allocator<void> > >; MessageMemoryStrategyT = rclcpp::message_memory_strategy::MessageMemoryStrategy<const std_msgs::msg::Int32_<std::allocator<void> >&, std::allocator<void> >; typename MessageMemoryStrategyT::SharedPtr = std::shared_ptr<rclcpp::message_memory_strategy::MessageMemoryStrategy<const std_msgs::msg::Int32_<std::allocator<void> >&, std::allocator<void> > >]::<lambda(rclcpp::node_interfaces::NodeBaseInterface*, const string&, const rclcpp::QoS&)>; <template-parameter-2-2> = void; <template-parameter-2-3> = void; _Res = std::shared_ptr<rclcpp::SubscriptionBase>; _ArgTypes = {rclcpp::node_interfaces::NodeBaseInterface*, const std::__cxx11::basic_string<char, std::char_traits<char>, std::allocator<char> >&, const rclcpp::QoS&}][m[K’, declared using local type ‘[01m[Krclcpp::create_subscription_factory(CallbackT&&, const rclcpp::SubscriptionOptionsWithAllocator<AllocatorT>&, typename MessageMemoryStrategyT::SharedPtr, std::shared_ptr<rclcpp::topic_statistics::SubscriptionTopicStatistics<CallbackMessageT> >) [with MessageT = std_msgs::msg::Int32_<std::allocator<void> >; CallbackT = std::_Bind<void (MinimalPublisher::*(MinimalPublisher*, std::_Placeholder<1>))(const std_msgs::msg::Int32_<std::allocator<void> >&)>; AllocatorT = std::allocator<void>; CallbackMessageT = const std_msgs::msg::Int32_<std::allocator<void> >&; SubscriptionT = rclcpp::Subscription<const std_msgs::msg::Int32_<std::allocator<void> >&, std::allocator<void>, rclcpp::message_memory_strategy::MessageMemoryStrategy<const std_msgs::msg::Int32_<std::allocator<void> >&, std::allocator<void> > >; MessageMemoryStrategyT = rclcpp::message_memory_strategy::MessageMemoryStrategy<const std_msgs::msg::Int32_<std::allocator<void> >&, std::allocator<void> >; typename MessageMemoryStrategyT::SharedPtr = std::shared_ptr<rclcpp::message_memory_strategy::MessageMemoryStrategy<const std_msgs::msg::Int32_<std::allocator<void> >&, std::allocator<void> > >]::<lambda(rclcpp::node_interfaces::NodeBaseInterface*, const string&, const rclcpp::QoS&)>[m[K’, is used but never defined [[01;31m[K-fpermissive[m[K]
[40.759s]   667 |       [01;31m[Kfunction<_Res(_ArgTypes...)>[m[K::
[40.760s]       |       [01;31m[K^~~~~~~~~~~~~~~~~~~~~~~~~~~~[m[K
[42.848s] make[2]: *** [CMakeFiles/pos_writer.dir/build.make:63: CMakeFiles/pos_writer.dir/src/pos_writer.cpp.o] Error 1
[42.850s] make[1]: *** [CMakeFiles/Makefile2:78: CMakeFiles/pos_writer.dir/all] Error 2
[42.851s] make: *** [Makefile:141: all] Error 2
[42.913s] Invoked command in '/home/mp4d/ros_motors/build/path2pos' returned '2': AMENT_PREFIX_PATH=/home/mp4d/ros_motors/install/dynamixel_sdk_custom_interfaces:${AMENT_PREFIX_PATH} CMAKE_PREFIX_PATH=/home/mp4d/ros_motors/install/dynamixel_sdk_custom_interfaces:/home/mp4d/ros_motors/DynamixelSDK/install/dynamixel_sdk_examples:/home/mp4d/ros_motors/DynamixelSDK/install/dynamixel_sdk_custom_interfaces:/home/mp4d/ros_motors/DynamixelSDK/install/dynamixel_sdk:/opt/ros/foxy:/home/mp4d/ros_camera/install/usb_cam:/home/mp4d/ros_camera/install/cam_sub LD_LIBRARY_PATH=/home/mp4d/ros_motors/install/dynamixel_sdk_custom_interfaces/lib:${LD_LIBRARY_PATH} PYTHONPATH=/home/mp4d/ros_motors/install/dynamixel_sdk_custom_interfaces/lib/python3.8/site-packages:${PYTHONPATH} /usr/bin/cmake --build /home/mp4d/ros_motors/build/path2pos -- -j4 -l4
