[0.194s] Invoking command in '/home/mp4d/ros_motors/build/dynamixel_sdk_examples': AMENT_PREFIX_PATH=/home/mp4d/ros_motors/install/dynamixel_sdk_custom_interfaces:/home/mp4d/ros_motors/install/dynamixel_sdk:${AMENT_PREFIX_PATH} CMAKE_PREFIX_PATH=/home/mp4d/ros_motors/install/dynamixel_sdk_custom_interfaces:/home/mp4d/ros_motors/install/dynamixel_sdk:/home/mp4d/ros_motors/DynamixelSDK/install/dynamixel_sdk_examples:/home/mp4d/ros_motors/DynamixelSDK/install/dynamixel_sdk_custom_interfaces:/home/mp4d/ros_motors/DynamixelSDK/install/dynamixel_sdk:/opt/ros/foxy:/home/mp4d/ros_camera/install/usb_cam:/home/mp4d/ros_camera/install/cam_sub LD_LIBRARY_PATH=/home/mp4d/ros_motors/install/dynamixel_sdk_custom_interfaces/lib:/home/mp4d/ros_motors/install/dynamixel_sdk/lib:${LD_LIBRARY_PATH} PYTHONPATH=/home/mp4d/ros_motors/install/dynamixel_sdk_custom_interfaces/lib/python3.8/site-packages:${PYTHONPATH} /usr/bin/cmake --build /home/mp4d/ros_motors/build/dynamixel_sdk_examples -- -j4 -l4
[0.687s] [100%] Built target read_write_node
[0.801s] Invoked command in '/home/mp4d/ros_motors/build/dynamixel_sdk_examples' returned '0': AMENT_PREFIX_PATH=/home/mp4d/ros_motors/install/dynamixel_sdk_custom_interfaces:/home/mp4d/ros_motors/install/dynamixel_sdk:${AMENT_PREFIX_PATH} CMAKE_PREFIX_PATH=/home/mp4d/ros_motors/install/dynamixel_sdk_custom_interfaces:/home/mp4d/ros_motors/install/dynamixel_sdk:/home/mp4d/ros_motors/DynamixelSDK/install/dynamixel_sdk_examples:/home/mp4d/ros_motors/DynamixelSDK/install/dynamixel_sdk_custom_interfaces:/home/mp4d/ros_motors/DynamixelSDK/install/dynamixel_sdk:/opt/ros/foxy:/home/mp4d/ros_camera/install/usb_cam:/home/mp4d/ros_camera/install/cam_sub LD_LIBRARY_PATH=/home/mp4d/ros_motors/install/dynamixel_sdk_custom_interfaces/lib:/home/mp4d/ros_motors/install/dynamixel_sdk/lib:${LD_LIBRARY_PATH} PYTHONPATH=/home/mp4d/ros_motors/install/dynamixel_sdk_custom_interfaces/lib/python3.8/site-packages:${PYTHONPATH} /usr/bin/cmake --build /home/mp4d/ros_motors/build/dynamixel_sdk_examples -- -j4 -l4
[0.976s] Invoking command in '/home/mp4d/ros_motors/build/dynamixel_sdk_examples': AMENT_PREFIX_PATH=/home/mp4d/ros_motors/install/dynamixel_sdk_custom_interfaces:/home/mp4d/ros_motors/install/dynamixel_sdk:${AMENT_PREFIX_PATH} CMAKE_PREFIX_PATH=/home/mp4d/ros_motors/install/dynamixel_sdk_custom_interfaces:/home/mp4d/ros_motors/install/dynamixel_sdk:/home/mp4d/ros_motors/DynamixelSDK/install/dynamixel_sdk_examples:/home/mp4d/ros_motors/DynamixelSDK/install/dynamixel_sdk_custom_interfaces:/home/mp4d/ros_motors/DynamixelSDK/install/dynamixel_sdk:/opt/ros/foxy:/home/mp4d/ros_camera/install/usb_cam:/home/mp4d/ros_camera/install/cam_sub LD_LIBRARY_PATH=/home/mp4d/ros_motors/install/dynamixel_sdk_custom_interfaces/lib:/home/mp4d/ros_motors/install/dynamixel_sdk/lib:${LD_LIBRARY_PATH} PYTHONPATH=/home/mp4d/ros_motors/install/dynamixel_sdk_custom_interfaces/lib/python3.8/site-packages:${PYTHONPATH} /usr/bin/cmake --install /home/mp4d/ros_motors/build/dynamixel_sdk_examples
[1.049s] -- Install configuration: ""
[1.050s] -- Installing: /home/mp4d/ros_motors/install/dynamixel_sdk_examples/lib/dynamixel_sdk_examples/read_write_node
[1.066s] -- Set runtime path of "/home/mp4d/ros_motors/install/dynamixel_sdk_examples/lib/dynamixel_sdk_examples/read_write_node" to ""
[1.067s] -- Installing: /home/mp4d/ros_motors/install/dynamixel_sdk_examples/share/ament_index/resource_index/package_run_dependencies/dynamixel_sdk_examples
[1.072s] -- Installing: /home/mp4d/ros_motors/install/dynamixel_sdk_examples/share/ament_index/resource_index/parent_prefix_path/dynamixel_sdk_examples
[1.074s] -- Installing: /home/mp4d/ros_motors/install/dynamixel_sdk_examples/share/dynamixel_sdk_examples/environment/ament_prefix_path.sh
[1.076s] -- Installing: /home/mp4d/ros_motors/install/dynamixel_sdk_examples/share/dynamixel_sdk_examples/environment/ament_prefix_path.dsv
[1.079s] -- Installing: /home/mp4d/ros_motors/install/dynamixel_sdk_examples/share/dynamixel_sdk_examples/environment/path.sh
[1.085s] -- Installing: /home/mp4d/ros_motors/install/dynamixel_sdk_examples/share/dynamixel_sdk_examples/environment/path.dsv
[1.091s] -- Installing: /home/mp4d/ros_motors/install/dynamixel_sdk_examples/share/dynamixel_sdk_examples/local_setup.bash
[1.094s] -- Installing: /home/mp4d/ros_motors/install/dynamixel_sdk_examples/share/dynamixel_sdk_examples/local_setup.sh
[1.097s] -- Installing: /home/mp4d/ros_motors/install/dynamixel_sdk_examples/share/dynamixel_sdk_examples/local_setup.zsh
[1.098s] -- Installing: /home/mp4d/ros_motors/install/dynamixel_sdk_examples/share/dynamixel_sdk_examples/local_setup.dsv
[1.099s] -- Installing: /home/mp4d/ros_motors/install/dynamixel_sdk_examples/share/dynamixel_sdk_examples/package.dsv
[1.102s] -- Installing: /home/mp4d/ros_motors/install/dynamixel_sdk_examples/share/ament_index/resource_index/packages/dynamixel_sdk_examples
[1.103s] -- Installing: /home/mp4d/ros_motors/install/dynamixel_sdk_examples/share/dynamixel_sdk_examples/cmake/dynamixel_sdk_examplesConfig.cmake
[1.104s] -- Installing: /home/mp4d/ros_motors/install/dynamixel_sdk_examples/share/dynamixel_sdk_examples/cmake/dynamixel_sdk_examplesConfig-version.cmake
[1.106s] -- Installing: /home/mp4d/ros_motors/install/dynamixel_sdk_examples/share/dynamixel_sdk_examples/package.xml
[1.134s] Invoked command in '/home/mp4d/ros_motors/build/dynamixel_sdk_examples' returned '0': AMENT_PREFIX_PATH=/home/mp4d/ros_motors/install/dynamixel_sdk_custom_interfaces:/home/mp4d/ros_motors/install/dynamixel_sdk:${AMENT_PREFIX_PATH} CMAKE_PREFIX_PATH=/home/mp4d/ros_motors/install/dynamixel_sdk_custom_interfaces:/home/mp4d/ros_motors/install/dynamixel_sdk:/home/mp4d/ros_motors/DynamixelSDK/install/dynamixel_sdk_examples:/home/mp4d/ros_motors/DynamixelSDK/install/dynamixel_sdk_custom_interfaces:/home/mp4d/ros_motors/DynamixelSDK/install/dynamixel_sdk:/opt/ros/foxy:/home/mp4d/ros_camera/install/usb_cam:/home/mp4d/ros_camera/install/cam_sub LD_LIBRARY_PATH=/home/mp4d/ros_motors/install/dynamixel_sdk_custom_interfaces/lib:/home/mp4d/ros_motors/install/dynamixel_sdk/lib:${LD_LIBRARY_PATH} PYTHONPATH=/home/mp4d/ros_motors/install/dynamixel_sdk_custom_interfaces/lib/python3.8/site-packages:${PYTHONPATH} /usr/bin/cmake --install /home/mp4d/ros_motors/build/dynamixel_sdk_examples
