[0.270s] DEBUG:colcon:Command line arguments: ['/usr/bin/colcon', 'build']
[0.270s] DEBUG:colcon:Parsed command line arguments: Namespace(allow_overriding=[], ament_cmake_args=None, base_paths=['.'], build_base='build', catkin_cmake_args=None, catkin_skip_building_tests=False, cmake_args=None, cmake_clean_cache=False, cmake_clean_first=False, cmake_force_configure=False, cmake_target=None, cmake_target_skip_unavailable=False, continue_on_error=False, event_handlers=None, executor='parallel', ignore_user_meta=False, install_base='install', log_base=None, log_level=None, main=<bound method BuildVerb.main of <colcon_core.verb.build.BuildVerb object at 0x7f212a4980d0>>, merge_install=False, metas=['./colcon.meta'], mixin=None, mixin_files=None, mixin_verb=('build',), packages_above=None, packages_above_and_dependencies=None, packages_above_depth=None, packages_end=None, packages_ignore=None, packages_ignore_regex=None, packages_select=None, packages_select_build_failed=False, packages_select_by_dep=None, packages_select_regex=None, packages_select_test_failures=False, packages_skip=None, packages_skip_build_finished=False, packages_skip_by_dep=None, packages_skip_regex=None, packages_skip_test_passed=False, packages_skip_up_to=None, packages_start=None, packages_up_to=None, packages_up_to_regex=None, parallel_workers=4, paths=None, symlink_install=False, test_result_base=None, verb_extension=<colcon_core.verb.build.BuildVerb object at 0x7f212a4980d0>, verb_name='build', verb_parser=<colcon_mixin.mixin.mixin_argument.MixinArgumentDecorator object at 0x7f212a3e6130>)
[0.515s] Level 1:colcon.colcon_core.package_discovery:discover_packages(colcon_meta) check parameters
[0.515s] Level 1:colcon.colcon_core.package_discovery:discover_packages(recursive) check parameters
[0.515s] Level 1:colcon.colcon_core.package_discovery:discover_packages(ignore) check parameters
[0.515s] Level 1:colcon.colcon_core.package_discovery:discover_packages(path) check parameters
[0.515s] Level 1:colcon.colcon_core.package_discovery:discover_packages(colcon_meta) discover
[0.515s] Level 1:colcon.colcon_core.package_discovery:discover_packages(recursive) discover
[0.515s] INFO:colcon.colcon_core.package_discovery:Crawling recursively for packages in '/home/vincent/Embedded-System/ros_interface_node/fpga_interface'
[0.515s] Level 1:colcon.colcon_core.package_identification:_identify(.) by extensions ['ignore', 'ignore_ament_install']
[0.515s] Level 1:colcon.colcon_core.package_identification:_identify(.) by extension 'ignore'
[0.515s] Level 1:colcon.colcon_core.package_identification:_identify(.) by extension 'ignore_ament_install'
[0.516s] Level 1:colcon.colcon_core.package_identification:_identify(.) by extensions ['colcon_pkg']
[0.516s] Level 1:colcon.colcon_core.package_identification:_identify(.) by extension 'colcon_pkg'
[0.516s] Level 1:colcon.colcon_core.package_identification:_identify(.) by extensions ['colcon_meta']
[0.516s] Level 1:colcon.colcon_core.package_identification:_identify(.) by extension 'colcon_meta'
[0.516s] Level 1:colcon.colcon_core.package_identification:_identify(.) by extensions ['ros']
[0.516s] Level 1:colcon.colcon_core.package_identification:_identify(.) by extension 'ros'
[0.541s] DEBUG:colcon.colcon_core.package_identification:Package '.' with type 'ros.ament_cmake' and name 'fpga_interface'
[0.542s] Level 1:colcon.colcon_core.package_discovery:discover_packages(recursive) using defaults
[0.542s] Level 1:colcon.colcon_core.package_discovery:discover_packages(ignore) discover
[0.542s] Level 1:colcon.colcon_core.package_discovery:discover_packages(ignore) using defaults
[0.542s] Level 1:colcon.colcon_core.package_discovery:discover_packages(path) discover
[0.542s] Level 1:colcon.colcon_core.package_discovery:discover_packages(path) using defaults
[0.577s] Level 1:colcon.colcon_core.package_discovery:discover_packages(prefix_path) check parameters
[0.577s] Level 1:colcon.colcon_core.package_discovery:discover_packages(prefix_path) discover
[0.581s] DEBUG:colcon.colcon_installed_package_information.package_discovery:Found 1 installed packages in /home/vincent/Embedded-System/ros_interface_node/fpga_interface/install
[0.585s] DEBUG:colcon.colcon_installed_package_information.package_discovery:Found 257 installed packages in /opt/ros/foxy
[0.591s] Level 1:colcon.colcon_core.package_discovery:discover_packages(prefix_path) using defaults
[0.744s] Level 5:colcon.colcon_core.verb:set package 'fpga_interface' build argument 'cmake_args' from command line to 'None'
[0.745s] Level 5:colcon.colcon_core.verb:set package 'fpga_interface' build argument 'cmake_target' from command line to 'None'
[0.745s] Level 5:colcon.colcon_core.verb:set package 'fpga_interface' build argument 'cmake_target_skip_unavailable' from command line to 'False'
[0.745s] Level 5:colcon.colcon_core.verb:set package 'fpga_interface' build argument 'cmake_clean_cache' from command line to 'False'
[0.745s] Level 5:colcon.colcon_core.verb:set package 'fpga_interface' build argument 'cmake_clean_first' from command line to 'False'
[0.745s] Level 5:colcon.colcon_core.verb:set package 'fpga_interface' build argument 'cmake_force_configure' from command line to 'False'
[0.745s] Level 5:colcon.colcon_core.verb:set package 'fpga_interface' build argument 'ament_cmake_args' from command line to 'None'
[0.745s] Level 5:colcon.colcon_core.verb:set package 'fpga_interface' build argument 'catkin_cmake_args' from command line to 'None'
[0.745s] Level 5:colcon.colcon_core.verb:set package 'fpga_interface' build argument 'catkin_skip_building_tests' from command line to 'False'
[0.745s] DEBUG:colcon.colcon_core.verb:Building package 'fpga_interface' with the following arguments: {'ament_cmake_args': None, 'build_base': '/home/vincent/Embedded-System/ros_interface_node/fpga_interface/build/fpga_interface', 'catkin_cmake_args': None, 'catkin_skip_building_tests': False, 'cmake_args': None, 'cmake_clean_cache': False, 'cmake_clean_first': False, 'cmake_force_configure': False, 'cmake_target': None, 'cmake_target_skip_unavailable': False, 'install_base': '/home/vincent/Embedded-System/ros_interface_node/fpga_interface/install/fpga_interface', 'merge_install': False, 'path': '/home/vincent/Embedded-System/ros_interface_node/fpga_interface', 'symlink_install': False, 'test_result_base': None}
[0.745s] INFO:colcon.colcon_core.executor:Executing jobs using 'parallel' executor
[0.747s] DEBUG:colcon.colcon_parallel_executor.executor.parallel:run_until_complete
[0.748s] INFO:colcon.colcon_ros.task.ament_cmake.build:Building ROS package in '/home/vincent/Embedded-System/ros_interface_node/fpga_interface' with build type 'ament_cmake'
[0.748s] INFO:colcon.colcon_cmake.task.cmake.build:Building CMake package in '/home/vincent/Embedded-System/ros_interface_node/fpga_interface'
[0.752s] INFO:colcon.colcon_core.plugin_system:Skipping extension 'colcon_core.shell.bat': Not used on non-Windows systems
[0.752s] INFO:colcon.colcon_core.shell:Skip shell extension 'powershell' for command environment: Not usable outside of PowerShell
[0.753s] DEBUG:colcon.colcon_core.shell:Skip shell extension 'dsv' for command environment
[0.781s] DEBUG:colcon.colcon_core.event_handler.log_command:Invoking command in '/home/vincent/Embedded-System/ros_interface_node/fpga_interface/build/fpga_interface': CMAKE_PREFIX_PATH=${CMAKE_PREFIX_PATH}:/opt/ros/foxy /usr/bin/cmake --build /home/vincent/Embedded-System/ros_interface_node/fpga_interface/build/fpga_interface -- -j4 -l4
[13.121s] DEBUG:colcon.colcon_core.event_handler.log_command:Invoked command in '/home/vincent/Embedded-System/ros_interface_node/fpga_interface/build/fpga_interface' returned '0': CMAKE_PREFIX_PATH=${CMAKE_PREFIX_PATH}:/opt/ros/foxy /usr/bin/cmake --build /home/vincent/Embedded-System/ros_interface_node/fpga_interface/build/fpga_interface -- -j4 -l4
[13.217s] DEBUG:colcon.colcon_core.event_handler.log_command:Invoking command in '/home/vincent/Embedded-System/ros_interface_node/fpga_interface/build/fpga_interface': CMAKE_PREFIX_PATH=${CMAKE_PREFIX_PATH}:/opt/ros/foxy /usr/bin/cmake --install /home/vincent/Embedded-System/ros_interface_node/fpga_interface/build/fpga_interface
[13.239s] Level 1:colcon.colcon_core.environment:create_environment_scripts_only(fpga_interface)
[13.245s] Level 1:colcon.colcon_core.environment:checking '/home/vincent/Embedded-System/ros_interface_node/fpga_interface/install/fpga_interface' for CMake module files
[13.246s] Level 1:colcon.colcon_core.environment:checking '/home/vincent/Embedded-System/ros_interface_node/fpga_interface/install/fpga_interface' for CMake config files
[13.247s] Level 1:colcon.colcon_core.shell:create_environment_hook('fpga_interface', 'cmake_prefix_path')
[13.247s] INFO:colcon.colcon_core.shell:Creating environment hook '/home/vincent/Embedded-System/ros_interface_node/fpga_interface/install/fpga_interface/share/fpga_interface/hook/cmake_prefix_path.ps1'
[13.249s] DEBUG:colcon.colcon_core.event_handler.log_command:Invoked command in '/home/vincent/Embedded-System/ros_interface_node/fpga_interface/build/fpga_interface' returned '0': CMAKE_PREFIX_PATH=${CMAKE_PREFIX_PATH}:/opt/ros/foxy /usr/bin/cmake --install /home/vincent/Embedded-System/ros_interface_node/fpga_interface/build/fpga_interface
[13.250s] INFO:colcon.colcon_core.shell:Creating environment descriptor '/home/vincent/Embedded-System/ros_interface_node/fpga_interface/install/fpga_interface/share/fpga_interface/hook/cmake_prefix_path.dsv'
[13.251s] INFO:colcon.colcon_core.shell:Creating environment hook '/home/vincent/Embedded-System/ros_interface_node/fpga_interface/install/fpga_interface/share/fpga_interface/hook/cmake_prefix_path.sh'
[13.253s] Level 1:colcon.colcon_core.environment:checking '/home/vincent/Embedded-System/ros_interface_node/fpga_interface/install/fpga_interface/lib'
[13.253s] Level 1:colcon.colcon_core.environment:checking '/home/vincent/Embedded-System/ros_interface_node/fpga_interface/install/fpga_interface/bin'
[13.253s] Level 1:colcon.colcon_core.environment:checking '/home/vincent/Embedded-System/ros_interface_node/fpga_interface/install/fpga_interface/lib/pkgconfig/fpga_interface.pc'
[13.253s] Level 1:colcon.colcon_core.environment:checking '/home/vincent/Embedded-System/ros_interface_node/fpga_interface/install/fpga_interface/lib/python3.8/site-packages'
[13.254s] Level 1:colcon.colcon_core.environment:checking '/home/vincent/Embedded-System/ros_interface_node/fpga_interface/install/fpga_interface/bin'
[13.254s] INFO:colcon.colcon_core.shell:Creating package script '/home/vincent/Embedded-System/ros_interface_node/fpga_interface/install/fpga_interface/share/fpga_interface/package.ps1'
[13.255s] INFO:colcon.colcon_core.shell:Creating package descriptor '/home/vincent/Embedded-System/ros_interface_node/fpga_interface/install/fpga_interface/share/fpga_interface/package.dsv'
[13.256s] INFO:colcon.colcon_core.shell:Creating package script '/home/vincent/Embedded-System/ros_interface_node/fpga_interface/install/fpga_interface/share/fpga_interface/package.sh'
[13.257s] INFO:colcon.colcon_core.shell:Creating package script '/home/vincent/Embedded-System/ros_interface_node/fpga_interface/install/fpga_interface/share/fpga_interface/package.bash'
[13.259s] INFO:colcon.colcon_core.shell:Creating package script '/home/vincent/Embedded-System/ros_interface_node/fpga_interface/install/fpga_interface/share/fpga_interface/package.zsh'
[13.260s] Level 1:colcon.colcon_core.environment:create_file_with_runtime_dependencies(/home/vincent/Embedded-System/ros_interface_node/fpga_interface/install/fpga_interface/share/colcon-core/packages/fpga_interface)
[13.305s] Level 1:colcon.colcon_core.environment:create_environment_scripts_only(fpga_interface)
[13.306s] Level 1:colcon.colcon_core.environment:checking '/home/vincent/Embedded-System/ros_interface_node/fpga_interface/install/fpga_interface' for CMake module files
[13.307s] Level 1:colcon.colcon_core.environment:checking '/home/vincent/Embedded-System/ros_interface_node/fpga_interface/install/fpga_interface' for CMake config files
[13.308s] Level 1:colcon.colcon_core.shell:create_environment_hook('fpga_interface', 'cmake_prefix_path')
[13.309s] INFO:colcon.colcon_core.shell:Creating environment hook '/home/vincent/Embedded-System/ros_interface_node/fpga_interface/install/fpga_interface/share/fpga_interface/hook/cmake_prefix_path.ps1'
[13.310s] INFO:colcon.colcon_core.shell:Creating environment descriptor '/home/vincent/Embedded-System/ros_interface_node/fpga_interface/install/fpga_interface/share/fpga_interface/hook/cmake_prefix_path.dsv'
[13.310s] INFO:colcon.colcon_core.shell:Creating environment hook '/home/vincent/Embedded-System/ros_interface_node/fpga_interface/install/fpga_interface/share/fpga_interface/hook/cmake_prefix_path.sh'
[13.311s] Level 1:colcon.colcon_core.environment:checking '/home/vincent/Embedded-System/ros_interface_node/fpga_interface/install/fpga_interface/lib'
[13.311s] Level 1:colcon.colcon_core.environment:checking '/home/vincent/Embedded-System/ros_interface_node/fpga_interface/install/fpga_interface/bin'
[13.311s] Level 1:colcon.colcon_core.environment:checking '/home/vincent/Embedded-System/ros_interface_node/fpga_interface/install/fpga_interface/lib/pkgconfig/fpga_interface.pc'
[13.312s] Level 1:colcon.colcon_core.environment:checking '/home/vincent/Embedded-System/ros_interface_node/fpga_interface/install/fpga_interface/lib/python3.8/site-packages'
[13.313s] Level 1:colcon.colcon_core.environment:checking '/home/vincent/Embedded-System/ros_interface_node/fpga_interface/install/fpga_interface/bin'
[13.313s] INFO:colcon.colcon_core.shell:Creating package script '/home/vincent/Embedded-System/ros_interface_node/fpga_interface/install/fpga_interface/share/fpga_interface/package.ps1'
[13.315s] INFO:colcon.colcon_core.shell:Creating package descriptor '/home/vincent/Embedded-System/ros_interface_node/fpga_interface/install/fpga_interface/share/fpga_interface/package.dsv'
[13.316s] INFO:colcon.colcon_core.shell:Creating package script '/home/vincent/Embedded-System/ros_interface_node/fpga_interface/install/fpga_interface/share/fpga_interface/package.sh'
[13.317s] INFO:colcon.colcon_core.shell:Creating package script '/home/vincent/Embedded-System/ros_interface_node/fpga_interface/install/fpga_interface/share/fpga_interface/package.bash'
[13.318s] INFO:colcon.colcon_core.shell:Creating package script '/home/vincent/Embedded-System/ros_interface_node/fpga_interface/install/fpga_interface/share/fpga_interface/package.zsh'
[13.319s] Level 1:colcon.colcon_core.environment:create_file_with_runtime_dependencies(/home/vincent/Embedded-System/ros_interface_node/fpga_interface/install/fpga_interface/share/colcon-core/packages/fpga_interface)
[13.320s] DEBUG:colcon.colcon_parallel_executor.executor.parallel:closing loop
[13.320s] DEBUG:colcon.colcon_parallel_executor.executor.parallel:loop closed
[13.321s] DEBUG:colcon.colcon_parallel_executor.executor.parallel:run_until_complete finished with '0'
[13.321s] DEBUG:colcon.colcon_core.event_reactor:joining thread
[13.334s] INFO:colcon.colcon_core.plugin_system:Skipping extension 'colcon_notification.desktop_notification.terminal_notifier': Not used on non-Darwin systems
[13.334s] INFO:colcon.colcon_core.plugin_system:Skipping extension 'colcon_notification.desktop_notification.win32': Not used on non-Windows systems
[13.334s] INFO:colcon.colcon_notification.desktop_notification:Sending desktop notification using 'notify2'
[13.356s] DEBUG:colcon.colcon_core.event_reactor:joined thread
[13.357s] INFO:colcon.colcon_core.shell:Creating prefix script '/home/vincent/Embedded-System/ros_interface_node/fpga_interface/install/local_setup.ps1'
[13.359s] INFO:colcon.colcon_core.shell:Creating prefix util module '/home/vincent/Embedded-System/ros_interface_node/fpga_interface/install/_local_setup_util_ps1.py'
[13.362s] INFO:colcon.colcon_core.shell:Creating prefix chain script '/home/vincent/Embedded-System/ros_interface_node/fpga_interface/install/setup.ps1'
[13.365s] INFO:colcon.colcon_core.shell:Creating prefix script '/home/vincent/Embedded-System/ros_interface_node/fpga_interface/install/local_setup.sh'
[13.366s] INFO:colcon.colcon_core.shell:Creating prefix util module '/home/vincent/Embedded-System/ros_interface_node/fpga_interface/install/_local_setup_util_sh.py'
[13.367s] INFO:colcon.colcon_core.shell:Creating prefix chain script '/home/vincent/Embedded-System/ros_interface_node/fpga_interface/install/setup.sh'
[13.368s] INFO:colcon.colcon_core.shell:Creating prefix script '/home/vincent/Embedded-System/ros_interface_node/fpga_interface/install/local_setup.bash'
[13.369s] INFO:colcon.colcon_core.shell:Creating prefix chain script '/home/vincent/Embedded-System/ros_interface_node/fpga_interface/install/setup.bash'
[13.371s] INFO:colcon.colcon_core.shell:Creating prefix script '/home/vincent/Embedded-System/ros_interface_node/fpga_interface/install/local_setup.zsh'
[13.372s] INFO:colcon.colcon_core.shell:Creating prefix chain script '/home/vincent/Embedded-System/ros_interface_node/fpga_interface/install/setup.zsh'
