[0.087s] Invoking command in '/home/mp4d/ros_motors/MyCode/build/path2pos': CMAKE_PREFIX_PATH=/home/mp4d/ros_motors/DynamixelSDK/install/dynamixel_sdk_examples:/home/mp4d/ros_motors/DynamixelSDK/install/dynamixel_sdk_custom_interfaces:/home/mp4d/ros_motors/DynamixelSDK/install/dynamixel_sdk:/opt/ros/foxy:/home/mp4d/ros_camera/install/usb_cam:/home/mp4d/ros_camera/install/cam_sub /usr/bin/cmake --build /home/mp4d/ros_motors/MyCode/build/path2pos -- -j4 -l4
[0.475s] [ 50%] [32mBuilding CXX object CMakeFiles/pos_writer.dir/src/pos_writer.cpp.o[0m
[11.186s] In file included from [01m[K/usr/include/c++/9/ext/alloc_traits.h:36[m[K,
[11.187s]                  from [01m[K/usr/include/c++/9/bits/basic_string.h:40[m[K,
[11.188s]                  from [01m[K/usr/include/c++/9/string:55[m[K,
[11.188s]                  from [01m[K/usr/include/c++/9/stdexcept:39[m[K,
[11.189s]                  from [01m[K/usr/include/c++/9/array:39[m[K,
[11.189s]                  from [01m[K/usr/include/c++/9/tuple:39[m[K,
[11.190s]                  from [01m[K/usr/include/c++/9/functional:54[m[K,
[11.190s]                  from [01m[K/home/mp4d/ros_motors/MyCode/path2pos/src/pos_writer.cpp:2[m[K:
[11.191s] /usr/include/c++/9/bits/alloc_traits.h: In instantiation of ‘[01m[Kstruct std::allocator_traits<std::allocator<const std_msgs::msg::Int32_<std::allocator<void> >&> >[m[K’:
[11.191s] [01m[K/opt/ros/foxy/include/rclcpp/message_memory_strategy.hpp:47:9:[m[K   required from ‘[01m[Kclass rclcpp::message_memory_strategy::MessageMemoryStrategy<const std_msgs::msg::Int32_<std::allocator<void> >&, std::allocator<void> >[m[K’
[11.192s] [01m[K/opt/ros/foxy/include/rclcpp/node_impl.hpp:91:1:[m[K   required by substitution of ‘[01m[Ktemplate<class MessageT, class CallbackT, class AllocatorT, class CallbackMessageT, class SubscriptionT, class MessageMemoryStrategyT> std::shared_ptr<SubscriptionT> rclcpp::Node::create_subscription(const string&, const rclcpp::QoS&, CallbackT&&, const rclcpp::SubscriptionOptionsWithAllocator<AllocatorT>&, typename MessageMemoryStrategyT::SharedPtr) [with MessageT = std_msgs::msg::Int32_<std::allocator<void> >; CallbackT = std::_Bind<void (MinimalPublisher::*(MinimalPublisher*, std::_Placeholder<1>))(const std_msgs::msg::Int32_<std::allocator<void> >&)>; AllocatorT = std::allocator<void>; CallbackMessageT = const std_msgs::msg::Int32_<std::allocator<void> >&; SubscriptionT = rclcpp::Subscription<const std_msgs::msg::Int32_<std::allocator<void> >&, std::allocator<void>, rclcpp::message_memory_strategy::MessageMemoryStrategy<const std_msgs::msg::Int32_<std::allocator<void> >&, std::allocator<void> > >; MessageMemoryStrategyT = rclcpp::message_memory_strategy::MessageMemoryStrategy<const std_msgs::msg::Int32_<std::allocator<void> >&, std::allocator<void> >][m[K’
[11.193s] [01m[K/home/mp4d/ros_motors/MyCode/path2pos/src/pos_writer.cpp:35:102:[m[K   required from here
[11.193s] [01m[K/usr/include/c++/9/bits/alloc_traits.h:399:13:[m[K [01;31m[Kerror: [m[Kforming pointer to reference type ‘[01m[Kconst std_msgs::msg::Int32_<std::allocator<void> >&[m[K’
[11.194s]   399 |       using [01;31m[Kpointer[m[K = _Tp*;
[11.194s]       |             [01;31m[K^~~~~~~[m[K
[11.195s] [01m[K/usr/include/c++/9/bits/alloc_traits.h:402:13:[m[K [01;31m[Kerror: [m[Kforming pointer to reference type ‘[01m[Kconst std_msgs::msg::Int32_<std::allocator<void> >&[m[K’
[11.195s]   402 |       using [01;31m[Kconst_pointer[m[K = const _Tp*;
[11.196s]       |             [01;31m[K^~~~~~~~~~~~~[m[K
[11.219s] In file included from [01m[K/usr/include/c++/9/memory:80[m[K,
[11.222s]                  from [01m[K/home/mp4d/ros_motors/MyCode/path2pos/src/pos_writer.cpp:3[m[K:
[11.223s] /usr/include/c++/9/bits/unique_ptr.h: In instantiation of ‘[01m[Kstruct std::default_delete<const std_msgs::msg::Int32_<std::allocator<void> >&>[m[K’:
[11.224s] [01m[K/opt/ros/foxy/include/rclcpp/message_memory_strategy.hpp:119:18:[m[K   required from ‘[01m[Kclass rclcpp::message_memory_strategy::MessageMemoryStrategy<const std_msgs::msg::Int32_<std::allocator<void> >&, std::allocator<void> >[m[K’
[11.225s] [01m[K/opt/ros/foxy/include/rclcpp/node_impl.hpp:91:1:[m[K   required by substitution of ‘[01m[Ktemplate<class MessageT, class CallbackT, class AllocatorT, class CallbackMessageT, class SubscriptionT, class MessageMemoryStrategyT> std::shared_ptr<SubscriptionT> rclcpp::Node::create_subscription(const string&, const rclcpp::QoS&, CallbackT&&, const rclcpp::SubscriptionOptionsWithAllocator<AllocatorT>&, typename MessageMemoryStrategyT::SharedPtr) [with MessageT = std_msgs::msg::Int32_<std::allocator<void> >; CallbackT = std::_Bind<void (MinimalPublisher::*(MinimalPublisher*, std::_Placeholder<1>))(const std_msgs::msg::Int32_<std::allocator<void> >&)>; AllocatorT = std::allocator<void>; CallbackMessageT = const std_msgs::msg::Int32_<std::allocator<void> >&; SubscriptionT = rclcpp::Subscription<const std_msgs::msg::Int32_<std::allocator<void> >&, std::allocator<void>, rclcpp::message_memory_strategy::MessageMemoryStrategy<const std_msgs::msg::Int32_<std::allocator<void> >&, std::allocator<void> > >; MessageMemoryStrategyT = rclcpp::message_memory_strategy::MessageMemoryStrategy<const std_msgs::msg::Int32_<std::allocator<void> >&, std::allocator<void> >][m[K’
[11.226s] [01m[K/home/mp4d/ros_motors/MyCode/path2pos/src/pos_writer.cpp:35:102:[m[K   required from here
[11.226s] [01m[K/usr/include/c++/9/bits/unique_ptr.h:71:9:[m[K [01;31m[Kerror: [m[Kforming pointer to reference type ‘[01m[Kconst std_msgs::msg::Int32_<std::allocator<void> >&[m[K’
[11.227s]    71 |         [01;31m[Kdefault_delete[m[K(const default_delete<_Up>&) noexcept { }
[11.227s]       |         [01;31m[K^~~~~~~~~~~~~~[m[K
[11.228s] [01m[K/usr/include/c++/9/bits/unique_ptr.h:75:7:[m[K [01;31m[Kerror: [m[Kforming pointer to reference type ‘[01m[Kconst std_msgs::msg::Int32_<std::allocator<void> >&[m[K’
[11.228s]    75 |       [01;31m[Koperator[m[K()(_Tp* __ptr) const
[11.229s]       |       [01;31m[K^~~~~~~~[m[K
[11.285s] In file included from [01m[K/opt/ros/foxy/include/rclcpp/subscription_base.hpp:29[m[K,
[11.286s]                  from [01m[K/opt/ros/foxy/include/rclcpp/callback_group.hpp:26[m[K,
[11.287s]                  from [01m[K/opt/ros/foxy/include/rclcpp/any_executable.hpp:20[m[K,
[11.287s]                  from [01m[K/opt/ros/foxy/include/rclcpp/memory_strategy.hpp:24[m[K,
[11.288s]                  from [01m[K/opt/ros/foxy/include/rclcpp/memory_strategies.hpp:18[m[K,
[11.288s]                  from [01m[K/opt/ros/foxy/include/rclcpp/executor_options.hpp:20[m[K,
[11.289s]                  from [01m[K/opt/ros/foxy/include/rclcpp/executor.hpp:33[m[K,
[11.290s]                  from [01m[K/opt/ros/foxy/include/rclcpp/executors/multi_threaded_executor.hpp:26[m[K,
[11.290s]                  from [01m[K/opt/ros/foxy/include/rclcpp/executors.hpp:21[m[K,
[11.291s]                  from [01m[K/opt/ros/foxy/include/rclcpp/rclcpp.hpp:146[m[K,
[11.291s]                  from [01m[K/home/mp4d/ros_motors/MyCode/path2pos/src/pos_writer.cpp:10[m[K:
[11.292s] /opt/ros/foxy/include/rclcpp/any_subscription_callback.hpp: In instantiation of ‘[01m[Kclass rclcpp::AnySubscriptionCallback<const std_msgs::msg::Int32_<std::allocator<void> >&, std::allocator<void> >[m[K’:
[11.292s] [01m[K/opt/ros/foxy/include/rclcpp/subscription.hpp:347:57:[m[K   required from ‘[01m[Kclass rclcpp::Subscription<const std_msgs::msg::Int32_<std::allocator<void> >&, std::allocator<void>, rclcpp::message_memory_strategy::MessageMemoryStrategy<const std_msgs::msg::Int32_<std::allocator<void> >&, std::allocator<void> > >[m[K’
[11.293s] [01m[K/usr/include/c++/9/type_traits:1313:45:[m[K   required by substitution of ‘[01m[Ktemplate<class _From1, class _To1, class> static std::true_type std::__is_convertible_helper<rclcpp::Subscription<const std_msgs::msg::Int32_<std::allocator<void> >&, std::allocator<void>, rclcpp::message_memory_strategy::MessageMemoryStrategy<const std_msgs::msg::Int32_<std::allocator<void> >&, std::allocator<void> > >*, rclcpp::Subscription<std_msgs::msg::Int32_<std::allocator<void> > >*, false>::__test<_From1, _To1, <template-parameter-1-3> >(int) [with _From1 = rclcpp::Subscription<const std_msgs::msg::Int32_<std::allocator<void> >&, std::allocator<void>, rclcpp::message_memory_strategy::MessageMemoryStrategy<const std_msgs::msg::Int32_<std::allocator<void> >&, std::allocator<void> > >*; _To1 = rclcpp::Subscription<std_msgs::msg::Int32_<std::allocator<void> > >*; <template-parameter-1-3> = <missing>][m[K’
[11.294s] [01m[K/usr/include/c++/9/type_traits:1322:42:[m[K   required from ‘[01m[Kstruct std::__is_convertible_helper<rclcpp::Subscription<const std_msgs::msg::Int32_<std::allocator<void> >&, std::allocator<void>, rclcpp::message_memory_strategy::MessageMemoryStrategy<const std_msgs::msg::Int32_<std::allocator<void> >&, std::allocator<void> > >*, rclcpp::Subscription<std_msgs::msg::Int32_<std::allocator<void> > >*, false>[m[K’
[11.294s] [01m[K/usr/include/c++/9/type_traits:1328:12:[m[K   required from ‘[01m[Kstruct std::is_convertible<rclcpp::Subscription<const std_msgs::msg::Int32_<std::allocator<void> >&, std::allocator<void>, rclcpp::message_memory_strategy::MessageMemoryStrategy<const std_msgs::msg::Int32_<std::allocator<void> >&, std::allocator<void> > >*, rclcpp::Subscription<std_msgs::msg::Int32_<std::allocator<void> > >*>[m[K’
[11.295s] [01m[K/usr/include/c++/9/bits/shared_ptr_base.h:927:12:[m[K   [ skipping 2 instantiation contexts, use -ftemplate-backtrace-limit=0 to disable ]
[11.295s] [01m[K/usr/include/c++/9/bits/shared_ptr_base.h:1099:8:[m[K   required by substitution of ‘[01m[Ktemplate<class _Tp, __gnu_cxx::_Lock_policy _Lp> template<class _Yp> using _Assignable = std::__shared_ptr<_Tp, _Lp>::_Compatible<_Yp, std::__shared_ptr<_Tp, _Lp>&> [with _Yp = rclcpp::Subscription<const std_msgs::msg::Int32_<std::allocator<void> >&, std::allocator<void>, rclcpp::message_memory_strategy::MessageMemoryStrategy<const std_msgs::msg::Int32_<std::allocator<void> >&, std::allocator<void> > >; _Tp = rclcpp::Subscription<std_msgs::msg::Int32_<std::allocator<void> > >; __gnu_cxx::_Lock_policy _Lp = __gnu_cxx::_S_atomic][m[K’
[11.296s] [01m[K/usr/include/c++/9/bits/shared_ptr_base.h:1271:2:[m[K   required by substitution of ‘[01m[Ktemplate<class _Yp> std::__shared_ptr<rclcpp::Subscription<std_msgs::msg::Int32_<std::allocator<void> > >, __gnu_cxx::_S_atomic>::_Assignable<_Yp> std::__shared_ptr<rclcpp::Subscription<std_msgs::msg::Int32_<std::allocator<void> > >, __gnu_cxx::_S_atomic>::operator=<_Yp>(std::__shared_ptr<_Tp>&&) [with _Yp = rclcpp::Subscription<const std_msgs::msg::Int32_<std::allocator<void> >&, std::allocator<void>, rclcpp::message_memory_strategy::MessageMemoryStrategy<const std_msgs::msg::Int32_<std::allocator<void> >&, std::allocator<void> > >][m[K’
[11.296s] [01m[K/usr/include/c++/9/type_traits:1010:12:[m[K   required from ‘[01m[Kstruct std::is_assignable<std::__shared_ptr<rclcpp::Subscription<std_msgs::msg::Int32_<std::allocator<void> > >, __gnu_cxx::_S_atomic>&, std::shared_ptr<rclcpp::Subscription<const std_msgs::msg::Int32_<std::allocator<void> >&, std::allocator<void>, rclcpp::message_memory_strategy::MessageMemoryStrategy<const std_msgs::msg::Int32_<std::allocator<void> >&, std::allocator<void> > > > >[m[K’
[11.297s] [01m[K/usr/include/c++/9/bits/shared_ptr.h:111:8:[m[K   required by substitution of ‘[01m[Ktemplate<class _Tp> template<class _Arg> using _Assignable = typename std::enable_if<std::is_assignable<std::__shared_ptr<_Tp>&, _Arg>::value, std::shared_ptr<_Tp>&>::type [with _Arg = std::shared_ptr<rclcpp::Subscription<const std_msgs::msg::Int32_<std::allocator<void> >&, std::allocator<void>, rclcpp::message_memory_strategy::MessageMemoryStrategy<const std_msgs::msg::Int32_<std::allocator<void> >&, std::allocator<void> > > >; _Tp = rclcpp::Subscription<std_msgs::msg::Int32_<std::allocator<void> > >][m[K’
[11.297s] [01m[K/usr/include/c++/9/bits/shared_ptr.h:341:2:[m[K   required by substitution of ‘[01m[Ktemplate<class _Yp> std::shared_ptr<rclcpp::Subscription<std_msgs::msg::Int32_<std::allocator<void> > > >::_Assignable<std::shared_ptr<_Tp> > std::shared_ptr<rclcpp::Subscription<std_msgs::msg::Int32_<std::allocator<void> > > >::operator=<_Yp>(std::shared_ptr<_Tp>&&) [with _Yp = rclcpp::Subscription<const std_msgs::msg::Int32_<std::allocator<void> >&, std::allocator<void>, rclcpp::message_memory_strategy::MessageMemoryStrategy<const std_msgs::msg::Int32_<std::allocator<void> >&, std::allocator<void> > >][m[K’
[11.298s] [01m[K/home/mp4d/ros_motors/MyCode/path2pos/src/pos_writer.cpp:35:102:[m[K   required from here
[11.299s] [01m[K/opt/ros/foxy/include/rclcpp/any_subscription_callback.hpp:111:8:[m[K [01;31m[Kerror: [m[K‘[01m[Ktemplate<class CallbackT, typename std::enable_if<rclcpp::function_traits::same_arguments<CallbackT, std::function<void(std::shared_ptr<const std_msgs::msg::Int32_<std::allocator<void> >&>)> >::value, void>::type* <anonymous> > void rclcpp::AnySubscriptionCallback<MessageT, Alloc>::set(CallbackT) [with CallbackT = CallbackT; typename std::enable_if<rclcpp::function_traits::same_arguments<CallbackT, std::function<void(std::shared_ptr<const _Tp>)> >::value>::type* <anonymous> = <enumerator>; MessageT = const std_msgs::msg::Int32_<std::allocator<void> >&; Alloc = std::allocator<void>][m[K’ cannot be overloaded with ‘[01m[Ktemplate<class CallbackT, typename std::enable_if<rclcpp::function_traits::same_arguments<CallbackT, std::function<void(std::shared_ptr<const std_msgs::msg::Int32_<std::allocator<void> >&>)> >::value, void>::type* <anonymous> > void rclcpp::AnySubscriptionCallback<MessageT, Alloc>::set(CallbackT) [with CallbackT = CallbackT; typename std::enable_if<rclcpp::function_traits::same_arguments<CallbackT, std::function<void(std::shared_ptr<_Tp>)> >::value>::type* <anonymous> = <enumerator>; MessageT = const std_msgs::msg::Int32_<std::allocator<void> >&; Alloc = std::allocator<void>][m[K’
[11.299s]   111 |   void [01;31m[Kset[m[K(CallbackT callback)
[11.300s]       |        [01;31m[K^~~[m[K
[11.300s] [01m[K/opt/ros/foxy/include/rclcpp/any_subscription_callback.hpp:83:8:[m[K [01;36m[Knote: [m[Kprevious declaration ‘[01m[Ktemplate<class CallbackT, typename std::enable_if<rclcpp::function_traits::same_arguments<CallbackT, std::function<void(std::shared_ptr<const std_msgs::msg::Int32_<std::allocator<void> >&>)> >::value, void>::type* <anonymous> > void rclcpp::AnySubscriptionCallback<MessageT, Alloc>::set(CallbackT) [with CallbackT = CallbackT; typename std::enable_if<rclcpp::function_traits::same_arguments<CallbackT, std::function<void(std::shared_ptr<_Tp>)> >::value>::type* <anonymous> = <enumerator>; MessageT = const std_msgs::msg::Int32_<std::allocator<void> >&; Alloc = std::allocator<void>][m[K’
[11.301s]    83 |   void [01;36m[Kset[m[K(CallbackT callback)
[11.301s]       |        [01;36m[K^~~[m[K
[11.302s] [01m[K/opt/ros/foxy/include/rclcpp/any_subscription_callback.hpp:125:8:[m[K [01;31m[Kerror: [m[K‘[01m[Ktemplate<class CallbackT, typename std::enable_if<rclcpp::function_traits::same_arguments<CallbackT, std::function<void(std::shared_ptr<const std_msgs::msg::Int32_<std::allocator<void> >&>, const rclcpp::MessageInfo&)> >::value, void>::type* <anonymous> > void rclcpp::AnySubscriptionCallback<MessageT, Alloc>::set(CallbackT) [with CallbackT = CallbackT; typename std::enable_if<rclcpp::function_traits::same_arguments<CallbackT, std::function<void(std::shared_ptr<const _Tp>, const rclcpp::MessageInfo&)> >::value>::type* <anonymous> = <enumerator>; MessageT = const std_msgs::msg::Int32_<std::allocator<void> >&; Alloc = std::allocator<void>][m[K’ cannot be overloaded with ‘[01m[Ktemplate<class CallbackT, typename std::enable_if<rclcpp::function_traits::same_arguments<CallbackT, std::function<void(std::shared_ptr<const std_msgs::msg::Int32_<std::allocator<void> >&>, const rclcpp::MessageInfo&)> >::value, void>::type* <anonymous> > void rclcpp::AnySubscriptionCallback<MessageT, Alloc>::set(CallbackT) [with CallbackT = CallbackT; typename std::enable_if<rclcpp::function_traits::same_arguments<CallbackT, std::function<void(std::shared_ptr<_Tp>, const rclcpp::MessageInfo&)> >::value>::type* <anonymous> = <enumerator>; MessageT = const std_msgs::msg::Int32_<std::allocator<void> >&; Alloc = std::allocator<void>][m[K’
[11.303s]   125 |   void [01;31m[Kset[m[K(CallbackT callback)
[11.303s]       |        [01;31m[K^~~[m[K
[11.304s] [01m[K/opt/ros/foxy/include/rclcpp/any_subscription_callback.hpp:97:8:[m[K [01;36m[Knote: [m[Kprevious declaration ‘[01m[Ktemplate<class CallbackT, typename std::enable_if<rclcpp::function_traits::same_arguments<CallbackT, std::function<void(std::shared_ptr<const std_msgs::msg::Int32_<std::allocator<void> >&>, const rclcpp::MessageInfo&)> >::value, void>::type* <anonymous> > void rclcpp::AnySubscriptionCallback<MessageT, Alloc>::set(CallbackT) [with CallbackT = CallbackT; typename std::enable_if<rclcpp::function_traits::same_arguments<CallbackT, std::function<void(std::shared_ptr<_Tp>, const rclcpp::MessageInfo&)> >::value>::type* <anonymous> = <enumerator>; MessageT = const std_msgs::msg::Int32_<std::allocator<void> >&; Alloc = std::allocator<void>][m[K’
[11.304s]    97 |   void [01;36m[Kset[m[K(CallbackT callback)
[11.305s]       |        [01;36m[K^~~[m[K
[11.325s] [01m[K/home/mp4d/ros_motors/MyCode/path2pos/src/pos_writer.cpp:[m[K In constructor ‘[01m[KMinimalPublisher::MinimalPublisher()[m[K’:
[11.326s] [01m[K/home/mp4d/ros_motors/MyCode/path2pos/src/pos_writer.cpp:35:102:[m[K [01;31m[Kerror: [m[Kno match for ‘[01m[Koperator=[m[K’ (operand types are ‘[01m[Krclcpp::Subscription<std_msgs::msg::Int32_<std::allocator<void> > >::SharedPtr[m[K’ {aka ‘[01m[Kstd::shared_ptr<rclcpp::Subscription<std_msgs::msg::Int32_<std::allocator<void> > > >[m[K’} and ‘[01m[Kstd::shared_ptr<rclcpp::Subscription<const std_msgs::msg::Int32_<std::allocator<void> >&, std::allocator<void>, rclcpp::message_memory_strategy::MessageMemoryStrategy<const std_msgs::msg::Int32_<std::allocator<void> >&, std::allocator<void> > > >[m[K’)
[11.327s]    35 |         "/can_i_draw",10,std::bind(&MinimalPublisher::can_i_draw_callback,this,std::placeholders::_1)[01;31m[K)[m[K;
[11.327s]       |                                                                                                      [01;31m[K^[m[K
[11.328s] In file included from [01m[K/usr/include/c++/9/memory:81[m[K,
[11.328s]                  from [01m[K/home/mp4d/ros_motors/MyCode/path2pos/src/pos_writer.cpp:3[m[K:
[11.329s] [01m[K/usr/include/c++/9/bits/shared_ptr.h:309:19:[m[K [01;36m[Knote: [m[Kcandidate: ‘[01m[Kstd::shared_ptr<_Tp>& std::shared_ptr<_Tp>::operator=(const std::shared_ptr<_Tp>&) [with _Tp = rclcpp::Subscription<std_msgs::msg::Int32_<std::allocator<void> > >][m[K’
[11.330s]   309 |       shared_ptr& [01;36m[Koperator[m[K=(const shared_ptr&) noexcept = default;
[11.330s]       |                   [01;36m[K^~~~~~~~[m[K
[11.331s] [01m[K/usr/include/c++/9/bits/shared_ptr.h:309:29:[m[K [01;36m[Knote: [m[K  no known conversion for argument 1 from ‘[01m[Kstd::shared_ptr<rclcpp::Subscription<const std_msgs::msg::Int32_<std::allocator<void> >&, std::allocator<void>, rclcpp::message_memory_strategy::MessageMemoryStrategy<const std_msgs::msg::Int32_<std::allocator<void> >&, std::allocator<void> > > >[m[K’ to ‘[01m[Kconst std::shared_ptr<rclcpp::Subscription<std_msgs::msg::Int32_<std::allocator<void> > > >&[m[K’
[11.331s]   309 |       shared_ptr& operator=([01;36m[Kconst shared_ptr&[m[K) noexcept = default;
[11.332s]       |                             [01;36m[K^~~~~~~~~~~~~~~~~[m[K
[11.332s] [01m[K/usr/include/c++/9/bits/shared_ptr.h:313:2:[m[K [01;36m[Knote: [m[Kcandidate: ‘[01m[Ktemplate<class _Yp> std::shared_ptr<_Tp>::_Assignable<const std::shared_ptr<_Yp>&> std::shared_ptr<_Tp>::operator=(const std::shared_ptr<_Yp>&) [with _Yp = _Yp; _Tp = rclcpp::Subscription<std_msgs::msg::Int32_<std::allocator<void> > >][m[K’
[11.333s]   313 |  [01;36m[Koperator[m[K=(const shared_ptr<_Yp>& __r) noexcept
[11.334s]       |  [01;36m[K^~~~~~~~[m[K
[11.334s] [01m[K/usr/include/c++/9/bits/shared_ptr.h:313:2:[m[K [01;36m[Knote: [m[K  template argument deduction/substitution failed:
[11.335s] /usr/include/c++/9/bits/shared_ptr.h: In substitution of ‘[01m[Ktemplate<class _Tp> template<class _Arg> using _Assignable = typename std::enable_if<std::is_assignable<std::__shared_ptr<_Tp>&, _Arg>::value, std::shared_ptr<_Tp>&>::type [with _Arg = const std::shared_ptr<rclcpp::Subscription<const std_msgs::msg::Int32_<std::allocator<void> >&, std::allocator<void>, rclcpp::message_memory_strategy::MessageMemoryStrategy<const std_msgs::msg::Int32_<std::allocator<void> >&, std::allocator<void> > > >&; _Tp = rclcpp::Subscription<std_msgs::msg::Int32_<std::allocator<void> > >][m[K’:
[11.336s] [01m[K/usr/include/c++/9/bits/shared_ptr.h:313:2:[m[K   required by substitution of ‘[01m[Ktemplate<class _Yp> std::shared_ptr<rclcpp::Subscription<std_msgs::msg::Int32_<std::allocator<void> > > >::_Assignable<const std::shared_ptr<_Tp>&> std::shared_ptr<rclcpp::Subscription<std_msgs::msg::Int32_<std::allocator<void> > > >::operator=<_Yp>(const std::shared_ptr<_Tp>&) [with _Yp = rclcpp::Subscription<const std_msgs::msg::Int32_<std::allocator<void> >&, std::allocator<void>, rclcpp::message_memory_strategy::MessageMemoryStrategy<const std_msgs::msg::Int32_<std::allocator<void> >&, std::allocator<void> > >][m[K’
[11.336s] [01m[K/home/mp4d/ros_motors/MyCode/path2pos/src/pos_writer.cpp:35:102:[m[K   required from here
[11.337s] [01m[K/usr/include/c++/9/bits/shared_ptr.h:111:8:[m[K [01;31m[Kerror: [m[Kno type named ‘[01m[Ktype[m[K’ in ‘[01m[Kstruct std::enable_if<false, std::shared_ptr<rclcpp::Subscription<std_msgs::msg::Int32_<std::allocator<void> > > >&>[m[K’
[11.337s]   111 |  using [01;31m[K_Assignable[m[K = typename enable_if<
[11.338s]       |        [01;31m[K^~~~~~~~~~~[m[K
[11.338s] [01m[K/usr/include/c++/9/bits/shared_ptr.h:324:2:[m[K [01;36m[Knote: [m[Kcandidate: ‘[01m[Ktemplate<class _Yp> std::shared_ptr<_Tp>::_Assignable<std::auto_ptr<_Up> > std::shared_ptr<_Tp>::operator=(std::auto_ptr<_Up>&&) [with _Yp = _Yp; _Tp = rclcpp::Subscription<std_msgs::msg::Int32_<std::allocator<void> > >][m[K’
[11.339s]   324 |  [01;36m[Koperator[m[K=(auto_ptr<_Yp>&& __r)
[11.339s]       |  [01;36m[K^~~~~~~~[m[K
[11.340s] [01m[K/usr/include/c++/9/bits/shared_ptr.h:324:2:[m[K [01;36m[Knote: [m[K  template argument deduction/substitution failed:
[11.340s] [01m[K/home/mp4d/ros_motors/MyCode/path2pos/src/pos_writer.cpp:35:102:[m[K [01;36m[Knote: [m[K  ‘[01m[Kstd::shared_ptr<rclcpp::Subscription<const std_msgs::msg::Int32_<std::allocator<void> >&, std::allocator<void>, rclcpp::message_memory_strategy::MessageMemoryStrategy<const std_msgs::msg::Int32_<std::allocator<void> >&, std::allocator<void> > > >[m[K’ is not derived from ‘[01m[Kstd::auto_ptr<_Up>[m[K’
[11.341s]    35 |         "/can_i_draw",10,std::bind(&MinimalPublisher::can_i_draw_callback,this,std::placeholders::_1)[01;36m[K)[m[K;
[11.341s]       |                                                                                                      [01;36m[K^[m[K
[11.342s] In file included from [01m[K/usr/include/c++/9/memory:81[m[K,
[11.342s]                  from [01m[K/home/mp4d/ros_motors/MyCode/path2pos/src/pos_writer.cpp:3[m[K:
[11.343s] [01m[K/usr/include/c++/9/bits/shared_ptr.h:333:7:[m[K [01;36m[Knote: [m[Kcandidate: ‘[01m[Kstd::shared_ptr<_Tp>& std::shared_ptr<_Tp>::operator=(std::shared_ptr<_Tp>&&) [with _Tp = rclcpp::Subscription<std_msgs::msg::Int32_<std::allocator<void> > >][m[K’
[11.344s]   333 |       [01;36m[Koperator[m[K=(shared_ptr&& __r) noexcept
[11.344s]       |       [01;36m[K^~~~~~~~[m[K
[11.345s] [01m[K/usr/include/c++/9/bits/shared_ptr.h:333:30:[m[K [01;36m[Knote: [m[K  no known conversion for argument 1 from ‘[01m[Kstd::shared_ptr<rclcpp::Subscription<const std_msgs::msg::Int32_<std::allocator<void> >&, std::allocator<void>, rclcpp::message_memory_strategy::MessageMemoryStrategy<const std_msgs::msg::Int32_<std::allocator<void> >&, std::allocator<void> > > >[m[K’ to ‘[01m[Kstd::shared_ptr<rclcpp::Subscription<std_msgs::msg::Int32_<std::allocator<void> > > >&&[m[K’
[11.345s]   333 |       operator=([01;36m[Kshared_ptr&& __r[m[K) noexcept
[11.346s]       |                 [01;36m[K~~~~~~~~~~~~~^~~[m[K
[11.346s] [01m[K/usr/include/c++/9/bits/shared_ptr.h:341:2:[m[K [01;36m[Knote: [m[Kcandidate: ‘[01m[Ktemplate<class _Yp> std::shared_ptr<_Tp>::_Assignable<std::shared_ptr<_Yp> > std::shared_ptr<_Tp>::operator=(std::shared_ptr<_Yp>&&) [with _Yp = _Yp; _Tp = rclcpp::Subscription<std_msgs::msg::Int32_<std::allocator<void> > >][m[K’
[11.347s]   341 |  [01;36m[Koperator[m[K=(shared_ptr<_Yp>&& __r) noexcept
[11.347s]       |  [01;36m[K^~~~~~~~[m[K
[11.348s] [01m[K/usr/include/c++/9/bits/shared_ptr.h:341:2:[m[K [01;36m[Knote: [m[K  substitution of deduced template arguments resulted in errors seen above
[11.349s] [01m[K/usr/include/c++/9/bits/shared_ptr.h:349:2:[m[K [01;36m[Knote: [m[Kcandidate: ‘[01m[Ktemplate<class _Yp, class _Del> std::shared_ptr<_Tp>::_Assignable<std::unique_ptr<_Up, _Ep> > std::shared_ptr<_Tp>::operator=(std::unique_ptr<_Up, _Ep>&&) [with _Yp = _Yp; _Del = _Del; _Tp = rclcpp::Subscription<std_msgs::msg::Int32_<std::allocator<void> > >][m[K’
[11.349s]   349 |  [01;36m[Koperator[m[K=(unique_ptr<_Yp, _Del>&& __r)
[11.350s]       |  [01;36m[K^~~~~~~~[m[K
[11.350s] [01m[K/usr/include/c++/9/bits/shared_ptr.h:349:2:[m[K [01;36m[Knote: [m[K  template argument deduction/substitution failed:
[11.351s] [01m[K/home/mp4d/ros_motors/MyCode/path2pos/src/pos_writer.cpp:35:102:[m[K [01;36m[Knote: [m[K  ‘[01m[Kstd::shared_ptr<rclcpp::Subscription<const std_msgs::msg::Int32_<std::allocator<void> >&, std::allocator<void>, rclcpp::message_memory_strategy::MessageMemoryStrategy<const std_msgs::msg::Int32_<std::allocator<void> >&, std::allocator<void> > > >[m[K’ is not derived from ‘[01m[Kstd::unique_ptr<_Tp, _Dp>[m[K’
[11.351s]    35 |         "/can_i_draw",10,std::bind(&MinimalPublisher::can_i_draw_callback,this,std::placeholders::_1)[01;36m[K)[m[K;
[11.352s]       |                                                                                                      [01;36m[K^[m[K
[11.451s] [01m[K/home/mp4d/ros_motors/MyCode/path2pos/src/pos_writer.cpp:[m[K In member function ‘[01m[Kvoid MinimalPublisher::set_number_callback(std_msgs::msg::Int32_<std::allocator<void> >::SharedPtr)[m[K’:
[11.452s] [01m[K/home/mp4d/ros_motors/MyCode/path2pos/src/pos_writer.cpp:143:15:[m[K [01;35m[Kwarning: [m[Kunused variable ‘[01m[Kpos1[m[K’ [[01;35m[K-Wunused-variable[m[K]
[11.453s]   143 |           int [01;35m[Kpos1[m[K=(angle1+60)*1023/300;
[11.454s]       |               [01;35m[K^~~~[m[K
[15.900s] In file included from [01m[K/opt/ros/foxy/include/rclcpp/node_interfaces/node_topics_interface.hpp:32[m[K,
[15.904s]                  from [01m[K/opt/ros/foxy/include/rclcpp/node.hpp:55[m[K,
[15.905s]                  from [01m[K/opt/ros/foxy/include/rclcpp/executors/single_threaded_executor.hpp:28[m[K,
[15.905s]                  from [01m[K/opt/ros/foxy/include/rclcpp/executors.hpp:22[m[K,
[15.906s]                  from [01m[K/opt/ros/foxy/include/rclcpp/rclcpp.hpp:146[m[K,
[15.907s]                  from [01m[K/home/mp4d/ros_motors/MyCode/path2pos/src/pos_writer.cpp:10[m[K:
[15.907s] /opt/ros/foxy/include/rclcpp/subscription_factory.hpp: In instantiation of ‘[01m[Krclcpp::SubscriptionFactory rclcpp::create_subscription_factory(CallbackT&&, const rclcpp::SubscriptionOptionsWithAllocator<AllocatorT>&, typename MessageMemoryStrategyT::SharedPtr, std::shared_ptr<rclcpp::topic_statistics::SubscriptionTopicStatistics<CallbackMessageT> >) [with MessageT = std_msgs::msg::Int32_<std::allocator<void> >; CallbackT = std::_Bind<void (MinimalPublisher::*(MinimalPublisher*, std::_Placeholder<1>))(const std_msgs::msg::Int32_<std::allocator<void> >&)>; AllocatorT = std::allocator<void>; CallbackMessageT = const std_msgs::msg::Int32_<std::allocator<void> >&; SubscriptionT = rclcpp::Subscription<const std_msgs::msg::Int32_<std::allocator<void> >&, std::allocator<void>, rclcpp::message_memory_strategy::MessageMemoryStrategy<const std_msgs::msg::Int32_<std::allocator<void> >&, std::allocator<void> > >; MessageMemoryStrategyT = rclcpp::message_memory_strategy::MessageMemoryStrategy<const std_msgs::msg::Int32_<std::allocator<void> >&, std::allocator<void> >; typename MessageMemoryStrategyT::SharedPtr = std::shared_ptr<rclcpp::message_memory_strategy::MessageMemoryStrategy<const std_msgs::msg::Int32_<std::allocator<void> >&, std::allocator<void> > >][m[K’:
[15.908s] [01m[K/opt/ros/foxy/include/rclcpp/create_subscription.hpp:144:63:[m[K   required from ‘[01m[Kstd::shared_ptr<SubscriptionT> rclcpp::create_subscription(NodeT&&, const string&, const rclcpp::QoS&, CallbackT&&, const rclcpp::SubscriptionOptionsWithAllocator<AllocatorT>&, typename MessageMemoryStrategyT::SharedPtr) [with MessageT = std_msgs::msg::Int32_<std::allocator<void> >; CallbackT = std::_Bind<void (MinimalPublisher::*(MinimalPublisher*, std::_Placeholder<1>))(const std_msgs::msg::Int32_<std::allocator<void> >&)>; AllocatorT = std::allocator<void>; CallbackMessageT = const std_msgs::msg::Int32_<std::allocator<void> >&; SubscriptionT = rclcpp::Subscription<const std_msgs::msg::Int32_<std::allocator<void> >&, std::allocator<void>, rclcpp::message_memory_strategy::MessageMemoryStrategy<const std_msgs::msg::Int32_<std::allocator<void> >&, std::allocator<void> > >; MessageMemoryStrategyT = rclcpp::message_memory_strategy::MessageMemoryStrategy<const std_msgs::msg::Int32_<std::allocator<void> >&, std::allocator<void> >; NodeT = rclcpp::Node&; std::string = std::__cxx11::basic_string<char>; typename MessageMemoryStrategyT::SharedPtr = std::shared_ptr<rclcpp::message_memory_strategy::MessageMemoryStrategy<const std_msgs::msg::Int32_<std::allocator<void> >&, std::allocator<void> > >][m[K’
[15.909s] [01m[K/opt/ros/foxy/include/rclcpp/node_impl.hpp:98:47:[m[K   required from ‘[01m[Kstd::shared_ptr<SubscriptionT> rclcpp::Node::create_subscription(const string&, const rclcpp::QoS&, CallbackT&&, const rclcpp::SubscriptionOptionsWithAllocator<AllocatorT>&, typename MessageMemoryStrategyT::SharedPtr) [with MessageT = std_msgs::msg::Int32_<std::allocator<void> >; CallbackT = std::_Bind<void (MinimalPublisher::*(MinimalPublisher*, std::_Placeholder<1>))(const std_msgs::msg::Int32_<std::allocator<void> >&)>; AllocatorT = std::allocator<void>; CallbackMessageT = const std_msgs::msg::Int32_<std::allocator<void> >&; SubscriptionT = rclcpp::Subscription<const std_msgs::msg::Int32_<std::allocator<void> >&, std::allocator<void>, rclcpp::message_memory_strategy::MessageMemoryStrategy<const std_msgs::msg::Int32_<std::allocator<void> >&, std::allocator<void> > >; MessageMemoryStrategyT = rclcpp::message_memory_strategy::MessageMemoryStrategy<const std_msgs::msg::Int32_<std::allocator<void> >&, std::allocator<void> >; std::string = std::__cxx11::basic_string<char>; typename MessageMemoryStrategyT::SharedPtr = std::shared_ptr<rclcpp::message_memory_strategy::MessageMemoryStrategy<const std_msgs::msg::Int32_<std::allocator<void> >&, std::allocator<void> > >][m[K’
[15.910s] [01m[K/home/mp4d/ros_motors/MyCode/path2pos/src/pos_writer.cpp:35:102:[m[K   required from here
[15.912s] [01m[K/opt/ros/foxy/include/rclcpp/subscription_factory.hpp:97:3:[m[K [01;31m[Kerror: [m[Kno matching function for call to ‘[01m[Krclcpp::AnySubscriptionCallback<const std_msgs::msg::Int32_<std::allocator<void> >&, std::allocator<void> >::set(std::_Bind<void (MinimalPublisher::*(MinimalPublisher*, std::_Placeholder<1>))(const std_msgs::msg::Int32_<std::allocator<void> >&)>)[m[K’
[15.913s]    97 |   [01;31m[Kany_subscription_callback[m[K.set(std::forward<CallbackT>(callback));
[15.914s]       |   [01;31m[K^~~~~~~~~~~~~~~~~~~~~~~~~[m[K
[15.914s] In file included from [01m[K/opt/ros/foxy/include/rclcpp/subscription_base.hpp:29[m[K,
[15.915s]                  from [01m[K/opt/ros/foxy/include/rclcpp/callback_group.hpp:26[m[K,
[15.916s]                  from [01m[K/opt/ros/foxy/include/rclcpp/any_executable.hpp:20[m[K,
[15.916s]                  from [01m[K/opt/ros/foxy/include/rclcpp/memory_strategy.hpp:24[m[K,
[15.917s]                  from [01m[K/opt/ros/foxy/include/rclcpp/memory_strategies.hpp:18[m[K,
[15.917s]                  from [01m[K/opt/ros/foxy/include/rclcpp/executor_options.hpp:20[m[K,
[15.918s]                  from [01m[K/opt/ros/foxy/include/rclcpp/executor.hpp:33[m[K,
[15.918s]                  from [01m[K/opt/ros/foxy/include/rclcpp/executors/multi_threaded_executor.hpp:26[m[K,
[15.919s]                  from [01m[K/opt/ros/foxy/include/rclcpp/executors.hpp:21[m[K,
[15.919s]                  from [01m[K/opt/ros/foxy/include/rclcpp/rclcpp.hpp:146[m[K,
[15.920s]                  from [01m[K/home/mp4d/ros_motors/MyCode/path2pos/src/pos_writer.cpp:10[m[K:
[15.921s] [01m[K/opt/ros/foxy/include/rclcpp/any_subscription_callback.hpp:83:8:[m[K [01;36m[Knote: [m[Kcandidate: ‘[01m[Ktemplate<class CallbackT, typename std::enable_if<rclcpp::function_traits::same_arguments<CallbackT, std::function<void(std::shared_ptr<const std_msgs::msg::Int32_<std::allocator<void> >&>)> >::value, void>::type* <anonymous> > void rclcpp::AnySubscriptionCallback<MessageT, Alloc>::set(CallbackT) [with CallbackT = CallbackT; typename std::enable_if<rclcpp::function_traits::same_arguments<CallbackT, std::function<void(std::shared_ptr<_Tp>)> >::value>::type* <anonymous> = <enumerator>; MessageT = const std_msgs::msg::Int32_<std::allocator<void> >&; Alloc = std::allocator<void>][m[K’
[15.921s]    83 |   void [01;36m[Kset[m[K(CallbackT callback)
[15.922s]       |        [01;36m[K^~~[m[K
[15.922s] [01m[K/opt/ros/foxy/include/rclcpp/any_subscription_callback.hpp:83:8:[m[K [01;36m[Knote: [m[K  template argument deduction/substitution failed:
[15.923s] [01m[K/opt/ros/foxy/include/rclcpp/any_subscription_callback.hpp:81:17:[m[K [01;31m[Kerror: [m[Kno type named ‘[01m[Ktype[m[K’ in ‘[01m[Kstruct std::enable_if<false, void>[m[K’
[15.923s]    81 |     >::type * = [01;31m[Knullptr[m[K
[15.924s]       |                 [01;31m[K^~~~~~~[m[K
[15.924s] [01m[K/opt/ros/foxy/include/rclcpp/any_subscription_callback.hpp:97:8:[m[K [01;36m[Knote: [m[Kcandidate: ‘[01m[Ktemplate<class CallbackT, typename std::enable_if<rclcpp::function_traits::same_arguments<CallbackT, std::function<void(std::shared_ptr<const std_msgs::msg::Int32_<std::allocator<void> >&>, const rclcpp::MessageInfo&)> >::value, void>::type* <anonymous> > void rclcpp::AnySubscriptionCallback<MessageT, Alloc>::set(CallbackT) [with CallbackT = CallbackT; typename std::enable_if<rclcpp::function_traits::same_arguments<CallbackT, std::function<void(std::shared_ptr<_Tp>, const rclcpp::MessageInfo&)> >::value>::type* <anonymous> = <enumerator>; MessageT = const std_msgs::msg::Int32_<std::allocator<void> >&; Alloc = std::allocator<void>][m[K’
[15.925s]    97 |   void [01;36m[Kset[m[K(CallbackT callback)
[15.925s]       |        [01;36m[K^~~[m[K
[15.926s] [01m[K/opt/ros/foxy/include/rclcpp/any_subscription_callback.hpp:97:8:[m[K [01;36m[Knote: [m[K  template argument deduction/substitution failed:
[15.926s] [01m[K/opt/ros/foxy/include/rclcpp/any_subscription_callback.hpp:95:17:[m[K [01;31m[Kerror: [m[Kno type named ‘[01m[Ktype[m[K’ in ‘[01m[Kstruct std::enable_if<false, void>[m[K’
[15.927s]    95 |     >::type * = [01;31m[Knullptr[m[K
[15.928s]       |                 [01;31m[K^~~~~~~[m[K
[15.928s] [01m[K/opt/ros/foxy/include/rclcpp/any_subscription_callback.hpp:139:8:[m[K [01;36m[Knote: [m[Kcandidate: ‘[01m[Ktemplate<class CallbackT, typename std::enable_if<rclcpp::function_traits::same_arguments<CallbackT, std::function<void(std::unique_ptr<const std_msgs::msg::Int32_<std::allocator<void> >&, std::default_delete<const std_msgs::msg::Int32_<std::allocator<void> >&> >)> >::value, void>::type* <anonymous> > void rclcpp::AnySubscriptionCallback<MessageT, Alloc>::set(CallbackT) [with CallbackT = CallbackT; typename std::enable_if<rclcpp::function_traits::same_arguments<CallbackT, std::function<void(std::unique_ptr<MessageT, typename std::conditional<std::is_same<typename std::allocator_traits<typename std::allocator_traits<_Alloc>::rebind_traits<MessageT>::allocator_type>::rebind_alloc<MessageT>, typename std::allocator<void>::rebind<_Tp1>::other>::value, std::default_delete<_Tp>, rclcpp::allocator::AllocatorDeleter<typename std::allocator_traits<_Alloc>::rebind_traits<MessageT>::allocator_type> >::type>)> >::value>::type* <anonymous> = <enumerator>; MessageT = const std_msgs::msg::Int32_<std::allocator<void> >&; Alloc = std::allocator<void>][m[K’
[15.929s]   139 |   void [01;36m[Kset[m[K(CallbackT callback)
[15.930s]       |        [01;36m[K^~~[m[K
[15.930s] [01m[K/opt/ros/foxy/include/rclcpp/any_subscription_callback.hpp:139:8:[m[K [01;36m[Knote: [m[K  template argument deduction/substitution failed:
[15.931s] [01m[K/opt/ros/foxy/include/rclcpp/any_subscription_callback.hpp:137:17:[m[K [01;31m[Kerror: [m[Kno type named ‘[01m[Ktype[m[K’ in ‘[01m[Kstruct std::enable_if<false, void>[m[K’
[15.931s]   137 |     >::type * = [01;31m[Knullptr[m[K
[15.932s]       |                 [01;31m[K^~~~~~~[m[K
[15.932s] [01m[K/opt/ros/foxy/include/rclcpp/any_subscription_callback.hpp:153:8:[m[K [01;36m[Knote: [m[Kcandidate: ‘[01m[Ktemplate<class CallbackT, typename std::enable_if<rclcpp::function_traits::same_arguments<CallbackT, std::function<void(std::unique_ptr<const std_msgs::msg::Int32_<std::allocator<void> >&, std::default_delete<const std_msgs::msg::Int32_<std::allocator<void> >&> >, const rclcpp::MessageInfo&)> >::value, void>::type* <anonymous> > void rclcpp::AnySubscriptionCallback<MessageT, Alloc>::set(CallbackT) [with CallbackT = CallbackT; typename std::enable_if<rclcpp::function_traits::same_arguments<CallbackT, std::function<void(std::unique_ptr<MessageT, typename std::conditional<std::is_same<typename std::allocator_traits<typename std::allocator_traits<_Alloc>::rebind_traits<MessageT>::allocator_type>::rebind_alloc<MessageT>, typename std::allocator<void>::rebind<_Tp1>::other>::value, std::default_delete<_Tp>, rclcpp::allocator::AllocatorDeleter<typename std::allocator_traits<_Alloc>::rebind_traits<MessageT>::allocator_type> >::type>, const rclcpp::MessageInfo&)> >::value>::type* <anonymous> = <enumerator>; MessageT = const std_msgs::msg::Int32_<std::allocator<void> >&; Alloc = std::allocator<void>][m[K’
[15.933s]   153 |   void [01;36m[Kset[m[K(CallbackT callback)
[15.934s]       |        [01;36m[K^~~[m[K
[15.934s] [01m[K/opt/ros/foxy/include/rclcpp/any_subscription_callback.hpp:153:8:[m[K [01;36m[Knote: [m[K  template argument deduction/substitution failed:
[15.935s] [01m[K/opt/ros/foxy/include/rclcpp/any_subscription_callback.hpp:151:17:[m[K [01;31m[Kerror: [m[Kno type named ‘[01m[Ktype[m[K’ in ‘[01m[Kstruct std::enable_if<false, void>[m[K’
[15.935s]   151 |     >::type * = [01;31m[Knullptr[m[K
[15.936s]       |                 [01;31m[K^~~~~~~[m[K
[18.280s] In file included from [01m[K/usr/include/aarch64-linux-gnu/c++/9/bits/c++allocator.h:33[m[K,
[18.281s]                  from [01m[K/usr/include/c++/9/bits/allocator.h:46[m[K,
[18.282s]                  from [01m[K/usr/include/c++/9/string:41[m[K,
[18.283s]                  from [01m[K/usr/include/c++/9/stdexcept:39[m[K,
[18.284s]                  from [01m[K/usr/include/c++/9/array:39[m[K,
[18.285s]                  from [01m[K/usr/include/c++/9/tuple:39[m[K,
[18.286s]                  from [01m[K/usr/include/c++/9/functional:54[m[K,
[18.286s]                  from [01m[K/home/mp4d/ros_motors/MyCode/path2pos/src/pos_writer.cpp:2[m[K:
[18.287s] /usr/include/c++/9/ext/new_allocator.h: In instantiation of ‘[01m[Kclass __gnu_cxx::new_allocator<const std_msgs::msg::Int32_<std::allocator<void> >&>[m[K’:
[18.287s] [01m[K/usr/include/c++/9/bits/allocator.h:111:11:[m[K   required from ‘[01m[Kclass std::allocator<const std_msgs::msg::Int32_<std::allocator<void> >&>[m[K’
[18.288s] [01m[K/usr/include/c++/9/bits/shared_ptr_base.h:1365:63:[m[K   required by substitution of ‘[01m[Ktemplate<class _Yp> struct std::__shared_ptr<std::allocator<const std_msgs::msg::Int32_<std::allocator<void> >&>, __gnu_cxx::_S_atomic>::__has_esft_base<_Yp, std::__void_t<decltype (__enable_shared_from_this_base(declval<const std::__shared_count<__gnu_cxx::_S_atomic>&>(), declval<_Yp*>()))> > [with _Yp = std::allocator<const std_msgs::msg::Int32_<std::allocator<void> >&>][m[K’
[18.288s] [01m[K/usr/include/c++/9/bits/shared_ptr_base.h:1387:21:[m[K   required by substitution of ‘[01m[Ktemplate<class _Yp, class _Yp2> typename std::enable_if<(! std::__shared_ptr<std::allocator<const std_msgs::msg::Int32_<std::allocator<void> >&>, __gnu_cxx::_S_atomic>::__has_esft_base<_Yp2, void>::value), void>::type std::__shared_ptr<std::allocator<const std_msgs::msg::Int32_<std::allocator<void> >&>, __gnu_cxx::_S_atomic>::_M_enable_shared_from_this_with<_Yp, _Yp2>(_Yp*) [with _Yp = std::allocator<const std_msgs::msg::Int32_<std::allocator<void> >&>; _Yp2 = std::allocator<const std_msgs::msg::Int32_<std::allocator<void> >&>][m[K’
[18.289s] [01m[K/usr/include/c++/9/bits/shared_ptr_base.h:1345:4:[m[K   required from ‘[01m[Kstd::__shared_ptr<_Tp, _Lp>::__shared_ptr(std::_Sp_alloc_shared_tag<_Tp>, _Args&& ...) [with _Alloc = std::allocator<std::allocator<const std_msgs::msg::Int32_<std::allocator<void> >&> >; _Args = {std::allocator<void>&}; _Tp = std::allocator<const std_msgs::msg::Int32_<std::allocator<void> >&>; __gnu_cxx::_Lock_policy _Lp = __gnu_cxx::_S_atomic][m[K’
[18.290s] [01m[K/usr/include/c++/9/bits/shared_ptr.h:359:59:[m[K   [ skipping 2 instantiation contexts, use -ftemplate-backtrace-limit=0 to disable ]
[18.290s] [01m[K/usr/include/c++/9/bits/shared_ptr.h:717:39:[m[K   required from ‘[01m[Kstd::shared_ptr<_Tp> std::make_shared(_Args&& ...) [with _Tp = std::allocator<const std_msgs::msg::Int32_<std::allocator<void> >&>; _Args = {std::allocator<void>&}][m[K’
[18.291s] [01m[K/opt/ros/foxy/include/rclcpp/any_subscription_callback.hpp:68:56:[m[K   required from ‘[01m[Krclcpp::AnySubscriptionCallback<MessageT, Alloc>::AnySubscriptionCallback(std::shared_ptr<_Tp>) [with MessageT = const std_msgs::msg::Int32_<std::allocator<void> >&; Alloc = std::allocator<void>][m[K’
[18.292s] [01m[K/opt/ros/foxy/include/rclcpp/subscription_factory.hpp:96:57:[m[K   required from ‘[01m[Krclcpp::SubscriptionFactory rclcpp::create_subscription_factory(CallbackT&&, const rclcpp::SubscriptionOptionsWithAllocator<AllocatorT>&, typename MessageMemoryStrategyT::SharedPtr, std::shared_ptr<rclcpp::topic_statistics::SubscriptionTopicStatistics<CallbackMessageT> >) [with MessageT = std_msgs::msg::Int32_<std::allocator<void> >; CallbackT = std::_Bind<void (MinimalPublisher::*(MinimalPublisher*, std::_Placeholder<1>))(const std_msgs::msg::Int32_<std::allocator<void> >&)>; AllocatorT = std::allocator<void>; CallbackMessageT = const std_msgs::msg::Int32_<std::allocator<void> >&; SubscriptionT = rclcpp::Subscription<const std_msgs::msg::Int32_<std::allocator<void> >&, std::allocator<void>, rclcpp::message_memory_strategy::MessageMemoryStrategy<const std_msgs::msg::Int32_<std::allocator<void> >&, std::allocator<void> > >; MessageMemoryStrategyT = rclcpp::message_memory_strategy::MessageMemoryStrategy<const std_msgs::msg::Int32_<std::allocator<void> >&, std::allocator<void> >; typename MessageMemoryStrategyT::SharedPtr = std::shared_ptr<rclcpp::message_memory_strategy::MessageMemoryStrategy<const std_msgs::msg::Int32_<std::allocator<void> >&, std::allocator<void> > >][m[K’
[18.292s] [01m[K/opt/ros/foxy/include/rclcpp/create_subscription.hpp:144:63:[m[K   required from ‘[01m[Kstd::shared_ptr<SubscriptionT> rclcpp::create_subscription(NodeT&&, const string&, const rclcpp::QoS&, CallbackT&&, const rclcpp::SubscriptionOptionsWithAllocator<AllocatorT>&, typename MessageMemoryStrategyT::SharedPtr) [with MessageT = std_msgs::msg::Int32_<std::allocator<void> >; CallbackT = std::_Bind<void (MinimalPublisher::*(MinimalPublisher*, std::_Placeholder<1>))(const std_msgs::msg::Int32_<std::allocator<void> >&)>; AllocatorT = std::allocator<void>; CallbackMessageT = const std_msgs::msg::Int32_<std::allocator<void> >&; SubscriptionT = rclcpp::Subscription<const std_msgs::msg::Int32_<std::allocator<void> >&, std::allocator<void>, rclcpp::message_memory_strategy::MessageMemoryStrategy<const std_msgs::msg::Int32_<std::allocator<void> >&, std::allocator<void> > >; MessageMemoryStrategyT = rclcpp::message_memory_strategy::MessageMemoryStrategy<const std_msgs::msg::Int32_<std::allocator<void> >&, std::allocator<void> >; NodeT = rclcpp::Node&; std::string = std::__cxx11::basic_string<char>; typename MessageMemoryStrategyT::SharedPtr = std::shared_ptr<rclcpp::message_memory_strategy::MessageMemoryStrategy<const std_msgs::msg::Int32_<std::allocator<void> >&, std::allocator<void> > >][m[K’
[18.293s] [01m[K/opt/ros/foxy/include/rclcpp/node_impl.hpp:98:47:[m[K   required from ‘[01m[Kstd::shared_ptr<SubscriptionT> rclcpp::Node::create_subscription(const string&, const rclcpp::QoS&, CallbackT&&, const rclcpp::SubscriptionOptionsWithAllocator<AllocatorT>&, typename MessageMemoryStrategyT::SharedPtr) [with MessageT = std_msgs::msg::Int32_<std::allocator<void> >; CallbackT = std::_Bind<void (MinimalPublisher::*(MinimalPublisher*, std::_Placeholder<1>))(const std_msgs::msg::Int32_<std::allocator<void> >&)>; AllocatorT = std::allocator<void>; CallbackMessageT = const std_msgs::msg::Int32_<std::allocator<void> >&; SubscriptionT = rclcpp::Subscription<const std_msgs::msg::Int32_<std::allocator<void> >&, std::allocator<void>, rclcpp::message_memory_strategy::MessageMemoryStrategy<const std_msgs::msg::Int32_<std::allocator<void> >&, std::allocator<void> > >; MessageMemoryStrategyT = rclcpp::message_memory_strategy::MessageMemoryStrategy<const std_msgs::msg::Int32_<std::allocator<void> >&, std::allocator<void> >; std::string = std::__cxx11::basic_string<char>; typename MessageMemoryStrategyT::SharedPtr = std::shared_ptr<rclcpp::message_memory_strategy::MessageMemoryStrategy<const std_msgs::msg::Int32_<std::allocator<void> >&, std::allocator<void> > >][m[K’
[18.294s] [01m[K/home/mp4d/ros_motors/MyCode/path2pos/src/pos_writer.cpp:35:102:[m[K   required from here
[18.294s] [01m[K/usr/include/c++/9/ext/new_allocator.h:63:26:[m[K [01;31m[Kerror: [m[Kforming pointer to reference type ‘[01m[Kconst std_msgs::msg::Int32_<std::allocator<void> >&[m[K’
[18.295s]    63 |       typedef _Tp*       [01;31m[Kpointer[m[K;
[18.296s]       |                          [01;31m[K^~~~~~~[m[K
[18.296s] [01m[K/usr/include/c++/9/ext/new_allocator.h:64:26:[m[K [01;31m[Kerror: [m[Kforming pointer to reference type ‘[01m[Kconst std_msgs::msg::Int32_<std::allocator<void> >&[m[K’
[18.297s]    64 |       typedef const _Tp* [01;31m[Kconst_pointer[m[K;
[18.297s]       |                          [01;31m[K^~~~~~~~~~~~~[m[K
[18.298s] In file included from [01m[K/usr/include/c++/9/string:41[m[K,
[18.298s]                  from [01m[K/usr/include/c++/9/stdexcept:39[m[K,
[18.299s]                  from [01m[K/usr/include/c++/9/array:39[m[K,
[18.299s]                  from [01m[K/usr/include/c++/9/tuple:39[m[K,
[18.300s]                  from [01m[K/usr/include/c++/9/functional:54[m[K,
[18.301s]                  from [01m[K/home/mp4d/ros_motors/MyCode/path2pos/src/pos_writer.cpp:2[m[K:
[18.301s] /usr/include/c++/9/bits/allocator.h: In instantiation of ‘[01m[Kclass std::allocator<const std_msgs::msg::Int32_<std::allocator<void> >&>[m[K’:
[18.302s] [01m[K/usr/include/c++/9/bits/shared_ptr_base.h:1365:63:[m[K   required by substitution of ‘[01m[Ktemplate<class _Yp> struct std::__shared_ptr<std::allocator<const std_msgs::msg::Int32_<std::allocator<void> >&>, __gnu_cxx::_S_atomic>::__has_esft_base<_Yp, std::__void_t<decltype (__enable_shared_from_this_base(declval<const std::__shared_count<__gnu_cxx::_S_atomic>&>(), declval<_Yp*>()))> > [with _Yp = std::allocator<const std_msgs::msg::Int32_<std::allocator<void> >&>][m[K’
[18.303s] [01m[K/usr/include/c++/9/bits/shared_ptr_base.h:1387:21:[m[K   required by substitution of ‘[01m[Ktemplate<class _Yp, class _Yp2> typename std::enable_if<(! std::__shared_ptr<std::allocator<const std_msgs::msg::Int32_<std::allocator<void> >&>, __gnu_cxx::_S_atomic>::__has_esft_base<_Yp2, void>::value), void>::type std::__shared_ptr<std::allocator<const std_msgs::msg::Int32_<std::allocator<void> >&>, __gnu_cxx::_S_atomic>::_M_enable_shared_from_this_with<_Yp, _Yp2>(_Yp*) [with _Yp = std::allocator<const std_msgs::msg::Int32_<std::allocator<void> >&>; _Yp2 = std::allocator<const std_msgs::msg::Int32_<std::allocator<void> >&>][m[K’
[18.303s] [01m[K/usr/include/c++/9/bits/shared_ptr_base.h:1345:4:[m[K   required from ‘[01m[Kstd::__shared_ptr<_Tp, _Lp>::__shared_ptr(std::_Sp_alloc_shared_tag<_Tp>, _Args&& ...) [with _Alloc = std::allocator<std::allocator<const std_msgs::msg::Int32_<std::allocator<void> >&> >; _Args = {std::allocator<void>&}; _Tp = std::allocator<const std_msgs::msg::Int32_<std::allocator<void> >&>; __gnu_cxx::_Lock_policy _Lp = __gnu_cxx::_S_atomic][m[K’
[18.304s] [01m[K/usr/include/c++/9/bits/shared_ptr.h:359:59:[m[K   required from ‘[01m[Kstd::shared_ptr<_Tp>::shared_ptr(std::_Sp_alloc_shared_tag<_Tp>, _Args&& ...) [with _Alloc = std::allocator<std::allocator<const std_msgs::msg::Int32_<std::allocator<void> >&> >; _Args = {std::allocator<void>&}; _Tp = std::allocator<const std_msgs::msg::Int32_<std::allocator<void> >&>][m[K’
[18.304s] [01m[K/usr/include/c++/9/bits/shared_ptr.h:701:14:[m[K   required from ‘[01m[Kstd::shared_ptr<_Tp> std::allocate_shared(const _Alloc&, _Args&& ...) [with _Tp = std::allocator<const std_msgs::msg::Int32_<std::allocator<void> >&>; _Alloc = std::allocator<std::allocator<const std_msgs::msg::Int32_<std::allocator<void> >&> >; _Args = {std::allocator<void>&}][m[K’
[18.305s] [01m[K/usr/include/c++/9/bits/shared_ptr.h:717:39:[m[K   required from ‘[01m[Kstd::shared_ptr<_Tp> std::make_shared(_Args&& ...) [with _Tp = std::allocator<const std_msgs::msg::Int32_<std::allocator<void> >&>; _Args = {std::allocator<void>&}][m[K’
[18.306s] [01m[K/opt/ros/foxy/include/rclcpp/any_subscription_callback.hpp:68:56:[m[K   required from ‘[01m[Krclcpp::AnySubscriptionCallback<MessageT, Alloc>::AnySubscriptionCallback(std::shared_ptr<_Tp>) [with MessageT = const std_msgs::msg::Int32_<std::allocator<void> >&; Alloc = std::allocator<void>][m[K’
[18.306s] [01m[K/opt/ros/foxy/include/rclcpp/subscription_factory.hpp:96:57:[m[K   required from ‘[01m[Krclcpp::SubscriptionFactory rclcpp::create_subscription_factory(CallbackT&&, const rclcpp::SubscriptionOptionsWithAllocator<AllocatorT>&, typename MessageMemoryStrategyT::SharedPtr, std::shared_ptr<rclcpp::topic_statistics::SubscriptionTopicStatistics<CallbackMessageT> >) [with MessageT = std_msgs::msg::Int32_<std::allocator<void> >; CallbackT = std::_Bind<void (MinimalPublisher::*(MinimalPublisher*, std::_Placeholder<1>))(const std_msgs::msg::Int32_<std::allocator<void> >&)>; AllocatorT = std::allocator<void>; CallbackMessageT = const std_msgs::msg::Int32_<std::allocator<void> >&; SubscriptionT = rclcpp::Subscription<const std_msgs::msg::Int32_<std::allocator<void> >&, std::allocator<void>, rclcpp::message_memory_strategy::MessageMemoryStrategy<const std_msgs::msg::Int32_<std::allocator<void> >&, std::allocator<void> > >; MessageMemoryStrategyT = rclcpp::message_memory_strategy::MessageMemoryStrategy<const std_msgs::msg::Int32_<std::allocator<void> >&, std::allocator<void> >; typename MessageMemoryStrategyT::SharedPtr = std::shared_ptr<rclcpp::message_memory_strategy::MessageMemoryStrategy<const std_msgs::msg::Int32_<std::allocator<void> >&, std::allocator<void> > >][m[K’
[18.307s] [01m[K/opt/ros/foxy/include/rclcpp/create_subscription.hpp:144:63:[m[K   required from ‘[01m[Kstd::shared_ptr<SubscriptionT> rclcpp::create_subscription(NodeT&&, const string&, const rclcpp::QoS&, CallbackT&&, const rclcpp::SubscriptionOptionsWithAllocator<AllocatorT>&, typename MessageMemoryStrategyT::SharedPtr) [with MessageT = std_msgs::msg::Int32_<std::allocator<void> >; CallbackT = std::_Bind<void (MinimalPublisher::*(MinimalPublisher*, std::_Placeholder<1>))(const std_msgs::msg::Int32_<std::allocator<void> >&)>; AllocatorT = std::allocator<void>; CallbackMessageT = const std_msgs::msg::Int32_<std::allocator<void> >&; SubscriptionT = rclcpp::Subscription<const std_msgs::msg::Int32_<std::allocator<void> >&, std::allocator<void>, rclcpp::message_memory_strategy::MessageMemoryStrategy<const std_msgs::msg::Int32_<std::allocator<void> >&, std::allocator<void> > >; MessageMemoryStrategyT = rclcpp::message_memory_strategy::MessageMemoryStrategy<const std_msgs::msg::Int32_<std::allocator<void> >&, std::allocator<void> >; NodeT = rclcpp::Node&; std::string = std::__cxx11::basic_string<char>; typename MessageMemoryStrategyT::SharedPtr = std::shared_ptr<rclcpp::message_memory_strategy::MessageMemoryStrategy<const std_msgs::msg::Int32_<std::allocator<void> >&, std::allocator<void> > >][m[K’
[18.308s] [01m[K/opt/ros/foxy/include/rclcpp/node_impl.hpp:98:47:[m[K   required from ‘[01m[Kstd::shared_ptr<SubscriptionT> rclcpp::Node::create_subscription(const string&, const rclcpp::QoS&, CallbackT&&, const rclcpp::SubscriptionOptionsWithAllocator<AllocatorT>&, typename MessageMemoryStrategyT::SharedPtr) [with MessageT = std_msgs::msg::Int32_<std::allocator<void> >; CallbackT = std::_Bind<void (MinimalPublisher::*(MinimalPublisher*, std::_Placeholder<1>))(const std_msgs::msg::Int32_<std::allocator<void> >&)>; AllocatorT = std::allocator<void>; CallbackMessageT = const std_msgs::msg::Int32_<std::allocator<void> >&; SubscriptionT = rclcpp::Subscription<const std_msgs::msg::Int32_<std::allocator<void> >&, std::allocator<void>, rclcpp::message_memory_strategy::MessageMemoryStrategy<const std_msgs::msg::Int32_<std::allocator<void> >&, std::allocator<void> > >; MessageMemoryStrategyT = rclcpp::message_memory_strategy::MessageMemoryStrategy<const std_msgs::msg::Int32_<std::allocator<void> >&, std::allocator<void> >; std::string = std::__cxx11::basic_string<char>; typename MessageMemoryStrategyT::SharedPtr = std::shared_ptr<rclcpp::message_memory_strategy::MessageMemoryStrategy<const std_msgs::msg::Int32_<std::allocator<void> >&, std::allocator<void> > >][m[K’
[18.308s] [01m[K/home/mp4d/ros_motors/MyCode/path2pos/src/pos_writer.cpp:35:102:[m[K   required from here
[18.309s] [01m[K/usr/include/c++/9/bits/allocator.h:116:26:[m[K [01;31m[Kerror: [m[Kforming pointer to reference type ‘[01m[Kconst std_msgs::msg::Int32_<std::allocator<void> >&[m[K’
[18.309s]   116 |       typedef _Tp*       [01;31m[Kpointer[m[K;
[18.310s]       |                          [01;31m[K^~~~~~~[m[K
[18.310s] [01m[K/usr/include/c++/9/bits/allocator.h:117:26:[m[K [01;31m[Kerror: [m[Kforming pointer to reference type ‘[01m[Kconst std_msgs::msg::Int32_<std::allocator<void> >&[m[K’
[18.311s]   117 |       typedef const _Tp* [01;31m[Kconst_pointer[m[K;
[18.311s]       |                          [01;31m[K^~~~~~~~~~~~~[m[K
[22.864s] In file included from [01m[K/usr/include/c++/9/bits/shared_ptr.h:52[m[K,
[22.866s]                  from [01m[K/usr/include/c++/9/memory:81[m[K,
[22.867s]                  from [01m[K/home/mp4d/ros_motors/MyCode/path2pos/src/pos_writer.cpp:3[m[K:
[22.868s] /usr/include/c++/9/bits/shared_ptr_base.h: In instantiation of ‘[01m[Kclass std::__shared_ptr_access<const std_msgs::msg::Int32_<std::allocator<void> >&, __gnu_cxx::_S_atomic, false, false>[m[K’:
[22.868s] [01m[K/usr/include/c++/9/bits/shared_ptr_base.h:1080:11:[m[K   required from ‘[01m[Kclass std::__shared_ptr<const std_msgs::msg::Int32_<std::allocator<void> >&, __gnu_cxx::_S_atomic>[m[K’
[22.869s] [01m[K/opt/ros/foxy/include/rclcpp/message_memory_strategy.hpp:85:37:[m[K   recursively required from ‘[01m[Kstd::shared_ptr<_Tp> rclcpp::message_memory_strategy::MessageMemoryStrategy<MessageT, Alloc>::borrow_message() [with MessageT = const std_msgs::msg::Int32_<std::allocator<void> >&; Alloc = std::allocator<void>][m[K’
[22.870s] [01m[K/opt/ros/foxy/include/rclcpp/message_memory_strategy.hpp:85:37:[m[K   required from here
[22.871s] [01m[K/usr/include/c++/9/bits/shared_ptr_base.h:1012:7:[m[K [01;31m[Kerror: [m[Kforming pointer to reference type ‘[01m[Kstd::__shared_ptr_access<const std_msgs::msg::Int32_<std::allocator<void> >&, __gnu_cxx::_S_atomic, false, false>::element_type[m[K’ {aka ‘[01m[Kconst std_msgs::msg::Int32_<std::allocator<void> >&[m[K’}
[22.871s]  1012 |       [01;31m[Koperator[m[K->() const noexcept
[22.872s]       |       [01;31m[K^~~~~~~~[m[K
[22.872s] [01m[K/usr/include/c++/9/bits/shared_ptr_base.h:1020:7:[m[K [01;31m[Kerror: [m[Kforming pointer to reference type ‘[01m[Kstd::__shared_ptr_access<const std_msgs::msg::Int32_<std::allocator<void> >&, __gnu_cxx::_S_atomic, false, false>::element_type[m[K’ {aka ‘[01m[Kconst std_msgs::msg::Int32_<std::allocator<void> >&[m[K’}
[22.873s]  1020 |       [01;31m[K_M_get[m[K() const noexcept
[22.873s]       |       [01;31m[K^~~~~~[m[K
[22.874s] /usr/include/c++/9/bits/shared_ptr_base.h: In instantiation of ‘[01m[Kclass std::__shared_ptr<const std_msgs::msg::Int32_<std::allocator<void> >&, __gnu_cxx::_S_atomic>[m[K’:
[22.874s] [01m[K/opt/ros/foxy/include/rclcpp/message_memory_strategy.hpp:85:37:[m[K   recursively required from ‘[01m[Kstd::shared_ptr<_Tp> rclcpp::message_memory_strategy::MessageMemoryStrategy<MessageT, Alloc>::borrow_message() [with MessageT = const std_msgs::msg::Int32_<std::allocator<void> >&; Alloc = std::allocator<void>][m[K’
[22.875s] [01m[K/opt/ros/foxy/include/rclcpp/message_memory_strategy.hpp:85:37:[m[K   required from here
[22.876s] [01m[K/usr/include/c++/9/bits/shared_ptr_base.h:1094:8:[m[K [01;31m[Kerror: [m[Kforming pointer to reference type ‘[01m[Kconst std_msgs::msg::Int32_<std::allocator<void> >&[m[K’
[22.877s]  1094 |  using [01;31m[K_Compatible[m[K = typename
[22.877s]       |        [01;31m[K^~~~~~~~~~~[m[K
[22.878s] [01m[K/usr/include/c++/9/bits/shared_ptr_base.h:1104:8:[m[K [01;31m[Kerror: [m[Kforming pointer to reference type ‘[01m[Kconst std_msgs::msg::Int32_<std::allocator<void> >&[m[K’
[22.878s]  1104 |  using [01;31m[K_UniqCompatible[m[K = typename enable_if<__and_<
[22.879s]       |        [01;31m[K^~~~~~~~~~~~~~~[m[K
[22.880s] [01m[K/usr/include/c++/9/bits/shared_ptr_base.h:1162:2:[m[K [01;31m[Kerror: [m[Kforming pointer to reference type ‘[01m[Kstd::__shared_ptr<const std_msgs::msg::Int32_<std::allocator<void> >&, __gnu_cxx::_S_atomic>::element_type[m[K’ {aka ‘[01m[Kconst std_msgs::msg::Int32_<std::allocator<void> >&[m[K’}
[22.880s]  1162 |  [01;31m[K__shared_ptr[m[K(const __shared_ptr<_Yp, _Lp>& __r,
[22.881s]       |  [01;31m[K^~~~~~~~~~~~[m[K
[22.881s] /usr/include/c++/9/bits/shared_ptr_base.h: In substitution of ‘[01m[Ktemplate<class _Tp, __gnu_cxx::_Lock_policy _Lp> template<class _Yp, class _Res> using _Compatible = typename std::enable_if<std::__sp_compatible_with<_Yp*, _Tp*>::value, _Res>::type [with _Yp = _Yp; _Res = void; _Tp = const std_msgs::msg::Int32_<std::allocator<void> >&; __gnu_cxx::_Lock_policy _Lp = __gnu_cxx::_S_atomic][m[K’:
[22.882s] [01m[K/usr/include/c++/9/bits/shared_ptr_base.h:1172:2:[m[K   required from ‘[01m[Kclass std::__shared_ptr<const std_msgs::msg::Int32_<std::allocator<void> >&, __gnu_cxx::_S_atomic>[m[K’
[22.883s] [01m[K/opt/ros/foxy/include/rclcpp/message_memory_strategy.hpp:85:37:[m[K   recursively required from ‘[01m[Kstd::shared_ptr<_Tp> rclcpp::message_memory_strategy::MessageMemoryStrategy<MessageT, Alloc>::borrow_message() [with MessageT = const std_msgs::msg::Int32_<std::allocator<void> >&; Alloc = std::allocator<void>][m[K’
[22.883s] [01m[K/opt/ros/foxy/include/rclcpp/message_memory_strategy.hpp:85:37:[m[K   required from here
[22.884s] [01m[K/usr/include/c++/9/bits/shared_ptr_base.h:1094:8:[m[K [01;31m[Kerror: [m[Kforming pointer to reference type ‘[01m[Kconst std_msgs::msg::Int32_<std::allocator<void> >&[m[K’
[22.884s]  1094 |  using [01;31m[K_Compatible[m[K = typename
[22.885s]       |        [01;31m[K^~~~~~~~~~~[m[K
[22.885s] /usr/include/c++/9/bits/shared_ptr_base.h: In substitution of ‘[01m[Ktemplate<class _Tp, __gnu_cxx::_Lock_policy _Lp> template<class _Yp, class _Del, class _Res, class _Ptr> using _UniqCompatible = typename std::enable_if<std::__and_<std::__sp_compatible_with<_Yp*, _Tp*>, std::is_convertible<_Ptr, typename std::remove_extent<_Up>::type*> >::value, _Res>::type [with _Yp = _Yp; _Del = _Del; _Res = void; _Ptr = typename std::unique_ptr<_Tp, _Dp>::pointer; _Tp = const std_msgs::msg::Int32_<std::allocator<void> >&; __gnu_cxx::_Lock_policy _Lp = __gnu_cxx::_S_atomic][m[K’:
[22.886s] [01m[K/usr/include/c++/9/bits/shared_ptr_base.h:1203:2:[m[K   required from ‘[01m[Kclass std::__shared_ptr<const std_msgs::msg::Int32_<std::allocator<void> >&, __gnu_cxx::_S_atomic>[m[K’
[22.889s] [01m[K/opt/ros/foxy/include/rclcpp/message_memory_strategy.hpp:85:37:[m[K   recursively required from ‘[01m[Kstd::shared_ptr<_Tp> rclcpp::message_memory_strategy::MessageMemoryStrategy<MessageT, Alloc>::borrow_message() [with MessageT = const std_msgs::msg::Int32_<std::allocator<void> >&; Alloc = std::allocator<void>][m[K’
[22.891s] [01m[K/opt/ros/foxy/include/rclcpp/message_memory_strategy.hpp:85:37:[m[K   required from here
[22.892s] [01m[K/usr/include/c++/9/bits/shared_ptr_base.h:1104:8:[m[K [01;31m[Kerror: [m[Kforming pointer to reference type ‘[01m[Kconst std_msgs::msg::Int32_<std::allocator<void> >&[m[K’
[22.893s]  1104 |  using [01;31m[K_UniqCompatible[m[K = typename enable_if<__and_<
[22.894s]       |        [01;31m[K^~~~~~~~~~~~~~~[m[K
[22.895s] /usr/include/c++/9/bits/shared_ptr_base.h: In instantiation of ‘[01m[Kclass std::__shared_ptr<const std_msgs::msg::Int32_<std::allocator<void> >&, __gnu_cxx::_S_atomic>[m[K’:
[22.899s] [01m[K/opt/ros/foxy/include/rclcpp/message_memory_strategy.hpp:85:37:[m[K   recursively required from ‘[01m[Kstd::shared_ptr<_Tp> rclcpp::message_memory_strategy::MessageMemoryStrategy<MessageT, Alloc>::borrow_message() [with MessageT = const std_msgs::msg::Int32_<std::allocator<void> >&; Alloc = std::allocator<void>][m[K’
[22.900s] [01m[K/opt/ros/foxy/include/rclcpp/message_memory_strategy.hpp:85:37:[m[K   required from here
[22.910s] [01m[K/usr/include/c++/9/bits/shared_ptr_base.h:1219:2:[m[K [01;31m[Kerror: [m[Kforming pointer to reference type ‘[01m[Kconst std_msgs::msg::Int32_<std::allocator<void> >&[m[K’
[22.911s]  1219 |  [01;31m[K__shared_ptr[m[K(unique_ptr<_Tp1, _Del>&& __r, __sp_array_delete)
[22.913s]       |  [01;31m[K^~~~~~~~~~~~[m[K
[22.916s] [01m[K/usr/include/c++/9/bits/shared_ptr_base.h:1309:7:[m[K [01;31m[Kerror: [m[Kforming pointer to reference type ‘[01m[Kstd::__shared_ptr<const std_msgs::msg::Int32_<std::allocator<void> >&, __gnu_cxx::_S_atomic>::element_type[m[K’ {aka ‘[01m[Kconst std_msgs::msg::Int32_<std::allocator<void> >&[m[K’}
[22.920s]  1309 |       [01;31m[Kget[m[K() const noexcept
[22.921s]       |       [01;31m[K^~~[m[K
[22.923s] [01m[K/usr/include/c++/9/bits/shared_ptr_base.h:1404:24:[m[K [01;31m[Kerror: [m[Kforming pointer to reference type ‘[01m[Kstd::__shared_ptr<const std_msgs::msg::Int32_<std::allocator<void> >&, __gnu_cxx::_S_atomic>::element_type[m[K’ {aka ‘[01m[Kconst std_msgs::msg::Int32_<std::allocator<void> >&[m[K’}
[22.928s]  1404 |       element_type*    [01;31m[K_M_ptr[m[K;         // Contained pointer.
[22.930s]       |                        [01;31m[K^~~~~~[m[K
[22.931s] In file included from [01m[K/usr/include/c++/9/memory:81[m[K,
[22.935s]                  from [01m[K/home/mp4d/ros_motors/MyCode/path2pos/src/pos_writer.cpp:3[m[K:
[22.940s] /usr/include/c++/9/bits/shared_ptr.h: In instantiation of ‘[01m[Kclass std::shared_ptr<const std_msgs::msg::Int32_<std::allocator<void> >&>[m[K’:
[22.942s] [01m[K/opt/ros/foxy/include/rclcpp/message_memory_strategy.hpp:85:37:[m[K   recursively required from ‘[01m[Kstd::shared_ptr<_Tp> rclcpp::message_memory_strategy::MessageMemoryStrategy<MessageT, Alloc>::borrow_message() [with MessageT = const std_msgs::msg::Int32_<std::allocator<void> >&; Alloc = std::allocator<void>][m[K’
[22.943s] [01m[K/opt/ros/foxy/include/rclcpp/message_memory_strategy.hpp:85:37:[m[K   required from here
[22.944s] [01m[K/usr/include/c++/9/bits/shared_ptr.h:234:2:[m[K [01;31m[Kerror: [m[Kforming pointer to reference type ‘[01m[Kstd::shared_ptr<const std_msgs::msg::Int32_<std::allocator<void> >&>::element_type[m[K’ {aka ‘[01m[Kconst std_msgs::msg::Int32_<std::allocator<void> >&[m[K’}
[22.946s]   234 |  [01;31m[Kshared_ptr[m[K(const shared_ptr<_Yp>& __r, element_type* __p) noexcept
[22.947s]       |  [01;31m[K^~~~~~~~~~[m[K
[23.112s] In file included from [01m[K/usr/include/c++/9/bits/shared_ptr.h:52[m[K,
[23.113s]                  from [01m[K/usr/include/c++/9/memory:81[m[K,
[23.113s]                  from [01m[K/home/mp4d/ros_motors/MyCode/path2pos/src/pos_writer.cpp:3[m[K:
[23.114s] /usr/include/c++/9/bits/shared_ptr_base.h: In instantiation of ‘[01m[Kconstexpr std::__shared_ptr<_Tp, _Lp>::__shared_ptr() [with _Tp = const std_msgs::msg::Int32_<std::allocator<void> >&; __gnu_cxx::_Lock_policy _Lp = __gnu_cxx::_S_atomic][m[K’:
[23.115s] [01m[K/usr/include/c++/9/bits/shared_ptr_base.h:1287:9:[m[K   required from ‘[01m[Kvoid std::__shared_ptr<_Tp, _Lp>::reset() [with _Tp = const std_msgs::msg::Int32_<std::allocator<void> >&; __gnu_cxx::_Lock_policy _Lp = __gnu_cxx::_S_atomic][m[K’
[23.115s] [01m[K/opt/ros/foxy/include/rclcpp/message_memory_strategy.hpp:109:5:[m[K   required from ‘[01m[Kvoid rclcpp::message_memory_strategy::MessageMemoryStrategy<MessageT, Alloc>::return_message(std::shared_ptr<_Tp>&) [with MessageT = const std_msgs::msg::Int32_<std::allocator<void> >&; Alloc = std::allocator<void>][m[K’
[23.116s] [01m[K/opt/ros/foxy/include/rclcpp/message_memory_strategy.hpp:107:16:[m[K   required from here
[23.116s] [01m[K/usr/include/c++/9/bits/shared_ptr_base.h:1119:32:[m[K [01;31m[Kerror: [m[Kusing invalid field ‘[01m[Kstd::__shared_ptr<_Tp, _Lp>::_M_ptr[m[K’
[23.117s]  1119 |       : _M_ptr(0), _M_refcount([01;31m[K)[m[K
[23.117s]       |                                [01;31m[K^[m[K
[23.118s] /usr/include/c++/9/bits/shared_ptr_base.h: In instantiation of ‘[01m[Kvoid std::__shared_ptr<_Tp, _Lp>::swap(std::__shared_ptr<_Tp, _Lp>&) [with _Tp = const std_msgs::msg::Int32_<std::allocator<void> >&; __gnu_cxx::_Lock_policy _Lp = __gnu_cxx::_S_atomic][m[K’:
[23.118s] [01m[K/usr/include/c++/9/bits/shared_ptr_base.h:1287:24:[m[K   required from ‘[01m[Kvoid std::__shared_ptr<_Tp, _Lp>::reset() [with _Tp = const std_msgs::msg::Int32_<std::allocator<void> >&; __gnu_cxx::_Lock_policy _Lp = __gnu_cxx::_S_atomic][m[K’
[23.119s] [01m[K/opt/ros/foxy/include/rclcpp/message_memory_strategy.hpp:109:5:[m[K   required from ‘[01m[Kvoid rclcpp::message_memory_strategy::MessageMemoryStrategy<MessageT, Alloc>::return_message(std::shared_ptr<_Tp>&) [with MessageT = const std_msgs::msg::Int32_<std::allocator<void> >&; Alloc = std::allocator<void>][m[K’
[23.120s] [01m[K/opt/ros/foxy/include/rclcpp/message_memory_strategy.hpp:107:16:[m[K   required from here
[23.120s] [01m[K/usr/include/c++/9/bits/shared_ptr_base.h:1326:12:[m[K [01;31m[Kerror: [m[Kusing invalid field ‘[01m[Kstd::__shared_ptr<_Tp, _Lp>::_M_ptr[m[K’
[23.121s]  1326 |  std::swap([01;31m[K_M_ptr[m[K, __other._M_ptr);
[23.121s]       |            [01;31m[K^~~~~~[m[K
[23.122s] [01m[K/usr/include/c++/9/bits/shared_ptr_base.h:1326:28:[m[K [01;31m[Kerror: [m[K‘[01m[Kclass std::__shared_ptr<const std_msgs::msg::Int32_<std::allocator<void> >&, __gnu_cxx::_S_atomic>[m[K’ has no member named ‘[01m[K_M_ptr[m[K’
[23.122s]  1326 |  std::swap(_M_ptr, [01;31m[K__other._M_ptr[m[K);
[23.123s]       |                    [01;31m[K~~~~~~~~^~~~~~[m[K
[23.424s] In file included from [01m[K/usr/include/c++/9/functional:59[m[K,
[23.424s]                  from [01m[K/home/mp4d/ros_motors/MyCode/path2pos/src/pos_writer.cpp:2[m[K:
[23.425s] [01m[K/usr/include/c++/9/bits/std_function.h:[m[K At global scope:
[23.426s] [01m[K/usr/include/c++/9/bits/std_function.h:667:7:[m[K [01;31m[Kerror: [m[K‘[01m[Kstd::function<_Res(_ArgTypes ...)>::function(_Functor) [with _Functor = rclcpp::create_subscription_factory(CallbackT&&, const rclcpp::SubscriptionOptionsWithAllocator<AllocatorT>&, typename MessageMemoryStrategyT::SharedPtr, std::shared_ptr<rclcpp::topic_statistics::SubscriptionTopicStatistics<CallbackMessageT> >) [with MessageT = std_msgs::msg::Int32_<std::allocator<void> >; CallbackT = std::_Bind<void (MinimalPublisher::*(MinimalPublisher*, std::_Placeholder<1>))(const std_msgs::msg::Int32_<std::allocator<void> >&)>; AllocatorT = std::allocator<void>; CallbackMessageT = const std_msgs::msg::Int32_<std::allocator<void> >&; SubscriptionT = rclcpp::Subscription<const std_msgs::msg::Int32_<std::allocator<void> >&, std::allocator<void>, rclcpp::message_memory_strategy::MessageMemoryStrategy<const std_msgs::msg::Int32_<std::allocator<void> >&, std::allocator<void> > >; MessageMemoryStrategyT = rclcpp::message_memory_strategy::MessageMemoryStrategy<const std_msgs::msg::Int32_<std::allocator<void> >&, std::allocator<void> >; typename MessageMemoryStrategyT::SharedPtr = std::shared_ptr<rclcpp::message_memory_strategy::MessageMemoryStrategy<const std_msgs::msg::Int32_<std::allocator<void> >&, std::allocator<void> > >]::<lambda(rclcpp::node_interfaces::NodeBaseInterface*, const string&, const rclcpp::QoS&)>; <template-parameter-2-2> = void; <template-parameter-2-3> = void; _Res = std::shared_ptr<rclcpp::SubscriptionBase>; _ArgTypes = {rclcpp::node_interfaces::NodeBaseInterface*, const std::__cxx11::basic_string<char, std::char_traits<char>, std::allocator<char> >&, const rclcpp::QoS&}][m[K’, declared using local type ‘[01m[Krclcpp::create_subscription_factory(CallbackT&&, const rclcpp::SubscriptionOptionsWithAllocator<AllocatorT>&, typename MessageMemoryStrategyT::SharedPtr, std::shared_ptr<rclcpp::topic_statistics::SubscriptionTopicStatistics<CallbackMessageT> >) [with MessageT = std_msgs::msg::Int32_<std::allocator<void> >; CallbackT = std::_Bind<void (MinimalPublisher::*(MinimalPublisher*, std::_Placeholder<1>))(const std_msgs::msg::Int32_<std::allocator<void> >&)>; AllocatorT = std::allocator<void>; CallbackMessageT = const std_msgs::msg::Int32_<std::allocator<void> >&; SubscriptionT = rclcpp::Subscription<const std_msgs::msg::Int32_<std::allocator<void> >&, std::allocator<void>, rclcpp::message_memory_strategy::MessageMemoryStrategy<const std_msgs::msg::Int32_<std::allocator<void> >&, std::allocator<void> > >; MessageMemoryStrategyT = rclcpp::message_memory_strategy::MessageMemoryStrategy<const std_msgs::msg::Int32_<std::allocator<void> >&, std::allocator<void> >; typename MessageMemoryStrategyT::SharedPtr = std::shared_ptr<rclcpp::message_memory_strategy::MessageMemoryStrategy<const std_msgs::msg::Int32_<std::allocator<void> >&, std::allocator<void> > >]::<lambda(rclcpp::node_interfaces::NodeBaseInterface*, const string&, const rclcpp::QoS&)>[m[K’, is used but never defined [[01;31m[K-fpermissive[m[K]
[23.426s]   667 |       [01;31m[Kfunction<_Res(_ArgTypes...)>[m[K::
[23.427s]       |       [01;31m[K^~~~~~~~~~~~~~~~~~~~~~~~~~~~[m[K
[25.265s] make[2]: *** [CMakeFiles/pos_writer.dir/build.make:63: CMakeFiles/pos_writer.dir/src/pos_writer.cpp.o] Error 1
[25.267s] make[1]: *** [CMakeFiles/Makefile2:78: CMakeFiles/pos_writer.dir/all] Error 2
[25.268s] make: *** [Makefile:141: all] Error 2
[25.293s] Invoked command in '/home/mp4d/ros_motors/MyCode/build/path2pos' returned '2': CMAKE_PREFIX_PATH=/home/mp4d/ros_motors/DynamixelSDK/install/dynamixel_sdk_examples:/home/mp4d/ros_motors/DynamixelSDK/install/dynamixel_sdk_custom_interfaces:/home/mp4d/ros_motors/DynamixelSDK/install/dynamixel_sdk:/opt/ros/foxy:/home/mp4d/ros_camera/install/usb_cam:/home/mp4d/ros_camera/install/cam_sub /usr/bin/cmake --build /home/mp4d/ros_motors/MyCode/build/path2pos -- -j4 -l4
