[0.155s] Invoking command in '/home/mp4d/ros_motors/build/dynamixel_sdk_custom_interfaces': CMAKE_PREFIX_PATH=/home/mp4d/ros_motors/DynamixelSDK/install/dynamixel_sdk_examples:/home/mp4d/ros_motors/DynamixelSDK/install/dynamixel_sdk_custom_interfaces:/home/mp4d/ros_motors/DynamixelSDK/install/dynamixel_sdk:/opt/ros/foxy:/home/mp4d/ros_camera/install/usb_cam:/home/mp4d/ros_camera/install/cam_sub /usr/bin/cmake --build /home/mp4d/ros_motors/build/dynamixel_sdk_custom_interfaces -- -j4 -l4
[0.608s] [  2%] Built target dynamixel_sdk_custom_interfaces__cpp
[0.643s] [ 12%] Built target dynamixel_sdk_custom_interfaces__rosidl_generator_c
[0.805s] [ 23%] Built target dynamixel_sdk_custom_interfaces__rosidl_typesupport_cpp
[0.844s] [ 33%] Built target dynamixel_sdk_custom_interfaces__rosidl_typesupport_introspection_cpp
[0.991s] [ 43%] Built target dynamixel_sdk_custom_interfaces__rosidl_typesupport_introspection_c
[1.034s] [ 53%] Built target dynamixel_sdk_custom_interfaces__rosidl_typesupport_c
[1.298s] [ 64%] Built target dynamixel_sdk_custom_interfaces__rosidl_typesupport_fastrtps_cpp
[1.499s] [ 74%] Built target dynamixel_sdk_custom_interfaces__rosidl_typesupport_fastrtps_c
[1.656s] [ 74%] Built target dynamixel_sdk_custom_interfaces
[1.810s] [ 76%] Built target dynamixel_sdk_custom_interfaces__py
[1.982s] [ 84%] Built target dynamixel_sdk_custom_interfaces__python
[2.157s] [ 94%] Built target dynamixel_sdk_custom_interfaces__rosidl_typesupport_introspection_c__pyext
[2.158s] [ 94%] Built target dynamixel_sdk_custom_interfaces__rosidl_typesupport_c__pyext
[2.327s] [100%] Built target dynamixel_sdk_custom_interfaces__rosidl_typesupport_fastrtps_c__pyext
[2.406s] Invoked command in '/home/mp4d/ros_motors/build/dynamixel_sdk_custom_interfaces' returned '0': CMAKE_PREFIX_PATH=/home/mp4d/ros_motors/DynamixelSDK/install/dynamixel_sdk_examples:/home/mp4d/ros_motors/DynamixelSDK/install/dynamixel_sdk_custom_interfaces:/home/mp4d/ros_motors/DynamixelSDK/install/dynamixel_sdk:/opt/ros/foxy:/home/mp4d/ros_camera/install/usb_cam:/home/mp4d/ros_camera/install/cam_sub /usr/bin/cmake --build /home/mp4d/ros_motors/build/dynamixel_sdk_custom_interfaces -- -j4 -l4
[2.695s] Invoking command in '/home/mp4d/ros_motors/build/dynamixel_sdk_custom_interfaces': CMAKE_PREFIX_PATH=/home/mp4d/ros_motors/DynamixelSDK/install/dynamixel_sdk_examples:/home/mp4d/ros_motors/DynamixelSDK/install/dynamixel_sdk_custom_interfaces:/home/mp4d/ros_motors/DynamixelSDK/install/dynamixel_sdk:/opt/ros/foxy:/home/mp4d/ros_camera/install/usb_cam:/home/mp4d/ros_camera/install/cam_sub /usr/bin/cmake --install /home/mp4d/ros_motors/build/dynamixel_sdk_custom_interfaces
[2.774s] -- Install configuration: ""
[2.775s] -- Up-to-date: /home/mp4d/ros_motors/install/dynamixel_sdk_custom_interfaces/share/ament_index/resource_index/rosidl_interfaces/dynamixel_sdk_custom_interfaces
[2.776s] -- Up-to-date: /home/mp4d/ros_motors/install/dynamixel_sdk_custom_interfaces/include/dynamixel_sdk_custom_interfaces
[2.776s] -- Up-to-date: /home/mp4d/ros_motors/install/dynamixel_sdk_custom_interfaces/include/dynamixel_sdk_custom_interfaces/msg
[2.777s] -- Up-to-date: /home/mp4d/ros_motors/install/dynamixel_sdk_custom_interfaces/include/dynamixel_sdk_custom_interfaces/msg/detail
[2.778s] -- Up-to-date: /home/mp4d/ros_motors/install/dynamixel_sdk_custom_interfaces/include/dynamixel_sdk_custom_interfaces/msg/detail/set_position__type_support.h
[2.779s] -- Up-to-date: /home/mp4d/ros_motors/install/dynamixel_sdk_custom_interfaces/include/dynamixel_sdk_custom_interfaces/msg/detail/set_position__struct.h
[2.780s] -- Up-to-date: /home/mp4d/ros_motors/install/dynamixel_sdk_custom_interfaces/include/dynamixel_sdk_custom_interfaces/msg/detail/set_position__functions.c
[2.780s] -- Up-to-date: /home/mp4d/ros_motors/install/dynamixel_sdk_custom_interfaces/include/dynamixel_sdk_custom_interfaces/msg/detail/set_position__functions.h
[2.781s] -- Up-to-date: /home/mp4d/ros_motors/install/dynamixel_sdk_custom_interfaces/include/dynamixel_sdk_custom_interfaces/msg/rosidl_generator_c__visibility_control.h
[2.782s] -- Up-to-date: /home/mp4d/ros_motors/install/dynamixel_sdk_custom_interfaces/include/dynamixel_sdk_custom_interfaces/msg/set_position.h
[2.783s] -- Up-to-date: /home/mp4d/ros_motors/install/dynamixel_sdk_custom_interfaces/include/dynamixel_sdk_custom_interfaces/srv
[2.784s] -- Up-to-date: /home/mp4d/ros_motors/install/dynamixel_sdk_custom_interfaces/include/dynamixel_sdk_custom_interfaces/srv/detail
[2.784s] -- Up-to-date: /home/mp4d/ros_motors/install/dynamixel_sdk_custom_interfaces/include/dynamixel_sdk_custom_interfaces/srv/detail/get_position__functions.c
[2.785s] -- Up-to-date: /home/mp4d/ros_motors/install/dynamixel_sdk_custom_interfaces/include/dynamixel_sdk_custom_interfaces/srv/detail/get_position__struct.h
[2.785s] -- Up-to-date: /home/mp4d/ros_motors/install/dynamixel_sdk_custom_interfaces/include/dynamixel_sdk_custom_interfaces/srv/detail/get_position__functions.h
[2.786s] -- Up-to-date: /home/mp4d/ros_motors/install/dynamixel_sdk_custom_interfaces/include/dynamixel_sdk_custom_interfaces/srv/detail/get_position__type_support.h
[2.787s] -- Up-to-date: /home/mp4d/ros_motors/install/dynamixel_sdk_custom_interfaces/include/dynamixel_sdk_custom_interfaces/srv/get_position.h
[2.788s] -- Up-to-date: /home/mp4d/ros_motors/install/dynamixel_sdk_custom_interfaces/share/dynamixel_sdk_custom_interfaces/environment/library_path.sh
[2.788s] -- Up-to-date: /home/mp4d/ros_motors/install/dynamixel_sdk_custom_interfaces/share/dynamixel_sdk_custom_interfaces/environment/library_path.dsv
[2.789s] -- Up-to-date: /home/mp4d/ros_motors/install/dynamixel_sdk_custom_interfaces/lib/libdynamixel_sdk_custom_interfaces__rosidl_generator_c.so
[2.789s] -- Up-to-date: /home/mp4d/ros_motors/install/dynamixel_sdk_custom_interfaces/include/dynamixel_sdk_custom_interfaces
[2.790s] -- Up-to-date: /home/mp4d/ros_motors/install/dynamixel_sdk_custom_interfaces/include/dynamixel_sdk_custom_interfaces/msg
[2.791s] -- Up-to-date: /home/mp4d/ros_motors/install/dynamixel_sdk_custom_interfaces/include/dynamixel_sdk_custom_interfaces/msg/detail
[2.791s] -- Up-to-date: /home/mp4d/ros_motors/install/dynamixel_sdk_custom_interfaces/include/dynamixel_sdk_custom_interfaces/msg/detail/set_position__rosidl_typesupport_fastrtps_c.h
[2.792s] -- Up-to-date: /home/mp4d/ros_motors/install/dynamixel_sdk_custom_interfaces/include/dynamixel_sdk_custom_interfaces/msg/rosidl_typesupport_fastrtps_c__visibility_control.h
[2.793s] -- Up-to-date: /home/mp4d/ros_motors/install/dynamixel_sdk_custom_interfaces/include/dynamixel_sdk_custom_interfaces/srv
[2.794s] -- Up-to-date: /home/mp4d/ros_motors/install/dynamixel_sdk_custom_interfaces/include/dynamixel_sdk_custom_interfaces/srv/detail
[2.795s] -- Up-to-date: /home/mp4d/ros_motors/install/dynamixel_sdk_custom_interfaces/include/dynamixel_sdk_custom_interfaces/srv/detail/get_position__rosidl_typesupport_fastrtps_c.h
[2.796s] -- Up-to-date: /home/mp4d/ros_motors/install/dynamixel_sdk_custom_interfaces/lib/libdynamixel_sdk_custom_interfaces__rosidl_typesupport_fastrtps_c.so
[2.797s] -- Up-to-date: /home/mp4d/ros_motors/install/dynamixel_sdk_custom_interfaces/include/dynamixel_sdk_custom_interfaces
[2.798s] -- Up-to-date: /home/mp4d/ros_motors/install/dynamixel_sdk_custom_interfaces/include/dynamixel_sdk_custom_interfaces/msg
[2.799s] -- Up-to-date: /home/mp4d/ros_motors/install/dynamixel_sdk_custom_interfaces/include/dynamixel_sdk_custom_interfaces/msg/detail
[2.799s] -- Up-to-date: /home/mp4d/ros_motors/install/dynamixel_sdk_custom_interfaces/include/dynamixel_sdk_custom_interfaces/msg/detail/set_position__rosidl_typesupport_fastrtps_cpp.hpp
[2.800s] -- Up-to-date: /home/mp4d/ros_motors/install/dynamixel_sdk_custom_interfaces/include/dynamixel_sdk_custom_interfaces/msg/detail/dds_fastrtps
[2.800s] -- Up-to-date: /home/mp4d/ros_motors/install/dynamixel_sdk_custom_interfaces/include/dynamixel_sdk_custom_interfaces/msg/rosidl_typesupport_fastrtps_cpp__visibility_control.h
[2.801s] -- Up-to-date: /home/mp4d/ros_motors/install/dynamixel_sdk_custom_interfaces/include/dynamixel_sdk_custom_interfaces/srv
[2.802s] -- Up-to-date: /home/mp4d/ros_motors/install/dynamixel_sdk_custom_interfaces/include/dynamixel_sdk_custom_interfaces/srv/detail
[2.802s] -- Up-to-date: /home/mp4d/ros_motors/install/dynamixel_sdk_custom_interfaces/include/dynamixel_sdk_custom_interfaces/srv/detail/get_position__rosidl_typesupport_fastrtps_cpp.hpp
[2.803s] -- Up-to-date: /home/mp4d/ros_motors/install/dynamixel_sdk_custom_interfaces/include/dynamixel_sdk_custom_interfaces/srv/detail/dds_fastrtps
[2.804s] -- Up-to-date: /home/mp4d/ros_motors/install/dynamixel_sdk_custom_interfaces/lib/libdynamixel_sdk_custom_interfaces__rosidl_typesupport_fastrtps_cpp.so
[2.804s] -- Up-to-date: /home/mp4d/ros_motors/install/dynamixel_sdk_custom_interfaces/include/dynamixel_sdk_custom_interfaces
[2.805s] -- Up-to-date: /home/mp4d/ros_motors/install/dynamixel_sdk_custom_interfaces/include/dynamixel_sdk_custom_interfaces/msg
[2.805s] -- Up-to-date: /home/mp4d/ros_motors/install/dynamixel_sdk_custom_interfaces/include/dynamixel_sdk_custom_interfaces/msg/detail
[2.806s] -- Up-to-date: /home/mp4d/ros_motors/install/dynamixel_sdk_custom_interfaces/include/dynamixel_sdk_custom_interfaces/msg/detail/set_position__rosidl_typesupport_introspection_c.h
[2.806s] -- Up-to-date: /home/mp4d/ros_motors/install/dynamixel_sdk_custom_interfaces/include/dynamixel_sdk_custom_interfaces/msg/detail/set_position__type_support.c
[2.807s] -- Up-to-date: /home/mp4d/ros_motors/install/dynamixel_sdk_custom_interfaces/include/dynamixel_sdk_custom_interfaces/msg/rosidl_typesupport_introspection_c__visibility_control.h
[2.808s] -- Up-to-date: /home/mp4d/ros_motors/install/dynamixel_sdk_custom_interfaces/include/dynamixel_sdk_custom_interfaces/srv
[2.808s] -- Up-to-date: /home/mp4d/ros_motors/install/dynamixel_sdk_custom_interfaces/include/dynamixel_sdk_custom_interfaces/srv/detail
[2.809s] -- Up-to-date: /home/mp4d/ros_motors/install/dynamixel_sdk_custom_interfaces/include/dynamixel_sdk_custom_interfaces/srv/detail/get_position__rosidl_typesupport_introspection_c.h
[2.809s] -- Up-to-date: /home/mp4d/ros_motors/install/dynamixel_sdk_custom_interfaces/include/dynamixel_sdk_custom_interfaces/srv/detail/get_position__type_support.c
[2.810s] -- Up-to-date: /home/mp4d/ros_motors/install/dynamixel_sdk_custom_interfaces/lib/libdynamixel_sdk_custom_interfaces__rosidl_typesupport_introspection_c.so
[2.810s] -- Up-to-date: /home/mp4d/ros_motors/install/dynamixel_sdk_custom_interfaces/lib/libdynamixel_sdk_custom_interfaces__rosidl_typesupport_c.so
[2.811s] -- Up-to-date: /home/mp4d/ros_motors/install/dynamixel_sdk_custom_interfaces/include/dynamixel_sdk_custom_interfaces
[2.812s] -- Up-to-date: /home/mp4d/ros_motors/install/dynamixel_sdk_custom_interfaces/include/dynamixel_sdk_custom_interfaces/msg
[2.812s] -- Up-to-date: /home/mp4d/ros_motors/install/dynamixel_sdk_custom_interfaces/include/dynamixel_sdk_custom_interfaces/msg/detail
[2.813s] -- Up-to-date: /home/mp4d/ros_motors/install/dynamixel_sdk_custom_interfaces/include/dynamixel_sdk_custom_interfaces/msg/detail/set_position__struct.hpp
[2.813s] -- Up-to-date: /home/mp4d/ros_motors/install/dynamixel_sdk_custom_interfaces/include/dynamixel_sdk_custom_interfaces/msg/detail/set_position__type_support.hpp
[2.814s] -- Up-to-date: /home/mp4d/ros_motors/install/dynamixel_sdk_custom_interfaces/include/dynamixel_sdk_custom_interfaces/msg/detail/set_position__builder.hpp
[2.814s] -- Up-to-date: /home/mp4d/ros_motors/install/dynamixel_sdk_custom_interfaces/include/dynamixel_sdk_custom_interfaces/msg/detail/set_position__traits.hpp
[2.815s] -- Up-to-date: /home/mp4d/ros_motors/install/dynamixel_sdk_custom_interfaces/include/dynamixel_sdk_custom_interfaces/msg/rosidl_generator_cpp__visibility_control.hpp
[2.816s] -- Up-to-date: /home/mp4d/ros_motors/install/dynamixel_sdk_custom_interfaces/include/dynamixel_sdk_custom_interfaces/msg/set_position.hpp
[2.816s] -- Up-to-date: /home/mp4d/ros_motors/install/dynamixel_sdk_custom_interfaces/include/dynamixel_sdk_custom_interfaces/srv
[2.817s] -- Up-to-date: /home/mp4d/ros_motors/install/dynamixel_sdk_custom_interfaces/include/dynamixel_sdk_custom_interfaces/srv/detail
[2.817s] -- Up-to-date: /home/mp4d/ros_motors/install/dynamixel_sdk_custom_interfaces/include/dynamixel_sdk_custom_interfaces/srv/detail/get_position__type_support.hpp
[2.818s] -- Up-to-date: /home/mp4d/ros_motors/install/dynamixel_sdk_custom_interfaces/include/dynamixel_sdk_custom_interfaces/srv/detail/get_position__traits.hpp
[2.818s] -- Up-to-date: /home/mp4d/ros_motors/install/dynamixel_sdk_custom_interfaces/include/dynamixel_sdk_custom_interfaces/srv/detail/get_position__struct.hpp
[2.819s] -- Up-to-date: /home/mp4d/ros_motors/install/dynamixel_sdk_custom_interfaces/include/dynamixel_sdk_custom_interfaces/srv/detail/get_position__builder.hpp
[2.819s] -- Up-to-date: /home/mp4d/ros_motors/install/dynamixel_sdk_custom_interfaces/include/dynamixel_sdk_custom_interfaces/srv/get_position.hpp
[2.820s] -- Up-to-date: /home/mp4d/ros_motors/install/dynamixel_sdk_custom_interfaces/include/dynamixel_sdk_custom_interfaces
[2.821s] -- Up-to-date: /home/mp4d/ros_motors/install/dynamixel_sdk_custom_interfaces/include/dynamixel_sdk_custom_interfaces/msg
[2.821s] -- Up-to-date: /home/mp4d/ros_motors/install/dynamixel_sdk_custom_interfaces/include/dynamixel_sdk_custom_interfaces/msg/detail
[2.822s] -- Up-to-date: /home/mp4d/ros_motors/install/dynamixel_sdk_custom_interfaces/include/dynamixel_sdk_custom_interfaces/msg/detail/set_position__rosidl_typesupport_introspection_cpp.hpp
[2.822s] -- Up-to-date: /home/mp4d/ros_motors/install/dynamixel_sdk_custom_interfaces/include/dynamixel_sdk_custom_interfaces/msg/detail/set_position__type_support.cpp
[2.823s] -- Up-to-date: /home/mp4d/ros_motors/install/dynamixel_sdk_custom_interfaces/include/dynamixel_sdk_custom_interfaces/srv
[2.823s] -- Up-to-date: /home/mp4d/ros_motors/install/dynamixel_sdk_custom_interfaces/include/dynamixel_sdk_custom_interfaces/srv/detail
[2.824s] -- Up-to-date: /home/mp4d/ros_motors/install/dynamixel_sdk_custom_interfaces/include/dynamixel_sdk_custom_interfaces/srv/detail/get_position__rosidl_typesupport_introspection_cpp.hpp
[2.825s] -- Up-to-date: /home/mp4d/ros_motors/install/dynamixel_sdk_custom_interfaces/include/dynamixel_sdk_custom_interfaces/srv/detail/get_position__type_support.cpp
[2.825s] -- Up-to-date: /home/mp4d/ros_motors/install/dynamixel_sdk_custom_interfaces/lib/libdynamixel_sdk_custom_interfaces__rosidl_typesupport_introspection_cpp.so
[2.826s] -- Up-to-date: /home/mp4d/ros_motors/install/dynamixel_sdk_custom_interfaces/lib/libdynamixel_sdk_custom_interfaces__rosidl_typesupport_cpp.so
[2.826s] -- Up-to-date: /home/mp4d/ros_motors/install/dynamixel_sdk_custom_interfaces/share/dynamixel_sdk_custom_interfaces/environment/pythonpath.sh
[2.827s] -- Up-to-date: /home/mp4d/ros_motors/install/dynamixel_sdk_custom_interfaces/share/dynamixel_sdk_custom_interfaces/environment/pythonpath.dsv
[2.827s] -- Up-to-date: /home/mp4d/ros_motors/install/dynamixel_sdk_custom_interfaces/lib/python3.8/site-packages/dynamixel_sdk_custom_interfaces/__init__.py
[3.094s] -- Up-to-date: /home/mp4d/ros_motors/install/dynamixel_sdk_custom_interfaces/lib/python3.8/site-packages/dynamixel_sdk_custom_interfaces/msg
[3.095s] -- Up-to-date: /home/mp4d/ros_motors/install/dynamixel_sdk_custom_interfaces/lib/python3.8/site-packages/dynamixel_sdk_custom_interfaces/msg/_set_position.py
[3.096s] -- Up-to-date: /home/mp4d/ros_motors/install/dynamixel_sdk_custom_interfaces/lib/python3.8/site-packages/dynamixel_sdk_custom_interfaces/msg/__init__.py
[3.096s] -- Up-to-date: /home/mp4d/ros_motors/install/dynamixel_sdk_custom_interfaces/lib/python3.8/site-packages/dynamixel_sdk_custom_interfaces/msg/_set_position_s.c
[3.097s] -- Up-to-date: /home/mp4d/ros_motors/install/dynamixel_sdk_custom_interfaces/lib/python3.8/site-packages/dynamixel_sdk_custom_interfaces/srv
[3.098s] -- Up-to-date: /home/mp4d/ros_motors/install/dynamixel_sdk_custom_interfaces/lib/python3.8/site-packages/dynamixel_sdk_custom_interfaces/srv/_get_position.py
[3.098s] -- Up-to-date: /home/mp4d/ros_motors/install/dynamixel_sdk_custom_interfaces/lib/python3.8/site-packages/dynamixel_sdk_custom_interfaces/srv/__init__.py
[3.099s] -- Up-to-date: /home/mp4d/ros_motors/install/dynamixel_sdk_custom_interfaces/lib/python3.8/site-packages/dynamixel_sdk_custom_interfaces/srv/_get_position_s.c
[3.099s] -- Up-to-date: /home/mp4d/ros_motors/install/dynamixel_sdk_custom_interfaces/lib/python3.8/site-packages/dynamixel_sdk_custom_interfaces/dynamixel_sdk_custom_interfaces_s__rosidl_typesupport_fastrtps_c.cpython-38-aarch64-linux-gnu.so
[3.102s] -- Up-to-date: /home/mp4d/ros_motors/install/dynamixel_sdk_custom_interfaces/lib/python3.8/site-packages/dynamixel_sdk_custom_interfaces/dynamixel_sdk_custom_interfaces_s__rosidl_typesupport_introspection_c.cpython-38-aarch64-linux-gnu.so
[3.106s] -- Up-to-date: /home/mp4d/ros_motors/install/dynamixel_sdk_custom_interfaces/lib/python3.8/site-packages/dynamixel_sdk_custom_interfaces/dynamixel_sdk_custom_interfaces_s__rosidl_typesupport_c.cpython-38-aarch64-linux-gnu.so
[3.109s] -- Up-to-date: /home/mp4d/ros_motors/install/dynamixel_sdk_custom_interfaces/lib/libdynamixel_sdk_custom_interfaces__python.so
[3.110s] -- Up-to-date: /home/mp4d/ros_motors/install/dynamixel_sdk_custom_interfaces/share/dynamixel_sdk_custom_interfaces/msg/SetPosition.idl
[3.111s] -- Up-to-date: /home/mp4d/ros_motors/install/dynamixel_sdk_custom_interfaces/share/dynamixel_sdk_custom_interfaces/srv/GetPosition.idl
[3.112s] -- Up-to-date: /home/mp4d/ros_motors/install/dynamixel_sdk_custom_interfaces/share/dynamixel_sdk_custom_interfaces/msg/SetPosition.msg
[3.112s] -- Up-to-date: /home/mp4d/ros_motors/install/dynamixel_sdk_custom_interfaces/share/dynamixel_sdk_custom_interfaces/srv/GetPosition.srv
[3.113s] -- Up-to-date: /home/mp4d/ros_motors/install/dynamixel_sdk_custom_interfaces/share/dynamixel_sdk_custom_interfaces/srv/GetPosition_Request.msg
[3.114s] -- Up-to-date: /home/mp4d/ros_motors/install/dynamixel_sdk_custom_interfaces/share/dynamixel_sdk_custom_interfaces/srv/GetPosition_Response.msg
[3.115s] -- Up-to-date: /home/mp4d/ros_motors/install/dynamixel_sdk_custom_interfaces/share/ament_index/resource_index/package_run_dependencies/dynamixel_sdk_custom_interfaces
[3.115s] -- Up-to-date: /home/mp4d/ros_motors/install/dynamixel_sdk_custom_interfaces/share/ament_index/resource_index/parent_prefix_path/dynamixel_sdk_custom_interfaces
[3.116s] -- Up-to-date: /home/mp4d/ros_motors/install/dynamixel_sdk_custom_interfaces/share/dynamixel_sdk_custom_interfaces/environment/ament_prefix_path.sh
[3.117s] -- Up-to-date: /home/mp4d/ros_motors/install/dynamixel_sdk_custom_interfaces/share/dynamixel_sdk_custom_interfaces/environment/ament_prefix_path.dsv
[3.117s] -- Up-to-date: /home/mp4d/ros_motors/install/dynamixel_sdk_custom_interfaces/share/dynamixel_sdk_custom_interfaces/environment/path.sh
[3.118s] -- Up-to-date: /home/mp4d/ros_motors/install/dynamixel_sdk_custom_interfaces/share/dynamixel_sdk_custom_interfaces/environment/path.dsv
[3.118s] -- Up-to-date: /home/mp4d/ros_motors/install/dynamixel_sdk_custom_interfaces/share/dynamixel_sdk_custom_interfaces/local_setup.bash
[3.119s] -- Up-to-date: /home/mp4d/ros_motors/install/dynamixel_sdk_custom_interfaces/share/dynamixel_sdk_custom_interfaces/local_setup.sh
[3.119s] -- Up-to-date: /home/mp4d/ros_motors/install/dynamixel_sdk_custom_interfaces/share/dynamixel_sdk_custom_interfaces/local_setup.zsh
[3.120s] -- Up-to-date: /home/mp4d/ros_motors/install/dynamixel_sdk_custom_interfaces/share/dynamixel_sdk_custom_interfaces/local_setup.dsv
[3.120s] -- Installing: /home/mp4d/ros_motors/install/dynamixel_sdk_custom_interfaces/share/dynamixel_sdk_custom_interfaces/package.dsv
[3.121s] -- Up-to-date: /home/mp4d/ros_motors/install/dynamixel_sdk_custom_interfaces/share/ament_index/resource_index/packages/dynamixel_sdk_custom_interfaces
[3.122s] -- Up-to-date: /home/mp4d/ros_motors/install/dynamixel_sdk_custom_interfaces/share/dynamixel_sdk_custom_interfaces/cmake/dynamixel_sdk_custom_interfaces__rosidl_generator_cExport.cmake
[3.123s] -- Up-to-date: /home/mp4d/ros_motors/install/dynamixel_sdk_custom_interfaces/share/dynamixel_sdk_custom_interfaces/cmake/dynamixel_sdk_custom_interfaces__rosidl_generator_cExport-noconfig.cmake
[3.125s] -- Up-to-date: /home/mp4d/ros_motors/install/dynamixel_sdk_custom_interfaces/share/dynamixel_sdk_custom_interfaces/cmake/dynamixel_sdk_custom_interfaces__rosidl_typesupport_introspection_cExport.cmake
[3.126s] -- Up-to-date: /home/mp4d/ros_motors/install/dynamixel_sdk_custom_interfaces/share/dynamixel_sdk_custom_interfaces/cmake/dynamixel_sdk_custom_interfaces__rosidl_typesupport_introspection_cExport-noconfig.cmake
[3.127s] -- Up-to-date: /home/mp4d/ros_motors/install/dynamixel_sdk_custom_interfaces/share/dynamixel_sdk_custom_interfaces/cmake/dynamixel_sdk_custom_interfaces__rosidl_typesupport_cExport.cmake
[3.128s] -- Up-to-date: /home/mp4d/ros_motors/install/dynamixel_sdk_custom_interfaces/share/dynamixel_sdk_custom_interfaces/cmake/dynamixel_sdk_custom_interfaces__rosidl_typesupport_cExport-noconfig.cmake
[3.130s] -- Up-to-date: /home/mp4d/ros_motors/install/dynamixel_sdk_custom_interfaces/share/dynamixel_sdk_custom_interfaces/cmake/dynamixel_sdk_custom_interfaces__rosidl_generator_cppExport.cmake
[3.132s] -- Up-to-date: /home/mp4d/ros_motors/install/dynamixel_sdk_custom_interfaces/share/dynamixel_sdk_custom_interfaces/cmake/dynamixel_sdk_custom_interfaces__rosidl_typesupport_introspection_cppExport.cmake
[3.132s] -- Up-to-date: /home/mp4d/ros_motors/install/dynamixel_sdk_custom_interfaces/share/dynamixel_sdk_custom_interfaces/cmake/dynamixel_sdk_custom_interfaces__rosidl_typesupport_introspection_cppExport-noconfig.cmake
[3.134s] -- Up-to-date: /home/mp4d/ros_motors/install/dynamixel_sdk_custom_interfaces/share/dynamixel_sdk_custom_interfaces/cmake/dynamixel_sdk_custom_interfaces__rosidl_typesupport_cppExport.cmake
[3.136s] -- Up-to-date: /home/mp4d/ros_motors/install/dynamixel_sdk_custom_interfaces/share/dynamixel_sdk_custom_interfaces/cmake/dynamixel_sdk_custom_interfaces__rosidl_typesupport_cppExport-noconfig.cmake
[3.137s] -- Up-to-date: /home/mp4d/ros_motors/install/dynamixel_sdk_custom_interfaces/share/dynamixel_sdk_custom_interfaces/cmake/rosidl_cmake-extras.cmake
[3.138s] -- Up-to-date: /home/mp4d/ros_motors/install/dynamixel_sdk_custom_interfaces/share/dynamixel_sdk_custom_interfaces/cmake/ament_cmake_export_dependencies-extras.cmake
[3.139s] -- Up-to-date: /home/mp4d/ros_motors/install/dynamixel_sdk_custom_interfaces/share/dynamixel_sdk_custom_interfaces/cmake/ament_cmake_export_libraries-extras.cmake
[3.139s] -- Up-to-date: /home/mp4d/ros_motors/install/dynamixel_sdk_custom_interfaces/share/dynamixel_sdk_custom_interfaces/cmake/ament_cmake_export_targets-extras.cmake
[3.140s] -- Up-to-date: /home/mp4d/ros_motors/install/dynamixel_sdk_custom_interfaces/share/dynamixel_sdk_custom_interfaces/cmake/ament_cmake_export_include_directories-extras.cmake
[3.141s] -- Up-to-date: /home/mp4d/ros_motors/install/dynamixel_sdk_custom_interfaces/share/dynamixel_sdk_custom_interfaces/cmake/rosidl_cmake_export_typesupport_libraries-extras.cmake
[3.141s] -- Up-to-date: /home/mp4d/ros_motors/install/dynamixel_sdk_custom_interfaces/share/dynamixel_sdk_custom_interfaces/cmake/rosidl_cmake_export_typesupport_targets-extras.cmake
[3.142s] -- Up-to-date: /home/mp4d/ros_motors/install/dynamixel_sdk_custom_interfaces/share/dynamixel_sdk_custom_interfaces/cmake/dynamixel_sdk_custom_interfacesConfig.cmake
[3.142s] -- Up-to-date: /home/mp4d/ros_motors/install/dynamixel_sdk_custom_interfaces/share/dynamixel_sdk_custom_interfaces/cmake/dynamixel_sdk_custom_interfacesConfig-version.cmake
[3.143s] -- Up-to-date: /home/mp4d/ros_motors/install/dynamixel_sdk_custom_interfaces/share/dynamixel_sdk_custom_interfaces/package.xml
[3.160s] Invoked command in '/home/mp4d/ros_motors/build/dynamixel_sdk_custom_interfaces' returned '0': CMAKE_PREFIX_PATH=/home/mp4d/ros_motors/DynamixelSDK/install/dynamixel_sdk_examples:/home/mp4d/ros_motors/DynamixelSDK/install/dynamixel_sdk_custom_interfaces:/home/mp4d/ros_motors/DynamixelSDK/install/dynamixel_sdk:/opt/ros/foxy:/home/mp4d/ros_camera/install/usb_cam:/home/mp4d/ros_camera/install/cam_sub /usr/bin/cmake --install /home/mp4d/ros_motors/build/dynamixel_sdk_custom_interfaces
