[0.026s] Invoking command in '/home/vincent/Embedded-System/ros_interface_node/fpga_interface/build/fpga_interface': CMAKE_PREFIX_PATH=${CMAKE_PREFIX_PATH}:/opt/ros/foxy /usr/bin/cmake --build /home/vincent/Embedded-System/ros_interface_node/fpga_interface/build/fpga_interface -- -j4 -l4
[0.072s] -- Found ament_cmake: 0.9.12 (/opt/ros/foxy/share/ament_cmake/cmake)
[0.113s] -- Using PYTHON_EXECUTABLE: /usr/bin/python3
[0.439s] -- Found rclcpp: 2.4.3 (/opt/ros/foxy/share/rclcpp/cmake)
[0.504s] -- Using all available rosidl_typesupport_c: rosidl_typesupport_fastrtps_c;rosidl_typesupport_introspection_c
[0.513s] -- Found rosidl_adapter: 1.3.1 (/opt/ros/foxy/share/rosidl_adapter/cmake)
[0.709s] -- Using all available rosidl_typesupport_cpp: rosidl_typesupport_fastrtps_cpp;rosidl_typesupport_introspection_cpp
[0.799s] -- Found rmw_implementation_cmake: 1.0.4 (/opt/ros/foxy/share/rmw_implementation_cmake/cmake)
[0.803s] -- Using RMW implementation 'rmw_fastrtps_cpp' as default
[1.047s] CMake Error at /opt/ros/foxy/share/ament_cmake_target_dependencies/cmake/ament_target_dependencies.cmake:77 (message):
[1.047s]   ament_target_dependencies() the passed package name 'sensor_msgs' was not
[1.048s]   found before
[1.048s] Call Stack (most recent call first):
[1.048s]   CMakeLists.txt:28 (ament_target_dependencies)
[1.048s] 
[1.048s] 
[1.050s] -- Configuring incomplete, errors occurred!
[1.050s] See also "/home/vincent/Embedded-System/ros_interface_node/fpga_interface/build/fpga_interface/CMakeFiles/CMakeOutput.log".
[1.050s] See also "/home/vincent/Embedded-System/ros_interface_node/fpga_interface/build/fpga_interface/CMakeFiles/CMakeError.log".
[1.060s] make: *** [Makefile:266: cmake_check_build_system] Error 1
[1.063s] Invoked command in '/home/vincent/Embedded-System/ros_interface_node/fpga_interface/build/fpga_interface' returned '2': CMAKE_PREFIX_PATH=${CMAKE_PREFIX_PATH}:/opt/ros/foxy /usr/bin/cmake --build /home/vincent/Embedded-System/ros_interface_node/fpga_interface/build/fpga_interface -- -j4 -l4
