[0.684s] DEBUG:colcon:Command line arguments: ['/usr/bin/colcon', 'build']
[0.685s] DEBUG:colcon:Parsed command line arguments: Namespace(allow_overriding=[], ament_cmake_args=None, base_paths=['.'], build_base='build', catkin_cmake_args=None, catkin_skip_building_tests=False, cmake_args=None, cmake_clean_cache=False, cmake_clean_first=False, cmake_force_configure=False, cmake_target=None, cmake_target_skip_unavailable=False, continue_on_error=False, event_handlers=None, executor='parallel', ignore_user_meta=False, install_base='install', log_base=None, log_level=None, main=<bound method BuildVerb.main of <colcon_core.verb.build.BuildVerb object at 0x7f44850a6bb0>>, merge_install=False, metas=['./colcon.meta'], mixin=None, mixin_files=None, mixin_verb=('build',), packages_above=None, packages_above_and_dependencies=None, packages_above_depth=None, packages_end=None, packages_ignore=None, packages_ignore_regex=None, packages_select=None, packages_select_build_failed=False, packages_select_by_dep=None, packages_select_regex=None, packages_select_test_failures=False, packages_skip=None, packages_skip_build_finished=False, packages_skip_by_dep=None, packages_skip_regex=None, packages_skip_test_passed=False, packages_skip_up_to=None, packages_start=None, packages_up_to=None, packages_up_to_regex=None, parallel_workers=4, paths=None, symlink_install=False, test_result_base=None, verb_extension=<colcon_core.verb.build.BuildVerb object at 0x7f44850a6bb0>, verb_name='build', verb_parser=<colcon_mixin.mixin.mixin_argument.MixinArgumentDecorator object at 0x7f4484fedca0>)
[1.097s] Level 1:colcon.colcon_core.package_discovery:discover_packages(colcon_meta) check parameters
[1.098s] Level 1:colcon.colcon_core.package_discovery:discover_packages(recursive) check parameters
[1.098s] Level 1:colcon.colcon_core.package_discovery:discover_packages(ignore) check parameters
[1.098s] Level 1:colcon.colcon_core.package_discovery:discover_packages(path) check parameters
[1.098s] Level 1:colcon.colcon_core.package_discovery:discover_packages(colcon_meta) discover
[1.098s] Level 1:colcon.colcon_core.package_discovery:discover_packages(recursive) discover
[1.098s] INFO:colcon.colcon_core.package_discovery:Crawling recursively for packages in '/home/vincent/Embedded-System/ros_interface_node/fpga_interface'
[1.098s] Level 1:colcon.colcon_core.package_identification:_identify(.) by extensions ['ignore', 'ignore_ament_install']
[1.098s] Level 1:colcon.colcon_core.package_identification:_identify(.) by extension 'ignore'
[1.098s] Level 1:colcon.colcon_core.package_identification:_identify(.) by extension 'ignore_ament_install'
[1.098s] Level 1:colcon.colcon_core.package_identification:_identify(.) by extensions ['colcon_pkg']
[1.099s] Level 1:colcon.colcon_core.package_identification:_identify(.) by extension 'colcon_pkg'
[1.099s] Level 1:colcon.colcon_core.package_identification:_identify(.) by extensions ['colcon_meta']
[1.099s] Level 1:colcon.colcon_core.package_identification:_identify(.) by extension 'colcon_meta'
[1.099s] Level 1:colcon.colcon_core.package_identification:_identify(.) by extensions ['ros']
[1.099s] Level 1:colcon.colcon_core.package_identification:_identify(.) by extension 'ros'
[1.154s] DEBUG:colcon.colcon_core.package_identification:Package '.' with type 'ros.ament_cmake' and name 'fpga_interface'
[1.154s] Level 1:colcon.colcon_core.package_discovery:discover_packages(recursive) using defaults
[1.154s] Level 1:colcon.colcon_core.package_discovery:discover_packages(ignore) discover
[1.154s] Level 1:colcon.colcon_core.package_discovery:discover_packages(ignore) using defaults
[1.154s] Level 1:colcon.colcon_core.package_discovery:discover_packages(path) discover
[1.154s] Level 1:colcon.colcon_core.package_discovery:discover_packages(path) using defaults
[1.259s] Level 1:colcon.colcon_core.package_discovery:discover_packages(prefix_path) check parameters
[1.259s] Level 1:colcon.colcon_core.package_discovery:discover_packages(prefix_path) discover
[1.263s] Level 1:colcon.colcon_core.package_discovery:discover_packages(prefix_path) using defaults
[1.268s] Level 5:colcon.colcon_core.verb:set package 'fpga_interface' build argument 'cmake_args' from command line to 'None'
[1.268s] Level 5:colcon.colcon_core.verb:set package 'fpga_interface' build argument 'cmake_target' from command line to 'None'
[1.268s] Level 5:colcon.colcon_core.verb:set package 'fpga_interface' build argument 'cmake_target_skip_unavailable' from command line to 'False'
[1.268s] Level 5:colcon.colcon_core.verb:set package 'fpga_interface' build argument 'cmake_clean_cache' from command line to 'False'
[1.268s] Level 5:colcon.colcon_core.verb:set package 'fpga_interface' build argument 'cmake_clean_first' from command line to 'False'
[1.268s] Level 5:colcon.colcon_core.verb:set package 'fpga_interface' build argument 'cmake_force_configure' from command line to 'False'
[1.269s] Level 5:colcon.colcon_core.verb:set package 'fpga_interface' build argument 'ament_cmake_args' from command line to 'None'
[1.269s] Level 5:colcon.colcon_core.verb:set package 'fpga_interface' build argument 'catkin_cmake_args' from command line to 'None'
[1.269s] Level 5:colcon.colcon_core.verb:set package 'fpga_interface' build argument 'catkin_skip_building_tests' from command line to 'False'
[1.269s] DEBUG:colcon.colcon_core.verb:Building package 'fpga_interface' with the following arguments: {'ament_cmake_args': None, 'build_base': '/home/vincent/Embedded-System/ros_interface_node/fpga_interface/build/fpga_interface', 'catkin_cmake_args': None, 'catkin_skip_building_tests': False, 'cmake_args': None, 'cmake_clean_cache': False, 'cmake_clean_first': False, 'cmake_force_configure': False, 'cmake_target': None, 'cmake_target_skip_unavailable': False, 'install_base': '/home/vincent/Embedded-System/ros_interface_node/fpga_interface/install/fpga_interface', 'merge_install': False, 'path': '/home/vincent/Embedded-System/ros_interface_node/fpga_interface', 'symlink_install': False, 'test_result_base': None}
[1.269s] INFO:colcon.colcon_core.executor:Executing jobs using 'parallel' executor
[1.272s] DEBUG:colcon.colcon_parallel_executor.executor.parallel:run_until_complete
[1.272s] INFO:colcon.colcon_ros.task.ament_cmake.build:Building ROS package in '/home/vincent/Embedded-System/ros_interface_node/fpga_interface' with build type 'ament_cmake'
[1.273s] INFO:colcon.colcon_cmake.task.cmake.build:Building CMake package in '/home/vincent/Embedded-System/ros_interface_node/fpga_interface'
[1.293s] INFO:colcon.colcon_core.plugin_system:Skipping extension 'colcon_core.shell.bat': Not used on non-Windows systems
[1.293s] INFO:colcon.colcon_core.shell:Skip shell extension 'powershell' for command environment: Not usable outside of PowerShell
[1.293s] DEBUG:colcon.colcon_core.shell:Skip shell extension 'dsv' for command environment
[1.313s] DEBUG:colcon.colcon_core.event_handler.log_command:Invoking command in '/home/vincent/Embedded-System/ros_interface_node/fpga_interface/build/fpga_interface': /usr/bin/cmake /home/vincent/Embedded-System/ros_interface_node/fpga_interface -DCMAKE_INSTALL_PREFIX=/home/vincent/Embedded-System/ros_interface_node/fpga_interface/install/fpga_interface
[3.259s] DEBUG:colcon.colcon_core.event_handler.log_command:Invoked command in '/home/vincent/Embedded-System/ros_interface_node/fpga_interface/build/fpga_interface' returned '1': /usr/bin/cmake /home/vincent/Embedded-System/ros_interface_node/fpga_interface -DCMAKE_INSTALL_PREFIX=/home/vincent/Embedded-System/ros_interface_node/fpga_interface/install/fpga_interface
[3.280s] Level 1:colcon.colcon_core.environment:create_environment_scripts_only(fpga_interface)
[3.322s] Level 1:colcon.colcon_core.environment:checking '/home/vincent/Embedded-System/ros_interface_node/fpga_interface/install/fpga_interface' for CMake module files
[3.323s] Level 1:colcon.colcon_core.environment:checking '/home/vincent/Embedded-System/ros_interface_node/fpga_interface/install/fpga_interface' for CMake config files
[3.324s] Level 1:colcon.colcon_core.environment:checking '/home/vincent/Embedded-System/ros_interface_node/fpga_interface/install/fpga_interface/bin'
[3.324s] Level 1:colcon.colcon_core.environment:checking '/home/vincent/Embedded-System/ros_interface_node/fpga_interface/install/fpga_interface/lib/pkgconfig/fpga_interface.pc'
[3.371s] Level 1:colcon.colcon_core.environment:checking '/home/vincent/Embedded-System/ros_interface_node/fpga_interface/install/fpga_interface/lib/python3.8/site-packages'
[3.371s] Level 1:colcon.colcon_core.environment:checking '/home/vincent/Embedded-System/ros_interface_node/fpga_interface/install/fpga_interface/bin'
[3.371s] INFO:colcon.colcon_core.shell:Creating package script '/home/vincent/Embedded-System/ros_interface_node/fpga_interface/install/fpga_interface/share/fpga_interface/package.ps1'
[3.427s] INFO:colcon.colcon_core.shell:Creating package descriptor '/home/vincent/Embedded-System/ros_interface_node/fpga_interface/install/fpga_interface/share/fpga_interface/package.dsv'
[3.429s] INFO:colcon.colcon_core.shell:Creating package script '/home/vincent/Embedded-System/ros_interface_node/fpga_interface/install/fpga_interface/share/fpga_interface/package.sh'
[3.430s] INFO:colcon.colcon_core.shell:Creating package script '/home/vincent/Embedded-System/ros_interface_node/fpga_interface/install/fpga_interface/share/fpga_interface/package.bash'
[3.445s] INFO:colcon.colcon_core.shell:Creating package script '/home/vincent/Embedded-System/ros_interface_node/fpga_interface/install/fpga_interface/share/fpga_interface/package.zsh'
[3.459s] Level 1:colcon.colcon_core.environment:create_file_with_runtime_dependencies(/home/vincent/Embedded-System/ros_interface_node/fpga_interface/install/fpga_interface/share/colcon-core/packages/fpga_interface)
[3.470s] DEBUG:colcon.colcon_parallel_executor.executor.parallel:closing loop
[3.470s] DEBUG:colcon.colcon_parallel_executor.executor.parallel:loop closed
[3.470s] DEBUG:colcon.colcon_parallel_executor.executor.parallel:run_until_complete finished with '1'
[3.470s] DEBUG:colcon.colcon_core.event_reactor:joining thread
[3.509s] INFO:colcon.colcon_core.plugin_system:Skipping extension 'colcon_notification.desktop_notification.terminal_notifier': Not used on non-Darwin systems
[3.509s] INFO:colcon.colcon_core.plugin_system:Skipping extension 'colcon_notification.desktop_notification.win32': Not used on non-Windows systems
[3.509s] INFO:colcon.colcon_notification.desktop_notification:Sending desktop notification using 'notify2'
[3.532s] DEBUG:colcon.colcon_core.event_reactor:joined thread
[3.533s] INFO:colcon.colcon_core.shell:Creating prefix script '/home/vincent/Embedded-System/ros_interface_node/fpga_interface/install/local_setup.ps1'
[3.536s] INFO:colcon.colcon_core.shell:Creating prefix util module '/home/vincent/Embedded-System/ros_interface_node/fpga_interface/install/_local_setup_util_ps1.py'
[3.539s] INFO:colcon.colcon_core.shell:Creating prefix chain script '/home/vincent/Embedded-System/ros_interface_node/fpga_interface/install/setup.ps1'
[3.541s] INFO:colcon.colcon_core.shell:Creating prefix script '/home/vincent/Embedded-System/ros_interface_node/fpga_interface/install/local_setup.sh'
[3.542s] INFO:colcon.colcon_core.shell:Creating prefix util module '/home/vincent/Embedded-System/ros_interface_node/fpga_interface/install/_local_setup_util_sh.py'
[3.543s] INFO:colcon.colcon_core.shell:Creating prefix chain script '/home/vincent/Embedded-System/ros_interface_node/fpga_interface/install/setup.sh'
[3.545s] INFO:colcon.colcon_core.shell:Creating prefix script '/home/vincent/Embedded-System/ros_interface_node/fpga_interface/install/local_setup.bash'
[3.546s] INFO:colcon.colcon_core.shell:Creating prefix chain script '/home/vincent/Embedded-System/ros_interface_node/fpga_interface/install/setup.bash'
[3.548s] INFO:colcon.colcon_core.shell:Creating prefix script '/home/vincent/Embedded-System/ros_interface_node/fpga_interface/install/local_setup.zsh'
[3.549s] INFO:colcon.colcon_core.shell:Creating prefix chain script '/home/vincent/Embedded-System/ros_interface_node/fpga_interface/install/setup.zsh'
