[35m[1mScanning dependencies of target interface_node[0m
[ 25%] [32mBuilding CXX object CMakeFiles/interface_node.dir/src/interface_node.cpp.o[0m
In file included from [01m[K/home/vincent/Embedded-System/ros_interface_node/fpga_interface/src/interface_node.cpp:16[m[K:
[01m[K/home/vincent/Embedded-System/ros_interface_node/fpga_interface/src/reserved_mem.hpp:51:6:[m[K [01;35m[Kwarning: [m[Kextra ‘[01m[K;[m[K’ [[01;35m[K-Wpedantic[m[K]
   51 |     }[01;35m[K;[m[K
      |      [01;35m[K^[m[K
      |      [31m[K-[m[K
[01m[K/home/vincent/Embedded-System/ros_interface_node/fpga_interface/src/reserved_mem.hpp:68:6:[m[K [01;35m[Kwarning: [m[Kextra ‘[01m[K;[m[K’ [[01;35m[K-Wpedantic[m[K]
   68 |     }[01;35m[K;[m[K
      |      [01;35m[K^[m[K
      |      [31m[K-[m[K
[01m[K/home/vincent/Embedded-System/ros_interface_node/fpga_interface/src/interface_node.cpp:[m[K In member function ‘[01m[Kvoid MinimalPublisher::get_image_callback(sensor_msgs::msg::Image_<std::allocator<void> >::SharedPtr)[m[K’:
[01m[K/home/vincent/Embedded-System/ros_interface_node/fpga_interface/src/interface_node.cpp:47:16:[m[K [01;35m[Kwarning: [m[Kunused variable ‘[01m[KImageArray[m[K’ [[01;35m[K-Wunused-variable[m[K]
   47 |       uint8_t *[01;35m[KImageArray[m[K=msg->data.data();
      |                [01;35m[K^~~~~~~~~~[m[K
[ 50%] [32m[1mLinking CXX executable interface_node[0m
[100%] Built target interface_node
-- Install configuration: ""
-- Installing: /home/vincent/Embedded-System/ros_interface_node/fpga_interface/install/fpga_interface/lib/fpga_interface/interface_node
-- Set runtime path of "/home/vincent/Embedded-System/ros_interface_node/fpga_interface/install/fpga_interface/lib/fpga_interface/interface_node" to ""
-- Installing: /home/vincent/Embedded-System/ros_interface_node/fpga_interface/install/fpga_interface/share/ament_index/resource_index/package_run_dependencies/fpga_interface
-- Up-to-date: /home/vincent/Embedded-System/ros_interface_node/fpga_interface/install/fpga_interface/share/ament_index/resource_index/parent_prefix_path/fpga_interface
-- Up-to-date: /home/vincent/Embedded-System/ros_interface_node/fpga_interface/install/fpga_interface/share/fpga_interface/environment/ament_prefix_path.sh
-- Installing: /home/vincent/Embedded-System/ros_interface_node/fpga_interface/install/fpga_interface/share/fpga_interface/environment/ament_prefix_path.dsv
-- Up-to-date: /home/vincent/Embedded-System/ros_interface_node/fpga_interface/install/fpga_interface/share/fpga_interface/environment/path.sh
-- Installing: /home/vincent/Embedded-System/ros_interface_node/fpga_interface/install/fpga_interface/share/fpga_interface/environment/path.dsv
-- Up-to-date: /home/vincent/Embedded-System/ros_interface_node/fpga_interface/install/fpga_interface/share/fpga_interface/local_setup.bash
-- Up-to-date: /home/vincent/Embedded-System/ros_interface_node/fpga_interface/install/fpga_interface/share/fpga_interface/local_setup.sh
-- Up-to-date: /home/vincent/Embedded-System/ros_interface_node/fpga_interface/install/fpga_interface/share/fpga_interface/local_setup.zsh
-- Installing: /home/vincent/Embedded-System/ros_interface_node/fpga_interface/install/fpga_interface/share/fpga_interface/local_setup.dsv
-- Installing: /home/vincent/Embedded-System/ros_interface_node/fpga_interface/install/fpga_interface/share/fpga_interface/package.dsv
-- Up-to-date: /home/vincent/Embedded-System/ros_interface_node/fpga_interface/install/fpga_interface/share/ament_index/resource_index/packages/fpga_interface
-- Up-to-date: /home/vincent/Embedded-System/ros_interface_node/fpga_interface/install/fpga_interface/share/fpga_interface/cmake/fpga_interfaceConfig.cmake
-- Up-to-date: /home/vincent/Embedded-System/ros_interface_node/fpga_interface/install/fpga_interface/share/fpga_interface/cmake/fpga_interfaceConfig-version.cmake
-- Installing: /home/vincent/Embedded-System/ros_interface_node/fpga_interface/install/fpga_interface/share/fpga_interface/package.xml
