[0.032s] Invoking command in '/home/vincent/Embedded-System/ros_interface_node/fpga_interface/build/fpga_interface': CMAKE_PREFIX_PATH=${CMAKE_PREFIX_PATH}:/opt/ros/foxy /usr/bin/cmake --build /home/vincent/Embedded-System/ros_interface_node/fpga_interface/build/fpga_interface -- -j4 -l4
[0.107s] [35m[1mScanning dependencies of target interface_node[0m
[0.463s] [ 25%] [32mBuilding CXX object CMakeFiles/interface_node.dir/src/interface_node.cpp.o[0m
[2.932s] In file included from [01m[K/home/vincent/Embedded-System/ros_interface_node/fpga_interface/src/interface_node.cpp:16[m[K:
[2.932s] [01m[K/home/vincent/Embedded-System/ros_interface_node/fpga_interface/src/reserved_mem.hpp:51:6:[m[K [01;35m[Kwarning: [m[Kextra ‘[01m[K;[m[K’ [[01;35m[K-Wpedantic[m[K]
[2.932s]    51 |     }[01;35m[K;[m[K
[2.933s]       |      [01;35m[K^[m[K
[2.933s]       |      [31m[K-[m[K
[2.933s] [01m[K/home/vincent/Embedded-System/ros_interface_node/fpga_interface/src/reserved_mem.hpp:68:6:[m[K [01;35m[Kwarning: [m[Kextra ‘[01m[K;[m[K’ [[01;35m[K-Wpedantic[m[K]
[2.933s]    68 |     }[01;35m[K;[m[K
[2.933s]       |      [01;35m[K^[m[K
[2.934s]       |      [31m[K-[m[K
[3.596s] [01m[K/home/vincent/Embedded-System/ros_interface_node/fpga_interface/src/interface_node.cpp:[m[K In member function ‘[01m[Kvoid MinimalPublisher::get_image_callback(sensor_msgs::msg::Image_<std::allocator<void> >::SharedPtr)[m[K’:
[3.596s] [01m[K/home/vincent/Embedded-System/ros_interface_node/fpga_interface/src/interface_node.cpp:47:16:[m[K [01;35m[Kwarning: [m[Kunused variable ‘[01m[KImageArray[m[K’ [[01;35m[K-Wunused-variable[m[K]
[3.597s]    47 |       uint8_t *[01;35m[KImageArray[m[K=msg->data.data();
[3.597s]       |                [01;35m[K^~~~~~~~~~[m[K
[10.086s] [ 50%] [32m[1mLinking CXX executable interface_node[0m
[12.356s] [100%] Built target interface_node
[12.372s] Invoked command in '/home/vincent/Embedded-System/ros_interface_node/fpga_interface/build/fpga_interface' returned '0': CMAKE_PREFIX_PATH=${CMAKE_PREFIX_PATH}:/opt/ros/foxy /usr/bin/cmake --build /home/vincent/Embedded-System/ros_interface_node/fpga_interface/build/fpga_interface -- -j4 -l4
[12.468s] Invoking command in '/home/vincent/Embedded-System/ros_interface_node/fpga_interface/build/fpga_interface': CMAKE_PREFIX_PATH=${CMAKE_PREFIX_PATH}:/opt/ros/foxy /usr/bin/cmake --install /home/vincent/Embedded-System/ros_interface_node/fpga_interface/build/fpga_interface
[12.482s] -- Install configuration: ""
[12.482s] -- Installing: /home/vincent/Embedded-System/ros_interface_node/fpga_interface/install/fpga_interface/lib/fpga_interface/interface_node
[12.485s] -- Set runtime path of "/home/vincent/Embedded-System/ros_interface_node/fpga_interface/install/fpga_interface/lib/fpga_interface/interface_node" to ""
[12.485s] -- Installing: /home/vincent/Embedded-System/ros_interface_node/fpga_interface/install/fpga_interface/share/ament_index/resource_index/package_run_dependencies/fpga_interface
[12.485s] -- Up-to-date: /home/vincent/Embedded-System/ros_interface_node/fpga_interface/install/fpga_interface/share/ament_index/resource_index/parent_prefix_path/fpga_interface
[12.486s] -- Up-to-date: /home/vincent/Embedded-System/ros_interface_node/fpga_interface/install/fpga_interface/share/fpga_interface/environment/ament_prefix_path.sh
[12.486s] -- Installing: /home/vincent/Embedded-System/ros_interface_node/fpga_interface/install/fpga_interface/share/fpga_interface/environment/ament_prefix_path.dsv
[12.486s] -- Up-to-date: /home/vincent/Embedded-System/ros_interface_node/fpga_interface/install/fpga_interface/share/fpga_interface/environment/path.sh
[12.486s] -- Installing: /home/vincent/Embedded-System/ros_interface_node/fpga_interface/install/fpga_interface/share/fpga_interface/environment/path.dsv
[12.486s] -- Up-to-date: /home/vincent/Embedded-System/ros_interface_node/fpga_interface/install/fpga_interface/share/fpga_interface/local_setup.bash
[12.487s] -- Up-to-date: /home/vincent/Embedded-System/ros_interface_node/fpga_interface/install/fpga_interface/share/fpga_interface/local_setup.sh
[12.488s] -- Up-to-date: /home/vincent/Embedded-System/ros_interface_node/fpga_interface/install/fpga_interface/share/fpga_interface/local_setup.zsh
[12.488s] -- Installing: /home/vincent/Embedded-System/ros_interface_node/fpga_interface/install/fpga_interface/share/fpga_interface/local_setup.dsv
[12.488s] -- Installing: /home/vincent/Embedded-System/ros_interface_node/fpga_interface/install/fpga_interface/share/fpga_interface/package.dsv
[12.489s] -- Up-to-date: /home/vincent/Embedded-System/ros_interface_node/fpga_interface/install/fpga_interface/share/ament_index/resource_index/packages/fpga_interface
[12.489s] -- Up-to-date: /home/vincent/Embedded-System/ros_interface_node/fpga_interface/install/fpga_interface/share/fpga_interface/cmake/fpga_interfaceConfig.cmake
[12.489s] -- Up-to-date: /home/vincent/Embedded-System/ros_interface_node/fpga_interface/install/fpga_interface/share/fpga_interface/cmake/fpga_interfaceConfig-version.cmake
[12.489s] -- Installing: /home/vincent/Embedded-System/ros_interface_node/fpga_interface/install/fpga_interface/share/fpga_interface/package.xml
[12.501s] Invoked command in '/home/vincent/Embedded-System/ros_interface_node/fpga_interface/build/fpga_interface' returned '0': CMAKE_PREFIX_PATH=${CMAKE_PREFIX_PATH}:/opt/ros/foxy /usr/bin/cmake --install /home/vincent/Embedded-System/ros_interface_node/fpga_interface/build/fpga_interface
