[01m[K/home/vincent/Embedded-System/ros_motor_system/MyCode/path2pos/src/pos_writer.cpp:[m[K In member function ‘[01m[Kvoid MinimalPublisher::set_number_callback(std_msgs::msg::Int32_<std::allocator<void> >::SharedPtr) const[m[K’:
[01m[K/home/vincent/Embedded-System/ros_motor_system/MyCode/path2pos/src/pos_writer.cpp:90:30:[m[K [01;31m[Kerror: [m[Kpassing ‘[01m[Kconst std::mutex[m[K’ as ‘[01m[Kthis[m[K’ argument discards qualifiers [[01;31m[K-fpermissive[m[K]
   90 |       this->thread_lock.lock([01;31m[K)[m[K;
      |                              [01;31m[K^[m[K
In file included from [01m[K/usr/include/c++/9/mutex:43[m[K,
                 from [01m[K/usr/include/c++/9/future:38[m[K,
                 from [01m[K/opt/ros/foxy/include/rclcpp/executors.hpp:18[m[K,
                 from [01m[K/opt/ros/foxy/include/rclcpp/rclcpp.hpp:146[m[K,
                 from [01m[K/home/vincent/Embedded-System/ros_motor_system/MyCode/path2pos/src/pos_writer.cpp:10[m[K:
[01m[K/usr/include/c++/9/bits/std_mutex.h:98:5:[m[K [01;36m[Knote: [m[K  in call to ‘[01m[Kvoid std::mutex::lock()[m[K’
   98 |     [01;36m[Klock[m[K()
      |     [01;36m[K^~~~[m[K
[01m[K/home/vincent/Embedded-System/ros_motor_system/MyCode/path2pos/src/pos_writer.cpp:94:52:[m[K [01;31m[Kerror: [m[Kpassing ‘[01m[Kconst MinimalPublisher[m[K’ as ‘[01m[Kthis[m[K’ argument discards qualifiers [[01;31m[K-fpermissive[m[K]
   94 |           this->ReadFile("src/python_helpers/8.svg"[01;31m[K)[m[K;
      |                                                    [01;31m[K^[m[K
[01m[K/home/vincent/Embedded-System/ros_motor_system/MyCode/path2pos/src/pos_writer.cpp:36:10:[m[K [01;36m[Knote: [m[K  in call to ‘[01m[Kvoid MinimalPublisher::ReadFile(std::string)[m[K’
   36 |     void [01;36m[KReadFile[m[K(std::string file_name){
      |          [01;36m[K^~~~~~~~[m[K
[01m[K/home/vincent/Embedded-System/ros_motor_system/MyCode/path2pos/src/pos_writer.cpp:95:24:[m[K [01;31m[Kerror: [m[Kassignment of member ‘[01m[KMinimalPublisher::running[m[K’ in read-only object
   95 |           [01;31m[Kthis->running=true[m[K;
      |           [01;31m[K~~~~~~~~~~~~~^~~~~[m[K
[01m[K/home/vincent/Embedded-System/ros_motor_system/MyCode/path2pos/src/pos_writer.cpp:98:32:[m[K [01;31m[Kerror: [m[Kpassing ‘[01m[Kconst std::mutex[m[K’ as ‘[01m[Kthis[m[K’ argument discards qualifiers [[01;31m[K-fpermissive[m[K]
   98 |       this->thread_lock.unlock([01;31m[K)[m[K;
      |                                [01;31m[K^[m[K
In file included from [01m[K/usr/include/c++/9/mutex:43[m[K,
                 from [01m[K/usr/include/c++/9/future:38[m[K,
                 from [01m[K/opt/ros/foxy/include/rclcpp/executors.hpp:18[m[K,
                 from [01m[K/opt/ros/foxy/include/rclcpp/rclcpp.hpp:146[m[K,
                 from [01m[K/home/vincent/Embedded-System/ros_motor_system/MyCode/path2pos/src/pos_writer.cpp:10[m[K:
[01m[K/usr/include/c++/9/bits/std_mutex.h:115:5:[m[K [01;36m[Knote: [m[K  in call to ‘[01m[Kvoid std::mutex::unlock()[m[K’
  115 |     [01;36m[Kunlock[m[K()
      |     [01;36m[K^~~~~~[m[K
make[2]: *** [CMakeFiles/pos_writer.dir/build.make:63: CMakeFiles/pos_writer.dir/src/pos_writer.cpp.o] Error 1
make[1]: *** [CMakeFiles/Makefile2:78: CMakeFiles/pos_writer.dir/all] Error 2
make: *** [Makefile:141: all] Error 2
