[0.020s] Invoking command in '/home/vincent/Embedded-System/ros_interface_node/fpga_interface/build/fpga_interface': CMAKE_PREFIX_PATH=${CMAKE_PREFIX_PATH}:/opt/ros/foxy /usr/bin/cmake --build /home/vincent/Embedded-System/ros_interface_node/fpga_interface/build/fpga_interface -- -j4 -l4
[0.160s] -- Found ament_cmake: 0.9.12 (/opt/ros/foxy/share/ament_cmake/cmake)
[0.255s] -- Using PYTHON_EXECUTABLE: /usr/bin/python3
[0.610s] -- Found rclcpp: 2.4.3 (/opt/ros/foxy/share/rclcpp/cmake)
[0.803s] -- Using all available rosidl_typesupport_c: rosidl_typesupport_fastrtps_c;rosidl_typesupport_introspection_c
[0.830s] -- Found rosidl_adapter: 1.3.1 (/opt/ros/foxy/share/rosidl_adapter/cmake)
[1.139s] -- Found OpenSSL: /usr/lib/x86_64-linux-gnu/libcrypto.so (found version "1.1.1f")  
[1.190s] -- Found FastRTPS: /opt/ros/foxy/include  
[1.372s] -- Using all available rosidl_typesupport_cpp: rosidl_typesupport_fastrtps_cpp;rosidl_typesupport_introspection_cpp
[1.557s] -- Found rmw_implementation_cmake: 1.0.4 (/opt/ros/foxy/share/rmw_implementation_cmake/cmake)
[1.561s] -- Using RMW implementation 'rmw_fastrtps_cpp' as default
[1.565s] -- Looking for pthread.h
[1.813s] -- Looking for pthread.h - found
[1.819s] -- Performing Test CMAKE_HAVE_LIBC_PTHREAD
[1.989s] -- Performing Test CMAKE_HAVE_LIBC_PTHREAD - Failed
[1.989s] -- Looking for pthread_create in pthreads
[2.098s] -- Looking for pthread_create in pthreads - not found
[2.098s] -- Looking for pthread_create in pthread
[2.224s] -- Looking for pthread_create in pthread - found
[2.224s] -- Found Threads: TRUE  
[2.589s] CMake Error at /opt/ros/foxy/share/ament_cmake_target_dependencies/cmake/ament_target_dependencies.cmake:42 (message):
[2.589s]   ament_target_dependencies() the first argument must be a valid target name
[2.590s] Call Stack (most recent call first):
[2.590s]   CMakeLists.txt:28 (ament_target_dependencies)
[2.590s] 
[2.590s] 
[2.594s] -- Configuring incomplete, errors occurred!
[2.595s] See also "/home/vincent/Embedded-System/ros_interface_node/fpga_interface/build/fpga_interface/CMakeFiles/CMakeOutput.log".
[2.595s] See also "/home/vincent/Embedded-System/ros_interface_node/fpga_interface/build/fpga_interface/CMakeFiles/CMakeError.log".
[2.602s] make: *** [Makefile:266: cmake_check_build_system] Error 1
[2.604s] Invoked command in '/home/vincent/Embedded-System/ros_interface_node/fpga_interface/build/fpga_interface' returned '2': CMAKE_PREFIX_PATH=${CMAKE_PREFIX_PATH}:/opt/ros/foxy /usr/bin/cmake --build /home/vincent/Embedded-System/ros_interface_node/fpga_interface/build/fpga_interface -- -j4 -l4
