[3.698s] DEBUG:colcon:Command line arguments: ['/usr/bin/colcon', 'build']
[3.699s] DEBUG:colcon:Parsed command line arguments: Namespace(allow_overriding=[], ament_cmake_args=None, base_paths=['.'], build_base='build', catkin_cmake_args=None, catkin_skip_building_tests=False, cmake_args=None, cmake_clean_cache=False, cmake_clean_first=False, cmake_force_configure=False, cmake_target=None, cmake_target_skip_unavailable=False, continue_on_error=False, event_handlers=None, executor='parallel', ignore_user_meta=False, install_base='install', log_base=None, log_level=None, main=<bound method BuildVerb.main of <colcon_core.verb.build.BuildVerb object at 0xffff92c65520>>, merge_install=False, metas=['./colcon.meta'], packages_above=None, packages_above_and_dependencies=None, packages_above_depth=None, packages_end=None, packages_ignore=None, packages_ignore_regex=None, packages_select=None, packages_select_build_failed=False, packages_select_by_dep=None, packages_select_regex=None, packages_select_test_failures=False, packages_skip=None, packages_skip_build_finished=False, packages_skip_by_dep=None, packages_skip_regex=None, packages_skip_test_passed=False, packages_skip_up_to=None, packages_start=None, packages_up_to=None, packages_up_to_regex=None, parallel_workers=4, paths=None, symlink_install=False, test_result_base=None, verb_extension=<colcon_core.verb.build.BuildVerb object at 0xffff92c65520>, verb_name='build', verb_parser=<colcon_defaults.argument_parser.defaults.DefaultArgumentsDecorator object at 0xffff92b07e80>)
[6.496s] Level 1:colcon.colcon_core.package_discovery:discover_packages(colcon_meta) check parameters
[6.499s] Level 1:colcon.colcon_core.package_discovery:discover_packages(recursive) check parameters
[6.499s] Level 1:colcon.colcon_core.package_discovery:discover_packages(ignore) check parameters
[6.499s] Level 1:colcon.colcon_core.package_discovery:discover_packages(path) check parameters
[6.500s] Level 1:colcon.colcon_core.package_discovery:discover_packages(colcon_meta) discover
[6.501s] Level 1:colcon.colcon_core.package_discovery:discover_packages(recursive) discover
[6.501s] INFO:colcon.colcon_core.package_discovery:Crawling recursively for packages in '/home/mp4d/fpga_interface/fpga_interface'
[6.505s] Level 1:colcon.colcon_core.package_identification:_identify(.) by extensions ['ignore', 'ignore_ament_install']
[6.508s] Level 1:colcon.colcon_core.package_identification:_identify(.) by extension 'ignore'
[6.511s] Level 1:colcon.colcon_core.package_identification:_identify(.) by extension 'ignore_ament_install'
[6.513s] Level 1:colcon.colcon_core.package_identification:_identify(.) by extensions ['colcon_pkg']
[6.515s] Level 1:colcon.colcon_core.package_identification:_identify(.) by extension 'colcon_pkg'
[6.517s] Level 1:colcon.colcon_core.package_identification:_identify(.) by extensions ['colcon_meta']
[6.519s] Level 1:colcon.colcon_core.package_identification:_identify(.) by extension 'colcon_meta'
[6.521s] Level 1:colcon.colcon_core.package_identification:_identify(.) by extensions ['ros']
[6.522s] Level 1:colcon.colcon_core.package_identification:_identify(.) by extension 'ros'
[6.790s] DEBUG:colcon.colcon_core.package_identification:Package '.' with type 'ros.ament_cmake' and name 'fpga_interface'
[6.791s] Level 1:colcon.colcon_core.package_discovery:discover_packages(recursive) using defaults
[6.792s] Level 1:colcon.colcon_core.package_discovery:discover_packages(ignore) discover
[6.793s] Level 1:colcon.colcon_core.package_discovery:discover_packages(ignore) using defaults
[6.793s] Level 1:colcon.colcon_core.package_discovery:discover_packages(path) discover
[6.793s] Level 1:colcon.colcon_core.package_discovery:discover_packages(path) using defaults
[7.200s] Level 1:colcon.colcon_core.package_discovery:discover_packages(prefix_path) check parameters
[7.204s] Level 1:colcon.colcon_core.package_discovery:discover_packages(prefix_path) discover
[7.246s] DEBUG:colcon.colcon_installed_package_information.package_discovery:Found 258 installed packages in /opt/ros/foxy
[7.266s] Level 1:colcon.colcon_core.package_discovery:discover_packages(prefix_path) using defaults
[8.871s] Level 5:colcon.colcon_core.verb:set package 'fpga_interface' build argument 'cmake_args' from command line to 'None'
[8.872s] Level 5:colcon.colcon_core.verb:set package 'fpga_interface' build argument 'cmake_target' from command line to 'None'
[8.873s] Level 5:colcon.colcon_core.verb:set package 'fpga_interface' build argument 'cmake_target_skip_unavailable' from command line to 'False'
[8.873s] Level 5:colcon.colcon_core.verb:set package 'fpga_interface' build argument 'cmake_clean_cache' from command line to 'False'
[8.873s] Level 5:colcon.colcon_core.verb:set package 'fpga_interface' build argument 'cmake_clean_first' from command line to 'False'
[8.874s] Level 5:colcon.colcon_core.verb:set package 'fpga_interface' build argument 'cmake_force_configure' from command line to 'False'
[8.874s] Level 5:colcon.colcon_core.verb:set package 'fpga_interface' build argument 'ament_cmake_args' from command line to 'None'
[8.874s] Level 5:colcon.colcon_core.verb:set package 'fpga_interface' build argument 'catkin_cmake_args' from command line to 'None'
[8.874s] Level 5:colcon.colcon_core.verb:set package 'fpga_interface' build argument 'catkin_skip_building_tests' from command line to 'False'
[8.875s] DEBUG:colcon.colcon_core.verb:Building package 'fpga_interface' with the following arguments: {'ament_cmake_args': None, 'build_base': '/home/mp4d/fpga_interface/fpga_interface/build/fpga_interface', 'catkin_cmake_args': None, 'catkin_skip_building_tests': False, 'cmake_args': None, 'cmake_clean_cache': False, 'cmake_clean_first': False, 'cmake_force_configure': False, 'cmake_target': None, 'cmake_target_skip_unavailable': False, 'install_base': '/home/mp4d/fpga_interface/fpga_interface/install/fpga_interface', 'merge_install': False, 'path': '/home/mp4d/fpga_interface/fpga_interface', 'symlink_install': False, 'test_result_base': None}
[8.878s] INFO:colcon.colcon_core.executor:Executing jobs using 'parallel' executor
[8.899s] DEBUG:colcon.colcon_parallel_executor.executor.parallel:run_until_complete
[8.902s] INFO:colcon.colcon_ros.task.ament_cmake.build:Building ROS package in '/home/mp4d/fpga_interface/fpga_interface' with build type 'ament_cmake'
[8.904s] INFO:colcon.colcon_cmake.task.cmake.build:Building CMake package in '/home/mp4d/fpga_interface/fpga_interface'
[8.939s] INFO:colcon.colcon_core.plugin_system:Skipping extension 'colcon_core.shell.bat': Not used on non-Windows systems
[8.944s] INFO:colcon.colcon_core.shell:Skip shell extension 'powershell' for command environment: Not usable outside of PowerShell
[8.945s] DEBUG:colcon.colcon_core.shell:Skip shell extension 'dsv' for command environment
[9.103s] DEBUG:colcon.colcon_core.event_handler.log_command:Invoking command in '/home/mp4d/fpga_interface/fpga_interface/build/fpga_interface': CMAKE_PREFIX_PATH=/opt/ros/foxy /usr/bin/cmake /home/mp4d/fpga_interface/fpga_interface -DCMAKE_INSTALL_PREFIX=/home/mp4d/fpga_interface/fpga_interface/install/fpga_interface
[40.936s] DEBUG:colcon.colcon_core.event_handler.log_command:Invoked command in '/home/mp4d/fpga_interface/fpga_interface/build/fpga_interface' returned '0': CMAKE_PREFIX_PATH=/opt/ros/foxy /usr/bin/cmake /home/mp4d/fpga_interface/fpga_interface -DCMAKE_INSTALL_PREFIX=/home/mp4d/fpga_interface/fpga_interface/install/fpga_interface
[40.955s] DEBUG:colcon.colcon_core.event_handler.log_command:Invoking command in '/home/mp4d/fpga_interface/fpga_interface/build/fpga_interface': CMAKE_PREFIX_PATH=/opt/ros/foxy /usr/bin/cmake --build /home/mp4d/fpga_interface/fpga_interface/build/fpga_interface -- -j4 -l4
[167.727s] DEBUG:colcon.colcon_core.event_handler.log_command:Invoked command in '/home/mp4d/fpga_interface/fpga_interface/build/fpga_interface' returned '0': CMAKE_PREFIX_PATH=/opt/ros/foxy /usr/bin/cmake --build /home/mp4d/fpga_interface/fpga_interface/build/fpga_interface -- -j4 -l4
[168.272s] DEBUG:colcon.colcon_core.event_handler.log_command:Invoking command in '/home/mp4d/fpga_interface/fpga_interface/build/fpga_interface': CMAKE_PREFIX_PATH=/opt/ros/foxy /usr/bin/cmake --install /home/mp4d/fpga_interface/fpga_interface/build/fpga_interface
[168.513s] Level 1:colcon.colcon_core.environment:create_environment_scripts_only(fpga_interface)
[168.578s] DEBUG:colcon.colcon_core.event_handler.log_command:Invoked command in '/home/mp4d/fpga_interface/fpga_interface/build/fpga_interface' returned '0': CMAKE_PREFIX_PATH=/opt/ros/foxy /usr/bin/cmake --install /home/mp4d/fpga_interface/fpga_interface/build/fpga_interface
[168.598s] Level 1:colcon.colcon_core.environment:checking '/home/mp4d/fpga_interface/fpga_interface/install/fpga_interface' for CMake module files
[168.608s] Level 1:colcon.colcon_core.environment:checking '/home/mp4d/fpga_interface/fpga_interface/install/fpga_interface' for CMake config files
[168.612s] Level 1:colcon.colcon_core.shell:create_environment_hook('fpga_interface', 'cmake_prefix_path')
[168.617s] INFO:colcon.colcon_core.shell:Creating environment hook '/home/mp4d/fpga_interface/fpga_interface/install/fpga_interface/share/fpga_interface/hook/cmake_prefix_path.ps1'
[168.640s] INFO:colcon.colcon_core.shell:Creating environment descriptor '/home/mp4d/fpga_interface/fpga_interface/install/fpga_interface/share/fpga_interface/hook/cmake_prefix_path.dsv'
[168.646s] INFO:colcon.colcon_core.shell:Creating environment hook '/home/mp4d/fpga_interface/fpga_interface/install/fpga_interface/share/fpga_interface/hook/cmake_prefix_path.sh'
[168.668s] Level 1:colcon.colcon_core.environment:checking '/home/mp4d/fpga_interface/fpga_interface/install/fpga_interface/lib'
[168.674s] Level 1:colcon.colcon_core.environment:checking '/home/mp4d/fpga_interface/fpga_interface/install/fpga_interface/bin'
[168.677s] Level 1:colcon.colcon_core.environment:checking '/home/mp4d/fpga_interface/fpga_interface/install/fpga_interface/lib/pkgconfig/fpga_interface.pc'
[168.682s] Level 1:colcon.colcon_core.environment:checking '/home/mp4d/fpga_interface/fpga_interface/install/fpga_interface/lib/python3.8/site-packages'
[168.686s] Level 1:colcon.colcon_core.environment:checking '/home/mp4d/fpga_interface/fpga_interface/install/fpga_interface/bin'
[168.698s] INFO:colcon.colcon_core.shell:Creating package script '/home/mp4d/fpga_interface/fpga_interface/install/fpga_interface/share/fpga_interface/package.ps1'
[168.717s] INFO:colcon.colcon_core.shell:Creating package descriptor '/home/mp4d/fpga_interface/fpga_interface/install/fpga_interface/share/fpga_interface/package.dsv'
[168.731s] INFO:colcon.colcon_core.shell:Creating package script '/home/mp4d/fpga_interface/fpga_interface/install/fpga_interface/share/fpga_interface/package.sh'
[168.756s] INFO:colcon.colcon_core.shell:Creating package script '/home/mp4d/fpga_interface/fpga_interface/install/fpga_interface/share/fpga_interface/package.bash'
[168.774s] INFO:colcon.colcon_core.shell:Creating package script '/home/mp4d/fpga_interface/fpga_interface/install/fpga_interface/share/fpga_interface/package.zsh'
[168.789s] Level 1:colcon.colcon_core.environment:create_file_with_runtime_dependencies(/home/mp4d/fpga_interface/fpga_interface/install/fpga_interface/share/colcon-core/packages/fpga_interface)
[169.162s] Level 1:colcon.colcon_core.environment:create_environment_scripts_only(fpga_interface)
[169.169s] Level 1:colcon.colcon_core.environment:checking '/home/mp4d/fpga_interface/fpga_interface/install/fpga_interface' for CMake module files
[169.185s] Level 1:colcon.colcon_core.environment:checking '/home/mp4d/fpga_interface/fpga_interface/install/fpga_interface' for CMake config files
[169.189s] Level 1:colcon.colcon_core.shell:create_environment_hook('fpga_interface', 'cmake_prefix_path')
[169.193s] INFO:colcon.colcon_core.shell:Creating environment hook '/home/mp4d/fpga_interface/fpga_interface/install/fpga_interface/share/fpga_interface/hook/cmake_prefix_path.ps1'
[169.207s] INFO:colcon.colcon_core.shell:Creating environment descriptor '/home/mp4d/fpga_interface/fpga_interface/install/fpga_interface/share/fpga_interface/hook/cmake_prefix_path.dsv'
[169.216s] INFO:colcon.colcon_core.shell:Creating environment hook '/home/mp4d/fpga_interface/fpga_interface/install/fpga_interface/share/fpga_interface/hook/cmake_prefix_path.sh'
[169.242s] Level 1:colcon.colcon_core.environment:checking '/home/mp4d/fpga_interface/fpga_interface/install/fpga_interface/lib'
[169.248s] Level 1:colcon.colcon_core.environment:checking '/home/mp4d/fpga_interface/fpga_interface/install/fpga_interface/bin'
[169.256s] Level 1:colcon.colcon_core.environment:checking '/home/mp4d/fpga_interface/fpga_interface/install/fpga_interface/lib/pkgconfig/fpga_interface.pc'
[169.261s] Level 1:colcon.colcon_core.environment:checking '/home/mp4d/fpga_interface/fpga_interface/install/fpga_interface/lib/python3.8/site-packages'
[169.265s] Level 1:colcon.colcon_core.environment:checking '/home/mp4d/fpga_interface/fpga_interface/install/fpga_interface/bin'
[169.277s] INFO:colcon.colcon_core.shell:Creating package script '/home/mp4d/fpga_interface/fpga_interface/install/fpga_interface/share/fpga_interface/package.ps1'
[169.289s] INFO:colcon.colcon_core.shell:Creating package descriptor '/home/mp4d/fpga_interface/fpga_interface/install/fpga_interface/share/fpga_interface/package.dsv'
[169.295s] INFO:colcon.colcon_core.shell:Creating package script '/home/mp4d/fpga_interface/fpga_interface/install/fpga_interface/share/fpga_interface/package.sh'
[169.304s] INFO:colcon.colcon_core.shell:Creating package script '/home/mp4d/fpga_interface/fpga_interface/install/fpga_interface/share/fpga_interface/package.bash'
[169.317s] INFO:colcon.colcon_core.shell:Creating package script '/home/mp4d/fpga_interface/fpga_interface/install/fpga_interface/share/fpga_interface/package.zsh'
[169.334s] Level 1:colcon.colcon_core.environment:create_file_with_runtime_dependencies(/home/mp4d/fpga_interface/fpga_interface/install/fpga_interface/share/colcon-core/packages/fpga_interface)
[169.342s] DEBUG:colcon.colcon_parallel_executor.executor.parallel:closing loop
[169.346s] DEBUG:colcon.colcon_parallel_executor.executor.parallel:loop closed
[169.354s] DEBUG:colcon.colcon_parallel_executor.executor.parallel:run_until_complete finished with '0'
[169.357s] DEBUG:colcon.colcon_core.event_reactor:joining thread
[169.453s] INFO:colcon.colcon_core.plugin_system:Skipping extension 'colcon_notification.desktop_notification.notify_send': Could not find 'notify-send'
[169.457s] INFO:colcon.colcon_core.plugin_system:Skipping extension 'colcon_notification.desktop_notification.terminal_notifier': Not used on non-Darwin systems
[169.459s] INFO:colcon.colcon_core.plugin_system:Skipping extension 'colcon_notification.desktop_notification.win32': Not used on non-Windows systems
[169.461s] INFO:colcon.colcon_notification.desktop_notification:Sending desktop notification using 'notify2'
[169.470s] DEBUG:colcon.colcon_notification.desktop_notification.notify2:Failed to initialize notify2: org.freedesktop.DBus.Error.ServiceUnknown: The name org.freedesktop.Notifications was not provided by any .service files
[169.474s] DEBUG:colcon.colcon_core.event_reactor:joined thread
[169.493s] INFO:colcon.colcon_core.shell:Creating prefix script '/home/mp4d/fpga_interface/fpga_interface/install/local_setup.ps1'
[169.523s] INFO:colcon.colcon_core.shell:Creating prefix util module '/home/mp4d/fpga_interface/fpga_interface/install/_local_setup_util_ps1.py'
[169.549s] INFO:colcon.colcon_core.shell:Creating prefix chain script '/home/mp4d/fpga_interface/fpga_interface/install/setup.ps1'
[169.589s] INFO:colcon.colcon_core.shell:Creating prefix script '/home/mp4d/fpga_interface/fpga_interface/install/local_setup.sh'
[169.612s] INFO:colcon.colcon_core.shell:Creating prefix util module '/home/mp4d/fpga_interface/fpga_interface/install/_local_setup_util_sh.py'
[169.624s] INFO:colcon.colcon_core.shell:Creating prefix chain script '/home/mp4d/fpga_interface/fpga_interface/install/setup.sh'
[169.662s] INFO:colcon.colcon_core.shell:Creating prefix script '/home/mp4d/fpga_interface/fpga_interface/install/local_setup.bash'
[169.680s] INFO:colcon.colcon_core.shell:Creating prefix chain script '/home/mp4d/fpga_interface/fpga_interface/install/setup.bash'
[169.701s] INFO:colcon.colcon_core.shell:Creating prefix script '/home/mp4d/fpga_interface/fpga_interface/install/local_setup.zsh'
[169.710s] INFO:colcon.colcon_core.shell:Creating prefix chain script '/home/mp4d/fpga_interface/fpga_interface/install/setup.zsh'
