[0.022s] Invoking command in '/home/vincent/Embedded-System/ros_motor_system/MyCode/path2pos/build/path2pos': CMAKE_PREFIX_PATH=${CMAKE_PREFIX_PATH}:/opt/ros/foxy /usr/bin/cmake --build /home/vincent/Embedded-System/ros_motor_system/MyCode/path2pos/build/path2pos -- -j4 -l4
[0.101s] [35m[1mScanning dependencies of target pos_writer[0m
[0.153s] [ 50%] [32mBuilding CXX object CMakeFiles/pos_writer.dir/src/pos_writer.cpp.o[0m
[2.389s] [01m[K/home/vincent/Embedded-System/ros_motor_system/MyCode/path2pos/src/pos_writer.cpp:81:51:[m[K [01;31m[Kerror: [m[K‘[01m[KInt16[m[K’ in namespace ‘[01m[Kstd_msgs::msg[m[K’ does not name a type
[2.389s]    81 |     void set_number_callback(const std_msgs::msg::[01;31m[KInt16[m[K::SharedPtr msg) const
[2.389s]       |                                                   [01;31m[K^~~~~[m[K
[2.389s] [01m[K/home/vincent/Embedded-System/ros_motor_system/MyCode/path2pos/src/pos_writer.cpp:81:68:[m[K [01;31m[Kerror: [m[Kexpected unqualified-id before ‘[01m[Kmsg[m[K’
[2.390s]    81 |     void set_number_callback(const std_msgs::msg::Int16::SharedPtr [01;31m[Kmsg[m[K) const
[2.390s]       |                                                                    [01;31m[K^~~[m[K
[2.390s] [01m[K/home/vincent/Embedded-System/ros_motor_system/MyCode/path2pos/src/pos_writer.cpp:81:67:[m[K [01;31m[Kerror: [m[Kexpected ‘[01m[K)[m[K’ before ‘[01m[Kmsg[m[K’
[2.390s]    81 |     void set_number_callback[34m[K([m[Kconst std_msgs::msg::Int16::SharedPtr[01;31m[K [m[K[32m[Kmsg[m[K) const
[2.390s]       |                             [34m[K~[m[K                                     [01;31m[K^[m[K[32m[K~~~[m[K
[2.390s]       |                                                                   [32m[K)[m[K
[2.390s] [01m[K/home/vincent/Embedded-System/ros_motor_system/MyCode/path2pos/src/pos_writer.cpp:81:58:[m[K [01;31m[Kerror: [m[Kexpected ‘[01m[K;[m[K’ at end of member declaration
[2.390s]    81 |     void set_number_callback(const std_msgs::msg::Int16::[01;31m[KSharedPtr[m[K msg) const
[2.390s]       |                                                          [01;31m[K^~~~~~~~~[m[K
[2.391s]       |                                                                   [32m[K;[m[K
[2.391s] [01m[K/home/vincent/Embedded-System/ros_motor_system/MyCode/path2pos/src/pos_writer.cpp:81:68:[m[K [01;31m[Kerror: [m[K‘[01m[Kmsg[m[K’ does not name a type
[2.391s]    81 |     void set_number_callback(const std_msgs::msg::Int16::SharedPtr [01;31m[Kmsg[m[K) const
[2.391s]       |                                                                    [01;31m[K^~~[m[K
[2.391s] [01m[K/home/vincent/Embedded-System/ros_motor_system/MyCode/path2pos/src/pos_writer.cpp:86:41:[m[K [01;31m[Kerror: [m[K‘[01m[KInt16[m[K’ is not a member of ‘[01m[Kstd_msgs::msg[m[K’
[2.391s]    86 |     rclcpp::Subscription<std_msgs::msg::[01;31m[KInt16[m[K>::SharedPtr subscription_;
[2.391s]       |                                         [01;31m[K^~~~~[m[K
[2.391s] [01m[K/home/vincent/Embedded-System/ros_motor_system/MyCode/path2pos/src/pos_writer.cpp:86:41:[m[K [01;31m[Kerror: [m[K‘[01m[KInt16[m[K’ is not a member of ‘[01m[Kstd_msgs::msg[m[K’
[2.392s] [01m[K/home/vincent/Embedded-System/ros_motor_system/MyCode/path2pos/src/pos_writer.cpp:86:46:[m[K [01;31m[Kerror: [m[Ktemplate argument 1 is invalid
[2.392s]    86 |     rclcpp::Subscription<std_msgs::msg::Int16[01;31m[K>[m[K::SharedPtr subscription_;
[2.392s]       |                                              [01;31m[K^[m[K
[2.392s] [01m[K/home/vincent/Embedded-System/ros_motor_system/MyCode/path2pos/src/pos_writer.cpp:86:46:[m[K [01;31m[Kerror: [m[Ktemplate argument 3 is invalid
[2.392s] [01m[K/home/vincent/Embedded-System/ros_motor_system/MyCode/path2pos/src/pos_writer.cpp:86:49:[m[K [01;31m[Kerror: [m[Kexpected ‘[01m[K;[m[K’ at end of member declaration
[2.392s]    86 |     rclcpp::Subscription<std_msgs::msg::Int16>::[01;31m[KSharedPtr[m[K subscription_;
[2.392s]       |                                                 [01;31m[K^~~~~~~~~[m[K
[2.393s]       |                                                          [32m[K;[m[K
[2.396s] [01m[K/home/vincent/Embedded-System/ros_motor_system/MyCode/path2pos/src/pos_writer.cpp:86:59:[m[K [01;31m[Kerror: [m[K‘[01m[Ksubscription_[m[K’ does not name a type; did you mean ‘[01m[Krcl_subscription_t[m[K’?
[2.396s]    86 |     rclcpp::Subscription<std_msgs::msg::Int16>::SharedPtr [01;31m[Ksubscription_[m[K;
[2.396s]       |                                                           [01;31m[K^~~~~~~~~~~~~[m[K
[2.397s]       |                                                           [32m[Krcl_subscription_t[m[K
[2.420s] [01m[K/home/vincent/Embedded-System/ros_motor_system/MyCode/path2pos/src/pos_writer.cpp:[m[K In constructor ‘[01m[KMinimalPublisher::MinimalPublisher()[m[K’:
[2.421s] [01m[K/home/vincent/Embedded-System/ros_motor_system/MyCode/path2pos/src/pos_writer.cpp:30:7:[m[K [01;31m[Kerror: [m[K‘[01m[Ksubscription_[m[K’ was not declared in this scope; did you mean ‘[01m[Krcl_subscription_t[m[K’?
[2.421s]    30 |       [01;31m[Ksubscription_[m[K = this->create_subscription<std_msgs::msg::Int16>(
[2.421s]       |       [01;31m[K^~~~~~~~~~~~~[m[K
[2.421s]       |       [32m[Krcl_subscription_t[m[K
[2.421s] [01m[K/home/vincent/Embedded-System/ros_motor_system/MyCode/path2pos/src/pos_writer.cpp:30:64:[m[K [01;31m[Kerror: [m[K‘[01m[KInt16[m[K’ is not a member of ‘[01m[Kstd_msgs::msg[m[K’
[2.421s]    30 |       subscription_ = this->create_subscription<std_msgs::msg::[01;31m[KInt16[m[K>(
[2.422s]       |                                                                [01;31m[K^~~~~[m[K
[2.422s] [01m[K/home/vincent/Embedded-System/ros_motor_system/MyCode/path2pos/src/pos_writer.cpp:30:64:[m[K [01;31m[Kerror: [m[K‘[01m[KInt16[m[K’ is not a member of ‘[01m[Kstd_msgs::msg[m[K’
[2.422s] [01m[K/home/vincent/Embedded-System/ros_motor_system/MyCode/path2pos/src/pos_writer.cpp:31:42:[m[K [01;31m[Kerror: [m[K‘[01m[KMinimalSubscriber[m[K’ has not been declared
[2.422s]    31 |       "/set_draw_number", 10, std::bind(&[01;31m[KMinimalSubscriber[m[K::set_number_callback, this,,std::placeholders::_1));
[2.422s]       |                                          [01;31m[K^~~~~~~~~~~~~~~~~[m[K
[2.422s] [01m[K/home/vincent/Embedded-System/ros_motor_system/MyCode/path2pos/src/pos_writer.cpp:31:87:[m[K [01;31m[Kerror: [m[Kexpected primary-expression before ‘[01m[K,[m[K’ token
[2.422s]    31 |       "/set_draw_number", 10, std::bind(&MinimalSubscriber::set_number_callback, this,[01;31m[K,[m[Kstd::placeholders::_1));
[2.422s]       |                                                                                       [01;31m[K^[m[K
[3.962s] make[2]: *** [CMakeFiles/pos_writer.dir/build.make:63: CMakeFiles/pos_writer.dir/src/pos_writer.cpp.o] Error 1
[3.963s] make[1]: *** [CMakeFiles/Makefile2:78: CMakeFiles/pos_writer.dir/all] Error 2
[3.963s] make: *** [Makefile:141: all] Error 2
[3.967s] Invoked command in '/home/vincent/Embedded-System/ros_motor_system/MyCode/path2pos/build/path2pos' returned '2': CMAKE_PREFIX_PATH=${CMAKE_PREFIX_PATH}:/opt/ros/foxy /usr/bin/cmake --build /home/vincent/Embedded-System/ros_motor_system/MyCode/path2pos/build/path2pos -- -j4 -l4
