[4.321s] DEBUG:colcon:Command line arguments: ['/usr/bin/colcon', 'build']
[4.326s] DEBUG:colcon:Parsed command line arguments: Namespace(allow_overriding=[], ament_cmake_args=None, base_paths=['.'], build_base='build', catkin_cmake_args=None, catkin_skip_building_tests=False, cmake_args=None, cmake_clean_cache=False, cmake_clean_first=False, cmake_force_configure=False, cmake_target=None, cmake_target_skip_unavailable=False, continue_on_error=False, event_handlers=None, executor='parallel', ignore_user_meta=False, install_base='install', log_base=None, log_level=None, main=<bound method BuildVerb.main of <colcon_core.verb.build.BuildVerb object at 0xffff83e754f0>>, merge_install=False, metas=['./colcon.meta'], packages_above=None, packages_above_and_dependencies=None, packages_above_depth=None, packages_end=None, packages_ignore=None, packages_ignore_regex=None, packages_select=None, packages_select_build_failed=False, packages_select_by_dep=None, packages_select_regex=None, packages_select_test_failures=False, packages_skip=None, packages_skip_build_finished=False, packages_skip_by_dep=None, packages_skip_regex=None, packages_skip_test_passed=False, packages_skip_up_to=None, packages_start=None, packages_up_to=None, packages_up_to_regex=None, parallel_workers=4, paths=None, symlink_install=False, test_result_base=None, verb_extension=<colcon_core.verb.build.BuildVerb object at 0xffff83e754f0>, verb_name='build', verb_parser=<colcon_defaults.argument_parser.defaults.DefaultArgumentsDecorator object at 0xffff83d16e50>)
[7.359s] Level 1:colcon.colcon_core.package_discovery:discover_packages(colcon_meta) check parameters
[7.362s] Level 1:colcon.colcon_core.package_discovery:discover_packages(recursive) check parameters
[7.364s] Level 1:colcon.colcon_core.package_discovery:discover_packages(ignore) check parameters
[7.365s] Level 1:colcon.colcon_core.package_discovery:discover_packages(path) check parameters
[7.366s] Level 1:colcon.colcon_core.package_discovery:discover_packages(colcon_meta) discover
[7.367s] Level 1:colcon.colcon_core.package_discovery:discover_packages(recursive) discover
[7.369s] INFO:colcon.colcon_core.package_discovery:Crawling recursively for packages in '/home/mp4d/fpga_interface/fpga_interface'
[7.372s] Level 1:colcon.colcon_core.package_identification:_identify(.) by extensions ['ignore', 'ignore_ament_install']
[7.374s] Level 1:colcon.colcon_core.package_identification:_identify(.) by extension 'ignore'
[7.376s] Level 1:colcon.colcon_core.package_identification:_identify(.) by extension 'ignore_ament_install'
[7.377s] Level 1:colcon.colcon_core.package_identification:_identify(.) by extensions ['colcon_pkg']
[7.378s] Level 1:colcon.colcon_core.package_identification:_identify(.) by extension 'colcon_pkg'
[7.379s] Level 1:colcon.colcon_core.package_identification:_identify(.) by extensions ['colcon_meta']
[7.380s] Level 1:colcon.colcon_core.package_identification:_identify(.) by extension 'colcon_meta'
[7.380s] Level 1:colcon.colcon_core.package_identification:_identify(.) by extensions ['ros']
[7.381s] Level 1:colcon.colcon_core.package_identification:_identify(.) by extension 'ros'
[7.609s] DEBUG:colcon.colcon_core.package_identification:Package '.' with type 'ros.ament_cmake' and name 'fpga_interface'
[7.611s] Level 1:colcon.colcon_core.package_discovery:discover_packages(recursive) using defaults
[7.612s] Level 1:colcon.colcon_core.package_discovery:discover_packages(ignore) discover
[7.613s] Level 1:colcon.colcon_core.package_discovery:discover_packages(ignore) using defaults
[7.613s] Level 1:colcon.colcon_core.package_discovery:discover_packages(path) discover
[7.613s] Level 1:colcon.colcon_core.package_discovery:discover_packages(path) using defaults
[7.995s] Level 1:colcon.colcon_core.package_discovery:discover_packages(prefix_path) check parameters
[7.996s] Level 1:colcon.colcon_core.package_discovery:discover_packages(prefix_path) discover
[8.077s] DEBUG:colcon.colcon_installed_package_information.package_discovery:Found 1 installed packages in /home/mp4d/fpga_interface/fpga_interface/install
[8.093s] DEBUG:colcon.colcon_installed_package_information.package_discovery:Found 258 installed packages in /opt/ros/foxy
[8.124s] Level 1:colcon.colcon_core.package_discovery:discover_packages(prefix_path) using defaults
[9.875s] Level 5:colcon.colcon_core.verb:set package 'fpga_interface' build argument 'cmake_args' from command line to 'None'
[9.878s] Level 5:colcon.colcon_core.verb:set package 'fpga_interface' build argument 'cmake_target' from command line to 'None'
[9.880s] Level 5:colcon.colcon_core.verb:set package 'fpga_interface' build argument 'cmake_target_skip_unavailable' from command line to 'False'
[9.882s] Level 5:colcon.colcon_core.verb:set package 'fpga_interface' build argument 'cmake_clean_cache' from command line to 'False'
[9.883s] Level 5:colcon.colcon_core.verb:set package 'fpga_interface' build argument 'cmake_clean_first' from command line to 'False'
[9.886s] Level 5:colcon.colcon_core.verb:set package 'fpga_interface' build argument 'cmake_force_configure' from command line to 'False'
[9.888s] Level 5:colcon.colcon_core.verb:set package 'fpga_interface' build argument 'ament_cmake_args' from command line to 'None'
[9.894s] Level 5:colcon.colcon_core.verb:set package 'fpga_interface' build argument 'catkin_cmake_args' from command line to 'None'
[9.896s] Level 5:colcon.colcon_core.verb:set package 'fpga_interface' build argument 'catkin_skip_building_tests' from command line to 'False'
[9.899s] DEBUG:colcon.colcon_core.verb:Building package 'fpga_interface' with the following arguments: {'ament_cmake_args': None, 'build_base': '/home/mp4d/fpga_interface/fpga_interface/build/fpga_interface', 'catkin_cmake_args': None, 'catkin_skip_building_tests': False, 'cmake_args': None, 'cmake_clean_cache': False, 'cmake_clean_first': False, 'cmake_force_configure': False, 'cmake_target': None, 'cmake_target_skip_unavailable': False, 'install_base': '/home/mp4d/fpga_interface/fpga_interface/install/fpga_interface', 'merge_install': False, 'path': '/home/mp4d/fpga_interface/fpga_interface', 'symlink_install': False, 'test_result_base': None}
[9.905s] INFO:colcon.colcon_core.executor:Executing jobs using 'parallel' executor
[9.925s] DEBUG:colcon.colcon_parallel_executor.executor.parallel:run_until_complete
[9.930s] INFO:colcon.colcon_ros.task.ament_cmake.build:Building ROS package in '/home/mp4d/fpga_interface/fpga_interface' with build type 'ament_cmake'
[9.942s] INFO:colcon.colcon_cmake.task.cmake.build:Building CMake package in '/home/mp4d/fpga_interface/fpga_interface'
[9.984s] INFO:colcon.colcon_core.plugin_system:Skipping extension 'colcon_core.shell.bat': Not used on non-Windows systems
[9.992s] INFO:colcon.colcon_core.shell:Skip shell extension 'powershell' for command environment: Not usable outside of PowerShell
[9.996s] DEBUG:colcon.colcon_core.shell:Skip shell extension 'dsv' for command environment
[10.202s] DEBUG:colcon.colcon_core.event_handler.log_command:Invoking command in '/home/mp4d/fpga_interface/fpga_interface/build/fpga_interface': CMAKE_PREFIX_PATH=${CMAKE_PREFIX_PATH}:/opt/ros/foxy /usr/bin/cmake --build /home/mp4d/fpga_interface/fpga_interface/build/fpga_interface -- -j4 -l4
[119.166s] DEBUG:colcon.colcon_core.event_handler.log_command:Invoked command in '/home/mp4d/fpga_interface/fpga_interface/build/fpga_interface' returned '0': CMAKE_PREFIX_PATH=${CMAKE_PREFIX_PATH}:/opt/ros/foxy /usr/bin/cmake --build /home/mp4d/fpga_interface/fpga_interface/build/fpga_interface -- -j4 -l4
[119.592s] DEBUG:colcon.colcon_core.event_handler.log_command:Invoking command in '/home/mp4d/fpga_interface/fpga_interface/build/fpga_interface': CMAKE_PREFIX_PATH=${CMAKE_PREFIX_PATH}:/opt/ros/foxy /usr/bin/cmake --install /home/mp4d/fpga_interface/fpga_interface/build/fpga_interface
[119.718s] Level 1:colcon.colcon_core.environment:create_environment_scripts_only(fpga_interface)
[119.729s] DEBUG:colcon.colcon_core.event_handler.log_command:Invoked command in '/home/mp4d/fpga_interface/fpga_interface/build/fpga_interface' returned '0': CMAKE_PREFIX_PATH=${CMAKE_PREFIX_PATH}:/opt/ros/foxy /usr/bin/cmake --install /home/mp4d/fpga_interface/fpga_interface/build/fpga_interface
[119.765s] Level 1:colcon.colcon_core.environment:checking '/home/mp4d/fpga_interface/fpga_interface/install/fpga_interface' for CMake module files
[119.770s] Level 1:colcon.colcon_core.environment:checking '/home/mp4d/fpga_interface/fpga_interface/install/fpga_interface' for CMake config files
[119.773s] Level 1:colcon.colcon_core.shell:create_environment_hook('fpga_interface', 'cmake_prefix_path')
[119.777s] INFO:colcon.colcon_core.shell:Creating environment hook '/home/mp4d/fpga_interface/fpga_interface/install/fpga_interface/share/fpga_interface/hook/cmake_prefix_path.ps1'
[119.792s] INFO:colcon.colcon_core.shell:Creating environment descriptor '/home/mp4d/fpga_interface/fpga_interface/install/fpga_interface/share/fpga_interface/hook/cmake_prefix_path.dsv'
[119.803s] INFO:colcon.colcon_core.shell:Creating environment hook '/home/mp4d/fpga_interface/fpga_interface/install/fpga_interface/share/fpga_interface/hook/cmake_prefix_path.sh'
[119.821s] Level 1:colcon.colcon_core.environment:checking '/home/mp4d/fpga_interface/fpga_interface/install/fpga_interface/lib'
[119.823s] Level 1:colcon.colcon_core.environment:checking '/home/mp4d/fpga_interface/fpga_interface/install/fpga_interface/bin'
[119.824s] Level 1:colcon.colcon_core.environment:checking '/home/mp4d/fpga_interface/fpga_interface/install/fpga_interface/lib/pkgconfig/fpga_interface.pc'
[119.826s] Level 1:colcon.colcon_core.environment:checking '/home/mp4d/fpga_interface/fpga_interface/install/fpga_interface/lib/python3.8/site-packages'
[119.828s] Level 1:colcon.colcon_core.environment:checking '/home/mp4d/fpga_interface/fpga_interface/install/fpga_interface/bin'
[119.832s] INFO:colcon.colcon_core.shell:Creating package script '/home/mp4d/fpga_interface/fpga_interface/install/fpga_interface/share/fpga_interface/package.ps1'
[119.845s] INFO:colcon.colcon_core.shell:Creating package descriptor '/home/mp4d/fpga_interface/fpga_interface/install/fpga_interface/share/fpga_interface/package.dsv'
[119.862s] INFO:colcon.colcon_core.shell:Creating package script '/home/mp4d/fpga_interface/fpga_interface/install/fpga_interface/share/fpga_interface/package.sh'
[119.876s] INFO:colcon.colcon_core.shell:Creating package script '/home/mp4d/fpga_interface/fpga_interface/install/fpga_interface/share/fpga_interface/package.bash'
[119.884s] INFO:colcon.colcon_core.shell:Creating package script '/home/mp4d/fpga_interface/fpga_interface/install/fpga_interface/share/fpga_interface/package.zsh'
[119.892s] Level 1:colcon.colcon_core.environment:create_file_with_runtime_dependencies(/home/mp4d/fpga_interface/fpga_interface/install/fpga_interface/share/colcon-core/packages/fpga_interface)
[120.122s] Level 1:colcon.colcon_core.environment:create_environment_scripts_only(fpga_interface)
[120.125s] Level 1:colcon.colcon_core.environment:checking '/home/mp4d/fpga_interface/fpga_interface/install/fpga_interface' for CMake module files
[120.130s] Level 1:colcon.colcon_core.environment:checking '/home/mp4d/fpga_interface/fpga_interface/install/fpga_interface' for CMake config files
[120.132s] Level 1:colcon.colcon_core.shell:create_environment_hook('fpga_interface', 'cmake_prefix_path')
[120.135s] INFO:colcon.colcon_core.shell:Creating environment hook '/home/mp4d/fpga_interface/fpga_interface/install/fpga_interface/share/fpga_interface/hook/cmake_prefix_path.ps1'
[120.141s] INFO:colcon.colcon_core.shell:Creating environment descriptor '/home/mp4d/fpga_interface/fpga_interface/install/fpga_interface/share/fpga_interface/hook/cmake_prefix_path.dsv'
[120.147s] INFO:colcon.colcon_core.shell:Creating environment hook '/home/mp4d/fpga_interface/fpga_interface/install/fpga_interface/share/fpga_interface/hook/cmake_prefix_path.sh'
[120.155s] Level 1:colcon.colcon_core.environment:checking '/home/mp4d/fpga_interface/fpga_interface/install/fpga_interface/lib'
[120.156s] Level 1:colcon.colcon_core.environment:checking '/home/mp4d/fpga_interface/fpga_interface/install/fpga_interface/bin'
[120.157s] Level 1:colcon.colcon_core.environment:checking '/home/mp4d/fpga_interface/fpga_interface/install/fpga_interface/lib/pkgconfig/fpga_interface.pc'
[120.161s] Level 1:colcon.colcon_core.environment:checking '/home/mp4d/fpga_interface/fpga_interface/install/fpga_interface/lib/python3.8/site-packages'
[120.165s] Level 1:colcon.colcon_core.environment:checking '/home/mp4d/fpga_interface/fpga_interface/install/fpga_interface/bin'
[120.178s] INFO:colcon.colcon_core.shell:Creating package script '/home/mp4d/fpga_interface/fpga_interface/install/fpga_interface/share/fpga_interface/package.ps1'
[120.186s] INFO:colcon.colcon_core.shell:Creating package descriptor '/home/mp4d/fpga_interface/fpga_interface/install/fpga_interface/share/fpga_interface/package.dsv'
[120.194s] INFO:colcon.colcon_core.shell:Creating package script '/home/mp4d/fpga_interface/fpga_interface/install/fpga_interface/share/fpga_interface/package.sh'
[120.202s] INFO:colcon.colcon_core.shell:Creating package script '/home/mp4d/fpga_interface/fpga_interface/install/fpga_interface/share/fpga_interface/package.bash'
[120.212s] INFO:colcon.colcon_core.shell:Creating package script '/home/mp4d/fpga_interface/fpga_interface/install/fpga_interface/share/fpga_interface/package.zsh'
[120.222s] Level 1:colcon.colcon_core.environment:create_file_with_runtime_dependencies(/home/mp4d/fpga_interface/fpga_interface/install/fpga_interface/share/colcon-core/packages/fpga_interface)
[120.234s] DEBUG:colcon.colcon_parallel_executor.executor.parallel:closing loop
[120.237s] DEBUG:colcon.colcon_parallel_executor.executor.parallel:loop closed
[120.238s] DEBUG:colcon.colcon_parallel_executor.executor.parallel:run_until_complete finished with '0'
[120.239s] DEBUG:colcon.colcon_core.event_reactor:joining thread
[120.310s] INFO:colcon.colcon_core.plugin_system:Skipping extension 'colcon_notification.desktop_notification.notify_send': Could not find 'notify-send'
[120.313s] INFO:colcon.colcon_core.plugin_system:Skipping extension 'colcon_notification.desktop_notification.terminal_notifier': Not used on non-Darwin systems
[120.314s] INFO:colcon.colcon_core.plugin_system:Skipping extension 'colcon_notification.desktop_notification.win32': Not used on non-Windows systems
[120.315s] INFO:colcon.colcon_notification.desktop_notification:Sending desktop notification using 'notify2'
[120.324s] DEBUG:colcon.colcon_notification.desktop_notification.notify2:Failed to initialize notify2: org.freedesktop.DBus.Error.ServiceUnknown: The name org.freedesktop.Notifications was not provided by any .service files
[120.326s] DEBUG:colcon.colcon_core.event_reactor:joined thread
[120.331s] INFO:colcon.colcon_core.shell:Creating prefix script '/home/mp4d/fpga_interface/fpga_interface/install/local_setup.ps1'
[120.352s] INFO:colcon.colcon_core.shell:Creating prefix util module '/home/mp4d/fpga_interface/fpga_interface/install/_local_setup_util_ps1.py'
[120.368s] INFO:colcon.colcon_core.shell:Creating prefix chain script '/home/mp4d/fpga_interface/fpga_interface/install/setup.ps1'
[120.387s] INFO:colcon.colcon_core.shell:Creating prefix script '/home/mp4d/fpga_interface/fpga_interface/install/local_setup.sh'
[120.408s] INFO:colcon.colcon_core.shell:Creating prefix util module '/home/mp4d/fpga_interface/fpga_interface/install/_local_setup_util_sh.py'
[120.417s] INFO:colcon.colcon_core.shell:Creating prefix chain script '/home/mp4d/fpga_interface/fpga_interface/install/setup.sh'
[120.431s] INFO:colcon.colcon_core.shell:Creating prefix script '/home/mp4d/fpga_interface/fpga_interface/install/local_setup.bash'
[120.439s] INFO:colcon.colcon_core.shell:Creating prefix chain script '/home/mp4d/fpga_interface/fpga_interface/install/setup.bash'
[120.462s] INFO:colcon.colcon_core.shell:Creating prefix script '/home/mp4d/fpga_interface/fpga_interface/install/local_setup.zsh'
[120.470s] INFO:colcon.colcon_core.shell:Creating prefix chain script '/home/mp4d/fpga_interface/fpga_interface/install/setup.zsh'
