In file included from [01m[K/home/vincent/Embedded-System/ros_interface_node/fpga_interface/src/interface_node.cpp:16[m[K:
[01m[K/home/vincent/Embedded-System/ros_interface_node/fpga_interface/src/reserved_mem.hpp:51:6:[m[K [01;35m[Kwarning: [m[Kextra ‘[01m[K;[m[K’ [[01;35m[K-Wpedantic[m[K]
   51 |     }[01;35m[K;[m[K
      |      [01;35m[K^[m[K
      |      [31m[K-[m[K
[01m[K/home/vincent/Embedded-System/ros_interface_node/fpga_interface/src/reserved_mem.hpp:68:6:[m[K [01;35m[Kwarning: [m[Kextra ‘[01m[K;[m[K’ [[01;35m[K-Wpedantic[m[K]
   68 |     }[01;35m[K;[m[K
      |      [01;35m[K^[m[K
      |      [31m[K-[m[K
[01m[K/home/vincent/Embedded-System/ros_interface_node/fpga_interface/src/interface_node.cpp:[m[K In member function ‘[01m[Kvoid MinimalPublisher::get_image_callback(sensor_msgs::msg::Image_<std::allocator<void> >::SharedPtr)[m[K’:
[01m[K/home/vincent/Embedded-System/ros_interface_node/fpga_interface/src/interface_node.cpp:48:25:[m[K [01;35m[Kwarning: [m[Kcomparison of integer expressions of different signedness: ‘[01m[Kint[m[K’ and ‘[01m[Ksensor_msgs::msg::Image_<std::allocator<void> >::_height_type[m[K’ {aka ‘[01m[Kunsigned int[m[K’} [[01;35m[K-Wsign-compare[m[K]
   48 |       for (int x = 0; [01;35m[Kx < msg->height[m[K; x++)
      |                       [01;35m[K~~^~~~~~~~~~~~~[m[K
[01m[K/home/vincent/Embedded-System/ros_interface_node/fpga_interface/src/interface_node.cpp:50:23:[m[K [01;35m[Kwarning: [m[Kcomparison of integer expressions of different signedness: ‘[01m[Kint[m[K’ and ‘[01m[Ksensor_msgs::msg::Image_<std::allocator<void> >::_width_type[m[K’ {aka ‘[01m[Kunsigned int[m[K’} [[01;35m[K-Wsign-compare[m[K]
   50 |         for (int y=0;[01;35m[Ky<msg->width[m[K;y++){
      |                      [01;35m[K~^~~~~~~~~~~[m[K
[01m[K/home/vincent/Embedded-System/ros_interface_node/fpga_interface/src/interface_node.cpp:51:47:[m[K [01;31m[Kerror: [m[Kinvalid types ‘[01m[K__gnu_cxx::__alloc_traits<std::allocator<unsigned char>, unsigned char>::value_type {aka unsigned char}[int][m[K’ for array subscript
   51 |           ImageVector.push_back(msg->data[x][y[01;31m[K][m[K);
      |                                               [01;31m[K^[m[K
[01m[K/home/vincent/Embedded-System/ros_interface_node/fpga_interface/src/interface_node.cpp:55:16:[m[K [01;35m[Kwarning: [m[Kunused variable ‘[01m[KImageArray[m[K’ [[01;35m[K-Wunused-variable[m[K]
   55 |       uint8_t *[01;35m[KImageArray[m[K=ImageVector.data();
      |                [01;35m[K^~~~~~~~~~[m[K
make[2]: *** [CMakeFiles/interface_node.dir/build.make:63: CMakeFiles/interface_node.dir/src/interface_node.cpp.o] Error 1
make[1]: *** [CMakeFiles/Makefile2:78: CMakeFiles/interface_node.dir/all] Error 2
make: *** [Makefile:141: all] Error 2
