[0.023s] Invoking command in '/home/vincent/Embedded-System/ros_interface_node/fpga_interface/build/fpga_interface': CMAKE_PREFIX_PATH=${CMAKE_PREFIX_PATH}:/opt/ros/foxy /usr/bin/cmake --build /home/vincent/Embedded-System/ros_interface_node/fpga_interface/build/fpga_interface -- -j4 -l4
[0.070s] -- Found ament_cmake: 0.9.12 (/opt/ros/foxy/share/ament_cmake/cmake)
[0.103s] -- Using PYTHON_EXECUTABLE: /usr/bin/python3
[0.402s] -- Found rclcpp: 2.4.3 (/opt/ros/foxy/share/rclcpp/cmake)
[0.456s] -- Using all available rosidl_typesupport_c: rosidl_typesupport_fastrtps_c;rosidl_typesupport_introspection_c
[0.461s] -- Found rosidl_adapter: 1.3.1 (/opt/ros/foxy/share/rosidl_adapter/cmake)
[0.649s] -- Using all available rosidl_typesupport_cpp: rosidl_typesupport_fastrtps_cpp;rosidl_typesupport_introspection_cpp
[0.734s] -- Found rmw_implementation_cmake: 1.0.4 (/opt/ros/foxy/share/rmw_implementation_cmake/cmake)
[0.736s] -- Using RMW implementation 'rmw_fastrtps_cpp' as default
[0.971s] -- Found sensor_msgs: 2.0.5 (/opt/ros/foxy/share/sensor_msgs/cmake)
[1.163s] -- Found cv_bridge: 3.0.7 (/opt/ros/foxy/share/cv_bridge/cmake)
[1.199s] -- Found ament_lint_auto: 0.9.8 (/opt/ros/foxy/share/ament_lint_auto/cmake)
[1.299s] -- Added test 'copyright' to check source files copyright and LICENSE
[1.328s] -- Added test 'cppcheck' to perform static code analysis on C / C++ code
[1.328s] -- Configured cppcheck include dirs: /home/vincent/Embedded-System/ros_interface_node/fpga_interface/lib;$<BUILD_INTERFACE:/home/vincent/Embedded-System/ros_interface_node/fpga_interface/include>
[1.329s] -- Configured cppcheck exclude dirs and/or files: 
[1.360s] -- Added test 'cpplint' to check C / C++ code against the Google style
[1.361s] -- Configured cpplint exclude dirs and/or files: 
[1.365s] -- Added test 'flake8' to check Python code syntax and style conventions
[1.374s] -- Added test 'lint_cmake' to check CMake code style
[1.379s] -- Added test 'pep257' to check Python code against some of the style conventions in PEP 257
[1.412s] -- Added test 'uncrustify' to check C / C++ code style
[1.412s] -- Configured uncrustify additional arguments: 
[1.416s] -- Added test 'xmllint' to check XML markup files
[1.420s] -- Configuring done
[1.450s] -- Generating done
[1.457s] -- Build files have been written to: /home/vincent/Embedded-System/ros_interface_node/fpga_interface/build/fpga_interface
[1.499s] [35m[1mScanning dependencies of target interface_node[0m
[1.547s] [ 25%] [32mBuilding CXX object CMakeFiles/interface_node.dir/src/interface_node.cpp.o[0m
[3.919s] In file included from [01m[K/home/vincent/Embedded-System/ros_interface_node/fpga_interface/src/interface_node.cpp:16[m[K:
[3.919s] [01m[K/home/vincent/Embedded-System/ros_interface_node/fpga_interface/src/reserved_mem.hpp:51:6:[m[K [01;35m[Kwarning: [m[Kextra ‘[01m[K;[m[K’ [[01;35m[K-Wpedantic[m[K]
[3.919s]    51 |     }[01;35m[K;[m[K
[3.920s]       |      [01;35m[K^[m[K
[3.920s]       |      [31m[K-[m[K
[3.920s] [01m[K/home/vincent/Embedded-System/ros_interface_node/fpga_interface/src/reserved_mem.hpp:68:6:[m[K [01;35m[Kwarning: [m[Kextra ‘[01m[K;[m[K’ [[01;35m[K-Wpedantic[m[K]
[3.920s]    68 |     }[01;35m[K;[m[K
[3.920s]       |      [01;35m[K^[m[K
[3.921s]       |      [31m[K-[m[K
[4.392s] [01m[K/home/vincent/Embedded-System/ros_interface_node/fpga_interface/src/interface_node.cpp:[m[K In member function ‘[01m[Kvoid MinimalPublisher::get_image_callback(sensor_msgs::msg::Image_<std::allocator<void> >::SharedPtr)[m[K’:
[4.392s] [01m[K/home/vincent/Embedded-System/ros_interface_node/fpga_interface/src/interface_node.cpp:48:25:[m[K [01;35m[Kwarning: [m[Kcomparison of integer expressions of different signedness: ‘[01m[Kint[m[K’ and ‘[01m[Ksensor_msgs::msg::Image_<std::allocator<void> >::_height_type[m[K’ {aka ‘[01m[Kunsigned int[m[K’} [[01;35m[K-Wsign-compare[m[K]
[4.392s]    48 |       for (int x = 0; [01;35m[Kx < msg->height[m[K; x++)
[4.392s]       |                       [01;35m[K~~^~~~~~~~~~~~~[m[K
[4.392s] [01m[K/home/vincent/Embedded-System/ros_interface_node/fpga_interface/src/interface_node.cpp:50:23:[m[K [01;35m[Kwarning: [m[Kcomparison of integer expressions of different signedness: ‘[01m[Kint[m[K’ and ‘[01m[Ksensor_msgs::msg::Image_<std::allocator<void> >::_width_type[m[K’ {aka ‘[01m[Kunsigned int[m[K’} [[01;35m[K-Wsign-compare[m[K]
[4.393s]    50 |         for (int y=0;[01;35m[Ky<msg->width[m[K;y++){
[4.393s]       |                      [01;35m[K~^~~~~~~~~~~[m[K
[4.393s] [01m[K/home/vincent/Embedded-System/ros_interface_node/fpga_interface/src/interface_node.cpp:51:47:[m[K [01;31m[Kerror: [m[Kinvalid types ‘[01m[K__gnu_cxx::__alloc_traits<std::allocator<unsigned char>, unsigned char>::value_type {aka unsigned char}[int][m[K’ for array subscript
[4.393s]    51 |           ImageVector.push_back(msg->data[x][y[01;31m[K][m[K);
[4.393s]       |                                               [01;31m[K^[m[K
[4.393s] [01m[K/home/vincent/Embedded-System/ros_interface_node/fpga_interface/src/interface_node.cpp:55:16:[m[K [01;35m[Kwarning: [m[Kunused variable ‘[01m[KImageArray[m[K’ [[01;35m[K-Wunused-variable[m[K]
[4.393s]    55 |       uint8_t *[01;35m[KImageArray[m[K=ImageVector.data();
[4.394s]       |                [01;35m[K^~~~~~~~~~[m[K
[6.910s] make[2]: *** [CMakeFiles/interface_node.dir/build.make:63: CMakeFiles/interface_node.dir/src/interface_node.cpp.o] Error 1
[6.911s] make[1]: *** [CMakeFiles/Makefile2:78: CMakeFiles/interface_node.dir/all] Error 2
[6.911s] make: *** [Makefile:141: all] Error 2
[6.917s] Invoked command in '/home/vincent/Embedded-System/ros_interface_node/fpga_interface/build/fpga_interface' returned '2': CMAKE_PREFIX_PATH=${CMAKE_PREFIX_PATH}:/opt/ros/foxy /usr/bin/cmake --build /home/vincent/Embedded-System/ros_interface_node/fpga_interface/build/fpga_interface -- -j4 -l4
