[0.244s] Invoking command in '/home/mp4d/fpga_interface/fpga_interface/build/fpga_interface': CMAKE_PREFIX_PATH=${CMAKE_PREFIX_PATH}:/opt/ros/foxy /usr/bin/cmake --build /home/mp4d/fpga_interface/fpga_interface/build/fpga_interface -- -j4 -l4
[0.442s] make: Warning: File 'Makefile' has modification time 15601635 s in the future
[0.845s] make[1]: Warning: File 'CMakeFiles/Makefile2' has modification time 15601635 s in the future
[0.877s] make[2]: Warning: File 'CMakeFiles/interface_node.dir/flags.make' has modification time 15601635 s in the future
[1.218s] make[2]: warning:  Clock skew detected.  Your build may be incomplete.
[1.263s] make[2]: Warning: File 'CMakeFiles/interface_node.dir/flags.make' has modification time 15601634 s in the future
[1.409s] make[2]: warning:  Clock skew detected.  Your build may be incomplete.
[1.498s] [100%] Built target interface_node
[1.514s] make[1]: warning:  Clock skew detected.  Your build may be incomplete.
[1.617s] make: warning:  Clock skew detected.  Your build may be incomplete.
[1.638s] Invoked command in '/home/mp4d/fpga_interface/fpga_interface/build/fpga_interface' returned '0': CMAKE_PREFIX_PATH=${CMAKE_PREFIX_PATH}:/opt/ros/foxy /usr/bin/cmake --build /home/mp4d/fpga_interface/fpga_interface/build/fpga_interface -- -j4 -l4
[2.126s] Invoking command in '/home/mp4d/fpga_interface/fpga_interface/build/fpga_interface': CMAKE_PREFIX_PATH=${CMAKE_PREFIX_PATH}:/opt/ros/foxy /usr/bin/cmake --install /home/mp4d/fpga_interface/fpga_interface/build/fpga_interface
[2.258s] -- Install configuration: ""
[2.273s] -- Up-to-date: /home/mp4d/fpga_interface/fpga_interface/install/fpga_interface/lib/fpga_interface/interface_node
[2.276s] -- Up-to-date: /home/mp4d/fpga_interface/fpga_interface/install/fpga_interface/share/ament_index/resource_index/package_run_dependencies/fpga_interface
[2.279s] -- Up-to-date: /home/mp4d/fpga_interface/fpga_interface/install/fpga_interface/share/ament_index/resource_index/parent_prefix_path/fpga_interface
[2.281s] -- Up-to-date: /home/mp4d/fpga_interface/fpga_interface/install/fpga_interface/share/fpga_interface/environment/ament_prefix_path.sh
[2.282s] -- Up-to-date: /home/mp4d/fpga_interface/fpga_interface/install/fpga_interface/share/fpga_interface/environment/ament_prefix_path.dsv
[2.293s] -- Up-to-date: /home/mp4d/fpga_interface/fpga_interface/install/fpga_interface/share/fpga_interface/environment/path.sh
[2.295s] -- Up-to-date: /home/mp4d/fpga_interface/fpga_interface/install/fpga_interface/share/fpga_interface/environment/path.dsv
[2.296s] -- Up-to-date: /home/mp4d/fpga_interface/fpga_interface/install/fpga_interface/share/fpga_interface/local_setup.bash
[2.297s] -- Up-to-date: /home/mp4d/fpga_interface/fpga_interface/install/fpga_interface/share/fpga_interface/local_setup.sh
[2.298s] -- Up-to-date: /home/mp4d/fpga_interface/fpga_interface/install/fpga_interface/share/fpga_interface/local_setup.zsh
[2.299s] -- Up-to-date: /home/mp4d/fpga_interface/fpga_interface/install/fpga_interface/share/fpga_interface/local_setup.dsv
[2.300s] -- Installing: /home/mp4d/fpga_interface/fpga_interface/install/fpga_interface/share/fpga_interface/package.dsv
[2.318s] -- Up-to-date: /home/mp4d/fpga_interface/fpga_interface/install/fpga_interface/share/ament_index/resource_index/packages/fpga_interface
[2.325s] -- Up-to-date: /home/mp4d/fpga_interface/fpga_interface/install/fpga_interface/share/fpga_interface/cmake/fpga_interfaceConfig.cmake
[2.327s] -- Up-to-date: /home/mp4d/fpga_interface/fpga_interface/install/fpga_interface/share/fpga_interface/cmake/fpga_interfaceConfig-version.cmake
[2.328s] -- Up-to-date: /home/mp4d/fpga_interface/fpga_interface/install/fpga_interface/share/fpga_interface/package.xml
[2.342s] Invoked command in '/home/mp4d/fpga_interface/fpga_interface/build/fpga_interface' returned '0': CMAKE_PREFIX_PATH=${CMAKE_PREFIX_PATH}:/opt/ros/foxy /usr/bin/cmake --install /home/mp4d/fpga_interface/fpga_interface/build/fpga_interface
