[0.019s] Invoking command in '/home/vincent/Embedded-System/ros_motor_system/MyCode/build/path2pos': CMAKE_PREFIX_PATH=/opt/ros/foxy /usr/bin/cmake /home/vincent/Embedded-System/ros_motor_system/MyCode/path2pos -DCMAKE_INSTALL_PREFIX=/home/vincent/Embedded-System/ros_motor_system/MyCode/install/path2pos
[0.181s] -- The C compiler identification is GNU 9.4.0
[0.296s] -- The CXX compiler identification is GNU 9.4.0
[0.304s] -- Check for working C compiler: /usr/bin/cc
[0.431s] -- Check for working C compiler: /usr/bin/cc -- works
[0.434s] -- Detecting C compiler ABI info
[0.546s] -- Detecting C compiler ABI info - done
[0.565s] -- Detecting C compile features
[0.582s] -- Detecting C compile features - done
[0.588s] -- Check for working CXX compiler: /usr/bin/c++
[0.717s] -- Check for working CXX compiler: /usr/bin/c++ -- works
[0.718s] -- Detecting CXX compiler ABI info
[0.844s] -- Detecting CXX compiler ABI info - done
[0.866s] -- Detecting CXX compile features
[0.867s] -- Detecting CXX compile features - done
[0.886s] -- Found ament_cmake: 0.9.12 (/opt/ros/foxy/share/ament_cmake/cmake)
[0.931s] -- Found PythonInterp: /usr/bin/python3 (found suitable version "3.8.10", minimum required is "3") 
[0.931s] -- Using PYTHON_EXECUTABLE: /usr/bin/python3
[1.238s] -- Found rclcpp: 2.4.3 (/opt/ros/foxy/share/rclcpp/cmake)
[1.296s] -- Using all available rosidl_typesupport_c: rosidl_typesupport_fastrtps_c;rosidl_typesupport_introspection_c
[1.305s] -- Found rosidl_adapter: 1.3.1 (/opt/ros/foxy/share/rosidl_adapter/cmake)
[1.444s] -- Found OpenSSL: /usr/lib/x86_64-linux-gnu/libcrypto.so (found version "1.1.1f")  
[1.490s] -- Found FastRTPS: /opt/ros/foxy/include  
[1.610s] -- Using all available rosidl_typesupport_cpp: rosidl_typesupport_fastrtps_cpp;rosidl_typesupport_introspection_cpp
[1.704s] -- Found rmw_implementation_cmake: 1.0.4 (/opt/ros/foxy/share/rmw_implementation_cmake/cmake)
[1.706s] -- Using RMW implementation 'rmw_fastrtps_cpp' as default
[1.707s] -- Looking for pthread.h
[1.835s] -- Looking for pthread.h - found
[1.836s] -- Performing Test CMAKE_HAVE_LIBC_PTHREAD
[1.956s] -- Performing Test CMAKE_HAVE_LIBC_PTHREAD - Failed
[1.956s] -- Looking for pthread_create in pthreads
[2.052s] -- Looking for pthread_create in pthreads - not found
[2.052s] -- Looking for pthread_create in pthread
[2.170s] -- Looking for pthread_create in pthread - found
[2.173s] -- Found Threads: TRUE  
[2.442s] -- Found ament_lint_auto: 0.9.8 (/opt/ros/foxy/share/ament_lint_auto/cmake)
[2.563s] -- Added test 'copyright' to check source files copyright and LICENSE
[2.580s] -- Added test 'cppcheck' to perform static code analysis on C / C++ code
[2.580s] -- Configured cppcheck include dirs: $<BUILD_INTERFACE:/home/vincent/Embedded-System/ros_motor_system/MyCode/path2pos/include>
[2.581s] -- Configured cppcheck exclude dirs and/or files: 
[2.599s] -- Added test 'cpplint' to check C / C++ code against the Google style
[2.599s] -- Configured cpplint exclude dirs and/or files: 
[2.602s] -- Added test 'flake8' to check Python code syntax and style conventions
[2.607s] -- Added test 'lint_cmake' to check CMake code style
[2.610s] -- Added test 'pep257' to check Python code against some of the style conventions in PEP 257
[2.632s] -- Added test 'uncrustify' to check C / C++ code style
[2.633s] -- Configured uncrustify additional arguments: 
[2.635s] -- Added test 'xmllint' to check XML markup files
[2.640s] -- Configuring done
[2.651s] -- Generating done
[2.653s] -- Build files have been written to: /home/vincent/Embedded-System/ros_motor_system/MyCode/build/path2pos
[2.665s] Invoked command in '/home/vincent/Embedded-System/ros_motor_system/MyCode/build/path2pos' returned '0': CMAKE_PREFIX_PATH=/opt/ros/foxy /usr/bin/cmake /home/vincent/Embedded-System/ros_motor_system/MyCode/path2pos -DCMAKE_INSTALL_PREFIX=/home/vincent/Embedded-System/ros_motor_system/MyCode/install/path2pos
[2.670s] Invoking command in '/home/vincent/Embedded-System/ros_motor_system/MyCode/build/path2pos': CMAKE_PREFIX_PATH=/opt/ros/foxy /usr/bin/cmake --build /home/vincent/Embedded-System/ros_motor_system/MyCode/build/path2pos -- -j4 -l4
[2.746s] [35m[1mScanning dependencies of target pos_writer[0m
[2.870s] [ 50%] [32mBuilding CXX object CMakeFiles/pos_writer.dir/src/pos_writer.cpp.o[0m
[7.524s] [100%] [32m[1mLinking CXX executable pos_writer[0m
[7.776s] [100%] Built target pos_writer
[7.793s] Invoked command in '/home/vincent/Embedded-System/ros_motor_system/MyCode/build/path2pos' returned '0': CMAKE_PREFIX_PATH=/opt/ros/foxy /usr/bin/cmake --build /home/vincent/Embedded-System/ros_motor_system/MyCode/build/path2pos -- -j4 -l4
[7.852s] Invoking command in '/home/vincent/Embedded-System/ros_motor_system/MyCode/build/path2pos': CMAKE_PREFIX_PATH=/opt/ros/foxy /usr/bin/cmake --install /home/vincent/Embedded-System/ros_motor_system/MyCode/build/path2pos
[7.863s] -- Install configuration: ""
[7.863s] -- Installing: /home/vincent/Embedded-System/ros_motor_system/MyCode/install/path2pos/lib/path2pos/pos_writer
[7.865s] -- Set runtime path of "/home/vincent/Embedded-System/ros_motor_system/MyCode/install/path2pos/lib/path2pos/pos_writer" to ""
[7.865s] -- Installing: /home/vincent/Embedded-System/ros_motor_system/MyCode/install/path2pos/share/ament_index/resource_index/package_run_dependencies/path2pos
[7.865s] -- Installing: /home/vincent/Embedded-System/ros_motor_system/MyCode/install/path2pos/share/ament_index/resource_index/parent_prefix_path/path2pos
[7.866s] -- Installing: /home/vincent/Embedded-System/ros_motor_system/MyCode/install/path2pos/share/path2pos/environment/ament_prefix_path.sh
[7.866s] -- Installing: /home/vincent/Embedded-System/ros_motor_system/MyCode/install/path2pos/share/path2pos/environment/ament_prefix_path.dsv
[7.866s] -- Installing: /home/vincent/Embedded-System/ros_motor_system/MyCode/install/path2pos/share/path2pos/environment/path.sh
[7.866s] -- Installing: /home/vincent/Embedded-System/ros_motor_system/MyCode/install/path2pos/share/path2pos/environment/path.dsv
[7.867s] -- Installing: /home/vincent/Embedded-System/ros_motor_system/MyCode/install/path2pos/share/path2pos/local_setup.bash
[7.867s] -- Installing: /home/vincent/Embedded-System/ros_motor_system/MyCode/install/path2pos/share/path2pos/local_setup.sh
[7.867s] -- Installing: /home/vincent/Embedded-System/ros_motor_system/MyCode/install/path2pos/share/path2pos/local_setup.zsh
[7.868s] -- Installing: /home/vincent/Embedded-System/ros_motor_system/MyCode/install/path2pos/share/path2pos/local_setup.dsv
[7.868s] -- Installing: /home/vincent/Embedded-System/ros_motor_system/MyCode/install/path2pos/share/path2pos/package.dsv
[7.868s] -- Installing: /home/vincent/Embedded-System/ros_motor_system/MyCode/install/path2pos/share/ament_index/resource_index/packages/path2pos
[7.869s] -- Installing: /home/vincent/Embedded-System/ros_motor_system/MyCode/install/path2pos/share/path2pos/cmake/path2posConfig.cmake
[7.869s] -- Installing: /home/vincent/Embedded-System/ros_motor_system/MyCode/install/path2pos/share/path2pos/cmake/path2posConfig-version.cmake
[7.869s] -- Installing: /home/vincent/Embedded-System/ros_motor_system/MyCode/install/path2pos/share/path2pos/package.xml
[7.873s] Invoked command in '/home/vincent/Embedded-System/ros_motor_system/MyCode/build/path2pos' returned '0': CMAKE_PREFIX_PATH=/opt/ros/foxy /usr/bin/cmake --install /home/vincent/Embedded-System/ros_motor_system/MyCode/build/path2pos
