[0.077s] Invoking command in '/home/mp4d/ros_motors/MyCode/path2pos/build/path2pos': CMAKE_PREFIX_PATH=/home/mp4d/ros_motors/DynamixelSDK/install/dynamixel_sdk_examples:/home/mp4d/ros_motors/DynamixelSDK/install/dynamixel_sdk_custom_interfaces:/home/mp4d/ros_motors/DynamixelSDK/install/dynamixel_sdk:/opt/ros/foxy:/home/mp4d/ros_camera/install/usb_cam:/home/mp4d/ros_camera/install/cam_sub /usr/bin/cmake /home/mp4d/ros_motors/MyCode/path2pos -DCMAKE_INSTALL_PREFIX=/home/mp4d/ros_motors/MyCode/path2pos/install/path2pos
[0.531s] -- The C compiler identification is GNU 9.4.0
[0.966s] -- The CXX compiler identification is GNU 9.4.0
[0.998s] -- Check for working C compiler: /usr/bin/cc
[1.508s] -- Check for working C compiler: /usr/bin/cc -- works
[1.515s] -- Detecting C compiler ABI info
[2.019s] -- Detecting C compiler ABI info - done
[2.106s] -- Detecting C compile features
[2.108s] -- Detecting C compile features - done
[2.125s] -- Check for working CXX compiler: /usr/bin/c++
[2.697s] -- Check for working CXX compiler: /usr/bin/c++ -- works
[2.704s] -- Detecting CXX compiler ABI info
[3.297s] -- Detecting CXX compiler ABI info - done
[3.388s] -- Detecting CXX compile features
[3.391s] -- Detecting CXX compile features - done
[3.404s] -- Found ament_cmake: 0.9.12 (/opt/ros/foxy/share/ament_cmake/cmake)
[3.599s] -- Found PythonInterp: /usr/bin/python3 (found suitable version "3.8.10", minimum required is "3") 
[3.600s] -- Using PYTHON_EXECUTABLE: /usr/bin/python3
[5.144s] -- Found rclcpp: 2.4.3 (/opt/ros/foxy/share/rclcpp/cmake)
[5.404s] -- Using all available rosidl_typesupport_c: rosidl_typesupport_fastrtps_c;rosidl_typesupport_introspection_c
[5.446s] -- Found rosidl_adapter: 1.3.1 (/opt/ros/foxy/share/rosidl_adapter/cmake)
[5.897s] -- Found OpenSSL: /usr/lib/aarch64-linux-gnu/libcrypto.so (found version "1.1.1f")  
[6.072s] -- Found FastRTPS: /opt/ros/foxy/include  
[6.565s] -- Using all available rosidl_typesupport_cpp: rosidl_typesupport_fastrtps_cpp;rosidl_typesupport_introspection_cpp
[6.980s] -- Found rmw_implementation_cmake: 1.0.4 (/opt/ros/foxy/share/rmw_implementation_cmake/cmake)
[6.992s] -- Using RMW implementation 'rmw_fastrtps_cpp' as default
[6.997s] -- Looking for pthread.h
[7.536s] -- Looking for pthread.h - found
[7.537s] -- Performing Test CMAKE_HAVE_LIBC_PTHREAD
[8.092s] -- Performing Test CMAKE_HAVE_LIBC_PTHREAD - Failed
[8.093s] -- Looking for pthread_create in pthreads
[8.470s] -- Looking for pthread_create in pthreads - not found
[8.472s] -- Looking for pthread_create in pthread
[9.006s] -- Looking for pthread_create in pthread - found
[9.014s] -- Found Threads: TRUE  
[10.264s] -- Found dynamixel_sdk_custom_interfaces: 3.7.40 (/home/mp4d/ros_motors/DynamixelSDK/install/dynamixel_sdk_custom_interfaces/share/dynamixel_sdk_custom_interfaces/cmake)
[10.418s] -- Found ament_lint_auto: 0.9.8 (/opt/ros/foxy/share/ament_lint_auto/cmake)
[11.034s] -- Added test 'copyright' to check source files copyright and LICENSE
[11.117s] -- Added test 'cppcheck' to perform static code analysis on C / C++ code
[11.118s] -- Configured cppcheck include dirs: $<BUILD_INTERFACE:/home/mp4d/ros_motors/MyCode/path2pos/include>
[11.118s] -- Configured cppcheck exclude dirs and/or files: 
[11.201s] -- Added test 'cpplint' to check C / C++ code against the Google style
[11.202s] -- Configured cpplint exclude dirs and/or files: 
[11.216s] -- Added test 'flake8' to check Python code syntax and style conventions
[11.242s] -- Added test 'lint_cmake' to check CMake code style
[11.255s] -- Added test 'pep257' to check Python code against some of the style conventions in PEP 257
[11.337s] -- Added test 'uncrustify' to check C / C++ code style
[11.338s] -- Configured uncrustify additional arguments: 
[11.353s] -- Added test 'xmllint' to check XML markup files
[11.369s] -- Configuring done
[11.423s] -- Generating done
[11.435s] -- Build files have been written to: /home/mp4d/ros_motors/MyCode/path2pos/build/path2pos
[11.497s] Invoked command in '/home/mp4d/ros_motors/MyCode/path2pos/build/path2pos' returned '0': CMAKE_PREFIX_PATH=/home/mp4d/ros_motors/DynamixelSDK/install/dynamixel_sdk_examples:/home/mp4d/ros_motors/DynamixelSDK/install/dynamixel_sdk_custom_interfaces:/home/mp4d/ros_motors/DynamixelSDK/install/dynamixel_sdk:/opt/ros/foxy:/home/mp4d/ros_camera/install/usb_cam:/home/mp4d/ros_camera/install/cam_sub /usr/bin/cmake /home/mp4d/ros_motors/MyCode/path2pos -DCMAKE_INSTALL_PREFIX=/home/mp4d/ros_motors/MyCode/path2pos/install/path2pos
[11.517s] Invoking command in '/home/mp4d/ros_motors/MyCode/path2pos/build/path2pos': CMAKE_PREFIX_PATH=/home/mp4d/ros_motors/DynamixelSDK/install/dynamixel_sdk_examples:/home/mp4d/ros_motors/DynamixelSDK/install/dynamixel_sdk_custom_interfaces:/home/mp4d/ros_motors/DynamixelSDK/install/dynamixel_sdk:/opt/ros/foxy:/home/mp4d/ros_camera/install/usb_cam:/home/mp4d/ros_camera/install/cam_sub /usr/bin/cmake --build /home/mp4d/ros_motors/MyCode/path2pos/build/path2pos -- -j4 -l4
[11.786s] [35m[1mScanning dependencies of target pos_writer[0m
[12.023s] [ 50%] [32mBuilding CXX object CMakeFiles/pos_writer.dir/src/pos_writer.cpp.o[0m
[22.695s] In file included from [01m[K/usr/include/c++/9/ext/alloc_traits.h:36[m[K,
[22.696s]                  from [01m[K/usr/include/c++/9/bits/basic_string.h:40[m[K,
[22.697s]                  from [01m[K/usr/include/c++/9/string:55[m[K,
[22.697s]                  from [01m[K/usr/include/c++/9/stdexcept:39[m[K,
[22.698s]                  from [01m[K/usr/include/c++/9/array:39[m[K,
[22.698s]                  from [01m[K/usr/include/c++/9/tuple:39[m[K,
[22.699s]                  from [01m[K/usr/include/c++/9/functional:54[m[K,
[22.699s]                  from [01m[K/home/mp4d/ros_motors/MyCode/path2pos/src/pos_writer.cpp:2[m[K:
[22.700s] /usr/include/c++/9/bits/alloc_traits.h: In instantiation of ‘[01m[Kstruct std::allocator_traits<std::allocator<const std_msgs::msg::Int32_<std::allocator<void> >&> >[m[K’:
[22.700s] [01m[K/opt/ros/foxy/include/rclcpp/message_memory_strategy.hpp:47:9:[m[K   required from ‘[01m[Kclass rclcpp::message_memory_strategy::MessageMemoryStrategy<const std_msgs::msg::Int32_<std::allocator<void> >&, std::allocator<void> >[m[K’
[22.701s] [01m[K/opt/ros/foxy/include/rclcpp/node_impl.hpp:91:1:[m[K   required by substitution of ‘[01m[Ktemplate<class MessageT, class CallbackT, class AllocatorT, class CallbackMessageT, class SubscriptionT, class MessageMemoryStrategyT> std::shared_ptr<SubscriptionT> rclcpp::Node::create_subscription(const string&, const rclcpp::QoS&, CallbackT&&, const rclcpp::SubscriptionOptionsWithAllocator<AllocatorT>&, typename MessageMemoryStrategyT::SharedPtr) [with MessageT = std_msgs::msg::Int32_<std::allocator<void> >; CallbackT = std::_Bind<void (MinimalPublisher::*(MinimalPublisher*, std::_Placeholder<1>))(const std_msgs::msg::Int32_<std::allocator<void> >&)>; AllocatorT = std::allocator<void>; CallbackMessageT = const std_msgs::msg::Int32_<std::allocator<void> >&; SubscriptionT = rclcpp::Subscription<const std_msgs::msg::Int32_<std::allocator<void> >&, std::allocator<void>, rclcpp::message_memory_strategy::MessageMemoryStrategy<const std_msgs::msg::Int32_<std::allocator<void> >&, std::allocator<void> > >; MessageMemoryStrategyT = rclcpp::message_memory_strategy::MessageMemoryStrategy<const std_msgs::msg::Int32_<std::allocator<void> >&, std::allocator<void> >][m[K’
[22.702s] [01m[K/home/mp4d/ros_motors/MyCode/path2pos/src/pos_writer.cpp:35:102:[m[K   required from here
[22.702s] [01m[K/usr/include/c++/9/bits/alloc_traits.h:399:13:[m[K [01;31m[Kerror: [m[Kforming pointer to reference type ‘[01m[Kconst std_msgs::msg::Int32_<std::allocator<void> >&[m[K’
[22.703s]   399 |       using [01;31m[Kpointer[m[K = _Tp*;
[22.703s]       |             [01;31m[K^~~~~~~[m[K
[22.704s] [01m[K/usr/include/c++/9/bits/alloc_traits.h:402:13:[m[K [01;31m[Kerror: [m[Kforming pointer to reference type ‘[01m[Kconst std_msgs::msg::Int32_<std::allocator<void> >&[m[K’
[22.705s]   402 |       using [01;31m[Kconst_pointer[m[K = const _Tp*;
[22.706s]       |             [01;31m[K^~~~~~~~~~~~~[m[K
[22.722s] In file included from [01m[K/usr/include/c++/9/memory:80[m[K,
[22.723s]                  from [01m[K/home/mp4d/ros_motors/MyCode/path2pos/src/pos_writer.cpp:3[m[K:
[22.724s] /usr/include/c++/9/bits/unique_ptr.h: In instantiation of ‘[01m[Kstruct std::default_delete<const std_msgs::msg::Int32_<std::allocator<void> >&>[m[K’:
[22.724s] [01m[K/opt/ros/foxy/include/rclcpp/message_memory_strategy.hpp:119:18:[m[K   required from ‘[01m[Kclass rclcpp::message_memory_strategy::MessageMemoryStrategy<const std_msgs::msg::Int32_<std::allocator<void> >&, std::allocator<void> >[m[K’
[22.725s] [01m[K/opt/ros/foxy/include/rclcpp/node_impl.hpp:91:1:[m[K   required by substitution of ‘[01m[Ktemplate<class MessageT, class CallbackT, class AllocatorT, class CallbackMessageT, class SubscriptionT, class MessageMemoryStrategyT> std::shared_ptr<SubscriptionT> rclcpp::Node::create_subscription(const string&, const rclcpp::QoS&, CallbackT&&, const rclcpp::SubscriptionOptionsWithAllocator<AllocatorT>&, typename MessageMemoryStrategyT::SharedPtr) [with MessageT = std_msgs::msg::Int32_<std::allocator<void> >; CallbackT = std::_Bind<void (MinimalPublisher::*(MinimalPublisher*, std::_Placeholder<1>))(const std_msgs::msg::Int32_<std::allocator<void> >&)>; AllocatorT = std::allocator<void>; CallbackMessageT = const std_msgs::msg::Int32_<std::allocator<void> >&; SubscriptionT = rclcpp::Subscription<const std_msgs::msg::Int32_<std::allocator<void> >&, std::allocator<void>, rclcpp::message_memory_strategy::MessageMemoryStrategy<const std_msgs::msg::Int32_<std::allocator<void> >&, std::allocator<void> > >; MessageMemoryStrategyT = rclcpp::message_memory_strategy::MessageMemoryStrategy<const std_msgs::msg::Int32_<std::allocator<void> >&, std::allocator<void> >][m[K’
[22.725s] [01m[K/home/mp4d/ros_motors/MyCode/path2pos/src/pos_writer.cpp:35:102:[m[K   required from here
[22.726s] [01m[K/usr/include/c++/9/bits/unique_ptr.h:71:9:[m[K [01;31m[Kerror: [m[Kforming pointer to reference type ‘[01m[Kconst std_msgs::msg::Int32_<std::allocator<void> >&[m[K’
[22.726s]    71 |         [01;31m[Kdefault_delete[m[K(const default_delete<_Up>&) noexcept { }
[22.727s]       |         [01;31m[K^~~~~~~~~~~~~~[m[K
[22.728s] [01m[K/usr/include/c++/9/bits/unique_ptr.h:75:7:[m[K [01;31m[Kerror: [m[Kforming pointer to reference type ‘[01m[Kconst std_msgs::msg::Int32_<std::allocator<void> >&[m[K’
[22.728s]    75 |       [01;31m[Koperator[m[K()(_Tp* __ptr) const
[22.729s]       |       [01;31m[K^~~~~~~~[m[K
[22.792s] In file included from [01m[K/opt/ros/foxy/include/rclcpp/subscription_base.hpp:29[m[K,
[22.793s]                  from [01m[K/opt/ros/foxy/include/rclcpp/callback_group.hpp:26[m[K,
[22.794s]                  from [01m[K/opt/ros/foxy/include/rclcpp/any_executable.hpp:20[m[K,
[22.794s]                  from [01m[K/opt/ros/foxy/include/rclcpp/memory_strategy.hpp:24[m[K,
[22.795s]                  from [01m[K/opt/ros/foxy/include/rclcpp/memory_strategies.hpp:18[m[K,
[22.795s]                  from [01m[K/opt/ros/foxy/include/rclcpp/executor_options.hpp:20[m[K,
[22.796s]                  from [01m[K/opt/ros/foxy/include/rclcpp/executor.hpp:33[m[K,
[22.798s]                  from [01m[K/opt/ros/foxy/include/rclcpp/executors/multi_threaded_executor.hpp:26[m[K,
[22.799s]                  from [01m[K/opt/ros/foxy/include/rclcpp/executors.hpp:21[m[K,
[22.800s]                  from [01m[K/opt/ros/foxy/include/rclcpp/rclcpp.hpp:146[m[K,
[22.801s]                  from [01m[K/home/mp4d/ros_motors/MyCode/path2pos/src/pos_writer.cpp:10[m[K:
[22.802s] /opt/ros/foxy/include/rclcpp/any_subscription_callback.hpp: In instantiation of ‘[01m[Kclass rclcpp::AnySubscriptionCallback<const std_msgs::msg::Int32_<std::allocator<void> >&, std::allocator<void> >[m[K’:
[22.802s] [01m[K/opt/ros/foxy/include/rclcpp/subscription.hpp:347:57:[m[K   required from ‘[01m[Kclass rclcpp::Subscription<const std_msgs::msg::Int32_<std::allocator<void> >&, std::allocator<void>, rclcpp::message_memory_strategy::MessageMemoryStrategy<const std_msgs::msg::Int32_<std::allocator<void> >&, std::allocator<void> > >[m[K’
[22.803s] [01m[K/usr/include/c++/9/type_traits:1313:45:[m[K   required by substitution of ‘[01m[Ktemplate<class _From1, class _To1, class> static std::true_type std::__is_convertible_helper<rclcpp::Subscription<const std_msgs::msg::Int32_<std::allocator<void> >&, std::allocator<void>, rclcpp::message_memory_strategy::MessageMemoryStrategy<const std_msgs::msg::Int32_<std::allocator<void> >&, std::allocator<void> > >*, rclcpp::Subscription<std_msgs::msg::Int32_<std::allocator<void> > >*, false>::__test<_From1, _To1, <template-parameter-1-3> >(int) [with _From1 = rclcpp::Subscription<const std_msgs::msg::Int32_<std::allocator<void> >&, std::allocator<void>, rclcpp::message_memory_strategy::MessageMemoryStrategy<const std_msgs::msg::Int32_<std::allocator<void> >&, std::allocator<void> > >*; _To1 = rclcpp::Subscription<std_msgs::msg::Int32_<std::allocator<void> > >*; <template-parameter-1-3> = <missing>][m[K’
[22.803s] [01m[K/usr/include/c++/9/type_traits:1322:42:[m[K   required from ‘[01m[Kstruct std::__is_convertible_helper<rclcpp::Subscription<const std_msgs::msg::Int32_<std::allocator<void> >&, std::allocator<void>, rclcpp::message_memory_strategy::MessageMemoryStrategy<const std_msgs::msg::Int32_<std::allocator<void> >&, std::allocator<void> > >*, rclcpp::Subscription<std_msgs::msg::Int32_<std::allocator<void> > >*, false>[m[K’
[22.804s] [01m[K/usr/include/c++/9/type_traits:1328:12:[m[K   required from ‘[01m[Kstruct std::is_convertible<rclcpp::Subscription<const std_msgs::msg::Int32_<std::allocator<void> >&, std::allocator<void>, rclcpp::message_memory_strategy::MessageMemoryStrategy<const std_msgs::msg::Int32_<std::allocator<void> >&, std::allocator<void> > >*, rclcpp::Subscription<std_msgs::msg::Int32_<std::allocator<void> > >*>[m[K’
[22.804s] [01m[K/usr/include/c++/9/bits/shared_ptr_base.h:927:12:[m[K   [ skipping 2 instantiation contexts, use -ftemplate-backtrace-limit=0 to disable ]
[22.805s] [01m[K/usr/include/c++/9/bits/shared_ptr_base.h:1099:8:[m[K   required by substitution of ‘[01m[Ktemplate<class _Tp, __gnu_cxx::_Lock_policy _Lp> template<class _Yp> using _Assignable = std::__shared_ptr<_Tp, _Lp>::_Compatible<_Yp, std::__shared_ptr<_Tp, _Lp>&> [with _Yp = rclcpp::Subscription<const std_msgs::msg::Int32_<std::allocator<void> >&, std::allocator<void>, rclcpp::message_memory_strategy::MessageMemoryStrategy<const std_msgs::msg::Int32_<std::allocator<void> >&, std::allocator<void> > >; _Tp = rclcpp::Subscription<std_msgs::msg::Int32_<std::allocator<void> > >; __gnu_cxx::_Lock_policy _Lp = __gnu_cxx::_S_atomic][m[K’
[22.806s] [01m[K/usr/include/c++/9/bits/shared_ptr_base.h:1271:2:[m[K   required by substitution of ‘[01m[Ktemplate<class _Yp> std::__shared_ptr<rclcpp::Subscription<std_msgs::msg::Int32_<std::allocator<void> > >, __gnu_cxx::_S_atomic>::_Assignable<_Yp> std::__shared_ptr<rclcpp::Subscription<std_msgs::msg::Int32_<std::allocator<void> > >, __gnu_cxx::_S_atomic>::operator=<_Yp>(std::__shared_ptr<_Tp>&&) [with _Yp = rclcpp::Subscription<const std_msgs::msg::Int32_<std::allocator<void> >&, std::allocator<void>, rclcpp::message_memory_strategy::MessageMemoryStrategy<const std_msgs::msg::Int32_<std::allocator<void> >&, std::allocator<void> > >][m[K’
[22.806s] [01m[K/usr/include/c++/9/type_traits:1010:12:[m[K   required from ‘[01m[Kstruct std::is_assignable<std::__shared_ptr<rclcpp::Subscription<std_msgs::msg::Int32_<std::allocator<void> > >, __gnu_cxx::_S_atomic>&, std::shared_ptr<rclcpp::Subscription<const std_msgs::msg::Int32_<std::allocator<void> >&, std::allocator<void>, rclcpp::message_memory_strategy::MessageMemoryStrategy<const std_msgs::msg::Int32_<std::allocator<void> >&, std::allocator<void> > > > >[m[K’
[22.807s] [01m[K/usr/include/c++/9/bits/shared_ptr.h:111:8:[m[K   required by substitution of ‘[01m[Ktemplate<class _Tp> template<class _Arg> using _Assignable = typename std::enable_if<std::is_assignable<std::__shared_ptr<_Tp>&, _Arg>::value, std::shared_ptr<_Tp>&>::type [with _Arg = std::shared_ptr<rclcpp::Subscription<const std_msgs::msg::Int32_<std::allocator<void> >&, std::allocator<void>, rclcpp::message_memory_strategy::MessageMemoryStrategy<const std_msgs::msg::Int32_<std::allocator<void> >&, std::allocator<void> > > >; _Tp = rclcpp::Subscription<std_msgs::msg::Int32_<std::allocator<void> > >][m[K’
[22.807s] [01m[K/usr/include/c++/9/bits/shared_ptr.h:341:2:[m[K   required by substitution of ‘[01m[Ktemplate<class _Yp> std::shared_ptr<rclcpp::Subscription<std_msgs::msg::Int32_<std::allocator<void> > > >::_Assignable<std::shared_ptr<_Tp> > std::shared_ptr<rclcpp::Subscription<std_msgs::msg::Int32_<std::allocator<void> > > >::operator=<_Yp>(std::shared_ptr<_Tp>&&) [with _Yp = rclcpp::Subscription<const std_msgs::msg::Int32_<std::allocator<void> >&, std::allocator<void>, rclcpp::message_memory_strategy::MessageMemoryStrategy<const std_msgs::msg::Int32_<std::allocator<void> >&, std::allocator<void> > >][m[K’
[22.808s] [01m[K/home/mp4d/ros_motors/MyCode/path2pos/src/pos_writer.cpp:35:102:[m[K   required from here
[22.809s] [01m[K/opt/ros/foxy/include/rclcpp/any_subscription_callback.hpp:111:8:[m[K [01;31m[Kerror: [m[K‘[01m[Ktemplate<class CallbackT, typename std::enable_if<rclcpp::function_traits::same_arguments<CallbackT, std::function<void(std::shared_ptr<const std_msgs::msg::Int32_<std::allocator<void> >&>)> >::value, void>::type* <anonymous> > void rclcpp::AnySubscriptionCallback<MessageT, Alloc>::set(CallbackT) [with CallbackT = CallbackT; typename std::enable_if<rclcpp::function_traits::same_arguments<CallbackT, std::function<void(std::shared_ptr<const _Tp>)> >::value>::type* <anonymous> = <enumerator>; MessageT = const std_msgs::msg::Int32_<std::allocator<void> >&; Alloc = std::allocator<void>][m[K’ cannot be overloaded with ‘[01m[Ktemplate<class CallbackT, typename std::enable_if<rclcpp::function_traits::same_arguments<CallbackT, std::function<void(std::shared_ptr<const std_msgs::msg::Int32_<std::allocator<void> >&>)> >::value, void>::type* <anonymous> > void rclcpp::AnySubscriptionCallback<MessageT, Alloc>::set(CallbackT) [with CallbackT = CallbackT; typename std::enable_if<rclcpp::function_traits::same_arguments<CallbackT, std::function<void(std::shared_ptr<_Tp>)> >::value>::type* <anonymous> = <enumerator>; MessageT = const std_msgs::msg::Int32_<std::allocator<void> >&; Alloc = std::allocator<void>][m[K’
[22.809s]   111 |   void [01;31m[Kset[m[K(CallbackT callback)
[22.810s]       |        [01;31m[K^~~[m[K
[22.811s] [01m[K/opt/ros/foxy/include/rclcpp/any_subscription_callback.hpp:83:8:[m[K [01;36m[Knote: [m[Kprevious declaration ‘[01m[Ktemplate<class CallbackT, typename std::enable_if<rclcpp::function_traits::same_arguments<CallbackT, std::function<void(std::shared_ptr<const std_msgs::msg::Int32_<std::allocator<void> >&>)> >::value, void>::type* <anonymous> > void rclcpp::AnySubscriptionCallback<MessageT, Alloc>::set(CallbackT) [with CallbackT = CallbackT; typename std::enable_if<rclcpp::function_traits::same_arguments<CallbackT, std::function<void(std::shared_ptr<_Tp>)> >::value>::type* <anonymous> = <enumerator>; MessageT = const std_msgs::msg::Int32_<std::allocator<void> >&; Alloc = std::allocator<void>][m[K’
[22.812s]    83 |   void [01;36m[Kset[m[K(CallbackT callback)
[22.813s]       |        [01;36m[K^~~[m[K
[22.814s] [01m[K/opt/ros/foxy/include/rclcpp/any_subscription_callback.hpp:125:8:[m[K [01;31m[Kerror: [m[K‘[01m[Ktemplate<class CallbackT, typename std::enable_if<rclcpp::function_traits::same_arguments<CallbackT, std::function<void(std::shared_ptr<const std_msgs::msg::Int32_<std::allocator<void> >&>, const rclcpp::MessageInfo&)> >::value, void>::type* <anonymous> > void rclcpp::AnySubscriptionCallback<MessageT, Alloc>::set(CallbackT) [with CallbackT = CallbackT; typename std::enable_if<rclcpp::function_traits::same_arguments<CallbackT, std::function<void(std::shared_ptr<const _Tp>, const rclcpp::MessageInfo&)> >::value>::type* <anonymous> = <enumerator>; MessageT = const std_msgs::msg::Int32_<std::allocator<void> >&; Alloc = std::allocator<void>][m[K’ cannot be overloaded with ‘[01m[Ktemplate<class CallbackT, typename std::enable_if<rclcpp::function_traits::same_arguments<CallbackT, std::function<void(std::shared_ptr<const std_msgs::msg::Int32_<std::allocator<void> >&>, const rclcpp::MessageInfo&)> >::value, void>::type* <anonymous> > void rclcpp::AnySubscriptionCallback<MessageT, Alloc>::set(CallbackT) [with CallbackT = CallbackT; typename std::enable_if<rclcpp::function_traits::same_arguments<CallbackT, std::function<void(std::shared_ptr<_Tp>, const rclcpp::MessageInfo&)> >::value>::type* <anonymous> = <enumerator>; MessageT = const std_msgs::msg::Int32_<std::allocator<void> >&; Alloc = std::allocator<void>][m[K’
[22.815s]   125 |   void [01;31m[Kset[m[K(CallbackT callback)
[22.815s]       |        [01;31m[K^~~[m[K
[22.816s] [01m[K/opt/ros/foxy/include/rclcpp/any_subscription_callback.hpp:97:8:[m[K [01;36m[Knote: [m[Kprevious declaration ‘[01m[Ktemplate<class CallbackT, typename std::enable_if<rclcpp::function_traits::same_arguments<CallbackT, std::function<void(std::shared_ptr<const std_msgs::msg::Int32_<std::allocator<void> >&>, const rclcpp::MessageInfo&)> >::value, void>::type* <anonymous> > void rclcpp::AnySubscriptionCallback<MessageT, Alloc>::set(CallbackT) [with CallbackT = CallbackT; typename std::enable_if<rclcpp::function_traits::same_arguments<CallbackT, std::function<void(std::shared_ptr<_Tp>, const rclcpp::MessageInfo&)> >::value>::type* <anonymous> = <enumerator>; MessageT = const std_msgs::msg::Int32_<std::allocator<void> >&; Alloc = std::allocator<void>][m[K’
[22.817s]    97 |   void [01;36m[Kset[m[K(CallbackT callback)
[22.818s]       |        [01;36m[K^~~[m[K
[22.832s] [01m[K/home/mp4d/ros_motors/MyCode/path2pos/src/pos_writer.cpp:[m[K In constructor ‘[01m[KMinimalPublisher::MinimalPublisher()[m[K’:
[22.833s] [01m[K/home/mp4d/ros_motors/MyCode/path2pos/src/pos_writer.cpp:35:102:[m[K [01;31m[Kerror: [m[Kno match for ‘[01m[Koperator=[m[K’ (operand types are ‘[01m[Krclcpp::Subscription<std_msgs::msg::Int32_<std::allocator<void> > >::SharedPtr[m[K’ {aka ‘[01m[Kstd::shared_ptr<rclcpp::Subscription<std_msgs::msg::Int32_<std::allocator<void> > > >[m[K’} and ‘[01m[Kstd::shared_ptr<rclcpp::Subscription<const std_msgs::msg::Int32_<std::allocator<void> >&, std::allocator<void>, rclcpp::message_memory_strategy::MessageMemoryStrategy<const std_msgs::msg::Int32_<std::allocator<void> >&, std::allocator<void> > > >[m[K’)
[22.834s]    35 |         "/can_i_draw",10,std::bind(&MinimalPublisher::can_i_draw_callback,this,std::placeholders::_1)[01;31m[K)[m[K;
[22.835s]       |                                                                                                      [01;31m[K^[m[K
[22.835s] In file included from [01m[K/usr/include/c++/9/memory:81[m[K,
[22.836s]                  from [01m[K/home/mp4d/ros_motors/MyCode/path2pos/src/pos_writer.cpp:3[m[K:
[22.836s] [01m[K/usr/include/c++/9/bits/shared_ptr.h:309:19:[m[K [01;36m[Knote: [m[Kcandidate: ‘[01m[Kstd::shared_ptr<_Tp>& std::shared_ptr<_Tp>::operator=(const std::shared_ptr<_Tp>&) [with _Tp = rclcpp::Subscription<std_msgs::msg::Int32_<std::allocator<void> > >][m[K’
[22.837s]   309 |       shared_ptr& [01;36m[Koperator[m[K=(const shared_ptr&) noexcept = default;
[22.837s]       |                   [01;36m[K^~~~~~~~[m[K
[22.838s] [01m[K/usr/include/c++/9/bits/shared_ptr.h:309:29:[m[K [01;36m[Knote: [m[K  no known conversion for argument 1 from ‘[01m[Kstd::shared_ptr<rclcpp::Subscription<const std_msgs::msg::Int32_<std::allocator<void> >&, std::allocator<void>, rclcpp::message_memory_strategy::MessageMemoryStrategy<const std_msgs::msg::Int32_<std::allocator<void> >&, std::allocator<void> > > >[m[K’ to ‘[01m[Kconst std::shared_ptr<rclcpp::Subscription<std_msgs::msg::Int32_<std::allocator<void> > > >&[m[K’
[22.839s]   309 |       shared_ptr& operator=([01;36m[Kconst shared_ptr&[m[K) noexcept = default;
[22.839s]       |                             [01;36m[K^~~~~~~~~~~~~~~~~[m[K
[22.840s] [01m[K/usr/include/c++/9/bits/shared_ptr.h:313:2:[m[K [01;36m[Knote: [m[Kcandidate: ‘[01m[Ktemplate<class _Yp> std::shared_ptr<_Tp>::_Assignable<const std::shared_ptr<_Yp>&> std::shared_ptr<_Tp>::operator=(const std::shared_ptr<_Yp>&) [with _Yp = _Yp; _Tp = rclcpp::Subscription<std_msgs::msg::Int32_<std::allocator<void> > >][m[K’
[22.840s]   313 |  [01;36m[Koperator[m[K=(const shared_ptr<_Yp>& __r) noexcept
[22.841s]       |  [01;36m[K^~~~~~~~[m[K
[22.842s] [01m[K/usr/include/c++/9/bits/shared_ptr.h:313:2:[m[K [01;36m[Knote: [m[K  template argument deduction/substitution failed:
[22.842s] /usr/include/c++/9/bits/shared_ptr.h: In substitution of ‘[01m[Ktemplate<class _Tp> template<class _Arg> using _Assignable = typename std::enable_if<std::is_assignable<std::__shared_ptr<_Tp>&, _Arg>::value, std::shared_ptr<_Tp>&>::type [with _Arg = const std::shared_ptr<rclcpp::Subscription<const std_msgs::msg::Int32_<std::allocator<void> >&, std::allocator<void>, rclcpp::message_memory_strategy::MessageMemoryStrategy<const std_msgs::msg::Int32_<std::allocator<void> >&, std::allocator<void> > > >&; _Tp = rclcpp::Subscription<std_msgs::msg::Int32_<std::allocator<void> > >][m[K’:
[22.843s] [01m[K/usr/include/c++/9/bits/shared_ptr.h:313:2:[m[K   required by substitution of ‘[01m[Ktemplate<class _Yp> std::shared_ptr<rclcpp::Subscription<std_msgs::msg::Int32_<std::allocator<void> > > >::_Assignable<const std::shared_ptr<_Tp>&> std::shared_ptr<rclcpp::Subscription<std_msgs::msg::Int32_<std::allocator<void> > > >::operator=<_Yp>(const std::shared_ptr<_Tp>&) [with _Yp = rclcpp::Subscription<const std_msgs::msg::Int32_<std::allocator<void> >&, std::allocator<void>, rclcpp::message_memory_strategy::MessageMemoryStrategy<const std_msgs::msg::Int32_<std::allocator<void> >&, std::allocator<void> > >][m[K’
[22.843s] [01m[K/home/mp4d/ros_motors/MyCode/path2pos/src/pos_writer.cpp:35:102:[m[K   required from here
[22.844s] [01m[K/usr/include/c++/9/bits/shared_ptr.h:111:8:[m[K [01;31m[Kerror: [m[Kno type named ‘[01m[Ktype[m[K’ in ‘[01m[Kstruct std::enable_if<false, std::shared_ptr<rclcpp::Subscription<std_msgs::msg::Int32_<std::allocator<void> > > >&>[m[K’
[22.844s]   111 |  using [01;31m[K_Assignable[m[K = typename enable_if<
[22.845s]       |        [01;31m[K^~~~~~~~~~~[m[K
[22.846s] [01m[K/usr/include/c++/9/bits/shared_ptr.h:324:2:[m[K [01;36m[Knote: [m[Kcandidate: ‘[01m[Ktemplate<class _Yp> std::shared_ptr<_Tp>::_Assignable<std::auto_ptr<_Up> > std::shared_ptr<_Tp>::operator=(std::auto_ptr<_Up>&&) [with _Yp = _Yp; _Tp = rclcpp::Subscription<std_msgs::msg::Int32_<std::allocator<void> > >][m[K’
[22.846s]   324 |  [01;36m[Koperator[m[K=(auto_ptr<_Yp>&& __r)
[22.847s]       |  [01;36m[K^~~~~~~~[m[K
[22.847s] [01m[K/usr/include/c++/9/bits/shared_ptr.h:324:2:[m[K [01;36m[Knote: [m[K  template argument deduction/substitution failed:
[22.848s] [01m[K/home/mp4d/ros_motors/MyCode/path2pos/src/pos_writer.cpp:35:102:[m[K [01;36m[Knote: [m[K  ‘[01m[Kstd::shared_ptr<rclcpp::Subscription<const std_msgs::msg::Int32_<std::allocator<void> >&, std::allocator<void>, rclcpp::message_memory_strategy::MessageMemoryStrategy<const std_msgs::msg::Int32_<std::allocator<void> >&, std::allocator<void> > > >[m[K’ is not derived from ‘[01m[Kstd::auto_ptr<_Up>[m[K’
[22.848s]    35 |         "/can_i_draw",10,std::bind(&MinimalPublisher::can_i_draw_callback,this,std::placeholders::_1)[01;36m[K)[m[K;
[22.849s]       |                                                                                                      [01;36m[K^[m[K
[22.849s] In file included from [01m[K/usr/include/c++/9/memory:81[m[K,
[22.850s]                  from [01m[K/home/mp4d/ros_motors/MyCode/path2pos/src/pos_writer.cpp:3[m[K:
[22.850s] [01m[K/usr/include/c++/9/bits/shared_ptr.h:333:7:[m[K [01;36m[Knote: [m[Kcandidate: ‘[01m[Kstd::shared_ptr<_Tp>& std::shared_ptr<_Tp>::operator=(std::shared_ptr<_Tp>&&) [with _Tp = rclcpp::Subscription<std_msgs::msg::Int32_<std::allocator<void> > >][m[K’
[22.851s]   333 |       [01;36m[Koperator[m[K=(shared_ptr&& __r) noexcept
[22.852s]       |       [01;36m[K^~~~~~~~[m[K
[22.852s] [01m[K/usr/include/c++/9/bits/shared_ptr.h:333:30:[m[K [01;36m[Knote: [m[K  no known conversion for argument 1 from ‘[01m[Kstd::shared_ptr<rclcpp::Subscription<const std_msgs::msg::Int32_<std::allocator<void> >&, std::allocator<void>, rclcpp::message_memory_strategy::MessageMemoryStrategy<const std_msgs::msg::Int32_<std::allocator<void> >&, std::allocator<void> > > >[m[K’ to ‘[01m[Kstd::shared_ptr<rclcpp::Subscription<std_msgs::msg::Int32_<std::allocator<void> > > >&&[m[K’
[22.853s]   333 |       operator=([01;36m[Kshared_ptr&& __r[m[K) noexcept
[22.853s]       |                 [01;36m[K~~~~~~~~~~~~~^~~[m[K
[22.854s] [01m[K/usr/include/c++/9/bits/shared_ptr.h:341:2:[m[K [01;36m[Knote: [m[Kcandidate: ‘[01m[Ktemplate<class _Yp> std::shared_ptr<_Tp>::_Assignable<std::shared_ptr<_Yp> > std::shared_ptr<_Tp>::operator=(std::shared_ptr<_Yp>&&) [with _Yp = _Yp; _Tp = rclcpp::Subscription<std_msgs::msg::Int32_<std::allocator<void> > >][m[K’
[22.854s]   341 |  [01;36m[Koperator[m[K=(shared_ptr<_Yp>&& __r) noexcept
[22.855s]       |  [01;36m[K^~~~~~~~[m[K
[22.858s] [01m[K/usr/include/c++/9/bits/shared_ptr.h:341:2:[m[K [01;36m[Knote: [m[K  substitution of deduced template arguments resulted in errors seen above
[22.859s] [01m[K/usr/include/c++/9/bits/shared_ptr.h:349:2:[m[K [01;36m[Knote: [m[Kcandidate: ‘[01m[Ktemplate<class _Yp, class _Del> std::shared_ptr<_Tp>::_Assignable<std::unique_ptr<_Up, _Ep> > std::shared_ptr<_Tp>::operator=(std::unique_ptr<_Up, _Ep>&&) [with _Yp = _Yp; _Del = _Del; _Tp = rclcpp::Subscription<std_msgs::msg::Int32_<std::allocator<void> > >][m[K’
[22.859s]   349 |  [01;36m[Koperator[m[K=(unique_ptr<_Yp, _Del>&& __r)
[22.860s]       |  [01;36m[K^~~~~~~~[m[K
[22.860s] [01m[K/usr/include/c++/9/bits/shared_ptr.h:349:2:[m[K [01;36m[Knote: [m[K  template argument deduction/substitution failed:
[22.861s] [01m[K/home/mp4d/ros_motors/MyCode/path2pos/src/pos_writer.cpp:35:102:[m[K [01;36m[Knote: [m[K  ‘[01m[Kstd::shared_ptr<rclcpp::Subscription<const std_msgs::msg::Int32_<std::allocator<void> >&, std::allocator<void>, rclcpp::message_memory_strategy::MessageMemoryStrategy<const std_msgs::msg::Int32_<std::allocator<void> >&, std::allocator<void> > > >[m[K’ is not derived from ‘[01m[Kstd::unique_ptr<_Tp, _Dp>[m[K’
[22.862s]    35 |         "/can_i_draw",10,std::bind(&MinimalPublisher::can_i_draw_callback,this,std::placeholders::_1)[01;36m[K)[m[K;
[22.862s]       |                                                                                                      [01;36m[K^[m[K
[22.959s] [01m[K/home/mp4d/ros_motors/MyCode/path2pos/src/pos_writer.cpp:[m[K In member function ‘[01m[Kvoid MinimalPublisher::set_number_callback(std_msgs::msg::Int32_<std::allocator<void> >::SharedPtr)[m[K’:
[22.960s] [01m[K/home/mp4d/ros_motors/MyCode/path2pos/src/pos_writer.cpp:143:15:[m[K [01;35m[Kwarning: [m[Kunused variable ‘[01m[Kpos1[m[K’ [[01;35m[K-Wunused-variable[m[K]
[22.961s]   143 |           int [01;35m[Kpos1[m[K=(angle1+60)*1023/300;
[22.962s]       |               [01;35m[K^~~~[m[K
[27.359s] In file included from [01m[K/opt/ros/foxy/include/rclcpp/node_interfaces/node_topics_interface.hpp:32[m[K,
[27.360s]                  from [01m[K/opt/ros/foxy/include/rclcpp/node.hpp:55[m[K,
[27.361s]                  from [01m[K/opt/ros/foxy/include/rclcpp/executors/single_threaded_executor.hpp:28[m[K,
[27.361s]                  from [01m[K/opt/ros/foxy/include/rclcpp/executors.hpp:22[m[K,
[27.362s]                  from [01m[K/opt/ros/foxy/include/rclcpp/rclcpp.hpp:146[m[K,
[27.362s]                  from [01m[K/home/mp4d/ros_motors/MyCode/path2pos/src/pos_writer.cpp:10[m[K:
[27.363s] /opt/ros/foxy/include/rclcpp/subscription_factory.hpp: In instantiation of ‘[01m[Krclcpp::SubscriptionFactory rclcpp::create_subscription_factory(CallbackT&&, const rclcpp::SubscriptionOptionsWithAllocator<AllocatorT>&, typename MessageMemoryStrategyT::SharedPtr, std::shared_ptr<rclcpp::topic_statistics::SubscriptionTopicStatistics<CallbackMessageT> >) [with MessageT = std_msgs::msg::Int32_<std::allocator<void> >; CallbackT = std::_Bind<void (MinimalPublisher::*(MinimalPublisher*, std::_Placeholder<1>))(const std_msgs::msg::Int32_<std::allocator<void> >&)>; AllocatorT = std::allocator<void>; CallbackMessageT = const std_msgs::msg::Int32_<std::allocator<void> >&; SubscriptionT = rclcpp::Subscription<const std_msgs::msg::Int32_<std::allocator<void> >&, std::allocator<void>, rclcpp::message_memory_strategy::MessageMemoryStrategy<const std_msgs::msg::Int32_<std::allocator<void> >&, std::allocator<void> > >; MessageMemoryStrategyT = rclcpp::message_memory_strategy::MessageMemoryStrategy<const std_msgs::msg::Int32_<std::allocator<void> >&, std::allocator<void> >; typename MessageMemoryStrategyT::SharedPtr = std::shared_ptr<rclcpp::message_memory_strategy::MessageMemoryStrategy<const std_msgs::msg::Int32_<std::allocator<void> >&, std::allocator<void> > >][m[K’:
[27.364s] [01m[K/opt/ros/foxy/include/rclcpp/create_subscription.hpp:144:63:[m[K   required from ‘[01m[Kstd::shared_ptr<SubscriptionT> rclcpp::create_subscription(NodeT&&, const string&, const rclcpp::QoS&, CallbackT&&, const rclcpp::SubscriptionOptionsWithAllocator<AllocatorT>&, typename MessageMemoryStrategyT::SharedPtr) [with MessageT = std_msgs::msg::Int32_<std::allocator<void> >; CallbackT = std::_Bind<void (MinimalPublisher::*(MinimalPublisher*, std::_Placeholder<1>))(const std_msgs::msg::Int32_<std::allocator<void> >&)>; AllocatorT = std::allocator<void>; CallbackMessageT = const std_msgs::msg::Int32_<std::allocator<void> >&; SubscriptionT = rclcpp::Subscription<const std_msgs::msg::Int32_<std::allocator<void> >&, std::allocator<void>, rclcpp::message_memory_strategy::MessageMemoryStrategy<const std_msgs::msg::Int32_<std::allocator<void> >&, std::allocator<void> > >; MessageMemoryStrategyT = rclcpp::message_memory_strategy::MessageMemoryStrategy<const std_msgs::msg::Int32_<std::allocator<void> >&, std::allocator<void> >; NodeT = rclcpp::Node&; std::string = std::__cxx11::basic_string<char>; typename MessageMemoryStrategyT::SharedPtr = std::shared_ptr<rclcpp::message_memory_strategy::MessageMemoryStrategy<const std_msgs::msg::Int32_<std::allocator<void> >&, std::allocator<void> > >][m[K’
[27.364s] [01m[K/opt/ros/foxy/include/rclcpp/node_impl.hpp:98:47:[m[K   required from ‘[01m[Kstd::shared_ptr<SubscriptionT> rclcpp::Node::create_subscription(const string&, const rclcpp::QoS&, CallbackT&&, const rclcpp::SubscriptionOptionsWithAllocator<AllocatorT>&, typename MessageMemoryStrategyT::SharedPtr) [with MessageT = std_msgs::msg::Int32_<std::allocator<void> >; CallbackT = std::_Bind<void (MinimalPublisher::*(MinimalPublisher*, std::_Placeholder<1>))(const std_msgs::msg::Int32_<std::allocator<void> >&)>; AllocatorT = std::allocator<void>; CallbackMessageT = const std_msgs::msg::Int32_<std::allocator<void> >&; SubscriptionT = rclcpp::Subscription<const std_msgs::msg::Int32_<std::allocator<void> >&, std::allocator<void>, rclcpp::message_memory_strategy::MessageMemoryStrategy<const std_msgs::msg::Int32_<std::allocator<void> >&, std::allocator<void> > >; MessageMemoryStrategyT = rclcpp::message_memory_strategy::MessageMemoryStrategy<const std_msgs::msg::Int32_<std::allocator<void> >&, std::allocator<void> >; std::string = std::__cxx11::basic_string<char>; typename MessageMemoryStrategyT::SharedPtr = std::shared_ptr<rclcpp::message_memory_strategy::MessageMemoryStrategy<const std_msgs::msg::Int32_<std::allocator<void> >&, std::allocator<void> > >][m[K’
[27.365s] [01m[K/home/mp4d/ros_motors/MyCode/path2pos/src/pos_writer.cpp:35:102:[m[K   required from here
[27.366s] [01m[K/opt/ros/foxy/include/rclcpp/subscription_factory.hpp:97:3:[m[K [01;31m[Kerror: [m[Kno matching function for call to ‘[01m[Krclcpp::AnySubscriptionCallback<const std_msgs::msg::Int32_<std::allocator<void> >&, std::allocator<void> >::set(std::_Bind<void (MinimalPublisher::*(MinimalPublisher*, std::_Placeholder<1>))(const std_msgs::msg::Int32_<std::allocator<void> >&)>)[m[K’
[27.366s]    97 |   [01;31m[Kany_subscription_callback[m[K.set(std::forward<CallbackT>(callback));
[27.367s]       |   [01;31m[K^~~~~~~~~~~~~~~~~~~~~~~~~[m[K
[27.367s] In file included from [01m[K/opt/ros/foxy/include/rclcpp/subscription_base.hpp:29[m[K,
[27.368s]                  from [01m[K/opt/ros/foxy/include/rclcpp/callback_group.hpp:26[m[K,
[27.368s]                  from [01m[K/opt/ros/foxy/include/rclcpp/any_executable.hpp:20[m[K,
[27.369s]                  from [01m[K/opt/ros/foxy/include/rclcpp/memory_strategy.hpp:24[m[K,
[27.370s]                  from [01m[K/opt/ros/foxy/include/rclcpp/memory_strategies.hpp:18[m[K,
[27.370s]                  from [01m[K/opt/ros/foxy/include/rclcpp/executor_options.hpp:20[m[K,
[27.371s]                  from [01m[K/opt/ros/foxy/include/rclcpp/executor.hpp:33[m[K,
[27.371s]                  from [01m[K/opt/ros/foxy/include/rclcpp/executors/multi_threaded_executor.hpp:26[m[K,
[27.372s]                  from [01m[K/opt/ros/foxy/include/rclcpp/executors.hpp:21[m[K,
[27.372s]                  from [01m[K/opt/ros/foxy/include/rclcpp/rclcpp.hpp:146[m[K,
[27.373s]                  from [01m[K/home/mp4d/ros_motors/MyCode/path2pos/src/pos_writer.cpp:10[m[K:
[27.373s] [01m[K/opt/ros/foxy/include/rclcpp/any_subscription_callback.hpp:83:8:[m[K [01;36m[Knote: [m[Kcandidate: ‘[01m[Ktemplate<class CallbackT, typename std::enable_if<rclcpp::function_traits::same_arguments<CallbackT, std::function<void(std::shared_ptr<const std_msgs::msg::Int32_<std::allocator<void> >&>)> >::value, void>::type* <anonymous> > void rclcpp::AnySubscriptionCallback<MessageT, Alloc>::set(CallbackT) [with CallbackT = CallbackT; typename std::enable_if<rclcpp::function_traits::same_arguments<CallbackT, std::function<void(std::shared_ptr<_Tp>)> >::value>::type* <anonymous> = <enumerator>; MessageT = const std_msgs::msg::Int32_<std::allocator<void> >&; Alloc = std::allocator<void>][m[K’
[27.374s]    83 |   void [01;36m[Kset[m[K(CallbackT callback)
[27.375s]       |        [01;36m[K^~~[m[K
[27.375s] [01m[K/opt/ros/foxy/include/rclcpp/any_subscription_callback.hpp:83:8:[m[K [01;36m[Knote: [m[K  template argument deduction/substitution failed:
[27.376s] [01m[K/opt/ros/foxy/include/rclcpp/any_subscription_callback.hpp:81:17:[m[K [01;31m[Kerror: [m[Kno type named ‘[01m[Ktype[m[K’ in ‘[01m[Kstruct std::enable_if<false, void>[m[K’
[27.376s]    81 |     >::type * = [01;31m[Knullptr[m[K
[27.377s]       |                 [01;31m[K^~~~~~~[m[K
[27.377s] [01m[K/opt/ros/foxy/include/rclcpp/any_subscription_callback.hpp:97:8:[m[K [01;36m[Knote: [m[Kcandidate: ‘[01m[Ktemplate<class CallbackT, typename std::enable_if<rclcpp::function_traits::same_arguments<CallbackT, std::function<void(std::shared_ptr<const std_msgs::msg::Int32_<std::allocator<void> >&>, const rclcpp::MessageInfo&)> >::value, void>::type* <anonymous> > void rclcpp::AnySubscriptionCallback<MessageT, Alloc>::set(CallbackT) [with CallbackT = CallbackT; typename std::enable_if<rclcpp::function_traits::same_arguments<CallbackT, std::function<void(std::shared_ptr<_Tp>, const rclcpp::MessageInfo&)> >::value>::type* <anonymous> = <enumerator>; MessageT = const std_msgs::msg::Int32_<std::allocator<void> >&; Alloc = std::allocator<void>][m[K’
[27.379s]    97 |   void [01;36m[Kset[m[K(CallbackT callback)
[27.380s]       |        [01;36m[K^~~[m[K
[27.380s] [01m[K/opt/ros/foxy/include/rclcpp/any_subscription_callback.hpp:97:8:[m[K [01;36m[Knote: [m[K  template argument deduction/substitution failed:
[27.381s] [01m[K/opt/ros/foxy/include/rclcpp/any_subscription_callback.hpp:95:17:[m[K [01;31m[Kerror: [m[Kno type named ‘[01m[Ktype[m[K’ in ‘[01m[Kstruct std::enable_if<false, void>[m[K’
[27.382s]    95 |     >::type * = [01;31m[Knullptr[m[K
[27.382s]       |                 [01;31m[K^~~~~~~[m[K
[27.383s] [01m[K/opt/ros/foxy/include/rclcpp/any_subscription_callback.hpp:139:8:[m[K [01;36m[Knote: [m[Kcandidate: ‘[01m[Ktemplate<class CallbackT, typename std::enable_if<rclcpp::function_traits::same_arguments<CallbackT, std::function<void(std::unique_ptr<const std_msgs::msg::Int32_<std::allocator<void> >&, std::default_delete<const std_msgs::msg::Int32_<std::allocator<void> >&> >)> >::value, void>::type* <anonymous> > void rclcpp::AnySubscriptionCallback<MessageT, Alloc>::set(CallbackT) [with CallbackT = CallbackT; typename std::enable_if<rclcpp::function_traits::same_arguments<CallbackT, std::function<void(std::unique_ptr<MessageT, typename std::conditional<std::is_same<typename std::allocator_traits<typename std::allocator_traits<_Alloc>::rebind_traits<MessageT>::allocator_type>::rebind_alloc<MessageT>, typename std::allocator<void>::rebind<_Tp1>::other>::value, std::default_delete<_Tp>, rclcpp::allocator::AllocatorDeleter<typename std::allocator_traits<_Alloc>::rebind_traits<MessageT>::allocator_type> >::type>)> >::value>::type* <anonymous> = <enumerator>; MessageT = const std_msgs::msg::Int32_<std::allocator<void> >&; Alloc = std::allocator<void>][m[K’
[27.383s]   139 |   void [01;36m[Kset[m[K(CallbackT callback)
[27.384s]       |        [01;36m[K^~~[m[K
[27.384s] [01m[K/opt/ros/foxy/include/rclcpp/any_subscription_callback.hpp:139:8:[m[K [01;36m[Knote: [m[K  template argument deduction/substitution failed:
[27.385s] [01m[K/opt/ros/foxy/include/rclcpp/any_subscription_callback.hpp:137:17:[m[K [01;31m[Kerror: [m[Kno type named ‘[01m[Ktype[m[K’ in ‘[01m[Kstruct std::enable_if<false, void>[m[K’
[27.386s]   137 |     >::type * = [01;31m[Knullptr[m[K
[27.387s]       |                 [01;31m[K^~~~~~~[m[K
[27.387s] [01m[K/opt/ros/foxy/include/rclcpp/any_subscription_callback.hpp:153:8:[m[K [01;36m[Knote: [m[Kcandidate: ‘[01m[Ktemplate<class CallbackT, typename std::enable_if<rclcpp::function_traits::same_arguments<CallbackT, std::function<void(std::unique_ptr<const std_msgs::msg::Int32_<std::allocator<void> >&, std::default_delete<const std_msgs::msg::Int32_<std::allocator<void> >&> >, const rclcpp::MessageInfo&)> >::value, void>::type* <anonymous> > void rclcpp::AnySubscriptionCallback<MessageT, Alloc>::set(CallbackT) [with CallbackT = CallbackT; typename std::enable_if<rclcpp::function_traits::same_arguments<CallbackT, std::function<void(std::unique_ptr<MessageT, typename std::conditional<std::is_same<typename std::allocator_traits<typename std::allocator_traits<_Alloc>::rebind_traits<MessageT>::allocator_type>::rebind_alloc<MessageT>, typename std::allocator<void>::rebind<_Tp1>::other>::value, std::default_delete<_Tp>, rclcpp::allocator::AllocatorDeleter<typename std::allocator_traits<_Alloc>::rebind_traits<MessageT>::allocator_type> >::type>, const rclcpp::MessageInfo&)> >::value>::type* <anonymous> = <enumerator>; MessageT = const std_msgs::msg::Int32_<std::allocator<void> >&; Alloc = std::allocator<void>][m[K’
[27.388s]   153 |   void [01;36m[Kset[m[K(CallbackT callback)
[27.389s]       |        [01;36m[K^~~[m[K
[27.390s] [01m[K/opt/ros/foxy/include/rclcpp/any_subscription_callback.hpp:153:8:[m[K [01;36m[Knote: [m[K  template argument deduction/substitution failed:
[27.390s] [01m[K/opt/ros/foxy/include/rclcpp/any_subscription_callback.hpp:151:17:[m[K [01;31m[Kerror: [m[Kno type named ‘[01m[Ktype[m[K’ in ‘[01m[Kstruct std::enable_if<false, void>[m[K’
[27.391s]   151 |     >::type * = [01;31m[Knullptr[m[K
[27.391s]       |                 [01;31m[K^~~~~~~[m[K
[29.673s] In file included from [01m[K/usr/include/aarch64-linux-gnu/c++/9/bits/c++allocator.h:33[m[K,
[29.674s]                  from [01m[K/usr/include/c++/9/bits/allocator.h:46[m[K,
[29.674s]                  from [01m[K/usr/include/c++/9/string:41[m[K,
[29.677s]                  from [01m[K/usr/include/c++/9/stdexcept:39[m[K,
[29.677s]                  from [01m[K/usr/include/c++/9/array:39[m[K,
[29.678s]                  from [01m[K/usr/include/c++/9/tuple:39[m[K,
[29.679s]                  from [01m[K/usr/include/c++/9/functional:54[m[K,
[29.679s]                  from [01m[K/home/mp4d/ros_motors/MyCode/path2pos/src/pos_writer.cpp:2[m[K:
[29.680s] /usr/include/c++/9/ext/new_allocator.h: In instantiation of ‘[01m[Kclass __gnu_cxx::new_allocator<const std_msgs::msg::Int32_<std::allocator<void> >&>[m[K’:
[29.680s] [01m[K/usr/include/c++/9/bits/allocator.h:111:11:[m[K   required from ‘[01m[Kclass std::allocator<const std_msgs::msg::Int32_<std::allocator<void> >&>[m[K’
[29.681s] [01m[K/usr/include/c++/9/bits/shared_ptr_base.h:1365:63:[m[K   required by substitution of ‘[01m[Ktemplate<class _Yp> struct std::__shared_ptr<std::allocator<const std_msgs::msg::Int32_<std::allocator<void> >&>, __gnu_cxx::_S_atomic>::__has_esft_base<_Yp, std::__void_t<decltype (__enable_shared_from_this_base(declval<const std::__shared_count<__gnu_cxx::_S_atomic>&>(), declval<_Yp*>()))> > [with _Yp = std::allocator<const std_msgs::msg::Int32_<std::allocator<void> >&>][m[K’
[29.682s] [01m[K/usr/include/c++/9/bits/shared_ptr_base.h:1387:21:[m[K   required by substitution of ‘[01m[Ktemplate<class _Yp, class _Yp2> typename std::enable_if<(! std::__shared_ptr<std::allocator<const std_msgs::msg::Int32_<std::allocator<void> >&>, __gnu_cxx::_S_atomic>::__has_esft_base<_Yp2, void>::value), void>::type std::__shared_ptr<std::allocator<const std_msgs::msg::Int32_<std::allocator<void> >&>, __gnu_cxx::_S_atomic>::_M_enable_shared_from_this_with<_Yp, _Yp2>(_Yp*) [with _Yp = std::allocator<const std_msgs::msg::Int32_<std::allocator<void> >&>; _Yp2 = std::allocator<const std_msgs::msg::Int32_<std::allocator<void> >&>][m[K’
[29.682s] [01m[K/usr/include/c++/9/bits/shared_ptr_base.h:1345:4:[m[K   required from ‘[01m[Kstd::__shared_ptr<_Tp, _Lp>::__shared_ptr(std::_Sp_alloc_shared_tag<_Tp>, _Args&& ...) [with _Alloc = std::allocator<std::allocator<const std_msgs::msg::Int32_<std::allocator<void> >&> >; _Args = {std::allocator<void>&}; _Tp = std::allocator<const std_msgs::msg::Int32_<std::allocator<void> >&>; __gnu_cxx::_Lock_policy _Lp = __gnu_cxx::_S_atomic][m[K’
[29.683s] [01m[K/usr/include/c++/9/bits/shared_ptr.h:359:59:[m[K   [ skipping 2 instantiation contexts, use -ftemplate-backtrace-limit=0 to disable ]
[29.685s] [01m[K/usr/include/c++/9/bits/shared_ptr.h:717:39:[m[K   required from ‘[01m[Kstd::shared_ptr<_Tp> std::make_shared(_Args&& ...) [with _Tp = std::allocator<const std_msgs::msg::Int32_<std::allocator<void> >&>; _Args = {std::allocator<void>&}][m[K’
[29.687s] [01m[K/opt/ros/foxy/include/rclcpp/any_subscription_callback.hpp:68:56:[m[K   required from ‘[01m[Krclcpp::AnySubscriptionCallback<MessageT, Alloc>::AnySubscriptionCallback(std::shared_ptr<_Tp>) [with MessageT = const std_msgs::msg::Int32_<std::allocator<void> >&; Alloc = std::allocator<void>][m[K’
[29.688s] [01m[K/opt/ros/foxy/include/rclcpp/subscription_factory.hpp:96:57:[m[K   required from ‘[01m[Krclcpp::SubscriptionFactory rclcpp::create_subscription_factory(CallbackT&&, const rclcpp::SubscriptionOptionsWithAllocator<AllocatorT>&, typename MessageMemoryStrategyT::SharedPtr, std::shared_ptr<rclcpp::topic_statistics::SubscriptionTopicStatistics<CallbackMessageT> >) [with MessageT = std_msgs::msg::Int32_<std::allocator<void> >; CallbackT = std::_Bind<void (MinimalPublisher::*(MinimalPublisher*, std::_Placeholder<1>))(const std_msgs::msg::Int32_<std::allocator<void> >&)>; AllocatorT = std::allocator<void>; CallbackMessageT = const std_msgs::msg::Int32_<std::allocator<void> >&; SubscriptionT = rclcpp::Subscription<const std_msgs::msg::Int32_<std::allocator<void> >&, std::allocator<void>, rclcpp::message_memory_strategy::MessageMemoryStrategy<const std_msgs::msg::Int32_<std::allocator<void> >&, std::allocator<void> > >; MessageMemoryStrategyT = rclcpp::message_memory_strategy::MessageMemoryStrategy<const std_msgs::msg::Int32_<std::allocator<void> >&, std::allocator<void> >; typename MessageMemoryStrategyT::SharedPtr = std::shared_ptr<rclcpp::message_memory_strategy::MessageMemoryStrategy<const std_msgs::msg::Int32_<std::allocator<void> >&, std::allocator<void> > >][m[K’
[29.689s] [01m[K/opt/ros/foxy/include/rclcpp/create_subscription.hpp:144:63:[m[K   required from ‘[01m[Kstd::shared_ptr<SubscriptionT> rclcpp::create_subscription(NodeT&&, const string&, const rclcpp::QoS&, CallbackT&&, const rclcpp::SubscriptionOptionsWithAllocator<AllocatorT>&, typename MessageMemoryStrategyT::SharedPtr) [with MessageT = std_msgs::msg::Int32_<std::allocator<void> >; CallbackT = std::_Bind<void (MinimalPublisher::*(MinimalPublisher*, std::_Placeholder<1>))(const std_msgs::msg::Int32_<std::allocator<void> >&)>; AllocatorT = std::allocator<void>; CallbackMessageT = const std_msgs::msg::Int32_<std::allocator<void> >&; SubscriptionT = rclcpp::Subscription<const std_msgs::msg::Int32_<std::allocator<void> >&, std::allocator<void>, rclcpp::message_memory_strategy::MessageMemoryStrategy<const std_msgs::msg::Int32_<std::allocator<void> >&, std::allocator<void> > >; MessageMemoryStrategyT = rclcpp::message_memory_strategy::MessageMemoryStrategy<const std_msgs::msg::Int32_<std::allocator<void> >&, std::allocator<void> >; NodeT = rclcpp::Node&; std::string = std::__cxx11::basic_string<char>; typename MessageMemoryStrategyT::SharedPtr = std::shared_ptr<rclcpp::message_memory_strategy::MessageMemoryStrategy<const std_msgs::msg::Int32_<std::allocator<void> >&, std::allocator<void> > >][m[K’
[29.690s] [01m[K/opt/ros/foxy/include/rclcpp/node_impl.hpp:98:47:[m[K   required from ‘[01m[Kstd::shared_ptr<SubscriptionT> rclcpp::Node::create_subscription(const string&, const rclcpp::QoS&, CallbackT&&, const rclcpp::SubscriptionOptionsWithAllocator<AllocatorT>&, typename MessageMemoryStrategyT::SharedPtr) [with MessageT = std_msgs::msg::Int32_<std::allocator<void> >; CallbackT = std::_Bind<void (MinimalPublisher::*(MinimalPublisher*, std::_Placeholder<1>))(const std_msgs::msg::Int32_<std::allocator<void> >&)>; AllocatorT = std::allocator<void>; CallbackMessageT = const std_msgs::msg::Int32_<std::allocator<void> >&; SubscriptionT = rclcpp::Subscription<const std_msgs::msg::Int32_<std::allocator<void> >&, std::allocator<void>, rclcpp::message_memory_strategy::MessageMemoryStrategy<const std_msgs::msg::Int32_<std::allocator<void> >&, std::allocator<void> > >; MessageMemoryStrategyT = rclcpp::message_memory_strategy::MessageMemoryStrategy<const std_msgs::msg::Int32_<std::allocator<void> >&, std::allocator<void> >; std::string = std::__cxx11::basic_string<char>; typename MessageMemoryStrategyT::SharedPtr = std::shared_ptr<rclcpp::message_memory_strategy::MessageMemoryStrategy<const std_msgs::msg::Int32_<std::allocator<void> >&, std::allocator<void> > >][m[K’
[29.691s] [01m[K/home/mp4d/ros_motors/MyCode/path2pos/src/pos_writer.cpp:35:102:[m[K   required from here
[29.691s] [01m[K/usr/include/c++/9/ext/new_allocator.h:63:26:[m[K [01;31m[Kerror: [m[Kforming pointer to reference type ‘[01m[Kconst std_msgs::msg::Int32_<std::allocator<void> >&[m[K’
[29.692s]    63 |       typedef _Tp*       [01;31m[Kpointer[m[K;
[29.693s]       |                          [01;31m[K^~~~~~~[m[K
[29.693s] [01m[K/usr/include/c++/9/ext/new_allocator.h:64:26:[m[K [01;31m[Kerror: [m[Kforming pointer to reference type ‘[01m[Kconst std_msgs::msg::Int32_<std::allocator<void> >&[m[K’
[29.694s]    64 |       typedef const _Tp* [01;31m[Kconst_pointer[m[K;
[29.694s]       |                          [01;31m[K^~~~~~~~~~~~~[m[K
[29.695s] In file included from [01m[K/usr/include/c++/9/string:41[m[K,
[29.696s]                  from [01m[K/usr/include/c++/9/stdexcept:39[m[K,
[29.696s]                  from [01m[K/usr/include/c++/9/array:39[m[K,
[29.697s]                  from [01m[K/usr/include/c++/9/tuple:39[m[K,
[29.697s]                  from [01m[K/usr/include/c++/9/functional:54[m[K,
[29.698s]                  from [01m[K/home/mp4d/ros_motors/MyCode/path2pos/src/pos_writer.cpp:2[m[K:
[29.698s] /usr/include/c++/9/bits/allocator.h: In instantiation of ‘[01m[Kclass std::allocator<const std_msgs::msg::Int32_<std::allocator<void> >&>[m[K’:
[29.699s] [01m[K/usr/include/c++/9/bits/shared_ptr_base.h:1365:63:[m[K   required by substitution of ‘[01m[Ktemplate<class _Yp> struct std::__shared_ptr<std::allocator<const std_msgs::msg::Int32_<std::allocator<void> >&>, __gnu_cxx::_S_atomic>::__has_esft_base<_Yp, std::__void_t<decltype (__enable_shared_from_this_base(declval<const std::__shared_count<__gnu_cxx::_S_atomic>&>(), declval<_Yp*>()))> > [with _Yp = std::allocator<const std_msgs::msg::Int32_<std::allocator<void> >&>][m[K’
[29.700s] [01m[K/usr/include/c++/9/bits/shared_ptr_base.h:1387:21:[m[K   required by substitution of ‘[01m[Ktemplate<class _Yp, class _Yp2> typename std::enable_if<(! std::__shared_ptr<std::allocator<const std_msgs::msg::Int32_<std::allocator<void> >&>, __gnu_cxx::_S_atomic>::__has_esft_base<_Yp2, void>::value), void>::type std::__shared_ptr<std::allocator<const std_msgs::msg::Int32_<std::allocator<void> >&>, __gnu_cxx::_S_atomic>::_M_enable_shared_from_this_with<_Yp, _Yp2>(_Yp*) [with _Yp = std::allocator<const std_msgs::msg::Int32_<std::allocator<void> >&>; _Yp2 = std::allocator<const std_msgs::msg::Int32_<std::allocator<void> >&>][m[K’
[29.700s] [01m[K/usr/include/c++/9/bits/shared_ptr_base.h:1345:4:[m[K   required from ‘[01m[Kstd::__shared_ptr<_Tp, _Lp>::__shared_ptr(std::_Sp_alloc_shared_tag<_Tp>, _Args&& ...) [with _Alloc = std::allocator<std::allocator<const std_msgs::msg::Int32_<std::allocator<void> >&> >; _Args = {std::allocator<void>&}; _Tp = std::allocator<const std_msgs::msg::Int32_<std::allocator<void> >&>; __gnu_cxx::_Lock_policy _Lp = __gnu_cxx::_S_atomic][m[K’
[29.701s] [01m[K/usr/include/c++/9/bits/shared_ptr.h:359:59:[m[K   required from ‘[01m[Kstd::shared_ptr<_Tp>::shared_ptr(std::_Sp_alloc_shared_tag<_Tp>, _Args&& ...) [with _Alloc = std::allocator<std::allocator<const std_msgs::msg::Int32_<std::allocator<void> >&> >; _Args = {std::allocator<void>&}; _Tp = std::allocator<const std_msgs::msg::Int32_<std::allocator<void> >&>][m[K’
[29.701s] [01m[K/usr/include/c++/9/bits/shared_ptr.h:701:14:[m[K   required from ‘[01m[Kstd::shared_ptr<_Tp> std::allocate_shared(const _Alloc&, _Args&& ...) [with _Tp = std::allocator<const std_msgs::msg::Int32_<std::allocator<void> >&>; _Alloc = std::allocator<std::allocator<const std_msgs::msg::Int32_<std::allocator<void> >&> >; _Args = {std::allocator<void>&}][m[K’
[29.702s] [01m[K/usr/include/c++/9/bits/shared_ptr.h:717:39:[m[K   required from ‘[01m[Kstd::shared_ptr<_Tp> std::make_shared(_Args&& ...) [with _Tp = std::allocator<const std_msgs::msg::Int32_<std::allocator<void> >&>; _Args = {std::allocator<void>&}][m[K’
[29.703s] [01m[K/opt/ros/foxy/include/rclcpp/any_subscription_callback.hpp:68:56:[m[K   required from ‘[01m[Krclcpp::AnySubscriptionCallback<MessageT, Alloc>::AnySubscriptionCallback(std::shared_ptr<_Tp>) [with MessageT = const std_msgs::msg::Int32_<std::allocator<void> >&; Alloc = std::allocator<void>][m[K’
[29.703s] [01m[K/opt/ros/foxy/include/rclcpp/subscription_factory.hpp:96:57:[m[K   required from ‘[01m[Krclcpp::SubscriptionFactory rclcpp::create_subscription_factory(CallbackT&&, const rclcpp::SubscriptionOptionsWithAllocator<AllocatorT>&, typename MessageMemoryStrategyT::SharedPtr, std::shared_ptr<rclcpp::topic_statistics::SubscriptionTopicStatistics<CallbackMessageT> >) [with MessageT = std_msgs::msg::Int32_<std::allocator<void> >; CallbackT = std::_Bind<void (MinimalPublisher::*(MinimalPublisher*, std::_Placeholder<1>))(const std_msgs::msg::Int32_<std::allocator<void> >&)>; AllocatorT = std::allocator<void>; CallbackMessageT = const std_msgs::msg::Int32_<std::allocator<void> >&; SubscriptionT = rclcpp::Subscription<const std_msgs::msg::Int32_<std::allocator<void> >&, std::allocator<void>, rclcpp::message_memory_strategy::MessageMemoryStrategy<const std_msgs::msg::Int32_<std::allocator<void> >&, std::allocator<void> > >; MessageMemoryStrategyT = rclcpp::message_memory_strategy::MessageMemoryStrategy<const std_msgs::msg::Int32_<std::allocator<void> >&, std::allocator<void> >; typename MessageMemoryStrategyT::SharedPtr = std::shared_ptr<rclcpp::message_memory_strategy::MessageMemoryStrategy<const std_msgs::msg::Int32_<std::allocator<void> >&, std::allocator<void> > >][m[K’
[29.704s] [01m[K/opt/ros/foxy/include/rclcpp/create_subscription.hpp:144:63:[m[K   required from ‘[01m[Kstd::shared_ptr<SubscriptionT> rclcpp::create_subscription(NodeT&&, const string&, const rclcpp::QoS&, CallbackT&&, const rclcpp::SubscriptionOptionsWithAllocator<AllocatorT>&, typename MessageMemoryStrategyT::SharedPtr) [with MessageT = std_msgs::msg::Int32_<std::allocator<void> >; CallbackT = std::_Bind<void (MinimalPublisher::*(MinimalPublisher*, std::_Placeholder<1>))(const std_msgs::msg::Int32_<std::allocator<void> >&)>; AllocatorT = std::allocator<void>; CallbackMessageT = const std_msgs::msg::Int32_<std::allocator<void> >&; SubscriptionT = rclcpp::Subscription<const std_msgs::msg::Int32_<std::allocator<void> >&, std::allocator<void>, rclcpp::message_memory_strategy::MessageMemoryStrategy<const std_msgs::msg::Int32_<std::allocator<void> >&, std::allocator<void> > >; MessageMemoryStrategyT = rclcpp::message_memory_strategy::MessageMemoryStrategy<const std_msgs::msg::Int32_<std::allocator<void> >&, std::allocator<void> >; NodeT = rclcpp::Node&; std::string = std::__cxx11::basic_string<char>; typename MessageMemoryStrategyT::SharedPtr = std::shared_ptr<rclcpp::message_memory_strategy::MessageMemoryStrategy<const std_msgs::msg::Int32_<std::allocator<void> >&, std::allocator<void> > >][m[K’
[29.705s] [01m[K/opt/ros/foxy/include/rclcpp/node_impl.hpp:98:47:[m[K   required from ‘[01m[Kstd::shared_ptr<SubscriptionT> rclcpp::Node::create_subscription(const string&, const rclcpp::QoS&, CallbackT&&, const rclcpp::SubscriptionOptionsWithAllocator<AllocatorT>&, typename MessageMemoryStrategyT::SharedPtr) [with MessageT = std_msgs::msg::Int32_<std::allocator<void> >; CallbackT = std::_Bind<void (MinimalPublisher::*(MinimalPublisher*, std::_Placeholder<1>))(const std_msgs::msg::Int32_<std::allocator<void> >&)>; AllocatorT = std::allocator<void>; CallbackMessageT = const std_msgs::msg::Int32_<std::allocator<void> >&; SubscriptionT = rclcpp::Subscription<const std_msgs::msg::Int32_<std::allocator<void> >&, std::allocator<void>, rclcpp::message_memory_strategy::MessageMemoryStrategy<const std_msgs::msg::Int32_<std::allocator<void> >&, std::allocator<void> > >; MessageMemoryStrategyT = rclcpp::message_memory_strategy::MessageMemoryStrategy<const std_msgs::msg::Int32_<std::allocator<void> >&, std::allocator<void> >; std::string = std::__cxx11::basic_string<char>; typename MessageMemoryStrategyT::SharedPtr = std::shared_ptr<rclcpp::message_memory_strategy::MessageMemoryStrategy<const std_msgs::msg::Int32_<std::allocator<void> >&, std::allocator<void> > >][m[K’
[29.705s] [01m[K/home/mp4d/ros_motors/MyCode/path2pos/src/pos_writer.cpp:35:102:[m[K   required from here
[29.706s] [01m[K/usr/include/c++/9/bits/allocator.h:116:26:[m[K [01;31m[Kerror: [m[Kforming pointer to reference type ‘[01m[Kconst std_msgs::msg::Int32_<std::allocator<void> >&[m[K’
[29.706s]   116 |       typedef _Tp*       [01;31m[Kpointer[m[K;
[29.707s]       |                          [01;31m[K^~~~~~~[m[K
[29.707s] [01m[K/usr/include/c++/9/bits/allocator.h:117:26:[m[K [01;31m[Kerror: [m[Kforming pointer to reference type ‘[01m[Kconst std_msgs::msg::Int32_<std::allocator<void> >&[m[K’
[29.708s]   117 |       typedef const _Tp* [01;31m[Kconst_pointer[m[K;
[29.708s]       |                          [01;31m[K^~~~~~~~~~~~~[m[K
[34.282s] In file included from [01m[K/usr/include/c++/9/bits/shared_ptr.h:52[m[K,
[34.284s]                  from [01m[K/usr/include/c++/9/memory:81[m[K,
[34.285s]                  from [01m[K/home/mp4d/ros_motors/MyCode/path2pos/src/pos_writer.cpp:3[m[K:
[34.286s] /usr/include/c++/9/bits/shared_ptr_base.h: In instantiation of ‘[01m[Kclass std::__shared_ptr_access<const std_msgs::msg::Int32_<std::allocator<void> >&, __gnu_cxx::_S_atomic, false, false>[m[K’:
[34.286s] [01m[K/usr/include/c++/9/bits/shared_ptr_base.h:1080:11:[m[K   required from ‘[01m[Kclass std::__shared_ptr<const std_msgs::msg::Int32_<std::allocator<void> >&, __gnu_cxx::_S_atomic>[m[K’
[34.287s] [01m[K/opt/ros/foxy/include/rclcpp/message_memory_strategy.hpp:85:37:[m[K   recursively required from ‘[01m[Kstd::shared_ptr<_Tp> rclcpp::message_memory_strategy::MessageMemoryStrategy<MessageT, Alloc>::borrow_message() [with MessageT = const std_msgs::msg::Int32_<std::allocator<void> >&; Alloc = std::allocator<void>][m[K’
[34.288s] [01m[K/opt/ros/foxy/include/rclcpp/message_memory_strategy.hpp:85:37:[m[K   required from here
[34.288s] [01m[K/usr/include/c++/9/bits/shared_ptr_base.h:1012:7:[m[K [01;31m[Kerror: [m[Kforming pointer to reference type ‘[01m[Kstd::__shared_ptr_access<const std_msgs::msg::Int32_<std::allocator<void> >&, __gnu_cxx::_S_atomic, false, false>::element_type[m[K’ {aka ‘[01m[Kconst std_msgs::msg::Int32_<std::allocator<void> >&[m[K’}
[34.289s]  1012 |       [01;31m[Koperator[m[K->() const noexcept
[34.290s]       |       [01;31m[K^~~~~~~~[m[K
[34.290s] [01m[K/usr/include/c++/9/bits/shared_ptr_base.h:1020:7:[m[K [01;31m[Kerror: [m[Kforming pointer to reference type ‘[01m[Kstd::__shared_ptr_access<const std_msgs::msg::Int32_<std::allocator<void> >&, __gnu_cxx::_S_atomic, false, false>::element_type[m[K’ {aka ‘[01m[Kconst std_msgs::msg::Int32_<std::allocator<void> >&[m[K’}
[34.291s]  1020 |       [01;31m[K_M_get[m[K() const noexcept
[34.291s]       |       [01;31m[K^~~~~~[m[K
[34.292s] /usr/include/c++/9/bits/shared_ptr_base.h: In instantiation of ‘[01m[Kclass std::__shared_ptr<const std_msgs::msg::Int32_<std::allocator<void> >&, __gnu_cxx::_S_atomic>[m[K’:
[34.293s] [01m[K/opt/ros/foxy/include/rclcpp/message_memory_strategy.hpp:85:37:[m[K   recursively required from ‘[01m[Kstd::shared_ptr<_Tp> rclcpp::message_memory_strategy::MessageMemoryStrategy<MessageT, Alloc>::borrow_message() [with MessageT = const std_msgs::msg::Int32_<std::allocator<void> >&; Alloc = std::allocator<void>][m[K’
[34.294s] [01m[K/opt/ros/foxy/include/rclcpp/message_memory_strategy.hpp:85:37:[m[K   required from here
[34.294s] [01m[K/usr/include/c++/9/bits/shared_ptr_base.h:1094:8:[m[K [01;31m[Kerror: [m[Kforming pointer to reference type ‘[01m[Kconst std_msgs::msg::Int32_<std::allocator<void> >&[m[K’
[34.295s]  1094 |  using [01;31m[K_Compatible[m[K = typename
[34.295s]       |        [01;31m[K^~~~~~~~~~~[m[K
[34.296s] [01m[K/usr/include/c++/9/bits/shared_ptr_base.h:1104:8:[m[K [01;31m[Kerror: [m[Kforming pointer to reference type ‘[01m[Kconst std_msgs::msg::Int32_<std::allocator<void> >&[m[K’
[34.296s]  1104 |  using [01;31m[K_UniqCompatible[m[K = typename enable_if<__and_<
[34.297s]       |        [01;31m[K^~~~~~~~~~~~~~~[m[K
[34.298s] [01m[K/usr/include/c++/9/bits/shared_ptr_base.h:1162:2:[m[K [01;31m[Kerror: [m[Kforming pointer to reference type ‘[01m[Kstd::__shared_ptr<const std_msgs::msg::Int32_<std::allocator<void> >&, __gnu_cxx::_S_atomic>::element_type[m[K’ {aka ‘[01m[Kconst std_msgs::msg::Int32_<std::allocator<void> >&[m[K’}
[34.298s]  1162 |  [01;31m[K__shared_ptr[m[K(const __shared_ptr<_Yp, _Lp>& __r,
[34.299s]       |  [01;31m[K^~~~~~~~~~~~[m[K
[34.299s] /usr/include/c++/9/bits/shared_ptr_base.h: In substitution of ‘[01m[Ktemplate<class _Tp, __gnu_cxx::_Lock_policy _Lp> template<class _Yp, class _Res> using _Compatible = typename std::enable_if<std::__sp_compatible_with<_Yp*, _Tp*>::value, _Res>::type [with _Yp = _Yp; _Res = void; _Tp = const std_msgs::msg::Int32_<std::allocator<void> >&; __gnu_cxx::_Lock_policy _Lp = __gnu_cxx::_S_atomic][m[K’:
[34.300s] [01m[K/usr/include/c++/9/bits/shared_ptr_base.h:1172:2:[m[K   required from ‘[01m[Kclass std::__shared_ptr<const std_msgs::msg::Int32_<std::allocator<void> >&, __gnu_cxx::_S_atomic>[m[K’
[34.301s] [01m[K/opt/ros/foxy/include/rclcpp/message_memory_strategy.hpp:85:37:[m[K   recursively required from ‘[01m[Kstd::shared_ptr<_Tp> rclcpp::message_memory_strategy::MessageMemoryStrategy<MessageT, Alloc>::borrow_message() [with MessageT = const std_msgs::msg::Int32_<std::allocator<void> >&; Alloc = std::allocator<void>][m[K’
[34.301s] [01m[K/opt/ros/foxy/include/rclcpp/message_memory_strategy.hpp:85:37:[m[K   required from here
[34.302s] [01m[K/usr/include/c++/9/bits/shared_ptr_base.h:1094:8:[m[K [01;31m[Kerror: [m[Kforming pointer to reference type ‘[01m[Kconst std_msgs::msg::Int32_<std::allocator<void> >&[m[K’
[34.302s]  1094 |  using [01;31m[K_Compatible[m[K = typename
[34.303s]       |        [01;31m[K^~~~~~~~~~~[m[K
[34.303s] /usr/include/c++/9/bits/shared_ptr_base.h: In substitution of ‘[01m[Ktemplate<class _Tp, __gnu_cxx::_Lock_policy _Lp> template<class _Yp, class _Del, class _Res, class _Ptr> using _UniqCompatible = typename std::enable_if<std::__and_<std::__sp_compatible_with<_Yp*, _Tp*>, std::is_convertible<_Ptr, typename std::remove_extent<_Up>::type*> >::value, _Res>::type [with _Yp = _Yp; _Del = _Del; _Res = void; _Ptr = typename std::unique_ptr<_Tp, _Dp>::pointer; _Tp = const std_msgs::msg::Int32_<std::allocator<void> >&; __gnu_cxx::_Lock_policy _Lp = __gnu_cxx::_S_atomic][m[K’:
[34.304s] [01m[K/usr/include/c++/9/bits/shared_ptr_base.h:1203:2:[m[K   required from ‘[01m[Kclass std::__shared_ptr<const std_msgs::msg::Int32_<std::allocator<void> >&, __gnu_cxx::_S_atomic>[m[K’
[34.305s] [01m[K/opt/ros/foxy/include/rclcpp/message_memory_strategy.hpp:85:37:[m[K   recursively required from ‘[01m[Kstd::shared_ptr<_Tp> rclcpp::message_memory_strategy::MessageMemoryStrategy<MessageT, Alloc>::borrow_message() [with MessageT = const std_msgs::msg::Int32_<std::allocator<void> >&; Alloc = std::allocator<void>][m[K’
[34.306s] [01m[K/opt/ros/foxy/include/rclcpp/message_memory_strategy.hpp:85:37:[m[K   required from here
[34.307s] [01m[K/usr/include/c++/9/bits/shared_ptr_base.h:1104:8:[m[K [01;31m[Kerror: [m[Kforming pointer to reference type ‘[01m[Kconst std_msgs::msg::Int32_<std::allocator<void> >&[m[K’
[34.308s]  1104 |  using [01;31m[K_UniqCompatible[m[K = typename enable_if<__and_<
[34.308s]       |        [01;31m[K^~~~~~~~~~~~~~~[m[K
[34.309s] /usr/include/c++/9/bits/shared_ptr_base.h: In instantiation of ‘[01m[Kclass std::__shared_ptr<const std_msgs::msg::Int32_<std::allocator<void> >&, __gnu_cxx::_S_atomic>[m[K’:
[34.310s] [01m[K/opt/ros/foxy/include/rclcpp/message_memory_strategy.hpp:85:37:[m[K   recursively required from ‘[01m[Kstd::shared_ptr<_Tp> rclcpp::message_memory_strategy::MessageMemoryStrategy<MessageT, Alloc>::borrow_message() [with MessageT = const std_msgs::msg::Int32_<std::allocator<void> >&; Alloc = std::allocator<void>][m[K’
[34.310s] [01m[K/opt/ros/foxy/include/rclcpp/message_memory_strategy.hpp:85:37:[m[K   required from here
[34.311s] [01m[K/usr/include/c++/9/bits/shared_ptr_base.h:1219:2:[m[K [01;31m[Kerror: [m[Kforming pointer to reference type ‘[01m[Kconst std_msgs::msg::Int32_<std::allocator<void> >&[m[K’
[34.311s]  1219 |  [01;31m[K__shared_ptr[m[K(unique_ptr<_Tp1, _Del>&& __r, __sp_array_delete)
[34.312s]       |  [01;31m[K^~~~~~~~~~~~[m[K
[34.313s] [01m[K/usr/include/c++/9/bits/shared_ptr_base.h:1309:7:[m[K [01;31m[Kerror: [m[Kforming pointer to reference type ‘[01m[Kstd::__shared_ptr<const std_msgs::msg::Int32_<std::allocator<void> >&, __gnu_cxx::_S_atomic>::element_type[m[K’ {aka ‘[01m[Kconst std_msgs::msg::Int32_<std::allocator<void> >&[m[K’}
[34.314s]  1309 |       [01;31m[Kget[m[K() const noexcept
[34.314s]       |       [01;31m[K^~~[m[K
[34.315s] [01m[K/usr/include/c++/9/bits/shared_ptr_base.h:1404:24:[m[K [01;31m[Kerror: [m[Kforming pointer to reference type ‘[01m[Kstd::__shared_ptr<const std_msgs::msg::Int32_<std::allocator<void> >&, __gnu_cxx::_S_atomic>::element_type[m[K’ {aka ‘[01m[Kconst std_msgs::msg::Int32_<std::allocator<void> >&[m[K’}
[34.316s]  1404 |       element_type*    [01;31m[K_M_ptr[m[K;         // Contained pointer.
[34.317s]       |                        [01;31m[K^~~~~~[m[K
[34.317s] In file included from [01m[K/usr/include/c++/9/memory:81[m[K,
[34.318s]                  from [01m[K/home/mp4d/ros_motors/MyCode/path2pos/src/pos_writer.cpp:3[m[K:
[34.319s] /usr/include/c++/9/bits/shared_ptr.h: In instantiation of ‘[01m[Kclass std::shared_ptr<const std_msgs::msg::Int32_<std::allocator<void> >&>[m[K’:
[34.319s] [01m[K/opt/ros/foxy/include/rclcpp/message_memory_strategy.hpp:85:37:[m[K   recursively required from ‘[01m[Kstd::shared_ptr<_Tp> rclcpp::message_memory_strategy::MessageMemoryStrategy<MessageT, Alloc>::borrow_message() [with MessageT = const std_msgs::msg::Int32_<std::allocator<void> >&; Alloc = std::allocator<void>][m[K’
[34.320s] [01m[K/opt/ros/foxy/include/rclcpp/message_memory_strategy.hpp:85:37:[m[K   required from here
[34.320s] [01m[K/usr/include/c++/9/bits/shared_ptr.h:234:2:[m[K [01;31m[Kerror: [m[Kforming pointer to reference type ‘[01m[Kstd::shared_ptr<const std_msgs::msg::Int32_<std::allocator<void> >&>::element_type[m[K’ {aka ‘[01m[Kconst std_msgs::msg::Int32_<std::allocator<void> >&[m[K’}
[34.321s]   234 |  [01;31m[Kshared_ptr[m[K(const shared_ptr<_Yp>& __r, element_type* __p) noexcept
[34.321s]       |  [01;31m[K^~~~~~~~~~[m[K
[34.504s] In file included from [01m[K/usr/include/c++/9/bits/shared_ptr.h:52[m[K,
[34.505s]                  from [01m[K/usr/include/c++/9/memory:81[m[K,
[34.505s]                  from [01m[K/home/mp4d/ros_motors/MyCode/path2pos/src/pos_writer.cpp:3[m[K:
[34.507s] /usr/include/c++/9/bits/shared_ptr_base.h: In instantiation of ‘[01m[Kconstexpr std::__shared_ptr<_Tp, _Lp>::__shared_ptr() [with _Tp = const std_msgs::msg::Int32_<std::allocator<void> >&; __gnu_cxx::_Lock_policy _Lp = __gnu_cxx::_S_atomic][m[K’:
[34.508s] [01m[K/usr/include/c++/9/bits/shared_ptr_base.h:1287:9:[m[K   required from ‘[01m[Kvoid std::__shared_ptr<_Tp, _Lp>::reset() [with _Tp = const std_msgs::msg::Int32_<std::allocator<void> >&; __gnu_cxx::_Lock_policy _Lp = __gnu_cxx::_S_atomic][m[K’
[34.508s] [01m[K/opt/ros/foxy/include/rclcpp/message_memory_strategy.hpp:109:5:[m[K   required from ‘[01m[Kvoid rclcpp::message_memory_strategy::MessageMemoryStrategy<MessageT, Alloc>::return_message(std::shared_ptr<_Tp>&) [with MessageT = const std_msgs::msg::Int32_<std::allocator<void> >&; Alloc = std::allocator<void>][m[K’
[34.509s] [01m[K/opt/ros/foxy/include/rclcpp/message_memory_strategy.hpp:107:16:[m[K   required from here
[34.509s] [01m[K/usr/include/c++/9/bits/shared_ptr_base.h:1119:32:[m[K [01;31m[Kerror: [m[Kusing invalid field ‘[01m[Kstd::__shared_ptr<_Tp, _Lp>::_M_ptr[m[K’
[34.510s]  1119 |       : _M_ptr(0), _M_refcount([01;31m[K)[m[K
[34.510s]       |                                [01;31m[K^[m[K
[34.511s] /usr/include/c++/9/bits/shared_ptr_base.h: In instantiation of ‘[01m[Kvoid std::__shared_ptr<_Tp, _Lp>::swap(std::__shared_ptr<_Tp, _Lp>&) [with _Tp = const std_msgs::msg::Int32_<std::allocator<void> >&; __gnu_cxx::_Lock_policy _Lp = __gnu_cxx::_S_atomic][m[K’:
[34.512s] [01m[K/usr/include/c++/9/bits/shared_ptr_base.h:1287:24:[m[K   required from ‘[01m[Kvoid std::__shared_ptr<_Tp, _Lp>::reset() [with _Tp = const std_msgs::msg::Int32_<std::allocator<void> >&; __gnu_cxx::_Lock_policy _Lp = __gnu_cxx::_S_atomic][m[K’
[34.513s] [01m[K/opt/ros/foxy/include/rclcpp/message_memory_strategy.hpp:109:5:[m[K   required from ‘[01m[Kvoid rclcpp::message_memory_strategy::MessageMemoryStrategy<MessageT, Alloc>::return_message(std::shared_ptr<_Tp>&) [with MessageT = const std_msgs::msg::Int32_<std::allocator<void> >&; Alloc = std::allocator<void>][m[K’
[34.514s] [01m[K/opt/ros/foxy/include/rclcpp/message_memory_strategy.hpp:107:16:[m[K   required from here
[34.514s] [01m[K/usr/include/c++/9/bits/shared_ptr_base.h:1326:12:[m[K [01;31m[Kerror: [m[Kusing invalid field ‘[01m[Kstd::__shared_ptr<_Tp, _Lp>::_M_ptr[m[K’
[34.515s]  1326 |  std::swap([01;31m[K_M_ptr[m[K, __other._M_ptr);
[34.516s]       |            [01;31m[K^~~~~~[m[K
[34.516s] [01m[K/usr/include/c++/9/bits/shared_ptr_base.h:1326:28:[m[K [01;31m[Kerror: [m[K‘[01m[Kclass std::__shared_ptr<const std_msgs::msg::Int32_<std::allocator<void> >&, __gnu_cxx::_S_atomic>[m[K’ has no member named ‘[01m[K_M_ptr[m[K’
[34.517s]  1326 |  std::swap(_M_ptr, [01;31m[K__other._M_ptr[m[K);
[34.518s]       |                    [01;31m[K~~~~~~~~^~~~~~[m[K
[34.818s] In file included from [01m[K/usr/include/c++/9/functional:59[m[K,
[34.819s]                  from [01m[K/home/mp4d/ros_motors/MyCode/path2pos/src/pos_writer.cpp:2[m[K:
[34.820s] [01m[K/usr/include/c++/9/bits/std_function.h:[m[K At global scope:
[34.822s] [01m[K/usr/include/c++/9/bits/std_function.h:667:7:[m[K [01;31m[Kerror: [m[K‘[01m[Kstd::function<_Res(_ArgTypes ...)>::function(_Functor) [with _Functor = rclcpp::create_subscription_factory(CallbackT&&, const rclcpp::SubscriptionOptionsWithAllocator<AllocatorT>&, typename MessageMemoryStrategyT::SharedPtr, std::shared_ptr<rclcpp::topic_statistics::SubscriptionTopicStatistics<CallbackMessageT> >) [with MessageT = std_msgs::msg::Int32_<std::allocator<void> >; CallbackT = std::_Bind<void (MinimalPublisher::*(MinimalPublisher*, std::_Placeholder<1>))(const std_msgs::msg::Int32_<std::allocator<void> >&)>; AllocatorT = std::allocator<void>; CallbackMessageT = const std_msgs::msg::Int32_<std::allocator<void> >&; SubscriptionT = rclcpp::Subscription<const std_msgs::msg::Int32_<std::allocator<void> >&, std::allocator<void>, rclcpp::message_memory_strategy::MessageMemoryStrategy<const std_msgs::msg::Int32_<std::allocator<void> >&, std::allocator<void> > >; MessageMemoryStrategyT = rclcpp::message_memory_strategy::MessageMemoryStrategy<const std_msgs::msg::Int32_<std::allocator<void> >&, std::allocator<void> >; typename MessageMemoryStrategyT::SharedPtr = std::shared_ptr<rclcpp::message_memory_strategy::MessageMemoryStrategy<const std_msgs::msg::Int32_<std::allocator<void> >&, std::allocator<void> > >]::<lambda(rclcpp::node_interfaces::NodeBaseInterface*, const string&, const rclcpp::QoS&)>; <template-parameter-2-2> = void; <template-parameter-2-3> = void; _Res = std::shared_ptr<rclcpp::SubscriptionBase>; _ArgTypes = {rclcpp::node_interfaces::NodeBaseInterface*, const std::__cxx11::basic_string<char, std::char_traits<char>, std::allocator<char> >&, const rclcpp::QoS&}][m[K’, declared using local type ‘[01m[Krclcpp::create_subscription_factory(CallbackT&&, const rclcpp::SubscriptionOptionsWithAllocator<AllocatorT>&, typename MessageMemoryStrategyT::SharedPtr, std::shared_ptr<rclcpp::topic_statistics::SubscriptionTopicStatistics<CallbackMessageT> >) [with MessageT = std_msgs::msg::Int32_<std::allocator<void> >; CallbackT = std::_Bind<void (MinimalPublisher::*(MinimalPublisher*, std::_Placeholder<1>))(const std_msgs::msg::Int32_<std::allocator<void> >&)>; AllocatorT = std::allocator<void>; CallbackMessageT = const std_msgs::msg::Int32_<std::allocator<void> >&; SubscriptionT = rclcpp::Subscription<const std_msgs::msg::Int32_<std::allocator<void> >&, std::allocator<void>, rclcpp::message_memory_strategy::MessageMemoryStrategy<const std_msgs::msg::Int32_<std::allocator<void> >&, std::allocator<void> > >; MessageMemoryStrategyT = rclcpp::message_memory_strategy::MessageMemoryStrategy<const std_msgs::msg::Int32_<std::allocator<void> >&, std::allocator<void> >; typename MessageMemoryStrategyT::SharedPtr = std::shared_ptr<rclcpp::message_memory_strategy::MessageMemoryStrategy<const std_msgs::msg::Int32_<std::allocator<void> >&, std::allocator<void> > >]::<lambda(rclcpp::node_interfaces::NodeBaseInterface*, const string&, const rclcpp::QoS&)>[m[K’, is used but never defined [[01;31m[K-fpermissive[m[K]
[34.823s]   667 |       [01;31m[Kfunction<_Res(_ArgTypes...)>[m[K::
[34.824s]       |       [01;31m[K^~~~~~~~~~~~~~~~~~~~~~~~~~~~[m[K
[36.678s] make[2]: *** [CMakeFiles/pos_writer.dir/build.make:63: CMakeFiles/pos_writer.dir/src/pos_writer.cpp.o] Error 1
[36.679s] make[1]: *** [CMakeFiles/Makefile2:78: CMakeFiles/pos_writer.dir/all] Error 2
[36.680s] make: *** [Makefile:141: all] Error 2
[36.691s] Invoked command in '/home/mp4d/ros_motors/MyCode/path2pos/build/path2pos' returned '2': CMAKE_PREFIX_PATH=/home/mp4d/ros_motors/DynamixelSDK/install/dynamixel_sdk_examples:/home/mp4d/ros_motors/DynamixelSDK/install/dynamixel_sdk_custom_interfaces:/home/mp4d/ros_motors/DynamixelSDK/install/dynamixel_sdk:/opt/ros/foxy:/home/mp4d/ros_camera/install/usb_cam:/home/mp4d/ros_camera/install/cam_sub /usr/bin/cmake --build /home/mp4d/ros_motors/MyCode/path2pos/build/path2pos -- -j4 -l4
